[2016-02-02 12:30:13:735] ExecutableMemoryAccess - Reading executable bytes took: 0.160421
[2016-02-02 12:30:13:761] ExecutableMemoryAccess - Dumped section __TEXT,__text, took: 0.008101
[2016-02-02 12:30:13:762] ExecutableMemoryAccess - Dumped section __TEXT,__const, took: 0.001063
[2016-02-02 12:30:13:763] ExecutableMemoryAccess - Dumped section __DATA,__const, took: 6.07E-4
[2016-02-02 12:30:13:764] ExecutableMemoryAccess - Dumped section __DATA,__data, took: 7.35E-4
[2016-02-02 12:30:13:765] ExecutableMemoryAccess - Parsing sections took: 0.190286
[2016-02-02 12:30:14:837] ExecutableSymbolLookup - Reading nm output took: 1.26272
[2016-02-02 12:30:14:966] ExecutableSymbolLookup - Parsing nm output took: 0.128243
[2016-02-02 12:30:14:966] ExecutableSymbolLookup - Parsing symbols took: 1.391622
[2016-02-02 12:30:16:814] DebugLaunchPlugin - Got port address in 1.856213secs
[2016-02-02 12:30:16:816] SoftDebugger - Established connection to app on port 63662
[2016-02-02 12:30:16:816] DebugChannel - Starting debug channel thread
[2016-02-02 12:30:16:816] ClassInfoParser - Reading boot classes info
[2016-02-02 12:30:17:453] DebugChannel - Event: Thread attached, java obj: 0x116818f30, thread: 0x116817ee0
[2016-02-02 12:30:17:454] ClassInfoParser - Took 0.637284
[2016-02-02 12:30:17:454] ClassInfoParser - Reading classes info
[2016-02-02 12:30:17:454] DebugChannel - Event: Thread stopped, reason: Exception, java obj: 0x116818f30, thread: 0x116817ee0, frames: 15
[2016-02-02 12:30:17:455] ClassInfoParser - Took 8.74E-4
[2016-02-02 12:30:17:512] SoftDebugger - Loading class infos took: 0.69556secs
[2016-02-02 12:30:17:514] SoftDebugger - Loading class infos and adjusting addresses took: 0.697608secs
[2016-02-02 12:30:17:516] DebugLaunchPlugin - Waiting for JDWP client to connect
[2016-02-02 12:30:17:516] SocketTransport - Listening for transport dt_socket at address: 63657
[2016-02-02 12:30:17:518] SoftDebugger - Thread main attached
[2016-02-02 12:30:17:520] SoftDebugger - Reconstructing frames took: 0.002578secs
[2016-02-02 12:30:17:521] DebugChannel - Event: Thread resumed, java obj: 0x116818f30, thread: 0x116817ee0
[2016-02-02 12:30:17:528] DebugChannel - Event: Thread stopped, reason: Exception, java obj: 0x116818f30, thread: 0x116817ee0, frames: 10
[2016-02-02 12:30:17:528] SoftDebugger - Reconstructing frames took: 5.1E-5secs
[2016-02-02 12:30:17:529] DebugChannel - Event: Thread resumed, java obj: 0x116818f30, thread: 0x116817ee0
[2016-02-02 12:30:17:532] DebugChannel - Event: Thread attached, java obj: 0x116818ea0, thread: 0x116817e00
[2016-02-02 12:30:17:533] DebugChannel - Event: Thread attached, java obj: 0x116818d80, thread: 0x116817d20
[2016-02-02 12:30:17:534] DebugChannel - Event: Thread attached, java obj: 0x116818c60, thread: 0x116817c40
[2016-02-02 12:30:17:535] SoftDebugger - Thread ReferenceQueueDaemon attached
[2016-02-02 12:30:17:536] SoftDebugger - Thread FinalizerDaemon attached
[2016-02-02 12:30:17:538] SoftDebugger - Thread FinalizerWatchdogDaemon attached
[2016-02-02 12:30:17:557] DebugChannel - Event: Thread stopped, reason: Exception, java obj: 0x116818f30, thread: 0x116817ee0, frames: 9
[2016-02-02 12:30:17:558] SoftDebugger - Reconstructing frames took: 0.001212secs
[2016-02-02 12:30:17:558] DebugChannel - Event: Thread resumed, java obj: 0x116818f30, thread: 0x116817ee0
[2016-02-02 12:30:17:559] DebugChannel - Event: Thread stopped, reason: Exception, java obj: 0x116818f30, thread: 0x116817ee0, frames: 9
[2016-02-02 12:30:17:559] SoftDebugger - Reconstructing frames took: 4.0E-5secs
[2016-02-02 12:30:17:559] DebugChannel - Event: Thread resumed, java obj: 0x116818f30, thread: 0x116817ee0
[2016-02-02 12:30:17:560] DebugChannel - Event: Thread stopped, reason: Exception, java obj: 0x116818f30, thread: 0x116817ee0, frames: 9
[2016-02-02 12:30:17:560] SoftDebugger - Reconstructing frames took: 3.4E-5secs
[2016-02-02 12:30:17:560] DebugChannel - Event: Thread resumed, java obj: 0x116818f30, thread: 0x116817ee0
[2016-02-02 12:30:17:561] DebugChannel - Event: Thread stopped, reason: Exception, java obj: 0x116818f30, thread: 0x116817ee0, frames: 9
[2016-02-02 12:30:17:561] SoftDebugger - Reconstructing frames took: 3.2E-5secs
[2016-02-02 12:30:17:561] DebugChannel - Event: Thread resumed, java obj: 0x116818f30, thread: 0x116817ee0
[2016-02-02 12:30:17:562] DebugChannel - Event: Thread stopped, reason: Exception, java obj: 0x116818f30, thread: 0x116817ee0, frames: 9
[2016-02-02 12:30:17:562] SoftDebugger - Reconstructing frames took: 3.6E-5secs
[2016-02-02 12:30:17:562] DebugChannel - Event: Thread resumed, java obj: 0x116818f30, thread: 0x116817ee0
[2016-02-02 12:30:17:563] DebugChannel - Event: Thread stopped, reason: Exception, java obj: 0x116818f30, thread: 0x116817ee0, frames: 9
[2016-02-02 12:30:17:563] SoftDebugger - Reconstructing frames took: 4.6E-5secs
[2016-02-02 12:30:17:563] DebugChannel - Event: Thread resumed, java obj: 0x116818f30, thread: 0x116817ee0
[2016-02-02 12:30:17:563] DebugChannel - Event: Thread stopped, reason: Exception, java obj: 0x116818f30, thread: 0x116817ee0, frames: 9
[2016-02-02 12:30:17:564] SoftDebugger - Reconstructing frames took: 4.4E-5secs
[2016-02-02 12:30:17:564] DebugChannel - Event: Thread resumed, java obj: 0x116818f30, thread: 0x116817ee0
[2016-02-02 12:30:17:564] DebugChannel - Event: Thread stopped, reason: Exception, java obj: 0x116818f30, thread: 0x116817ee0, frames: 9
[2016-02-02 12:30:17:564] SoftDebugger - Reconstructing frames took: 3.3E-5secs
[2016-02-02 12:30:17:565] DebugChannel - Event: Thread resumed, java obj: 0x116818f30, thread: 0x116817ee0
[2016-02-02 12:30:17:566] DebugChannel - Event: Thread stopped, reason: Exception, java obj: 0x116818f30, thread: 0x116817ee0, frames: 9
[2016-02-02 12:30:17:566] SoftDebugger - Reconstructing frames took: 5.2E-5secs
[2016-02-02 12:30:17:567] DebugChannel - Event: Thread resumed, java obj: 0x116818f30, thread: 0x116817ee0
[2016-02-02 12:30:17:567] DebugChannel - Event: Thread stopped, reason: Exception, java obj: 0x116818f30, thread: 0x116817ee0, frames: 9
[2016-02-02 12:30:17:567] SoftDebugger - Reconstructing frames took: 3.1E-5secs
[2016-02-02 12:30:17:568] DebugChannel - Event: Thread resumed, java obj: 0x116818f30, thread: 0x116817ee0
[2016-02-02 12:30:17:574] DebugChannel - Event: Thread stopped, reason: Exception, java obj: 0x116818f30, thread: 0x116817ee0, frames: 9
[2016-02-02 12:30:17:574] SoftDebugger - Reconstructing frames took: 4.6E-5secs
[2016-02-02 12:30:17:575] DebugChannel - Event: Thread resumed, java obj: 0x116818f30, thread: 0x116817ee0
[2016-02-02 12:30:17:639] DebugChannel - Event: Thread stopped, reason: Exception, java obj: 0x116818f30, thread: 0x116817ee0, frames: 15
[2016-02-02 12:30:17:640] SoftDebugger - Reconstructing frames took: 0.001074secs
[2016-02-02 12:30:17:641] DebugChannel - Event: Thread resumed, java obj: 0x116818f30, thread: 0x116817ee0
[2016-02-02 12:30:17:646] DebugChannel - Event: Thread stopped, reason: Exception, java obj: 0x116818f30, thread: 0x116817ee0, frames: 10
[2016-02-02 12:30:17:646] SoftDebugger - Reconstructing frames took: 5.1E-5secs
[2016-02-02 12:30:17:646] DebugChannel - Event: Thread resumed, java obj: 0x116818f30, thread: 0x116817ee0
[2016-02-02 12:30:18:266] DebugChannel - Event: Thread stopped, reason: Exception, java obj: 0x116818f30, thread: 0x116817ee0, frames: 9
[2016-02-02 12:30:18:268] SoftDebugger - Reconstructing frames took: 0.001312secs
[2016-02-02 12:30:18:268] DebugChannel - Event: Thread resumed, java obj: 0x116818f30, thread: 0x116817ee0
[2016-02-02 12:30:18:269] DebugChannel - Event: Thread stopped, reason: Exception, java obj: 0x116818f30, thread: 0x116817ee0, frames: 8
[2016-02-02 12:30:18:269] SoftDebugger - Reconstructing frames took: 3.2E-5secs
[2016-02-02 12:30:18:269] DebugChannel - Event: Thread resumed, java obj: 0x116818f30, thread: 0x116817ee0
[2016-02-02 12:30:18:269] DebugChannel - Event: Thread stopped, reason: Exception, java obj: 0x116818f30, thread: 0x116817ee0, frames: 8
[2016-02-02 12:30:18:270] SoftDebugger - Reconstructing frames took: 2.5E-5secs
[2016-02-02 12:30:18:270] DebugChannel - Event: Thread resumed, java obj: 0x116818f30, thread: 0x116817ee0
[2016-02-02 12:30:18:270] DebugChannel - Event: Thread stopped, reason: Exception, java obj: 0x116818f30, thread: 0x116817ee0, frames: 3
[2016-02-02 12:30:18:270] SoftDebugger - Reconstructing frames took: 1.3E-5secs
[2016-02-02 12:30:18:270] DebugChannel - Event: Thread resumed, java obj: 0x116818f30, thread: 0x116817ee0
[2016-02-02 12:30:18:271] DebugChannel - Event: Thread stopped, reason: Exception, java obj: 0x116818f30, thread: 0x116817ee0, frames: 3
[2016-02-02 12:30:18:271] SoftDebugger - Reconstructing frames took: 1.3E-5secs
[2016-02-02 12:30:18:271] DebugChannel - Event: Thread resumed, java obj: 0x116818f30, thread: 0x116817ee0
[2016-02-02 12:30:18:271] DebugChannel - Event: Thread stopped, reason: Exception, java obj: 0x116818f30, thread: 0x116817ee0, frames: 1
[2016-02-02 12:30:18:272] SoftDebugger - Reconstructing frames took: 7.0E-6secs
[2016-02-02 12:30:18:272] DebugChannel - Event: Thread resumed, java obj: 0x116818f30, thread: 0x116817ee0
[2016-02-02 12:30:18:272] DebugChannel - Event: Thread stopped, reason: Exception, java obj: 0x116818f30, thread: 0x116817ee0, frames: 1
[2016-02-02 12:30:18:272] SoftDebugger - Reconstructing frames took: 8.0E-6secs
[2016-02-02 12:30:18:273] DebugChannel - Event: Thread resumed, java obj: 0x116818f30, thread: 0x116817ee0
[2016-02-02 12:30:18:277] DebugChannel - Event: Thread detached, java obj: 0x116818f30, thread: 0x116817ee0, exception: 0x0
[2016-02-02 12:30:18:287] DebugChannel - Error in debug channel thread: null
[2016-02-02 12:30:18:287] DebugChannel - Shutting down debug channel thread
[2016-02-02 12:30:18:287] SoftDebugger - com.robovm.debug.server.DebuggerException: Request interrupted
	at com.robovm.debug.server.d.i.a(Unknown.java:805)
	at com.robovm.debug.server.d.d.a(Unknown.java:203)
	at com.robovm.debug.server.d.t.e(Unknown.java:87)
	at com.robovm.debug.server.d.t.h(Unknown.java:114)
	at com.robovm.debug.server.e.b.j(Unknown.java:93)
	at com.robovm.debug.server.e.f.a(Unknown.java:33)
	at com.robovm.debug.server.e.c.a(Unknown.java:140)
	at com.robovm.debug.server.d.C.c(Unknown.java:1136)
	at com.robovm.debug.server.d.y.a(Unknown.java:247)
	at com.robovm.debug.server.d.y.a(Unknown.java:3150)
	at com.robovm.debug.server.d.z.run(Unknown.java:128)
	at java.lang.Thread.run(Thread.java:745)
Caused by: java.lang.InterruptedException
	at java.util.concurrent.locks.AbstractQueuedSynchronizer.doAcquireSharedNanos(AbstractQueuedSynchronizer.java:1038)
	at java.util.concurrent.locks.AbstractQueuedSynchronizer.tryAcquireSharedNanos(AbstractQueuedSynchronizer.java:1326)
	at java.util.concurrent.CountDownLatch.await(CountDownLatch.java:282)
	at com.robovm.debug.server.d.c.await(Unknown.java:31)
	at com.robovm.debug.server.d.i.a(Unknown.java:801)
	... 11 more
[2016-02-02 12:30:18:287] SoftDebugger - Shutting down event loop thread
[2016-02-02 12:30:18:457] JdwpDebugServer - Command: aq(1 7) id = 4826 length = 0
[2016-02-02 12:30:18:457] JdwpDebugServer - Command: m(15 1) id = 4827 length = 6
[2016-02-02 12:30:18:458] JdwpDebugServer - Command: m(15 1) id = 4825 length = 6
[2016-02-02 12:30:18:458] JdwpDebugServer - Command: m(15 1) id = 4828 length = 6
[2016-02-02 12:30:18:458] JdwpDebugServer - Command: au(1 1) id = 4829 length = 0
[2016-02-02 12:30:18:459] JdwpDebugServer - Command: ah(1 4) id = 4830 length = 0
[2016-02-02 12:30:18:460] JdwpDebugServer - Command: ad(11 5) id = 4831 length = 8
[2016-02-02 12:30:18:462] DebugLaunchPlugin - Waiting for the debugger to settle...
[2016-02-02 12:30:18:462] JdwpDebugServer - com.robovm.debug.server.DebuggerException: Couldn't send request
	at com.robovm.debug.server.d.d.a(Unknown.java:201)
	at com.robovm.debug.server.d.t.e(Unknown.java:87)
	at com.robovm.debug.server.d.t.h(Unknown.java:114)
	at com.robovm.debug.server.e.b.j(Unknown.java:93)
	at com.robovm.debug.server.e.f.a(Unknown.java:33)
	at com.robovm.debug.server.b.c.b.r(Unknown.java:1320)
	at com.robovm.debug.server.b.a.ad.a(Unknown.java:22)
	at com.robovm.debug.server.b.a.ae.b(Unknown.java:26)
	at com.robovm.debug.server.b.p.a(Unknown.java:7320)
	at com.robovm.debug.server.b.q.run(Unknown.java:207)
Caused by: java.net.SocketException: Socket closed
	at java.net.SocketOutputStream.socketWrite(SocketOutputStream.java:121)
	at java.net.SocketOutputStream.write(SocketOutputStream.java:138)
	at java.io.DataOutputStream.writeByte(DataOutputStream.java:153)
	at com.robovm.debug.server.d.d.a(Unknown.java:195)
	... 9 more
[2016-02-02 12:30:18:473] DebugLaunchPlugin - Waiting for the debugger to settle...
[2016-02-02 12:30:18:484] DebugLaunchPlugin - Waiting for the debugger to settle...
[2016-02-02 12:30:18:494] DebugLaunchPlugin - Waiting for the debugger to settle...
[2016-02-02 12:30:18:504] DebugLaunchPlugin - Waiting for the debugger to settle...
[2016-02-02 12:30:18:515] DebugLaunchPlugin - Waiting for the debugger to settle...
[2016-02-02 12:30:18:527] DebugLaunchPlugin - Waiting for the debugger to settle...
[2016-02-02 12:30:18:538] DebugLaunchPlugin - Waiting for the debugger to settle...
[2016-02-02 12:30:18:551] DebugLaunchPlugin - Waiting for the debugger to settle...
[2016-02-02 12:30:18:563] DebugLaunchPlugin - Waiting for the debugger to settle...
[2016-02-02 12:30:18:573] DebugLaunchPlugin - Waiting for the debugger to settle...
[2016-02-02 12:30:18:585] DebugLaunchPlugin - Waiting for the debugger to settle...
[2016-02-02 12:30:18:596] DebugLaunchPlugin - Waiting for the debugger to settle...
[2016-02-02 12:30:18:607] DebugLaunchPlugin - Waiting for the debugger to settle...
[2016-02-02 12:30:18:618] DebugLaunchPlugin - Waiting for the debugger to settle...
[2016-02-02 12:30:18:631] DebugLaunchPlugin - Waiting for the debugger to settle...
[2016-02-02 12:30:18:641] DebugLaunchPlugin - Waiting for the debugger to settle...
[2016-02-02 12:30:18:654] DebugLaunchPlugin - Waiting for the debugger to settle...
[2016-02-02 12:30:18:665] DebugLaunchPlugin - Waiting for the debugger to settle...
[2016-02-02 12:30:18:677] DebugLaunchPlugin - Waiting for the debugger to settle...
[2016-02-02 12:30:18:689] DebugLaunchPlugin - Waiting for the debugger to settle...
[2016-02-02 12:30:18:702] DebugLaunchPlugin - Waiting for the debugger to settle...
[2016-02-02 12:30:18:715] DebugLaunchPlugin - Waiting for the debugger to settle...
[2016-02-02 12:30:18:727] DebugLaunchPlugin - Waiting for the debugger to settle...
[2016-02-02 12:30:18:740] DebugLaunchPlugin - Waiting for the debugger to settle...
[2016-02-02 12:30:18:753] DebugLaunchPlugin - Waiting for the debugger to settle...
[2016-02-02 12:30:18:766] DebugLaunchPlugin - Waiting for the debugger to settle...
[2016-02-02 12:30:18:777] DebugLaunchPlugin - Waiting for the debugger to settle...
[2016-02-02 12:30:18:789] DebugLaunchPlugin - Waiting for the debugger to settle...
[2016-02-02 12:30:18:802] DebugLaunchPlugin - Waiting for the debugger to settle...
[2016-02-02 12:30:18:813] DebugLaunchPlugin - Waiting for the debugger to settle...
[2016-02-02 12:30:18:826] DebugLaunchPlugin - Waiting for the debugger to settle...
[2016-02-02 12:30:18:839] DebugLaunchPlugin - Waiting for the debugger to settle...
[2016-02-02 12:30:18:850] DebugLaunchPlugin - Waiting for the debugger to settle...
[2016-02-02 12:30:18:861] DebugLaunchPlugin - Waiting for the debugger to settle...
[2016-02-02 12:30:18:874] DebugLaunchPlugin - Waiting for the debugger to settle...
[2016-02-02 12:30:18:886] DebugLaunchPlugin - Waiting for the debugger to settle...
[2016-02-02 12:30:18:899] DebugLaunchPlugin - Waiting for the debugger to settle...
[2016-02-02 12:30:18:910] DebugLaunchPlugin - Waiting for the debugger to settle...
[2016-02-02 12:30:18:923] DebugLaunchPlugin - Waiting for the debugger to settle...
[2016-02-02 12:30:18:934] DebugLaunchPlugin - Waiting for the debugger to settle...
[2016-02-02 12:30:18:944] DebugLaunchPlugin - Waiting for the debugger to settle...
[2016-02-02 12:30:18:957] DebugLaunchPlugin - Waiting for the debugger to settle...
[2016-02-02 12:30:18:969] DebugLaunchPlugin - Waiting for the debugger to settle...
[2016-02-02 12:30:18:982] DebugLaunchPlugin - Waiting for the debugger to settle...
[2016-02-02 12:30:18:994] DebugLaunchPlugin - Waiting for the debugger to settle...
[2016-02-02 12:30:19:005] DebugLaunchPlugin - Waiting for the debugger to settle...
[2016-02-02 12:30:19:016] DebugLaunchPlugin - Waiting for the debugger to settle...
[2016-02-02 12:30:19:027] DebugLaunchPlugin - Waiting for the debugger to settle...
[2016-02-02 12:30:19:040] DebugLaunchPlugin - Waiting for the debugger to settle...
[2016-02-02 12:30:19:053] DebugLaunchPlugin - Waiting for the debugger to settle...
[2016-02-02 12:30:19:065] DebugLaunchPlugin - Waiting for the debugger to settle...
[2016-02-02 12:30:19:076] DebugLaunchPlugin - Waiting for the debugger to settle...
[2016-02-02 12:30:19:089] DebugLaunchPlugin - Waiting for the debugger to settle...
[2016-02-02 12:30:19:101] DebugLaunchPlugin - Waiting for the debugger to settle...
[2016-02-02 12:30:19:114] DebugLaunchPlugin - Waiting for the debugger to settle...
[2016-02-02 12:30:19:126] DebugLaunchPlugin - Waiting for the debugger to settle...
[2016-02-02 12:30:19:138] DebugLaunchPlugin - Waiting for the debugger to settle...
[2016-02-02 12:30:19:151] DebugLaunchPlugin - Waiting for the debugger to settle...
[2016-02-02 12:30:19:161] DebugLaunchPlugin - Waiting for the debugger to settle...
[2016-02-02 12:30:19:174] DebugLaunchPlugin - Waiting for the debugger to settle...
[2016-02-02 12:30:19:186] DebugLaunchPlugin - Waiting for the debugger to settle...
[2016-02-02 12:30:19:198] DebugLaunchPlugin - Waiting for the debugger to settle...
[2016-02-02 12:30:19:210] DebugLaunchPlugin - Waiting for the debugger to settle...
[2016-02-02 12:30:19:223] DebugLaunchPlugin - Waiting for the debugger to settle...
[2016-02-02 12:30:19:236] DebugLaunchPlugin - Waiting for the debugger to settle...
[2016-02-02 12:30:19:249] DebugLaunchPlugin - Waiting for the debugger to settle...
[2016-02-02 12:30:19:261] DebugLaunchPlugin - Waiting for the debugger to settle...
[2016-02-02 12:30:19:274] DebugLaunchPlugin - Waiting for the debugger to settle...
[2016-02-02 12:30:19:286] DebugLaunchPlugin - Waiting for the debugger to settle...
[2016-02-02 12:30:19:299] DebugLaunchPlugin - Waiting for the debugger to settle...
[2016-02-02 12:30:19:310] DebugLaunchPlugin - Waiting for the debugger to settle...
[2016-02-02 12:30:19:323] DebugLaunchPlugin - Waiting for the debugger to settle...
[2016-02-02 12:30:19:336] DebugLaunchPlugin - Waiting for the debugger to settle...
[2016-02-02 12:30:19:348] DebugLaunchPlugin - Waiting for the debugger to settle...
[2016-02-02 12:30:19:361] DebugLaunchPlugin - Waiting for the debugger to settle...
[2016-02-02 12:30:19:374] DebugLaunchPlugin - Waiting for the debugger to settle...
[2016-02-02 12:30:19:387] DebugLaunchPlugin - Waiting for the debugger to settle...
[2016-02-02 12:30:19:399] DebugLaunchPlugin - Waiting for the debugger to settle...
[2016-02-02 12:30:19:411] DebugLaunchPlugin - Waiting for the debugger to settle...
[2016-02-02 12:30:19:423] DebugLaunchPlugin - Waiting for the debugger to settle...
[2016-02-02 12:30:19:436] DebugLaunchPlugin - Waiting for the debugger to settle...
[2016-02-02 12:30:19:449] DebugLaunchPlugin - Waiting for the debugger to settle...
[2016-02-02 12:30:19:460] DebugLaunchPlugin - Waiting for the debugger to settle...
[2016-02-02 12:30:19:473] DebugLaunchPlugin - Shutting down JDWP server
