[2016-02-15 17:57:00:530] ExecutableMemoryAccess - Reading executable bytes took: 0.189227
[2016-02-15 17:57:00:543] ExecutableMemoryAccess - Dumped section __TEXT,__text, took: 0.007172
[2016-02-15 17:57:00:545] ExecutableMemoryAccess - Dumped section __TEXT,__const, took: 0.001213
[2016-02-15 17:57:00:546] ExecutableMemoryAccess - Dumped section __DATA,__const, took: 0.001041
[2016-02-15 17:57:00:568] ExecutableMemoryAccess - Dumped section __DATA,__data, took: 0.021353
[2016-02-15 17:57:00:568] ExecutableMemoryAccess - Parsing sections took: 0.227237
[2016-02-15 17:57:01:265] ExecutableSymbolLookup - Reading nm output took: 0.923661
[2016-02-15 17:57:01:372] ExecutableSymbolLookup - Parsing nm output took: 0.10603
[2016-02-15 17:57:01:372] ExecutableSymbolLookup - Parsing symbols took: 1.030929
[2016-02-15 17:57:04:431] DebugLaunchPlugin - Got port address in 1.810624secs
[2016-02-15 17:57:04:432] SoftDebugger - Established connection to app on port 60792
[2016-02-15 17:57:04:432] DebugChannel - Starting debug channel thread
[2016-02-15 17:57:04:432] ClassInfoParser - Reading boot classes info
[2016-02-15 17:57:04:440] ClassInfoParser - Took 0.007158
[2016-02-15 17:57:04:440] ClassInfoParser - Reading classes info
[2016-02-15 17:57:04:446] ClassInfoParser - Took 0.005872
[2016-02-15 17:57:04:504] DebugChannel - Event: Thread attached, java obj: 0x116818f30, thread: 0x116817ee0
[2016-02-15 17:57:04:523] SoftDebugger - Loading class infos took: 0.090555secs
[2016-02-15 17:57:04:526] SoftDebugger - Loading class infos and adjusting addresses took: 0.093376secs
[2016-02-15 17:57:04:529] SocketTransport - Listening for transport dt_socket at address: 60784
[2016-02-15 17:57:04:530] DebugLaunchPlugin - Waiting for JDWP client to connect
[2016-02-15 17:57:04:536] SoftDebugger - Thread main attached
[2016-02-15 17:57:04:586] DebugChannel - Event: Thread stopped, reason: Exception, java obj: 0x116818f30, thread: 0x116817ee0, frames: 15
[2016-02-15 17:57:04:644] SoftDebugger - Reconstructing frames took: 0.058052secs
[2016-02-15 17:57:04:654] DebugLaunchPlugin - Waiting for the debugger to settle...
[2016-02-15 17:57:04:654] JdwpDebugServer - Command: aq(1 7) id = 96 length = 0
[2016-02-15 17:57:04:655] JdwpDebugServer - Command: m(15 1) id = 97 length = 6
[2016-02-15 17:57:04:655] DebugChannel - Event: Thread resumed, java obj: 0x116818f30, thread: 0x116817ee0
[2016-02-15 17:57:04:656] JdwpDebugServer - Command: m(15 1) id = 95 length = 6
[2016-02-15 17:57:04:656] JdwpDebugServer - Command: m(15 1) id = 98 length = 6
[2016-02-15 17:57:04:656] JdwpDebugServer - Command: au(1 1) id = 99 length = 0
[2016-02-15 17:57:04:657] JdwpDebugServer - Command: ah(1 4) id = 100 length = 0
[2016-02-15 17:57:04:657] JdwpDebugServer - Command: ad(11 5) id = 101 length = 8
[2016-02-15 17:57:04:659] JdwpDebugServer - Command: S(12 1) id = 102 length = 8
[2016-02-15 17:57:04:663] JdwpDebugServer - Command: T(12 2) id = 103 length = 8
[2016-02-15 17:57:04:663] JdwpDebugServer - Command: y(9 1) id = 104 length = 8
[2016-02-15 17:57:04:664] JdwpDebugServer - Command: D(2 14) id = 105 length = 8
[2016-02-15 17:57:04:665] JdwpDebugServer - Command: F(2 10) id = 106 length = 8
[2016-02-15 17:57:04:665] JdwpDebugServer - Command: D(2 14) id = 107 length = 8
[2016-02-15 17:57:04:666] JdwpDebugServer - Command: F(2 10) id = 108 length = 8
[2016-02-15 17:57:04:666] DebugLaunchPlugin - Waiting for the debugger to settle...
[2016-02-15 17:57:04:666] JdwpDebugServer - Command: j(3 1) id = 109 length = 8
[2016-02-15 17:57:04:667] JdwpDebugServer - Command: D(2 14) id = 110 length = 8
[2016-02-15 17:57:04:667] JdwpDebugServer - Command: F(2 10) id = 111 length = 8
[2016-02-15 17:57:04:667] JdwpDebugServer - Command: j(3 1) id = 112 length = 8
[2016-02-15 17:57:04:668] JdwpDebugServer - Command: u(9 2) id = 113 length = 20
[2016-02-15 17:57:04:668] JdwpDebugServer - Command: aa(11 4) id = 114 length = 8
[2016-02-15 17:57:04:669] JdwpDebugServer - Command: aa(11 4) id = 115 length = 8
[2016-02-15 17:57:04:670] JdwpDebugServer - Command: m(15 1) id = 116 length = 40
[2016-02-15 17:57:04:670] SoftJdwpEventProcessor - Set up class load event with filter: com.mob.demo.MyViewController
[2016-02-15 17:57:04:671] DebugChannel - Event: Thread stopped, reason: Exception, java obj: 0x116818f30, thread: 0x116817ee0, frames: 10
[2016-02-15 17:57:04:671] SoftDebugger - Reconstructing frames took: 3.26E-4secs
[2016-02-15 17:57:04:671] JdwpDebugServer - Command: m(15 1) id = 117 length = 42
[2016-02-15 17:57:04:672] SoftJdwpEventProcessor - Set up class load event with filter: com.mob.demo.MyViewController$*
[2016-02-15 17:57:04:672] DebugChannel - Event: Thread resumed, java obj: 0x116818f30, thread: 0x116817ee0
[2016-02-15 17:57:04:676] JdwpDebugServer - Command: al(1 2) id = 118 length = 35
[2016-02-15 17:57:04:676] DebugLaunchPlugin - Waiting for the debugger to settle...
[2016-02-15 17:57:04:676] JdwpDebugServer - Command: aj(1 17) id = 119 length = 0
[2016-02-15 17:57:04:677] JdwpDebugServer - Command: m(15 1) id = 120 length = 26
[2016-02-15 17:57:04:677] SoftJdwpEventProcessor - Set up class load event with filter: java.lang.Error
[2016-02-15 17:57:04:678] DebugChannel - Event: Thread attached, java obj: 0x116818ea0, thread: 0x116817e00
[2016-02-15 17:57:04:678] JdwpDebugServer - Command: m(15 1) id = 121 length = 28
[2016-02-15 17:57:04:679] SoftJdwpEventProcessor - Set up class load event with filter: java.lang.Error$*
[2016-02-15 17:57:04:680] JdwpDebugServer - Command: al(1 2) id = 122 length = 21
[2016-02-15 17:57:04:681] JdwpDebugServer - Command: m(15 1) id = 123 length = 17
[2016-02-15 17:57:04:682] JdwpDebugServer - Command: J(2 1) id = 124 length = 8
[2016-02-15 17:57:04:684] JdwpDebugServer - Command: m(15 1) id = 125 length = 30
[2016-02-15 17:57:04:684] SoftJdwpEventProcessor - Set up class load event with filter: java.lang.Throwable
[2016-02-15 17:57:04:685] DebugChannel - Event: Thread attached, java obj: 0x116818d80, thread: 0x116817d20
[2016-02-15 17:57:04:690] SoftDebugger - Thread ReferenceQueueDaemon attached
[2016-02-15 17:57:04:690] DebugLaunchPlugin - Waiting for the debugger to settle...
[2016-02-15 17:57:04:690] SoftJdwpEventProcessor - processing thread start event
[2016-02-15 17:57:04:691] JdwpDebugServer - Command: m(15 1) id = 126 length = 32
[2016-02-15 17:57:04:691] SoftJdwpEventProcessor - Set up class load event with filter: java.lang.Throwable$*
[2016-02-15 17:57:04:693] JdwpDebugServer - Command: al(1 2) id = 127 length = 25
[2016-02-15 17:57:04:694] JdwpDebugServer - Command: m(15 1) id = 128 length = 17
[2016-02-15 17:57:04:694] JdwpDebugServer - Command: J(2 1) id = 129 length = 8
[2016-02-15 17:57:04:699] JdwpDebugServer - Command: w(9 9) id = 130 length = 8
[2016-02-15 17:57:04:699] JdwpDebugServer - Command: ad(11 5) id = 131 length = 8
[2016-02-15 17:57:04:701] DebugLaunchPlugin - Waiting for the debugger to settle...
[2016-02-15 17:57:04:701] JdwpDebugServer - Command: y(9 1) id = 132 length = 8
[2016-02-15 17:57:04:702] JdwpDebugServer - Command: u(9 2) id = 133 length = 20
[2016-02-15 17:57:04:702] DebugChannel - Event: Thread attached, java obj: 0x116818c60, thread: 0x116817c40
[2016-02-15 17:57:04:703] JdwpDebugServer - Command: aa(11 4) id = 134 length = 8
[2016-02-15 17:57:04:704] JdwpDebugServer - Command: aa(11 4) id = 135 length = 8
[2016-02-15 17:57:04:705] SoftDebugger - Thread FinalizerDaemon attached
[2016-02-15 17:57:04:705] SoftJdwpEventProcessor - processing thread start event
[2016-02-15 17:57:04:705] JdwpDebugServer - Command: w(9 9) id = 136 length = 8
[2016-02-15 17:57:04:706] JdwpDebugServer - Command: ad(11 5) id = 137 length = 8
[2016-02-15 17:57:04:709] JdwpDebugServer - Command: y(9 1) id = 138 length = 8
[2016-02-15 17:57:04:710] JdwpDebugServer - Command: u(9 2) id = 139 length = 20
[2016-02-15 17:57:04:712] DebugLaunchPlugin - Waiting for the debugger to settle...
[2016-02-15 17:57:04:712] JdwpDebugServer - Command: aa(11 4) id = 140 length = 8
[2016-02-15 17:57:04:713] JdwpDebugServer - Command: aa(11 4) id = 141 length = 8
[2016-02-15 17:57:04:714] SoftDebugger - Thread FinalizerWatchdogDaemon attached
[2016-02-15 17:57:04:714] SoftJdwpEventProcessor - processing thread start event
[2016-02-15 17:57:04:715] JdwpDebugServer - Command: w(9 9) id = 142 length = 8
[2016-02-15 17:57:04:715] JdwpDebugServer - Command: ad(11 5) id = 143 length = 8
[2016-02-15 17:57:04:716] JdwpDebugServer - Command: y(9 1) id = 144 length = 8
[2016-02-15 17:57:04:717] JdwpDebugServer - Command: u(9 2) id = 145 length = 20
[2016-02-15 17:57:04:717] JdwpDebugServer - Command: aa(11 4) id = 146 length = 8
[2016-02-15 17:57:04:718] JdwpDebugServer - Command: aa(11 4) id = 147 length = 8
[2016-02-15 17:57:04:722] DebugLaunchPlugin - Waiting for the debugger to settle...
[2016-02-15 17:57:04:735] DebugLaunchPlugin - Waiting for the debugger to settle...
[2016-02-15 17:57:04:739] DebugChannel - Event: Thread stopped, reason: Exception, java obj: 0x116818f30, thread: 0x116817ee0, frames: 9
[2016-02-15 17:57:04:742] SoftDebugger - Reconstructing frames took: 0.002641secs
[2016-02-15 17:57:04:745] DebugChannel - Event: Thread resumed, java obj: 0x116818f30, thread: 0x116817ee0
[2016-02-15 17:57:04:746] DebugChannel - Event: Thread stopped, reason: Exception, java obj: 0x116818f30, thread: 0x116817ee0, frames: 9
[2016-02-15 17:57:04:746] DebugLaunchPlugin - Waiting for the debugger to settle...
[2016-02-15 17:57:04:747] SoftDebugger - Reconstructing frames took: 3.36E-4secs
[2016-02-15 17:57:04:752] DebugChannel - Event: Thread resumed, java obj: 0x116818f30, thread: 0x116817ee0
[2016-02-15 17:57:04:754] DebugChannel - Event: Thread stopped, reason: Exception, java obj: 0x116818f30, thread: 0x116817ee0, frames: 9
[2016-02-15 17:57:04:754] SoftDebugger - Reconstructing frames took: 2.43E-4secs
[2016-02-15 17:57:04:755] DebugChannel - Event: Thread resumed, java obj: 0x116818f30, thread: 0x116817ee0
[2016-02-15 17:57:04:756] DebugChannel - Event: Thread stopped, reason: Exception, java obj: 0x116818f30, thread: 0x116817ee0, frames: 9
[2016-02-15 17:57:04:756] SoftDebugger - Reconstructing frames took: 2.18E-4secs
[2016-02-15 17:57:04:756] DebugChannel - Event: Thread resumed, java obj: 0x116818f30, thread: 0x116817ee0
[2016-02-15 17:57:04:757] DebugChannel - Event: Thread stopped, reason: Exception, java obj: 0x116818f30, thread: 0x116817ee0, frames: 9
[2016-02-15 17:57:04:758] SoftDebugger - Reconstructing frames took: 2.06E-4secs
[2016-02-15 17:57:04:758] DebugLaunchPlugin - Waiting for the debugger to settle...
[2016-02-15 17:57:04:758] DebugChannel - Event: Thread resumed, java obj: 0x116818f30, thread: 0x116817ee0
[2016-02-15 17:57:04:760] DebugChannel - Event: Thread stopped, reason: Exception, java obj: 0x116818f30, thread: 0x116817ee0, frames: 9
[2016-02-15 17:57:04:761] SoftDebugger - Reconstructing frames took: 2.66E-4secs
[2016-02-15 17:57:04:761] DebugChannel - Event: Thread resumed, java obj: 0x116818f30, thread: 0x116817ee0
[2016-02-15 17:57:04:763] DebugChannel - Event: Thread stopped, reason: Exception, java obj: 0x116818f30, thread: 0x116817ee0, frames: 9
[2016-02-15 17:57:04:763] SoftDebugger - Reconstructing frames took: 2.35E-4secs
[2016-02-15 17:57:04:764] DebugChannel - Event: Thread resumed, java obj: 0x116818f30, thread: 0x116817ee0
[2016-02-15 17:57:04:765] DebugChannel - Event: Thread stopped, reason: Exception, java obj: 0x116818f30, thread: 0x116817ee0, frames: 9
[2016-02-15 17:57:04:766] SoftDebugger - Reconstructing frames took: 2.31E-4secs
[2016-02-15 17:57:04:766] DebugChannel - Event: Thread resumed, java obj: 0x116818f30, thread: 0x116817ee0
[2016-02-15 17:57:04:768] DebugLaunchPlugin - Waiting for the debugger to settle...
[2016-02-15 17:57:04:768] DebugChannel - Event: Thread stopped, reason: Exception, java obj: 0x116818f30, thread: 0x116817ee0, frames: 9
[2016-02-15 17:57:04:769] SoftDebugger - Reconstructing frames took: 2.35E-4secs
[2016-02-15 17:57:04:769] DebugChannel - Event: Thread resumed, java obj: 0x116818f30, thread: 0x116817ee0
[2016-02-15 17:57:04:770] DebugChannel - Event: Thread stopped, reason: Exception, java obj: 0x116818f30, thread: 0x116817ee0, frames: 9
[2016-02-15 17:57:04:770] SoftDebugger - Reconstructing frames took: 1.62E-4secs
[2016-02-15 17:57:04:770] DebugChannel - Event: Thread resumed, java obj: 0x116818f30, thread: 0x116817ee0
[2016-02-15 17:57:04:776] DebugChannel - Event: Thread stopped, reason: Exception, java obj: 0x116818f30, thread: 0x116817ee0, frames: 9
[2016-02-15 17:57:04:776] SoftDebugger - Reconstructing frames took: 2.54E-4secs
[2016-02-15 17:57:04:777] DebugChannel - Event: Thread resumed, java obj: 0x116818f30, thread: 0x116817ee0
[2016-02-15 17:57:04:780] DebugLaunchPlugin - Waiting for the debugger to settle...
[2016-02-15 17:57:04:792] DebugLaunchPlugin - Waiting for the debugger to settle...
[2016-02-15 17:57:04:803] DebugLaunchPlugin - Waiting for the debugger to settle...
[2016-02-15 17:57:04:814] SoftJdwpEventProcessor - Reporting class prepare event EventRequest [id=3, eventKind=CLASS_PREPARE, suspendPolicy=EVENT_THREAD, constraints=[ClassMatchConstraint [classPattern=com.mob.demo.MyViewController]]] to JDWP client for class com/mob/demo/MyViewController
[2016-02-15 17:57:04:814] DebugLaunchPlugin - Waiting for the debugger to settle...
[2016-02-15 17:57:04:815] JdwpDebugServer - Command: H(2 15) id = 148 length = 8
[2016-02-15 17:57:04:815] SoftVmInterface - Reporting method: com/mob/demo/MyViewController.<init>
[2016-02-15 17:57:04:816] SoftVmInterface - Reporting method: com/mob/demo/MyViewController.excute
[2016-02-15 17:57:04:816] SoftVmInterface - Reporting method: com/mob/demo/MyViewController.initUI
[2016-02-15 17:57:04:816] SoftVmInterface - Reporting method: com/mob/demo/MyViewController.$cb$init
[2016-02-15 17:57:04:816] SoftVmInterface - Reporting method: com/mob/demo/MyViewController.$setHandle
[2016-02-15 17:57:04:816] SoftVmInterface - Reporting method: com/mob/demo/MyViewController.$cb$initWithNibName$bundle$
[2016-02-15 17:57:04:816] SoftVmInterface - Reporting method: com/mob/demo/MyViewController.$m$super$initWithNibName$bundle$
[2016-02-15 17:57:04:816] SoftVmInterface - Reporting method: com/mob/demo/MyViewController.$getSuper
[2016-02-15 17:57:04:817] SoftVmInterface - Reporting method: com/mob/demo/MyViewController.$initObject
[2016-02-15 17:57:04:817] SoftVmInterface - Reporting method: com/mob/demo/MyViewController.$cb$initWithCoder$
[2016-02-15 17:57:04:817] SoftVmInterface - Reporting method: com/mob/demo/MyViewController.$m$super$initWithCoder$
[2016-02-15 17:57:04:817] SoftVmInterface - Reporting method: com/mob/demo/MyViewController.<clinit>
[2016-02-15 17:57:04:818] JdwpDebugServer - Command: o(6 1) id = 149 length = 16
[2016-02-15 17:57:04:818] SoftVmInterface - Reporting line numbers for method com/mob/demo/MyViewController.<init>: [37, 39, 40, 42]
[2016-02-15 17:57:04:818] JdwpDebugServer - Command: o(6 1) id = 150 length = 16
[2016-02-15 17:57:04:819] SoftVmInterface - Reporting line numbers for method com/mob/demo/MyViewController.excute: [47, 88, 91, 133, 136, 193, 196, 249, 252, 308, 310]
[2016-02-15 17:57:04:819] JdwpDebugServer - Command: o(6 1) id = 151 length = 16
[2016-02-15 17:57:04:819] SoftVmInterface - Reporting line numbers for method com/mob/demo/MyViewController.initUI: [314, 315, 317, 318, 319, 320, 322, 323, 324, 325, 327, 328, 329, 330, 332, 333, 334, 335, 337, 338, 339, 340, 342]
[2016-02-15 17:57:04:819] JdwpDebugServer - Command: o(6 1) id = 152 length = 16
[2016-02-15 17:57:04:819] SoftVmInterface - Reporting line numbers for method com/mob/demo/MyViewController.$cb$init: [1048579]
[2016-02-15 17:57:04:820] JdwpDebugServer - Command: o(6 1) id = 153 length = 16
[2016-02-15 17:57:04:820] SoftVmInterface - Reporting line numbers for method com/mob/demo/MyViewController.$setHandle: [1048580]
[2016-02-15 17:57:04:820] JdwpDebugServer - Command: o(6 1) id = 154 length = 16
[2016-02-15 17:57:04:820] SoftVmInterface - Reporting line numbers for method com/mob/demo/MyViewController.$cb$initWithNibName$bundle$: [1048581]
[2016-02-15 17:57:04:821] JdwpDebugServer - Command: o(6 1) id = 155 length = 16
[2016-02-15 17:57:04:821] SoftVmInterface - Reporting line numbers for method com/mob/demo/MyViewController.$getSuper: [1048583]
[2016-02-15 17:57:04:821] JdwpDebugServer - Command: o(6 1) id = 156 length = 16
[2016-02-15 17:57:04:821] SoftVmInterface - Reporting line numbers for method com/mob/demo/MyViewController.$initObject: [1048584]
[2016-02-15 17:57:04:822] JdwpDebugServer - Command: o(6 1) id = 157 length = 16
[2016-02-15 17:57:04:822] SoftVmInterface - Reporting line numbers for method com/mob/demo/MyViewController.$cb$initWithCoder$: [1048585]
[2016-02-15 17:57:04:822] JdwpDebugServer - Command: o(6 1) id = 158 length = 16
[2016-02-15 17:57:04:822] SoftVmInterface - Reporting line numbers for method com/mob/demo/MyViewController.<clinit>: [1048587]
[2016-02-15 17:57:04:823] JdwpDebugServer - Command: Z(11 3) id = 159 length = 8
[2016-02-15 17:57:04:824] DebugChannel - Event: Thread resumed, java obj: 0x116818f30, thread: 0x116817ee0
[2016-02-15 17:57:04:826] DebugLaunchPlugin - Waiting for the debugger to settle...
[2016-02-15 17:57:04:838] DebugLaunchPlugin - Waiting for the debugger to settle...
[2016-02-15 17:57:04:849] DebugLaunchPlugin - Waiting for the debugger to settle...
[2016-02-15 17:57:04:860] DebugLaunchPlugin - Waiting for the debugger to settle...
[2016-02-15 17:57:04:871] DebugLaunchPlugin - Waiting for the debugger to settle...
[2016-02-15 17:57:04:882] DebugLaunchPlugin - Waiting for the debugger to settle...
[2016-02-15 17:57:04:892] DebugLaunchPlugin - Waiting for the debugger to settle...
[2016-02-15 17:57:04:903] DebugLaunchPlugin - Waiting for the debugger to settle...
[2016-02-15 17:57:04:914] DebugLaunchPlugin - Waiting for the debugger to settle...
[2016-02-15 17:57:04:926] DebugLaunchPlugin - Waiting for the debugger to settle...
[2016-02-15 17:57:04:937] DebugLaunchPlugin - Waiting for the debugger to settle...
[2016-02-15 17:57:04:947] DebugLaunchPlugin - Waiting for the debugger to settle...
[2016-02-15 17:57:04:949] DebugChannel - Event: Thread stopped, reason: Exception, java obj: 0x116818f30, thread: 0x116817ee0, frames: 15
[2016-02-15 17:57:04:951] SoftDebugger - Reconstructing frames took: 0.001563secs
[2016-02-15 17:57:04:951] DebugChannel - Event: Thread resumed, java obj: 0x116818f30, thread: 0x116817ee0
[2016-02-15 17:57:04:954] DebugChannel - Event: Thread stopped, reason: Exception, java obj: 0x116818f30, thread: 0x116817ee0, frames: 10
[2016-02-15 17:57:04:955] SoftDebugger - Reconstructing frames took: 1.46E-4secs
[2016-02-15 17:57:04:955] DebugChannel - Event: Thread resumed, java obj: 0x116818f30, thread: 0x116817ee0
[2016-02-15 17:57:04:958] DebugLaunchPlugin - Waiting for the debugger to settle...
[2016-02-15 17:57:04:969] DebugLaunchPlugin - Waiting for the debugger to settle...
[2016-02-15 17:57:04:980] DebugLaunchPlugin - Waiting for the debugger to settle...
[2016-02-15 17:57:04:993] DebugLaunchPlugin - Waiting for the debugger to settle...
[2016-02-15 17:57:05:004] DebugLaunchPlugin - Waiting for the debugger to settle...
[2016-02-15 17:57:05:015] DebugLaunchPlugin - Waiting for the debugger to settle...
[2016-02-15 17:57:05:028] DebugLaunchPlugin - Waiting for the debugger to settle...
[2016-02-15 17:57:05:038] DebugLaunchPlugin - Waiting for the debugger to settle...
[2016-02-15 17:57:05:049] DebugLaunchPlugin - Waiting for the debugger to settle...
[2016-02-15 17:57:05:059] DebugLaunchPlugin - Waiting for the debugger to settle...
[2016-02-15 17:57:05:069] DebugLaunchPlugin - Waiting for the debugger to settle...
[2016-02-15 17:57:05:080] DebugLaunchPlugin - Waiting for the debugger to settle...
[2016-02-15 17:57:05:093] DebugLaunchPlugin - Waiting for the debugger to settle...
[2016-02-15 17:57:05:104] DebugLaunchPlugin - Waiting for the debugger to settle...
[2016-02-15 17:57:05:115] DebugLaunchPlugin - Waiting for the debugger to settle...
[2016-02-15 17:57:05:128] DebugLaunchPlugin - Waiting for the debugger to settle...
[2016-02-15 17:57:05:138] DebugLaunchPlugin - Waiting for the debugger to settle...
[2016-02-15 17:57:05:149] DebugLaunchPlugin - Waiting for the debugger to settle...
[2016-02-15 17:57:05:160] DebugLaunchPlugin - Waiting for the debugger to settle...
[2016-02-15 17:57:05:171] DebugLaunchPlugin - Waiting for the debugger to settle...
[2016-02-15 17:57:05:182] DebugLaunchPlugin - Waiting for the debugger to settle...
[2016-02-15 17:57:05:194] DebugLaunchPlugin - Waiting for the debugger to settle...
[2016-02-15 17:57:05:205] DebugLaunchPlugin - Waiting for the debugger to settle...
[2016-02-15 17:57:05:215] SoftJdwpEventProcessor - Reporting class prepare event EventRequest [id=4, eventKind=CLASS_PREPARE, suspendPolicy=EVENT_THREAD, constraints=[ClassMatchConstraint [classPattern=com.mob.demo.MyViewController$*]]] to JDWP client for class com/mob/demo/MyViewController$1
[2016-02-15 17:57:05:215] DebugLaunchPlugin - Waiting for the debugger to settle...
[2016-02-15 17:57:05:216] JdwpDebugServer - Command: H(2 15) id = 160 length = 8
[2016-02-15 17:57:05:216] SoftVmInterface - Reporting method: com/mob/demo/MyViewController$1.<init>
[2016-02-15 17:57:05:216] SoftVmInterface - Reporting method: com/mob/demo/MyViewController$1.onTouchUpInside
[2016-02-15 17:57:05:216] JdwpDebugServer - Command: o(6 1) id = 161 length = 16
[2016-02-15 17:57:05:217] SoftVmInterface - Reporting line numbers for method com/mob/demo/MyViewController$1.<init>: [1, 47]
[2016-02-15 17:57:05:217] JdwpDebugServer - Command: o(6 1) id = 162 length = 16
[2016-02-15 17:57:05:217] SoftVmInterface - Reporting line numbers for method com/mob/demo/MyViewController$1.onTouchUpInside: [51, 86]
[2016-02-15 17:57:05:217] JdwpDebugServer - Command: Z(11 3) id = 163 length = 8
[2016-02-15 17:57:05:218] DebugChannel - Event: Thread resumed, java obj: 0x116818f30, thread: 0x116817ee0
[2016-02-15 17:57:05:221] SoftJdwpEventProcessor - Reporting class prepare event EventRequest [id=4, eventKind=CLASS_PREPARE, suspendPolicy=EVENT_THREAD, constraints=[ClassMatchConstraint [classPattern=com.mob.demo.MyViewController$*]]] to JDWP client for class com/mob/demo/MyViewController$2
[2016-02-15 17:57:05:222] JdwpDebugServer - Command: H(2 15) id = 164 length = 8
[2016-02-15 17:57:05:222] SoftVmInterface - Reporting method: com/mob/demo/MyViewController$2.<init>
[2016-02-15 17:57:05:222] SoftVmInterface - Reporting method: com/mob/demo/MyViewController$2.onTouchUpInside
[2016-02-15 17:57:05:223] JdwpDebugServer - Command: o(6 1) id = 165 length = 16
[2016-02-15 17:57:05:223] SoftVmInterface - Reporting line numbers for method com/mob/demo/MyViewController$2.<init>: [1, 91]
[2016-02-15 17:57:05:223] JdwpDebugServer - Command: o(6 1) id = 166 length = 16
[2016-02-15 17:57:05:223] SoftVmInterface - Reporting line numbers for method com/mob/demo/MyViewController$2.onTouchUpInside: [95, 131]
[2016-02-15 17:57:05:224] JdwpDebugServer - Command: Z(11 3) id = 167 length = 8
[2016-02-15 17:57:05:224] DebugChannel - Event: Thread resumed, java obj: 0x116818f30, thread: 0x116817ee0
[2016-02-15 17:57:05:225] SoftJdwpEventProcessor - Reporting class prepare event EventRequest [id=4, eventKind=CLASS_PREPARE, suspendPolicy=EVENT_THREAD, constraints=[ClassMatchConstraint [classPattern=com.mob.demo.MyViewController$*]]] to JDWP client for class com/mob/demo/MyViewController$3
[2016-02-15 17:57:05:226] DebugLaunchPlugin - Waiting for the debugger to settle...
[2016-02-15 17:57:05:229] JdwpDebugServer - Command: H(2 15) id = 168 length = 8
[2016-02-15 17:57:05:229] SoftVmInterface - Reporting method: com/mob/demo/MyViewController$3.<init>
[2016-02-15 17:57:05:229] SoftVmInterface - Reporting method: com/mob/demo/MyViewController$3.onTouchUpInside
[2016-02-15 17:57:05:230] JdwpDebugServer - Command: o(6 1) id = 169 length = 16
[2016-02-15 17:57:05:230] SoftVmInterface - Reporting line numbers for method com/mob/demo/MyViewController$3.<init>: [1, 136]
[2016-02-15 17:57:05:230] JdwpDebugServer - Command: o(6 1) id = 170 length = 16
[2016-02-15 17:57:05:231] SoftVmInterface - Reporting line numbers for method com/mob/demo/MyViewController$3.onTouchUpInside: [140, 141, 143, 145, 147, 149, 150, 151, 153, 191]
[2016-02-15 17:57:05:231] JdwpDebugServer - Command: Z(11 3) id = 171 length = 8
[2016-02-15 17:57:05:232] DebugChannel - Event: Thread resumed, java obj: 0x116818f30, thread: 0x116817ee0
[2016-02-15 17:57:05:233] SoftJdwpEventProcessor - Reporting class prepare event EventRequest [id=4, eventKind=CLASS_PREPARE, suspendPolicy=EVENT_THREAD, constraints=[ClassMatchConstraint [classPattern=com.mob.demo.MyViewController$*]]] to JDWP client for class com/mob/demo/MyViewController$4
[2016-02-15 17:57:05:237] DebugLaunchPlugin - Waiting for the debugger to settle...
[2016-02-15 17:57:05:238] JdwpDebugServer - Command: H(2 15) id = 172 length = 8
[2016-02-15 17:57:05:238] SoftVmInterface - Reporting method: com/mob/demo/MyViewController$4.<init>
[2016-02-15 17:57:05:238] SoftVmInterface - Reporting method: com/mob/demo/MyViewController$4.onTouchUpInside
[2016-02-15 17:57:05:239] JdwpDebugServer - Command: o(6 1) id = 173 length = 16
[2016-02-15 17:57:05:239] SoftVmInterface - Reporting line numbers for method com/mob/demo/MyViewController$4.<init>: [1, 196]
[2016-02-15 17:57:05:240] JdwpDebugServer - Command: o(6 1) id = 174 length = 16
[2016-02-15 17:57:05:240] SoftVmInterface - Reporting line numbers for method com/mob/demo/MyViewController$4.onTouchUpInside: [200, 201, 203, 205, 207, 209, 210, 211, 213, 247]
[2016-02-15 17:57:05:240] JdwpDebugServer - Command: Z(11 3) id = 175 length = 8
[2016-02-15 17:57:05:241] DebugChannel - Event: Thread resumed, java obj: 0x116818f30, thread: 0x116817ee0
[2016-02-15 17:57:05:242] SoftJdwpEventProcessor - Reporting class prepare event EventRequest [id=4, eventKind=CLASS_PREPARE, suspendPolicy=EVENT_THREAD, constraints=[ClassMatchConstraint [classPattern=com.mob.demo.MyViewController$*]]] to JDWP client for class com/mob/demo/MyViewController$5
[2016-02-15 17:57:05:247] DebugLaunchPlugin - Waiting for the debugger to settle...
[2016-02-15 17:57:05:247] JdwpDebugServer - Command: H(2 15) id = 176 length = 8
[2016-02-15 17:57:05:248] SoftVmInterface - Reporting method: com/mob/demo/MyViewController$5.<init>
[2016-02-15 17:57:05:248] SoftVmInterface - Reporting method: com/mob/demo/MyViewController$5.onTouchUpInside
[2016-02-15 17:57:05:248] JdwpDebugServer - Command: o(6 1) id = 177 length = 16
[2016-02-15 17:57:05:249] SoftVmInterface - Reporting line numbers for method com/mob/demo/MyViewController$5.<init>: [1, 252]
[2016-02-15 17:57:05:249] JdwpDebugServer - Command: o(6 1) id = 178 length = 16
[2016-02-15 17:57:05:250] SoftVmInterface - Reporting line numbers for method com/mob/demo/MyViewController$5.onTouchUpInside: [256, 257, 259, 261, 263, 265, 266, 267, 269, 306]
[2016-02-15 17:57:05:251] JdwpDebugServer - Command: Z(11 3) id = 179 length = 8
[2016-02-15 17:57:05:252] DebugChannel - Event: Thread resumed, java obj: 0x116818f30, thread: 0x116817ee0
[2016-02-15 17:57:05:260] DebugLaunchPlugin - Waiting for the debugger to settle...
[2016-02-15 17:57:05:271] DebugLaunchPlugin - Waiting for the debugger to settle...
[2016-02-15 17:57:05:282] DebugLaunchPlugin - Waiting for the debugger to settle...
[2016-02-15 17:57:05:293] DebugLaunchPlugin - Waiting for the debugger to settle...
[2016-02-15 17:57:05:304] DebugLaunchPlugin - Waiting for the debugger to settle...
[2016-02-15 17:57:05:315] DebugLaunchPlugin - Waiting for the debugger to settle...
[2016-02-15 17:57:05:327] DebugLaunchPlugin - Waiting for the debugger to settle...
[2016-02-15 17:57:05:337] DebugLaunchPlugin - Waiting for the debugger to settle...
[2016-02-15 17:57:05:349] DebugLaunchPlugin - Waiting for the debugger to settle...
[2016-02-15 17:57:05:360] DebugLaunchPlugin - Waiting for the debugger to settle...
[2016-02-15 17:57:05:371] DebugLaunchPlugin - Waiting for the debugger to settle...
[2016-02-15 17:57:05:383] DebugLaunchPlugin - Waiting for the debugger to settle...
[2016-02-15 17:57:05:394] DebugLaunchPlugin - Waiting for the debugger to settle...
[2016-02-15 17:57:05:405] DebugLaunchPlugin - Waiting for the debugger to settle...
[2016-02-15 17:57:05:416] DebugLaunchPlugin - Waiting for the debugger to settle...
[2016-02-15 17:57:05:427] DebugLaunchPlugin - Waiting for the debugger to settle...
[2016-02-15 17:57:05:437] DebugLaunchPlugin - Waiting for the debugger to settle...
[2016-02-15 17:57:05:447] DebugLaunchPlugin - Waiting for the debugger to settle...
[2016-02-15 17:57:05:458] DebugLaunchPlugin - Waiting for the debugger to settle...
[2016-02-15 17:57:05:469] DebugLaunchPlugin - Waiting for the debugger to settle...
[2016-02-15 17:57:05:480] DebugLaunchPlugin - Waiting for the debugger to settle...
[2016-02-15 17:57:05:490] DebugLaunchPlugin - Waiting for the debugger to settle...
[2016-02-15 17:57:05:502] DebugLaunchPlugin - Waiting for the debugger to settle...
[2016-02-15 17:57:05:515] DebugLaunchPlugin - Waiting for the debugger to settle...
[2016-02-15 17:57:05:525] DebugLaunchPlugin - Waiting for the debugger to settle...
[2016-02-15 17:57:05:536] DebugLaunchPlugin - Waiting for the debugger to settle...
[2016-02-15 17:57:05:548] DebugLaunchPlugin - Waiting for the debugger to settle...
[2016-02-15 17:57:05:560] DebugLaunchPlugin - Waiting for the debugger to settle...
[2016-02-15 17:57:05:570] DebugLaunchPlugin - Waiting for the debugger to settle...
[2016-02-15 17:57:05:582] DebugLaunchPlugin - Waiting for the debugger to settle...
[2016-02-15 17:57:05:592] DebugLaunchPlugin - Waiting for the debugger to settle...
[2016-02-15 17:57:05:603] DebugLaunchPlugin - Waiting for the debugger to settle...
[2016-02-15 17:57:05:615] DebugLaunchPlugin - Waiting for the debugger to settle...
[2016-02-15 17:57:05:627] DebugLaunchPlugin - Waiting for the debugger to settle...
[2016-02-15 17:57:05:638] DebugLaunchPlugin - Waiting for the debugger to settle...
[2016-02-15 17:57:05:649] DebugLaunchPlugin - Waiting for the debugger to settle...
[2016-02-15 17:57:05:660] DebugLaunchPlugin - Waiting for the debugger to settle...
[2016-02-15 17:57:05:670] DebugLaunchPlugin - Waiting for the debugger to settle...
[2016-02-15 17:57:05:682] DebugLaunchPlugin - Waiting for the debugger to settle...
[2016-02-15 17:57:05:692] DebugLaunchPlugin - Waiting for the debugger to settle...
[2016-02-15 17:57:05:703] DebugLaunchPlugin - Waiting for the debugger to settle...
[2016-02-15 17:57:05:713] DebugLaunchPlugin - Waiting for the debugger to settle...
[2016-02-15 17:57:05:723] DebugLaunchPlugin - Waiting for the debugger to settle...
[2016-02-15 17:57:05:736] DebugLaunchPlugin - Waiting for the debugger to settle...
[2016-02-15 17:57:05:747] DebugLaunchPlugin - Waiting for the debugger to settle...
[2016-02-15 17:57:05:758] DebugLaunchPlugin - Waiting for the debugger to settle...
[2016-02-15 17:57:05:769] DebugLaunchPlugin - Waiting for the debugger to settle...
[2016-02-15 17:57:05:782] DebugLaunchPlugin - Waiting for the debugger to settle...
[2016-02-15 17:57:05:794] DebugLaunchPlugin - Waiting for the debugger to settle...
[2016-02-15 17:57:05:804] DebugLaunchPlugin - Waiting for the debugger to settle...
[2016-02-15 17:57:05:815] DebugLaunchPlugin - Waiting for the debugger to settle...
[2016-02-15 17:57:05:826] DebugLaunchPlugin - Waiting for the debugger to settle...
[2016-02-15 17:57:05:836] DebugLaunchPlugin - Waiting for the debugger to settle...
[2016-02-15 17:57:05:847] DebugLaunchPlugin - Waiting for the debugger to settle...
[2016-02-15 17:57:05:858] DebugLaunchPlugin - Waiting for the debugger to settle...
[2016-02-15 17:57:05:871] DebugLaunchPlugin - Waiting for the debugger to settle...
[2016-02-15 17:57:05:881] DebugLaunchPlugin - Waiting for the debugger to settle...
[2016-02-15 17:57:05:892] DebugLaunchPlugin - Waiting for the debugger to settle...
[2016-02-15 17:57:05:902] DebugLaunchPlugin - Waiting for the debugger to settle...
[2016-02-15 17:57:05:913] DebugLaunchPlugin - Waiting for the debugger to settle...
[2016-02-15 17:57:05:923] DebugLaunchPlugin - Waiting for the debugger to settle...
[2016-02-15 17:57:05:934] DebugLaunchPlugin - Waiting for the debugger to settle...
[2016-02-15 17:57:05:944] DebugLaunchPlugin - Waiting for the debugger to settle...
[2016-02-15 17:57:05:955] DebugLaunchPlugin - Waiting for the debugger to settle...
[2016-02-15 17:57:05:965] DebugLaunchPlugin - Waiting for the debugger to settle...
[2016-02-15 17:57:05:976] DebugLaunchPlugin - Waiting for the debugger to settle...
[2016-02-15 17:57:05:986] DebugLaunchPlugin - Waiting for the debugger to settle...
[2016-02-15 17:57:05:996] DebugLaunchPlugin - Waiting for the debugger to settle...
[2016-02-15 17:57:06:007] DebugLaunchPlugin - Waiting for the debugger to settle...
[2016-02-15 17:57:06:017] DebugLaunchPlugin - Waiting for the debugger to settle...
[2016-02-15 17:57:06:027] DebugLaunchPlugin - Waiting for the debugger to settle...
[2016-02-15 17:57:06:038] DebugLaunchPlugin - Waiting for the debugger to settle...
[2016-02-15 17:57:06:050] DebugLaunchPlugin - Waiting for the debugger to settle...
[2016-02-15 17:57:06:060] DebugLaunchPlugin - Waiting for the debugger to settle...
[2016-02-15 17:57:06:071] DebugLaunchPlugin - Waiting for the debugger to settle...
[2016-02-15 17:57:06:082] DebugLaunchPlugin - Waiting for the debugger to settle...
[2016-02-15 17:57:06:092] DebugLaunchPlugin - Waiting for the debugger to settle...
[2016-02-15 17:57:06:102] DebugLaunchPlugin - Waiting for the debugger to settle...
[2016-02-15 17:57:06:113] DebugLaunchPlugin - Waiting for the debugger to settle...
[2016-02-15 17:57:06:123] DebugLaunchPlugin - Waiting for the debugger to settle...
[2016-02-15 17:57:06:134] DebugLaunchPlugin - Waiting for the debugger to settle...
[2016-02-15 17:57:06:144] DebugLaunchPlugin - Waiting for the debugger to settle...
[2016-02-15 17:57:06:154] DebugLaunchPlugin - Waiting for the debugger to settle...
[2016-02-15 17:57:06:165] DebugLaunchPlugin - Waiting for the debugger to settle...
[2016-02-15 17:57:06:176] DebugLaunchPlugin - Waiting for the debugger to settle...
[2016-02-15 17:57:06:186] DebugLaunchPlugin - Waiting for the debugger to settle...
[2016-02-15 17:57:06:197] DebugLaunchPlugin - Waiting for the debugger to settle...
[2016-02-15 17:57:06:207] DebugLaunchPlugin - Waiting for the debugger to settle...
[2016-02-15 17:57:06:217] DebugLaunchPlugin - Waiting for the debugger to settle...
[2016-02-15 17:57:06:228] DebugLaunchPlugin - Waiting for the debugger to settle...
[2016-02-15 17:57:06:239] DebugLaunchPlugin - Waiting for the debugger to settle...
[2016-02-15 17:57:06:249] DebugLaunchPlugin - Waiting for the debugger to settle...
[2016-02-15 17:57:06:259] DebugLaunchPlugin - Waiting for the debugger to settle...
[2016-02-15 17:57:06:270] DebugLaunchPlugin - Debugger has settled. Resuming inferior.
[2016-02-15 17:57:08:136] DebugChannel - Error in debug channel thread: null
[2016-02-15 17:57:08:137] DebugChannel - Shutting down debug channel thread
[2016-02-15 17:57:08:139] DebugLaunchPlugin - com.robovm.debug.server.DebuggerException: Request interrupted
	at com.robovm.debug.server.d.i.a(Unknown.java:805)
	at com.robovm.debug.server.d.d.c(Unknown.java:355)
	at com.robovm.debug.server.d.C.b(Unknown.java:93)
	at com.robovm.debug.server.d.y.b(Unknown.java:445)
	at com.robovm.debug.server.DebugLaunchPlugin.a(Unknown.java:3432)
	at com.robovm.debug.server.DebugLaunchPlugin.b(Unknown.java:276)
	at com.robovm.debug.server.e.run(Unknown.java:204)
	at java.lang.Thread.run(Thread.java:745)
Caused by: java.lang.InterruptedException
	at java.util.concurrent.locks.AbstractQueuedSynchronizer.doAcquireSharedNanos(AbstractQueuedSynchronizer.java:1038)
	at java.util.concurrent.locks.AbstractQueuedSynchronizer.tryAcquireSharedNanos(AbstractQueuedSynchronizer.java:1326)
	at java.util.concurrent.CountDownLatch.await(CountDownLatch.java:282)
	at com.robovm.debug.server.d.c.await(Unknown.java:31)
	at com.robovm.debug.server.d.i.a(Unknown.java:801)
	... 7 more
[2016-02-15 17:57:08:139] SoftJdwpEventProcessor - processing vm death event
[2016-02-15 17:57:08:140] SoftDebugger - Shutting down event loop thread
