[2016-02-01 14:50:18:680] ExecutableMemoryAccess - Reading executable bytes took: 0.157809
[2016-02-01 14:50:19:376] ExecutableMemoryAccess - Dumped section __TEXT,__text, took: 0.661771
[2016-02-01 14:50:19:378] ExecutableMemoryAccess - Dumped section __TEXT,__const, took: 0.001185
[2016-02-01 14:50:19:379] ExecutableMemoryAccess - Dumped section __DATA,__const, took: 5.32E-4
[2016-02-01 14:50:19:380] ExecutableMemoryAccess - Dumped section __DATA,__data, took: 0.001066
[2016-02-01 14:50:19:380] ExecutableMemoryAccess - Parsing sections took: 0.858746
[2016-02-01 14:50:20:374] ExecutableSymbolLookup - Reading nm output took: 1.85264
[2016-02-01 14:50:20:906] ExecutableSymbolLookup - Parsing nm output took: 0.532279
[2016-02-01 14:50:20:906] ExecutableSymbolLookup - Parsing symbols took: 2.385365
[2016-02-01 14:50:23:390] DebugLaunchPlugin - Got port address in 2.301983secs
[2016-02-01 14:50:23:391] SoftDebugger - Established connection to app on port 57287
[2016-02-01 14:50:23:391] DebugChannel - Starting debug channel thread
[2016-02-01 14:50:23:391] ClassInfoParser - Reading boot classes info
[2016-02-01 14:50:23:392] ClassInfoParser - Took 0.001521
[2016-02-01 14:50:23:393] ClassInfoParser - Reading classes info
[2016-02-01 14:50:23:394] ClassInfoParser - Took 0.001453
[2016-02-01 14:50:23:466] DebugChannel - Event: Thread attached, java obj: 0x116818f30, thread: 0x116817ee0
[2016-02-01 14:50:23:487] SoftDebugger - Loading class infos took: 0.096539secs
[2016-02-01 14:50:23:490] SoftDebugger - Loading class infos and adjusting addresses took: 0.099157secs
[2016-02-01 14:50:23:492] SocketTransport - Listening for transport dt_socket at address: 57262
[2016-02-01 14:50:23:492] DebugLaunchPlugin - Waiting for JDWP client to connect
[2016-02-01 14:50:23:498] SoftDebugger - Thread main attached
[2016-02-01 14:50:23:644] DebugChannel - Event: Thread stopped, reason: Exception, java obj: 0x116818f30, thread: 0x116817ee0, frames: 15
[2016-02-01 14:50:23:650] SoftDebugger - Reconstructing frames took: 0.006258secs
[2016-02-01 14:50:23:651] DebugChannel - Event: Thread resumed, java obj: 0x116818f30, thread: 0x116817ee0
[2016-02-01 14:50:23:755] DebugChannel - Event: Thread stopped, reason: Exception, java obj: 0x116818f30, thread: 0x116817ee0, frames: 10
[2016-02-01 14:50:23:755] SoftDebugger - Reconstructing frames took: 5.9E-5secs
[2016-02-01 14:50:23:756] DebugChannel - Event: Thread resumed, java obj: 0x116818f30, thread: 0x116817ee0
[2016-02-01 14:50:23:759] DebugChannel - Event: Thread attached, java obj: 0x116818ea0, thread: 0x116817e00
[2016-02-01 14:50:23:759] DebugChannel - Event: Thread attached, java obj: 0x116818d80, thread: 0x116817d20
[2016-02-01 14:50:23:760] DebugChannel - Event: Thread attached, java obj: 0x116818c60, thread: 0x116817c40
[2016-02-01 14:50:23:761] SoftDebugger - Thread ReferenceQueueDaemon attached
[2016-02-01 14:50:23:763] SoftDebugger - Thread FinalizerDaemon attached
[2016-02-01 14:50:23:766] SoftDebugger - Thread FinalizerWatchdogDaemon attached
[2016-02-01 14:50:23:784] DebugChannel - Event: Thread stopped, reason: Exception, java obj: 0x116818f30, thread: 0x116817ee0, frames: 9
[2016-02-01 14:50:23:787] SoftDebugger - Reconstructing frames took: 0.0035secs
[2016-02-01 14:50:23:788] DebugChannel - Event: Thread resumed, java obj: 0x116818f30, thread: 0x116817ee0
[2016-02-01 14:50:23:789] DebugChannel - Event: Thread stopped, reason: Exception, java obj: 0x116818f30, thread: 0x116817ee0, frames: 9
[2016-02-01 14:50:23:789] SoftDebugger - Reconstructing frames took: 5.7E-5secs
[2016-02-01 14:50:23:789] DebugChannel - Event: Thread resumed, java obj: 0x116818f30, thread: 0x116817ee0
[2016-02-01 14:50:23:790] DebugChannel - Event: Thread stopped, reason: Exception, java obj: 0x116818f30, thread: 0x116817ee0, frames: 9
[2016-02-01 14:50:23:790] SoftDebugger - Reconstructing frames took: 4.5E-5secs
[2016-02-01 14:50:23:790] DebugChannel - Event: Thread resumed, java obj: 0x116818f30, thread: 0x116817ee0
[2016-02-01 14:50:23:791] DebugChannel - Event: Thread stopped, reason: Exception, java obj: 0x116818f30, thread: 0x116817ee0, frames: 9
[2016-02-01 14:50:23:791] SoftDebugger - Reconstructing frames took: 4.3E-5secs
[2016-02-01 14:50:23:791] DebugChannel - Event: Thread resumed, java obj: 0x116818f30, thread: 0x116817ee0
[2016-02-01 14:50:23:792] DebugChannel - Event: Thread stopped, reason: Exception, java obj: 0x116818f30, thread: 0x116817ee0, frames: 9
[2016-02-01 14:50:23:792] SoftDebugger - Reconstructing frames took: 2.9E-5secs
[2016-02-01 14:50:23:792] DebugChannel - Event: Thread resumed, java obj: 0x116818f30, thread: 0x116817ee0
[2016-02-01 14:50:23:793] DebugChannel - Event: Thread stopped, reason: Exception, java obj: 0x116818f30, thread: 0x116817ee0, frames: 9
[2016-02-01 14:50:23:793] SoftDebugger - Reconstructing frames took: 2.5E-5secs
[2016-02-01 14:50:23:793] DebugChannel - Event: Thread resumed, java obj: 0x116818f30, thread: 0x116817ee0
[2016-02-01 14:50:23:794] DebugChannel - Event: Thread stopped, reason: Exception, java obj: 0x116818f30, thread: 0x116817ee0, frames: 9
[2016-02-01 14:50:23:794] SoftDebugger - Reconstructing frames took: 2.7E-5secs
[2016-02-01 14:50:23:794] DebugChannel - Event: Thread resumed, java obj: 0x116818f30, thread: 0x116817ee0
[2016-02-01 14:50:23:795] DebugChannel - Event: Thread stopped, reason: Exception, java obj: 0x116818f30, thread: 0x116817ee0, frames: 9
[2016-02-01 14:50:23:795] SoftDebugger - Reconstructing frames took: 2.7E-5secs
[2016-02-01 14:50:23:795] DebugChannel - Event: Thread resumed, java obj: 0x116818f30, thread: 0x116817ee0
[2016-02-01 14:50:23:891] DebugChannel - Event: Thread stopped, reason: Exception, java obj: 0x116818f30, thread: 0x116817ee0, frames: 9
[2016-02-01 14:50:23:891] SoftDebugger - Reconstructing frames took: 5.9E-5secs
[2016-02-01 14:50:23:892] DebugChannel - Event: Thread resumed, java obj: 0x116818f30, thread: 0x116817ee0
[2016-02-01 14:50:23:892] DebugChannel - Event: Thread stopped, reason: Exception, java obj: 0x116818f30, thread: 0x116817ee0, frames: 9
[2016-02-01 14:50:23:892] SoftDebugger - Reconstructing frames took: 3.5E-5secs
[2016-02-01 14:50:23:893] DebugChannel - Event: Thread resumed, java obj: 0x116818f30, thread: 0x116817ee0
[2016-02-01 14:50:23:898] DebugChannel - Event: Thread stopped, reason: Exception, java obj: 0x116818f30, thread: 0x116817ee0, frames: 9
[2016-02-01 14:50:23:899] SoftDebugger - Reconstructing frames took: 5.5E-5secs
[2016-02-01 14:50:23:899] DebugChannel - Event: Thread resumed, java obj: 0x116818f30, thread: 0x116817ee0
[2016-02-01 14:50:23:979] DebugChannel - Event: Thread stopped, reason: Exception, java obj: 0x116818f30, thread: 0x116817ee0, frames: 15
[2016-02-01 14:50:23:983] SoftDebugger - Reconstructing frames took: 0.003691secs
[2016-02-01 14:50:23:984] DebugChannel - Event: Thread resumed, java obj: 0x116818f30, thread: 0x116817ee0
[2016-02-01 14:50:24:083] DebugChannel - Event: Thread stopped, reason: Exception, java obj: 0x116818f30, thread: 0x116817ee0, frames: 10
[2016-02-01 14:50:24:084] SoftDebugger - Reconstructing frames took: 4.39E-4secs
[2016-02-01 14:50:24:093] DebugChannel - Event: Thread resumed, java obj: 0x116818f30, thread: 0x116817ee0
[2016-02-01 14:50:24:391] JdwpDebugServer - Command: aq(1 7) id = 1832 length = 0
[2016-02-01 14:50:24:392] JdwpDebugServer - Command: m(15 1) id = 1833 length = 6
[2016-02-01 14:50:24:392] JdwpDebugServer - Command: m(15 1) id = 1831 length = 6
[2016-02-01 14:50:24:392] JdwpDebugServer - Command: m(15 1) id = 1834 length = 6
[2016-02-01 14:50:24:393] JdwpDebugServer - Command: au(1 1) id = 1835 length = 0
[2016-02-01 14:50:24:393] JdwpDebugServer - Command: ah(1 4) id = 1836 length = 0
[2016-02-01 14:50:24:394] DebugLaunchPlugin - Waiting for the debugger to settle...
[2016-02-01 14:50:24:394] JdwpDebugServer - Command: ad(11 5) id = 1837 length = 8
[2016-02-01 14:50:24:395] JdwpDebugServer - Command: S(12 1) id = 1838 length = 8
[2016-02-01 14:50:24:397] JdwpDebugServer - Command: T(12 2) id = 1839 length = 8
[2016-02-01 14:50:24:398] JdwpDebugServer - Command: y(9 1) id = 1840 length = 8
[2016-02-01 14:50:24:398] JdwpDebugServer - Command: D(2 14) id = 1841 length = 8
[2016-02-01 14:50:24:398] JdwpDebugServer - Command: F(2 10) id = 1842 length = 8
[2016-02-01 14:50:24:399] JdwpDebugServer - Command: D(2 14) id = 1843 length = 8
[2016-02-01 14:50:24:399] JdwpDebugServer - Command: F(2 10) id = 1844 length = 8
[2016-02-01 14:50:24:399] JdwpDebugServer - Command: j(3 1) id = 1845 length = 8
[2016-02-01 14:50:24:400] JdwpDebugServer - Command: D(2 14) id = 1846 length = 8
[2016-02-01 14:50:24:400] JdwpDebugServer - Command: F(2 10) id = 1847 length = 8
[2016-02-01 14:50:24:400] JdwpDebugServer - Command: j(3 1) id = 1848 length = 8
[2016-02-01 14:50:24:401] JdwpDebugServer - Command: u(9 2) id = 1849 length = 20
[2016-02-01 14:50:24:401] JdwpDebugServer - Command: aa(11 4) id = 1850 length = 8
[2016-02-01 14:50:24:402] JdwpDebugServer - Command: aa(11 4) id = 1851 length = 8
[2016-02-01 14:50:24:403] JdwpDebugServer - Command: ad(11 5) id = 1852 length = 8
[2016-02-01 14:50:24:404] JdwpDebugServer - Command: y(9 1) id = 1853 length = 8
[2016-02-01 14:50:24:404] JdwpDebugServer - Command: u(9 2) id = 1854 length = 20
[2016-02-01 14:50:24:405] DebugLaunchPlugin - Waiting for the debugger to settle...
[2016-02-01 14:50:24:405] JdwpDebugServer - Command: aa(11 4) id = 1855 length = 8
[2016-02-01 14:50:24:406] JdwpDebugServer - Command: aa(11 4) id = 1856 length = 8
[2016-02-01 14:50:24:406] JdwpDebugServer - Command: ad(11 5) id = 1857 length = 8
[2016-02-01 14:50:24:407] JdwpDebugServer - Command: y(9 1) id = 1858 length = 8
[2016-02-01 14:50:24:407] JdwpDebugServer - Command: u(9 2) id = 1859 length = 20
[2016-02-01 14:50:24:407] JdwpDebugServer - Command: aa(11 4) id = 1860 length = 8
[2016-02-01 14:50:24:408] JdwpDebugServer - Command: aa(11 4) id = 1861 length = 8
[2016-02-01 14:50:24:408] JdwpDebugServer - Command: ad(11 5) id = 1862 length = 8
[2016-02-01 14:50:24:409] JdwpDebugServer - Command: y(9 1) id = 1863 length = 8
[2016-02-01 14:50:24:409] JdwpDebugServer - Command: u(9 2) id = 1864 length = 20
[2016-02-01 14:50:24:410] JdwpDebugServer - Command: aa(11 4) id = 1865 length = 8
[2016-02-01 14:50:24:410] JdwpDebugServer - Command: aa(11 4) id = 1866 length = 8
[2016-02-01 14:50:24:411] JdwpDebugServer - Command: m(15 1) id = 1867 length = 39
[2016-02-01 14:50:24:411] SoftJdwpEventProcessor - Set up class load event with filter: mob.sharesdk.MobShareSDKDemo
[2016-02-01 14:50:24:411] ClassInfos - Couldn't find class info for mob/sharesdk/MobShareSDKDemo
[2016-02-01 14:50:24:411] ClassInfos - com.robovm.debug.server.DebuggerException: Unknown primitive type: mob/sharesdk/MobShareSDKDemo
	at com.robovm.debug.server.a.c.a(Unknown.java:3147)
	at com.robovm.debug.server.a.c.a(Unknown.java:57)
	at com.robovm.debug.server.d.y.a(Unknown.java:626)
	at com.robovm.debug.server.d.y.a(Unknown.java:597)
	at com.robovm.debug.server.b.c.a.a(Unknown.java:4118)
	at com.robovm.debug.server.b.c.b.a(Unknown.java:1693)
	at com.robovm.debug.server.b.a.m.a(Unknown.java:106)
	at com.robovm.debug.server.b.a.ae.b(Unknown.java:26)
	at com.robovm.debug.server.b.p.a(Unknown.java:7320)
	at com.robovm.debug.server.b.q.run(Unknown.java:207)
[2016-02-01 14:50:24:412] JdwpDebugServer - Command: m(15 1) id = 1868 length = 41
[2016-02-01 14:50:24:412] SoftJdwpEventProcessor - Set up class load event with filter: mob.sharesdk.MobShareSDKDemo$*
[2016-02-01 14:50:24:413] JdwpDebugServer - Command: al(1 2) id = 1869 length = 34
[2016-02-01 14:50:24:413] ClassInfos - Couldn't find class info for mob/sharesdk/MobShareSDKDemo
[2016-02-01 14:50:24:413] ClassInfos - com.robovm.debug.server.DebuggerException: Unknown primitive type: mob/sharesdk/MobShareSDKDemo
	at com.robovm.debug.server.a.c.a(Unknown.java:3147)
	at com.robovm.debug.server.a.c.a(Unknown.java:57)
	at com.robovm.debug.server.b.c.b.a(Unknown.java:281)
	at com.robovm.debug.server.b.a.al.a(Unknown.java:22)
	at com.robovm.debug.server.b.a.ae.b(Unknown.java:26)
	at com.robovm.debug.server.b.p.a(Unknown.java:7320)
	at com.robovm.debug.server.b.q.run(Unknown.java:207)
[2016-02-01 14:50:24:414] JdwpDebugServer - Command: aj(1 17) id = 1870 length = 0
[2016-02-01 14:50:24:415] JdwpDebugServer - Command: m(15 1) id = 1871 length = 26
[2016-02-01 14:50:24:415] SoftJdwpEventProcessor - Set up class load event with filter: java.lang.Error
[2016-02-01 14:50:24:415] DebugLaunchPlugin - Waiting for the debugger to settle...
[2016-02-01 14:50:24:417] JdwpDebugServer - Command: m(15 1) id = 1872 length = 28
[2016-02-01 14:50:24:417] SoftJdwpEventProcessor - Set up class load event with filter: java.lang.Error$*
[2016-02-01 14:50:24:419] JdwpDebugServer - Command: al(1 2) id = 1873 length = 21
[2016-02-01 14:50:24:420] JdwpDebugServer - Command: m(15 1) id = 1874 length = 17
[2016-02-01 14:50:24:420] JdwpDebugServer - Command: J(2 1) id = 1875 length = 8
[2016-02-01 14:50:24:422] JdwpDebugServer - Command: m(15 1) id = 1876 length = 30
[2016-02-01 14:50:24:422] SoftJdwpEventProcessor - Set up class load event with filter: java.lang.Throwable
[2016-02-01 14:50:24:423] JdwpDebugServer - Command: m(15 1) id = 1877 length = 32
[2016-02-01 14:50:24:424] SoftJdwpEventProcessor - Set up class load event with filter: java.lang.Throwable$*
[2016-02-01 14:50:24:425] JdwpDebugServer - Command: al(1 2) id = 1878 length = 25
[2016-02-01 14:50:24:426] JdwpDebugServer - Command: m(15 1) id = 1879 length = 17
[2016-02-01 14:50:24:426] JdwpDebugServer - Command: J(2 1) id = 1880 length = 8
[2016-02-01 14:50:24:427] DebugLaunchPlugin - Waiting for the debugger to settle...
[2016-02-01 14:50:24:438] DebugLaunchPlugin - Waiting for the debugger to settle...
[2016-02-01 14:50:24:451] DebugLaunchPlugin - Waiting for the debugger to settle...
[2016-02-01 14:50:24:462] DebugLaunchPlugin - Waiting for the debugger to settle...
[2016-02-01 14:50:24:473] DebugLaunchPlugin - Waiting for the debugger to settle...
[2016-02-01 14:50:24:485] DebugLaunchPlugin - Waiting for the debugger to settle...
[2016-02-01 14:50:24:495] DebugLaunchPlugin - Waiting for the debugger to settle...
[2016-02-01 14:50:24:507] DebugLaunchPlugin - Waiting for the debugger to settle...
[2016-02-01 14:50:24:518] DebugLaunchPlugin - Waiting for the debugger to settle...
[2016-02-01 14:50:24:529] DebugLaunchPlugin - Waiting for the debugger to settle...
[2016-02-01 14:50:24:540] DebugLaunchPlugin - Waiting for the debugger to settle...
[2016-02-01 14:50:24:550] DebugLaunchPlugin - Waiting for the debugger to settle...
[2016-02-01 14:50:24:561] DebugLaunchPlugin - Waiting for the debugger to settle...
[2016-02-01 14:50:24:571] DebugLaunchPlugin - Waiting for the debugger to settle...
[2016-02-01 14:50:24:583] DebugLaunchPlugin - Waiting for the debugger to settle...
[2016-02-01 14:50:24:594] DebugLaunchPlugin - Waiting for the debugger to settle...
[2016-02-01 14:50:24:605] DebugLaunchPlugin - Waiting for the debugger to settle...
[2016-02-01 14:50:24:616] DebugLaunchPlugin - Waiting for the debugger to settle...
[2016-02-01 14:50:24:626] DebugLaunchPlugin - Waiting for the debugger to settle...
[2016-02-01 14:50:24:639] DebugLaunchPlugin - Waiting for the debugger to settle...
[2016-02-01 14:50:24:652] DebugLaunchPlugin - Waiting for the debugger to settle...
[2016-02-01 14:50:24:662] DebugLaunchPlugin - Waiting for the debugger to settle...
[2016-02-01 14:50:24:673] DebugLaunchPlugin - Waiting for the debugger to settle...
[2016-02-01 14:50:24:683] DebugLaunchPlugin - Waiting for the debugger to settle...
[2016-02-01 14:50:24:694] DebugLaunchPlugin - Waiting for the debugger to settle...
[2016-02-01 14:50:24:705] DebugLaunchPlugin - Waiting for the debugger to settle...
[2016-02-01 14:50:24:715] DebugLaunchPlugin - Waiting for the debugger to settle...
[2016-02-01 14:50:24:728] DebugLaunchPlugin - Waiting for the debugger to settle...
[2016-02-01 14:50:24:740] DebugLaunchPlugin - Waiting for the debugger to settle...
[2016-02-01 14:50:24:751] DebugLaunchPlugin - Waiting for the debugger to settle...
[2016-02-01 14:50:24:763] DebugLaunchPlugin - Waiting for the debugger to settle...
[2016-02-01 14:50:24:774] DebugLaunchPlugin - Waiting for the debugger to settle...
[2016-02-01 14:50:24:785] DebugLaunchPlugin - Waiting for the debugger to settle...
[2016-02-01 14:50:24:798] DebugLaunchPlugin - Waiting for the debugger to settle...
[2016-02-01 14:50:24:810] DebugLaunchPlugin - Waiting for the debugger to settle...
[2016-02-01 14:50:24:821] DebugLaunchPlugin - Waiting for the debugger to settle...
[2016-02-01 14:50:24:834] DebugLaunchPlugin - Waiting for the debugger to settle...
[2016-02-01 14:50:24:845] DebugLaunchPlugin - Waiting for the debugger to settle...
[2016-02-01 14:50:24:855] DebugLaunchPlugin - Waiting for the debugger to settle...
[2016-02-01 14:50:24:867] DebugLaunchPlugin - Waiting for the debugger to settle...
[2016-02-01 14:50:24:878] DebugLaunchPlugin - Waiting for the debugger to settle...
[2016-02-01 14:50:24:890] DebugLaunchPlugin - Waiting for the debugger to settle...
[2016-02-01 14:50:24:901] DebugLaunchPlugin - Waiting for the debugger to settle...
[2016-02-01 14:50:24:911] DebugLaunchPlugin - Waiting for the debugger to settle...
[2016-02-01 14:50:24:923] DebugLaunchPlugin - Waiting for the debugger to settle...
[2016-02-01 14:50:24:933] DebugLaunchPlugin - Waiting for the debugger to settle...
[2016-02-01 14:50:24:944] DebugLaunchPlugin - Waiting for the debugger to settle...
[2016-02-01 14:50:24:956] DebugLaunchPlugin - Waiting for the debugger to settle...
[2016-02-01 14:50:24:968] DebugLaunchPlugin - Waiting for the debugger to settle...
[2016-02-01 14:50:24:979] DebugLaunchPlugin - Waiting for the debugger to settle...
[2016-02-01 14:50:24:991] DebugLaunchPlugin - Waiting for the debugger to settle...
[2016-02-01 14:50:25:004] DebugLaunchPlugin - Waiting for the debugger to settle...
[2016-02-01 14:50:25:015] DebugLaunchPlugin - Waiting for the debugger to settle...
[2016-02-01 14:50:25:026] DebugLaunchPlugin - Waiting for the debugger to settle...
[2016-02-01 14:50:25:039] DebugLaunchPlugin - Waiting for the debugger to settle...
[2016-02-01 14:50:25:051] DebugLaunchPlugin - Waiting for the debugger to settle...
[2016-02-01 14:50:25:062] DebugLaunchPlugin - Waiting for the debugger to settle...
[2016-02-01 14:50:25:072] DebugLaunchPlugin - Waiting for the debugger to settle...
[2016-02-01 14:50:25:083] DebugLaunchPlugin - Waiting for the debugger to settle...
[2016-02-01 14:50:25:105] DebugLaunchPlugin - Waiting for the debugger to settle...
[2016-02-01 14:50:25:115] DebugLaunchPlugin - Waiting for the debugger to settle...
[2016-02-01 14:50:25:127] DebugLaunchPlugin - Waiting for the debugger to settle...
[2016-02-01 14:50:25:140] DebugLaunchPlugin - Waiting for the debugger to settle...
[2016-02-01 14:50:25:152] DebugLaunchPlugin - Waiting for the debugger to settle...
[2016-02-01 14:50:25:165] DebugLaunchPlugin - Waiting for the debugger to settle...
[2016-02-01 14:50:25:177] DebugLaunchPlugin - Waiting for the debugger to settle...
[2016-02-01 14:50:25:189] DebugLaunchPlugin - Waiting for the debugger to settle...
[2016-02-01 14:50:25:202] DebugLaunchPlugin - Waiting for the debugger to settle...
[2016-02-01 14:50:25:215] DebugLaunchPlugin - Waiting for the debugger to settle...
[2016-02-01 14:50:25:226] DebugLaunchPlugin - Waiting for the debugger to settle...
[2016-02-01 14:50:25:239] DebugLaunchPlugin - Waiting for the debugger to settle...
[2016-02-01 14:50:25:252] DebugLaunchPlugin - Waiting for the debugger to settle...
[2016-02-01 14:50:25:262] DebugLaunchPlugin - Waiting for the debugger to settle...
[2016-02-01 14:50:25:273] DebugLaunchPlugin - Waiting for the debugger to settle...
[2016-02-01 14:50:25:284] DebugLaunchPlugin - Waiting for the debugger to settle...
[2016-02-01 14:50:25:295] DebugLaunchPlugin - Waiting for the debugger to settle...
[2016-02-01 14:50:25:307] DebugLaunchPlugin - Waiting for the debugger to settle...
[2016-02-01 14:50:25:319] DebugLaunchPlugin - Waiting for the debugger to settle...
[2016-02-01 14:50:25:332] DebugLaunchPlugin - Waiting for the debugger to settle...
[2016-02-01 14:50:25:344] DebugLaunchPlugin - Waiting for the debugger to settle...
[2016-02-01 14:50:25:355] DebugLaunchPlugin - Waiting for the debugger to settle...
[2016-02-01 14:50:25:366] DebugLaunchPlugin - Waiting for the debugger to settle...
[2016-02-01 14:50:25:377] DebugLaunchPlugin - Waiting for the debugger to settle...
[2016-02-01 14:50:25:389] DebugLaunchPlugin - Waiting for the debugger to settle...
[2016-02-01 14:50:25:401] DebugLaunchPlugin - Waiting for the debugger to settle...
[2016-02-01 14:50:25:412] DebugLaunchPlugin - Waiting for the debugger to settle...
[2016-02-01 14:50:25:423] DebugLaunchPlugin - Waiting for the debugger to settle...
[2016-02-01 14:50:25:436] DebugLaunchPlugin - Debugger has settled. Resuming inferior.
[2016-02-01 14:52:01:651] JdwpDebugServer - Command: ap(1 10) id = 1881 length = 4
[2016-02-01 14:52:01:651] JdwpDebugServer - java.io.IOException: eof
	at com.robovm.debug.server.b.b.b.q(Unknown.java:161)
	at com.robovm.debug.server.b.b.b.e(Unknown.java:70)
	at com.robovm.debug.server.b.p.a(Unknown.java:7303)
	at com.robovm.debug.server.b.q.run(Unknown.java:207)
[2016-02-01 14:52:01:651] DebugLaunchPlugin - Shutting down JDWP server
[2016-02-01 14:52:01:652] SocketTransport - Listening for transport dt_socket at address: 57262
[2016-02-01 14:52:02:053] DebugChannel - Shutting down debug channel thread
[2016-02-01 14:52:02:054] SoftJdwpEventProcessor - processing vm death event
[2016-02-01 14:52:02:054] SoftDebugger - Shutting down event loop thread
