[2016-02-02 12:24:21:413] ExecutableMemoryAccess - Reading executable bytes took: 0.165972
[2016-02-02 12:24:21:437] ExecutableMemoryAccess - Dumped section __TEXT,__text, took: 0.010256
[2016-02-02 12:24:21:438] ExecutableMemoryAccess - Dumped section __TEXT,__const, took: 0.001283
[2016-02-02 12:24:21:439] ExecutableMemoryAccess - Dumped section __DATA,__const, took: 5.26E-4
[2016-02-02 12:24:21:440] ExecutableMemoryAccess - Dumped section __DATA,__data, took: 6.03E-4
[2016-02-02 12:24:21:440] ExecutableMemoryAccess - Parsing sections took: 0.193647
[2016-02-02 12:24:23:154] ExecutableSymbolLookup - Reading nm output took: 1.907519
[2016-02-02 12:24:23:705] ExecutableSymbolLookup - Parsing nm output took: 0.549891
[2016-02-02 12:24:23:705] ExecutableSymbolLookup - Parsing symbols took: 2.458497
[2016-02-02 12:24:25:787] DebugLaunchPlugin - Got port address in 2.068089secs
[2016-02-02 12:24:25:789] SoftDebugger - Established connection to app on port 63433
[2016-02-02 12:24:25:789] ClassInfoParser - Reading boot classes info
[2016-02-02 12:24:25:789] DebugChannel - Starting debug channel thread
[2016-02-02 12:24:25:791] ClassInfoParser - Took 0.001694
[2016-02-02 12:24:25:791] ClassInfoParser - Reading classes info
[2016-02-02 12:24:25:792] ClassInfoParser - Took 0.001234
[2016-02-02 12:24:26:392] DebugChannel - Event: Thread attached, java obj: 0x116018f30, thread: 0x116017ee0
[2016-02-02 12:24:26:433] SoftDebugger - Loading class infos took: 0.643822secs
[2016-02-02 12:24:26:435] SoftDebugger - Loading class infos and adjusting addresses took: 0.64608secs
[2016-02-02 12:24:26:436] DebugLaunchPlugin - Waiting for JDWP client to connect
[2016-02-02 12:24:26:437] SocketTransport - Listening for transport dt_socket at address: 63424
[2016-02-02 12:24:26:440] SoftDebugger - Thread main attached
[2016-02-02 12:24:26:601] DebugChannel - Event: Thread stopped, reason: Exception, java obj: 0x116018f30, thread: 0x116017ee0, frames: 15
[2016-02-02 12:24:26:607] SoftDebugger - Reconstructing frames took: 0.005781secs
[2016-02-02 12:24:26:608] DebugChannel - Event: Thread resumed, java obj: 0x116018f30, thread: 0x116017ee0
[2016-02-02 12:24:26:738] JdwpDebugServer - Command: aq(1 7) id = 4391 length = 0
[2016-02-02 12:24:26:738] JdwpDebugServer - Command: m(15 1) id = 4392 length = 6
[2016-02-02 12:24:26:738] JdwpDebugServer - Command: m(15 1) id = 4390 length = 6
[2016-02-02 12:24:26:739] JdwpDebugServer - Command: m(15 1) id = 4393 length = 6
[2016-02-02 12:24:26:739] JdwpDebugServer - Command: au(1 1) id = 4394 length = 0
[2016-02-02 12:24:26:740] JdwpDebugServer - Command: ah(1 4) id = 4395 length = 0
[2016-02-02 12:24:26:740] DebugLaunchPlugin - Waiting for the debugger to settle...
[2016-02-02 12:24:26:740] JdwpDebugServer - Command: ad(11 5) id = 4396 length = 8
[2016-02-02 12:24:26:742] JdwpDebugServer - Command: S(12 1) id = 4397 length = 8
[2016-02-02 12:24:26:743] JdwpDebugServer - Command: T(12 2) id = 4398 length = 8
[2016-02-02 12:24:26:744] JdwpDebugServer - Command: y(9 1) id = 4399 length = 8
[2016-02-02 12:24:26:744] JdwpDebugServer - Command: D(2 14) id = 4400 length = 8
[2016-02-02 12:24:26:745] JdwpDebugServer - Command: F(2 10) id = 4401 length = 8
[2016-02-02 12:24:26:745] JdwpDebugServer - Command: D(2 14) id = 4402 length = 8
[2016-02-02 12:24:26:745] JdwpDebugServer - Command: F(2 10) id = 4403 length = 8
[2016-02-02 12:24:26:745] JdwpDebugServer - Command: j(3 1) id = 4404 length = 8
[2016-02-02 12:24:26:746] JdwpDebugServer - Command: D(2 14) id = 4405 length = 8
[2016-02-02 12:24:26:746] JdwpDebugServer - Command: F(2 10) id = 4406 length = 8
[2016-02-02 12:24:26:746] JdwpDebugServer - Command: j(3 1) id = 4407 length = 8
[2016-02-02 12:24:26:747] JdwpDebugServer - Command: u(9 2) id = 4408 length = 20
[2016-02-02 12:24:26:747] JdwpDebugServer - Command: aa(11 4) id = 4409 length = 8
[2016-02-02 12:24:26:748] JdwpDebugServer - Command: aa(11 4) id = 4410 length = 8
[2016-02-02 12:24:26:749] JdwpDebugServer - Command: m(15 1) id = 4411 length = 40
[2016-02-02 12:24:26:749] SoftJdwpEventProcessor - Set up class load event with filter: com.mob.demo.MyViewController
[2016-02-02 12:24:26:750] JdwpDebugServer - Command: m(15 1) id = 4412 length = 42
[2016-02-02 12:24:26:750] SoftJdwpEventProcessor - Set up class load event with filter: com.mob.demo.MyViewController$*
[2016-02-02 12:24:26:752] JdwpDebugServer - Command: al(1 2) id = 4413 length = 35
[2016-02-02 12:24:26:752] DebugLaunchPlugin - Waiting for the debugger to settle...
[2016-02-02 12:24:26:752] JdwpDebugServer - Command: aj(1 17) id = 4414 length = 0
[2016-02-02 12:24:26:753] JdwpDebugServer - Command: m(15 1) id = 4415 length = 26
[2016-02-02 12:24:26:753] SoftJdwpEventProcessor - Set up class load event with filter: java.lang.Error
[2016-02-02 12:24:26:754] JdwpDebugServer - Command: m(15 1) id = 4416 length = 28
[2016-02-02 12:24:26:754] SoftJdwpEventProcessor - Set up class load event with filter: java.lang.Error$*
[2016-02-02 12:24:26:754] JdwpDebugServer - Command: al(1 2) id = 4417 length = 21
[2016-02-02 12:24:26:755] JdwpDebugServer - Command: m(15 1) id = 4418 length = 17
[2016-02-02 12:24:26:756] JdwpDebugServer - Command: J(2 1) id = 4419 length = 8
[2016-02-02 12:24:26:757] JdwpDebugServer - Command: m(15 1) id = 4420 length = 30
[2016-02-02 12:24:26:757] SoftJdwpEventProcessor - Set up class load event with filter: java.lang.Throwable
[2016-02-02 12:24:26:757] JdwpDebugServer - Command: m(15 1) id = 4421 length = 32
[2016-02-02 12:24:26:757] SoftJdwpEventProcessor - Set up class load event with filter: java.lang.Throwable$*
[2016-02-02 12:24:26:758] JdwpDebugServer - Command: al(1 2) id = 4422 length = 25
[2016-02-02 12:24:26:758] JdwpDebugServer - Command: m(15 1) id = 4423 length = 17
[2016-02-02 12:24:26:759] JdwpDebugServer - Command: J(2 1) id = 4424 length = 8
[2016-02-02 12:24:26:764] DebugLaunchPlugin - Waiting for the debugger to settle...
[2016-02-02 12:24:26:774] DebugLaunchPlugin - Waiting for the debugger to settle...
[2016-02-02 12:24:26:785] DebugLaunchPlugin - Waiting for the debugger to settle...
[2016-02-02 12:24:26:796] DebugLaunchPlugin - Waiting for the debugger to settle...
[2016-02-02 12:24:26:808] DebugLaunchPlugin - Waiting for the debugger to settle...
[2016-02-02 12:24:26:813] DebugChannel - Event: Thread stopped, reason: Exception, java obj: 0x116018f30, thread: 0x116017ee0, frames: 10
[2016-02-02 12:24:26:813] SoftDebugger - Reconstructing frames took: 5.4E-5secs
[2016-02-02 12:24:26:814] DebugChannel - Event: Thread resumed, java obj: 0x116018f30, thread: 0x116017ee0
[2016-02-02 12:24:26:821] DebugLaunchPlugin - Waiting for the debugger to settle...
[2016-02-02 12:24:26:831] DebugLaunchPlugin - Waiting for the debugger to settle...
[2016-02-02 12:24:26:841] DebugLaunchPlugin - Waiting for the debugger to settle...
[2016-02-02 12:24:26:852] DebugLaunchPlugin - Waiting for the debugger to settle...
[2016-02-02 12:24:26:863] DebugLaunchPlugin - Waiting for the debugger to settle...
[2016-02-02 12:24:26:876] DebugLaunchPlugin - Waiting for the debugger to settle...
[2016-02-02 12:24:26:881] DebugChannel - Event: Thread attached, java obj: 0x116018ea0, thread: 0x116017e00
[2016-02-02 12:24:26:882] DebugChannel - Event: Thread attached, java obj: 0x116018d80, thread: 0x116017d20
[2016-02-02 12:24:26:883] DebugChannel - Event: Thread attached, java obj: 0x116018c60, thread: 0x116017c40
[2016-02-02 12:24:26:883] SoftDebugger - Thread ReferenceQueueDaemon attached
[2016-02-02 12:24:26:884] SoftJdwpEventProcessor - processing thread start event
[2016-02-02 12:24:26:885] JdwpDebugServer - Command: w(9 9) id = 4425 length = 8
[2016-02-02 12:24:26:886] JdwpDebugServer - Command: ad(11 5) id = 4426 length = 8
[2016-02-02 12:24:26:886] DebugLaunchPlugin - Waiting for the debugger to settle...
[2016-02-02 12:24:26:886] JdwpDebugServer - Command: y(9 1) id = 4427 length = 8
[2016-02-02 12:24:26:887] JdwpDebugServer - Command: u(9 2) id = 4428 length = 20
[2016-02-02 12:24:26:887] SoftDebugger - Thread FinalizerDaemon attached
[2016-02-02 12:24:26:887] SoftJdwpEventProcessor - processing thread start event
[2016-02-02 12:24:26:888] JdwpDebugServer - Command: aa(11 4) id = 4429 length = 8
[2016-02-02 12:24:26:888] JdwpDebugServer - Command: w(9 9) id = 4430 length = 8
[2016-02-02 12:24:26:888] JdwpDebugServer - Command: aa(11 4) id = 4431 length = 8
[2016-02-02 12:24:26:888] JdwpDebugServer - Command: ad(11 5) id = 4432 length = 8
[2016-02-02 12:24:26:890] JdwpDebugServer - Command: y(9 1) id = 4433 length = 8
[2016-02-02 12:24:26:890] SoftDebugger - Thread FinalizerWatchdogDaemon attached
[2016-02-02 12:24:26:890] SoftJdwpEventProcessor - processing thread start event
[2016-02-02 12:24:26:890] JdwpDebugServer - Command: u(9 2) id = 4434 length = 20
[2016-02-02 12:24:26:891] JdwpDebugServer - Command: w(9 9) id = 4435 length = 8
[2016-02-02 12:24:26:891] JdwpDebugServer - Command: aa(11 4) id = 4436 length = 8
[2016-02-02 12:24:26:891] JdwpDebugServer - Command: ad(11 5) id = 4437 length = 8
[2016-02-02 12:24:26:892] JdwpDebugServer - Command: aa(11 4) id = 4438 length = 8
[2016-02-02 12:24:26:892] JdwpDebugServer - Command: y(9 1) id = 4439 length = 8
[2016-02-02 12:24:26:893] JdwpDebugServer - Command: u(9 2) id = 4440 length = 20
[2016-02-02 12:24:26:893] JdwpDebugServer - Command: aa(11 4) id = 4441 length = 8
[2016-02-02 12:24:26:894] JdwpDebugServer - Command: aa(11 4) id = 4442 length = 8
[2016-02-02 12:24:26:896] DebugLaunchPlugin - Waiting for the debugger to settle...
[2016-02-02 12:24:26:908] DebugLaunchPlugin - Waiting for the debugger to settle...
[2016-02-02 12:24:26:909] DebugChannel - Event: Thread stopped, reason: Exception, java obj: 0x116018f30, thread: 0x116017ee0, frames: 9
[2016-02-02 12:24:26:914] SoftDebugger - Reconstructing frames took: 0.004074secs
[2016-02-02 12:24:26:914] DebugChannel - Event: Thread resumed, java obj: 0x116018f30, thread: 0x116017ee0
[2016-02-02 12:24:26:915] DebugChannel - Event: Thread stopped, reason: Exception, java obj: 0x116018f30, thread: 0x116017ee0, frames: 9
[2016-02-02 12:24:26:915] SoftDebugger - Reconstructing frames took: 4.7E-5secs
[2016-02-02 12:24:26:915] DebugChannel - Event: Thread resumed, java obj: 0x116018f30, thread: 0x116017ee0
[2016-02-02 12:24:26:916] DebugChannel - Event: Thread stopped, reason: Exception, java obj: 0x116018f30, thread: 0x116017ee0, frames: 9
[2016-02-02 12:24:26:916] SoftDebugger - Reconstructing frames took: 3.9E-5secs
[2016-02-02 12:24:26:916] DebugChannel - Event: Thread resumed, java obj: 0x116018f30, thread: 0x116017ee0
[2016-02-02 12:24:26:917] DebugChannel - Event: Thread stopped, reason: Exception, java obj: 0x116018f30, thread: 0x116017ee0, frames: 9
[2016-02-02 12:24:26:917] SoftDebugger - Reconstructing frames took: 3.3E-5secs
[2016-02-02 12:24:26:917] DebugChannel - Event: Thread resumed, java obj: 0x116018f30, thread: 0x116017ee0
[2016-02-02 12:24:26:918] DebugChannel - Event: Thread stopped, reason: Exception, java obj: 0x116018f30, thread: 0x116017ee0, frames: 9
[2016-02-02 12:24:26:918] SoftDebugger - Reconstructing frames took: 4.8E-5secs
[2016-02-02 12:24:26:918] DebugChannel - Event: Thread resumed, java obj: 0x116018f30, thread: 0x116017ee0
[2016-02-02 12:24:26:919] DebugChannel - Event: Thread stopped, reason: Exception, java obj: 0x116018f30, thread: 0x116017ee0, frames: 9
[2016-02-02 12:24:26:919] SoftDebugger - Reconstructing frames took: 3.8E-5secs
[2016-02-02 12:24:26:920] DebugLaunchPlugin - Waiting for the debugger to settle...
[2016-02-02 12:24:26:920] DebugChannel - Event: Thread resumed, java obj: 0x116018f30, thread: 0x116017ee0
[2016-02-02 12:24:26:920] DebugChannel - Event: Thread stopped, reason: Exception, java obj: 0x116018f30, thread: 0x116017ee0, frames: 9
[2016-02-02 12:24:26:920] SoftDebugger - Reconstructing frames took: 3.6E-5secs
[2016-02-02 12:24:26:921] DebugChannel - Event: Thread resumed, java obj: 0x116018f30, thread: 0x116017ee0
[2016-02-02 12:24:26:921] DebugChannel - Event: Thread stopped, reason: Exception, java obj: 0x116018f30, thread: 0x116017ee0, frames: 9
[2016-02-02 12:24:26:921] SoftDebugger - Reconstructing frames took: 2.1E-5secs
[2016-02-02 12:24:26:922] DebugChannel - Event: Thread resumed, java obj: 0x116018f30, thread: 0x116017ee0
[2016-02-02 12:24:26:930] DebugLaunchPlugin - Waiting for the debugger to settle...
[2016-02-02 12:24:26:938] DebugChannel - Event: Thread stopped, reason: Exception, java obj: 0x116018f30, thread: 0x116017ee0, frames: 9
[2016-02-02 12:24:26:938] SoftDebugger - Reconstructing frames took: 4.2E-5secs
[2016-02-02 12:24:26:939] DebugChannel - Event: Thread resumed, java obj: 0x116018f30, thread: 0x116017ee0
[2016-02-02 12:24:26:939] DebugChannel - Event: Thread stopped, reason: Exception, java obj: 0x116018f30, thread: 0x116017ee0, frames: 9
[2016-02-02 12:24:26:939] SoftDebugger - Reconstructing frames took: 2.2E-5secs
[2016-02-02 12:24:26:940] DebugChannel - Event: Thread resumed, java obj: 0x116018f30, thread: 0x116017ee0
[2016-02-02 12:24:26:940] DebugLaunchPlugin - Waiting for the debugger to settle...
[2016-02-02 12:24:26:953] DebugLaunchPlugin - Waiting for the debugger to settle...
[2016-02-02 12:24:26:966] DebugLaunchPlugin - Waiting for the debugger to settle...
[2016-02-02 12:24:26:976] DebugLaunchPlugin - Waiting for the debugger to settle...
[2016-02-02 12:24:26:987] DebugLaunchPlugin - Waiting for the debugger to settle...
[2016-02-02 12:24:27:000] DebugLaunchPlugin - Waiting for the debugger to settle...
[2016-02-02 12:24:27:006] DebugChannel - Event: Thread stopped, reason: Exception, java obj: 0x116018f30, thread: 0x116017ee0, frames: 9
[2016-02-02 12:24:27:006] SoftDebugger - Reconstructing frames took: 4.5E-5secs
[2016-02-02 12:24:27:006] DebugChannel - Event: Thread resumed, java obj: 0x116018f30, thread: 0x116017ee0
[2016-02-02 12:24:27:011] DebugLaunchPlugin - Waiting for the debugger to settle...
[2016-02-02 12:24:27:023] DebugLaunchPlugin - Waiting for the debugger to settle...
[2016-02-02 12:24:27:033] DebugLaunchPlugin - Waiting for the debugger to settle...
[2016-02-02 12:24:27:044] DebugLaunchPlugin - Waiting for the debugger to settle...
[2016-02-02 12:24:27:054] DebugLaunchPlugin - Waiting for the debugger to settle...
[2016-02-02 12:24:27:063] SoftJdwpEventProcessor - Reporting class prepare event EventRequest [id=3, eventKind=CLASS_PREPARE, suspendPolicy=EVENT_THREAD, constraints=[ClassMatchConstraint [classPattern=com.mob.demo.MyViewController]]] to JDWP client for class com/mob/demo/MyViewController
[2016-02-02 12:24:27:063] JdwpDebugServer - Command: H(2 15) id = 4443 length = 8
[2016-02-02 12:24:27:063] SoftVmInterface - Reporting method: com/mob/demo/MyViewController.<init>
[2016-02-02 12:24:27:063] SoftVmInterface - Reporting method: com/mob/demo/MyViewController.excute
[2016-02-02 12:24:27:064] SoftVmInterface - Reporting method: com/mob/demo/MyViewController.initUI
[2016-02-02 12:24:27:064] SoftVmInterface - Reporting method: com/mob/demo/MyViewController.$cb$init
[2016-02-02 12:24:27:064] SoftVmInterface - Reporting method: com/mob/demo/MyViewController.$setHandle
[2016-02-02 12:24:27:064] SoftVmInterface - Reporting method: com/mob/demo/MyViewController.$cb$initWithNibName$bundle$
[2016-02-02 12:24:27:064] SoftVmInterface - Reporting method: com/mob/demo/MyViewController.$m$super$initWithNibName$bundle$
[2016-02-02 12:24:27:064] SoftVmInterface - Reporting method: com/mob/demo/MyViewController.$getSuper
[2016-02-02 12:24:27:064] SoftVmInterface - Reporting method: com/mob/demo/MyViewController.$initObject
[2016-02-02 12:24:27:064] SoftVmInterface - Reporting method: com/mob/demo/MyViewController.$cb$initWithCoder$
[2016-02-02 12:24:27:064] SoftVmInterface - Reporting method: com/mob/demo/MyViewController.$m$super$initWithCoder$
[2016-02-02 12:24:27:064] SoftVmInterface - Reporting method: com/mob/demo/MyViewController.<clinit>
[2016-02-02 12:24:27:064] DebugLaunchPlugin - Waiting for the debugger to settle...
[2016-02-02 12:24:27:064] JdwpDebugServer - Command: o(6 1) id = 4444 length = 16
[2016-02-02 12:24:27:065] SoftVmInterface - Reporting line numbers for method com/mob/demo/MyViewController.<init>: [36, 38, 39, 41]
[2016-02-02 12:24:27:065] JdwpDebugServer - Command: o(6 1) id = 4445 length = 16
[2016-02-02 12:24:27:065] SoftVmInterface - Reporting line numbers for method com/mob/demo/MyViewController.excute: [46, 54, 57, 64, 67, 124, 127, 180, 183, 191, 193]
[2016-02-02 12:24:27:065] JdwpDebugServer - Command: o(6 1) id = 4446 length = 16
[2016-02-02 12:24:27:065] SoftVmInterface - Reporting line numbers for method com/mob/demo/MyViewController.initUI: [197, 198, 200, 201, 202, 203, 205, 206, 207, 208, 210, 211, 212, 213, 215, 216, 217, 218, 220, 221, 222, 223, 225]
[2016-02-02 12:24:27:066] JdwpDebugServer - Command: o(6 1) id = 4447 length = 16
[2016-02-02 12:24:27:066] SoftVmInterface - Reporting line numbers for method com/mob/demo/MyViewController.$cb$init: [1048579]
[2016-02-02 12:24:27:066] JdwpDebugServer - Command: o(6 1) id = 4448 length = 16
[2016-02-02 12:24:27:066] SoftVmInterface - Reporting line numbers for method com/mob/demo/MyViewController.$setHandle: [1048580]
[2016-02-02 12:24:27:066] JdwpDebugServer - Command: o(6 1) id = 4449 length = 16
[2016-02-02 12:24:27:066] SoftVmInterface - Reporting line numbers for method com/mob/demo/MyViewController.$cb$initWithNibName$bundle$: [1048581]
[2016-02-02 12:24:27:067] JdwpDebugServer - Command: o(6 1) id = 4450 length = 16
[2016-02-02 12:24:27:067] SoftVmInterface - Reporting line numbers for method com/mob/demo/MyViewController.$getSuper: [1048583]
[2016-02-02 12:24:27:067] JdwpDebugServer - Command: o(6 1) id = 4451 length = 16
[2016-02-02 12:24:27:067] SoftVmInterface - Reporting line numbers for method com/mob/demo/MyViewController.$initObject: [1048584]
[2016-02-02 12:24:27:067] JdwpDebugServer - Command: o(6 1) id = 4452 length = 16
[2016-02-02 12:24:27:067] SoftVmInterface - Reporting line numbers for method com/mob/demo/MyViewController.$cb$initWithCoder$: [1048585]
[2016-02-02 12:24:27:067] JdwpDebugServer - Command: o(6 1) id = 4453 length = 16
[2016-02-02 12:24:27:067] SoftVmInterface - Reporting line numbers for method com/mob/demo/MyViewController.<clinit>: [1048587]
[2016-02-02 12:24:27:068] JdwpDebugServer - Command: Z(11 3) id = 4454 length = 8
[2016-02-02 12:24:27:068] DebugChannel - Event: Thread resumed, java obj: 0x116018f30, thread: 0x116017ee0
[2016-02-02 12:24:27:075] DebugLaunchPlugin - Waiting for the debugger to settle...
[2016-02-02 12:24:27:085] DebugLaunchPlugin - Waiting for the debugger to settle...
[2016-02-02 12:24:27:098] DebugLaunchPlugin - Waiting for the debugger to settle...
[2016-02-02 12:24:27:108] DebugLaunchPlugin - Waiting for the debugger to settle...
[2016-02-02 12:24:27:121] DebugLaunchPlugin - Waiting for the debugger to settle...
[2016-02-02 12:24:27:131] DebugLaunchPlugin - Waiting for the debugger to settle...
[2016-02-02 12:24:27:142] DebugLaunchPlugin - Waiting for the debugger to settle...
[2016-02-02 12:24:27:152] DebugLaunchPlugin - Waiting for the debugger to settle...
[2016-02-02 12:24:27:164] DebugLaunchPlugin - Waiting for the debugger to settle...
[2016-02-02 12:24:27:177] DebugLaunchPlugin - Waiting for the debugger to settle...
[2016-02-02 12:24:27:188] DebugLaunchPlugin - Waiting for the debugger to settle...
[2016-02-02 12:24:27:200] DebugLaunchPlugin - Waiting for the debugger to settle...
[2016-02-02 12:24:27:213] DebugLaunchPlugin - Waiting for the debugger to settle...
[2016-02-02 12:24:27:225] DebugLaunchPlugin - Waiting for the debugger to settle...
[2016-02-02 12:24:27:236] DebugLaunchPlugin - Waiting for the debugger to settle...
[2016-02-02 12:24:27:249] DebugLaunchPlugin - Waiting for the debugger to settle...
[2016-02-02 12:24:27:259] DebugLaunchPlugin - Waiting for the debugger to settle...
[2016-02-02 12:24:27:270] DebugLaunchPlugin - Waiting for the debugger to settle...
[2016-02-02 12:24:27:270] DebugChannel - Event: Thread stopped, reason: Exception, java obj: 0x116018f30, thread: 0x116017ee0, frames: 15
[2016-02-02 12:24:27:272] SoftDebugger - Reconstructing frames took: 0.002421secs
[2016-02-02 12:24:27:273] DebugChannel - Event: Thread resumed, java obj: 0x116018f30, thread: 0x116017ee0
[2016-02-02 12:24:27:281] DebugLaunchPlugin - Waiting for the debugger to settle...
[2016-02-02 12:24:27:291] DebugChannel - Event: Thread stopped, reason: Exception, java obj: 0x116018f30, thread: 0x116017ee0, frames: 10
[2016-02-02 12:24:27:291] SoftDebugger - Reconstructing frames took: 4.4E-5secs
[2016-02-02 12:24:27:291] DebugLaunchPlugin - Waiting for the debugger to settle...
[2016-02-02 12:24:27:292] DebugChannel - Event: Thread resumed, java obj: 0x116018f30, thread: 0x116017ee0
[2016-02-02 12:24:27:304] DebugLaunchPlugin - Waiting for the debugger to settle...
[2016-02-02 12:24:27:317] DebugLaunchPlugin - Waiting for the debugger to settle...
[2016-02-02 12:24:27:329] DebugLaunchPlugin - Waiting for the debugger to settle...
[2016-02-02 12:24:27:341] DebugLaunchPlugin - Waiting for the debugger to settle...
[2016-02-02 12:24:27:351] DebugLaunchPlugin - Waiting for the debugger to settle...
[2016-02-02 12:24:27:362] DebugLaunchPlugin - Waiting for the debugger to settle...
[2016-02-02 12:24:27:372] DebugLaunchPlugin - Waiting for the debugger to settle...
[2016-02-02 12:24:27:385] DebugLaunchPlugin - Waiting for the debugger to settle...
[2016-02-02 12:24:27:397] DebugLaunchPlugin - Waiting for the debugger to settle...
[2016-02-02 12:24:27:409] DebugLaunchPlugin - Waiting for the debugger to settle...
[2016-02-02 12:24:27:420] DebugLaunchPlugin - Waiting for the debugger to settle...
[2016-02-02 12:24:27:431] DebugLaunchPlugin - Waiting for the debugger to settle...
[2016-02-02 12:24:27:441] DebugLaunchPlugin - Waiting for the debugger to settle...
[2016-02-02 12:24:27:452] DebugLaunchPlugin - Waiting for the debugger to settle...
[2016-02-02 12:24:27:463] DebugLaunchPlugin - Waiting for the debugger to settle...
[2016-02-02 12:24:27:475] DebugLaunchPlugin - Waiting for the debugger to settle...
[2016-02-02 12:24:27:485] DebugLaunchPlugin - Waiting for the debugger to settle...
[2016-02-02 12:24:27:495] DebugLaunchPlugin - Waiting for the debugger to settle...
[2016-02-02 12:24:27:506] DebugLaunchPlugin - Waiting for the debugger to settle...
[2016-02-02 12:24:27:517] DebugLaunchPlugin - Waiting for the debugger to settle...
[2016-02-02 12:24:27:529] DebugLaunchPlugin - Waiting for the debugger to settle...
[2016-02-02 12:24:27:542] DebugLaunchPlugin - Waiting for the debugger to settle...
[2016-02-02 12:24:27:555] DebugLaunchPlugin - Waiting for the debugger to settle...
[2016-02-02 12:24:27:566] DebugLaunchPlugin - Waiting for the debugger to settle...
[2016-02-02 12:24:27:578] DebugLaunchPlugin - Waiting for the debugger to settle...
[2016-02-02 12:24:27:589] DebugLaunchPlugin - Waiting for the debugger to settle...
[2016-02-02 12:24:27:601] DebugLaunchPlugin - Waiting for the debugger to settle...
[2016-02-02 12:24:27:612] DebugLaunchPlugin - Waiting for the debugger to settle...
[2016-02-02 12:24:27:622] DebugLaunchPlugin - Waiting for the debugger to settle...
[2016-02-02 12:24:27:632] DebugLaunchPlugin - Waiting for the debugger to settle...
[2016-02-02 12:24:27:643] DebugLaunchPlugin - Waiting for the debugger to settle...
[2016-02-02 12:24:27:653] DebugLaunchPlugin - Waiting for the debugger to settle...
[2016-02-02 12:24:27:664] DebugLaunchPlugin - Waiting for the debugger to settle...
[2016-02-02 12:24:27:675] DebugLaunchPlugin - Waiting for the debugger to settle...
[2016-02-02 12:24:27:686] DebugLaunchPlugin - Waiting for the debugger to settle...
[2016-02-02 12:24:27:696] DebugLaunchPlugin - Waiting for the debugger to settle...
[2016-02-02 12:24:27:706] DebugLaunchPlugin - Waiting for the debugger to settle...
[2016-02-02 12:24:27:709] SoftJdwpEventProcessor - Reporting class prepare event EventRequest [id=4, eventKind=CLASS_PREPARE, suspendPolicy=EVENT_THREAD, constraints=[ClassMatchConstraint [classPattern=com.mob.demo.MyViewController$*]]] to JDWP client for class com/mob/demo/MyViewController$1
[2016-02-02 12:24:27:709] JdwpDebugServer - Command: H(2 15) id = 4455 length = 8
[2016-02-02 12:24:27:709] SoftVmInterface - Reporting method: com/mob/demo/MyViewController$1.<init>
[2016-02-02 12:24:27:709] SoftVmInterface - Reporting method: com/mob/demo/MyViewController$1.onTouchUpInside
[2016-02-02 12:24:27:710] JdwpDebugServer - Command: o(6 1) id = 4456 length = 16
[2016-02-02 12:24:27:710] SoftVmInterface - Reporting line numbers for method com/mob/demo/MyViewController$1.<init>: [1, 46]
[2016-02-02 12:24:27:711] JdwpDebugServer - Command: o(6 1) id = 4457 length = 16
[2016-02-02 12:24:27:711] SoftVmInterface - Reporting line numbers for method com/mob/demo/MyViewController$1.onTouchUpInside: [52]
[2016-02-02 12:24:27:711] JdwpDebugServer - Command: Z(11 3) id = 4458 length = 8
[2016-02-02 12:24:27:711] DebugChannel - Event: Thread resumed, java obj: 0x116018f30, thread: 0x116017ee0
[2016-02-02 12:24:27:714] SoftJdwpEventProcessor - Reporting class prepare event EventRequest [id=4, eventKind=CLASS_PREPARE, suspendPolicy=EVENT_THREAD, constraints=[ClassMatchConstraint [classPattern=com.mob.demo.MyViewController$*]]] to JDWP client for class com/mob/demo/MyViewController$2
[2016-02-02 12:24:27:715] JdwpDebugServer - Command: H(2 15) id = 4459 length = 8
[2016-02-02 12:24:27:716] SoftVmInterface - Reporting method: com/mob/demo/MyViewController$2.<init>
[2016-02-02 12:24:27:716] SoftVmInterface - Reporting method: com/mob/demo/MyViewController$2.onTouchUpInside
[2016-02-02 12:24:27:716] JdwpDebugServer - Command: o(6 1) id = 4460 length = 16
[2016-02-02 12:24:27:716] SoftVmInterface - Reporting line numbers for method com/mob/demo/MyViewController$2.<init>: [1, 57]
[2016-02-02 12:24:27:717] JdwpDebugServer - Command: o(6 1) id = 4461 length = 16
[2016-02-02 12:24:27:717] SoftVmInterface - Reporting line numbers for method com/mob/demo/MyViewController$2.onTouchUpInside: [62]
[2016-02-02 12:24:27:717] DebugLaunchPlugin - Waiting for the debugger to settle...
[2016-02-02 12:24:27:717] JdwpDebugServer - Command: Z(11 3) id = 4462 length = 8
[2016-02-02 12:24:27:717] DebugChannel - Event: Thread resumed, java obj: 0x116018f30, thread: 0x116017ee0
[2016-02-02 12:24:27:718] SoftJdwpEventProcessor - Reporting class prepare event EventRequest [id=4, eventKind=CLASS_PREPARE, suspendPolicy=EVENT_THREAD, constraints=[ClassMatchConstraint [classPattern=com.mob.demo.MyViewController$*]]] to JDWP client for class com/mob/demo/MyViewController$3
[2016-02-02 12:24:27:721] JdwpDebugServer - Command: H(2 15) id = 4463 length = 8
[2016-02-02 12:24:27:721] SoftVmInterface - Reporting method: com/mob/demo/MyViewController$3.<init>
[2016-02-02 12:24:27:722] SoftVmInterface - Reporting method: com/mob/demo/MyViewController$3.onTouchUpInside
[2016-02-02 12:24:27:722] JdwpDebugServer - Command: o(6 1) id = 4464 length = 16
[2016-02-02 12:24:27:722] SoftVmInterface - Reporting line numbers for method com/mob/demo/MyViewController$3.<init>: [1, 67]
[2016-02-02 12:24:27:723] JdwpDebugServer - Command: o(6 1) id = 4465 length = 16
[2016-02-02 12:24:27:723] SoftVmInterface - Reporting line numbers for method com/mob/demo/MyViewController$3.onTouchUpInside: [71, 72, 74, 76, 78, 80, 81, 82, 84, 122]
[2016-02-02 12:24:27:724] JdwpDebugServer - Command: Z(11 3) id = 4466 length = 8
[2016-02-02 12:24:27:724] DebugChannel - Event: Thread resumed, java obj: 0x116018f30, thread: 0x116017ee0
[2016-02-02 12:24:27:725] SoftJdwpEventProcessor - Reporting class prepare event EventRequest [id=4, eventKind=CLASS_PREPARE, suspendPolicy=EVENT_THREAD, constraints=[ClassMatchConstraint [classPattern=com.mob.demo.MyViewController$*]]] to JDWP client for class com/mob/demo/MyViewController$4
[2016-02-02 12:24:27:730] DebugLaunchPlugin - Waiting for the debugger to settle...
[2016-02-02 12:24:27:730] JdwpDebugServer - Command: H(2 15) id = 4467 length = 8
[2016-02-02 12:24:27:730] SoftVmInterface - Reporting method: com/mob/demo/MyViewController$4.<init>
[2016-02-02 12:24:27:730] SoftVmInterface - Reporting method: com/mob/demo/MyViewController$4.onTouchUpInside
[2016-02-02 12:24:27:730] JdwpDebugServer - Command: o(6 1) id = 4468 length = 16
[2016-02-02 12:24:27:731] SoftVmInterface - Reporting line numbers for method com/mob/demo/MyViewController$4.<init>: [1, 127]
[2016-02-02 12:24:27:732] JdwpDebugServer - Command: o(6 1) id = 4469 length = 16
[2016-02-02 12:24:27:732] SoftVmInterface - Reporting line numbers for method com/mob/demo/MyViewController$4.onTouchUpInside: [131, 132, 134, 136, 138, 140, 141, 142, 144, 178]
[2016-02-02 12:24:27:732] JdwpDebugServer - Command: Z(11 3) id = 4470 length = 8
[2016-02-02 12:24:27:733] DebugChannel - Event: Thread resumed, java obj: 0x116018f30, thread: 0x116017ee0
[2016-02-02 12:24:27:734] SoftJdwpEventProcessor - Reporting class prepare event EventRequest [id=4, eventKind=CLASS_PREPARE, suspendPolicy=EVENT_THREAD, constraints=[ClassMatchConstraint [classPattern=com.mob.demo.MyViewController$*]]] to JDWP client for class com/mob/demo/MyViewController$5
[2016-02-02 12:24:27:740] DebugLaunchPlugin - Waiting for the debugger to settle...
[2016-02-02 12:24:27:740] JdwpDebugServer - Command: H(2 15) id = 4471 length = 8
[2016-02-02 12:24:27:740] SoftVmInterface - Reporting method: com/mob/demo/MyViewController$5.<init>
[2016-02-02 12:24:27:740] SoftVmInterface - Reporting method: com/mob/demo/MyViewController$5.onTouchUpInside
[2016-02-02 12:24:27:741] JdwpDebugServer - Command: o(6 1) id = 4472 length = 16
[2016-02-02 12:24:27:742] SoftVmInterface - Reporting line numbers for method com/mob/demo/MyViewController$5.<init>: [1, 183]
[2016-02-02 12:24:27:743] JdwpDebugServer - Command: o(6 1) id = 4473 length = 16
[2016-02-02 12:24:27:743] SoftVmInterface - Reporting line numbers for method com/mob/demo/MyViewController$5.onTouchUpInside: [189]
[2016-02-02 12:24:27:744] JdwpDebugServer - Command: Z(11 3) id = 4474 length = 8
[2016-02-02 12:24:27:746] DebugChannel - Event: Thread resumed, java obj: 0x116018f30, thread: 0x116017ee0
[2016-02-02 12:24:27:759] DebugLaunchPlugin - Waiting for the debugger to settle...
[2016-02-02 12:24:27:769] DebugLaunchPlugin - Waiting for the debugger to settle...
[2016-02-02 12:24:27:782] DebugLaunchPlugin - Waiting for the debugger to settle...
[2016-02-02 12:24:27:796] DebugLaunchPlugin - Waiting for the debugger to settle...
[2016-02-02 12:24:27:807] DebugLaunchPlugin - Waiting for the debugger to settle...
[2016-02-02 12:24:27:818] DebugLaunchPlugin - Waiting for the debugger to settle...
[2016-02-02 12:24:27:829] DebugLaunchPlugin - Waiting for the debugger to settle...
[2016-02-02 12:24:27:843] DebugLaunchPlugin - Waiting for the debugger to settle...
[2016-02-02 12:24:27:854] DebugLaunchPlugin - Waiting for the debugger to settle...
[2016-02-02 12:24:27:865] DebugLaunchPlugin - Waiting for the debugger to settle...
[2016-02-02 12:24:27:875] DebugLaunchPlugin - Waiting for the debugger to settle...
[2016-02-02 12:24:27:886] DebugLaunchPlugin - Waiting for the debugger to settle...
[2016-02-02 12:24:27:896] DebugLaunchPlugin - Waiting for the debugger to settle...
[2016-02-02 12:24:27:906] DebugLaunchPlugin - Waiting for the debugger to settle...
[2016-02-02 12:24:27:917] DebugLaunchPlugin - Waiting for the debugger to settle...
[2016-02-02 12:24:27:928] DebugLaunchPlugin - Waiting for the debugger to settle...
[2016-02-02 12:24:27:938] DebugLaunchPlugin - Waiting for the debugger to settle...
[2016-02-02 12:24:27:949] DebugLaunchPlugin - Waiting for the debugger to settle...
[2016-02-02 12:24:27:960] DebugLaunchPlugin - Waiting for the debugger to settle...
[2016-02-02 12:24:27:965] DebugChannel - Event: Thread stopped, reason: Exception, java obj: 0x116018f30, thread: 0x116017ee0, frames: 9
[2016-02-02 12:24:27:966] SoftDebugger - Reconstructing frames took: 8.56E-4secs
[2016-02-02 12:24:27:967] DebugChannel - Event: Thread resumed, java obj: 0x116018f30, thread: 0x116017ee0
[2016-02-02 12:24:27:967] DebugChannel - Event: Thread stopped, reason: Exception, java obj: 0x116018f30, thread: 0x116017ee0, frames: 8
[2016-02-02 12:24:27:967] SoftDebugger - Reconstructing frames took: 1.9E-5secs
[2016-02-02 12:24:27:968] DebugChannel - Event: Thread resumed, java obj: 0x116018f30, thread: 0x116017ee0
[2016-02-02 12:24:27:968] DebugChannel - Event: Thread stopped, reason: Exception, java obj: 0x116018f30, thread: 0x116017ee0, frames: 8
[2016-02-02 12:24:27:968] SoftDebugger - Reconstructing frames took: 1.6E-5secs
[2016-02-02 12:24:27:968] DebugChannel - Event: Thread resumed, java obj: 0x116018f30, thread: 0x116017ee0
[2016-02-02 12:24:27:968] DebugChannel - Event: Thread stopped, reason: Exception, java obj: 0x116018f30, thread: 0x116017ee0, frames: 3
[2016-02-02 12:24:27:968] SoftDebugger - Reconstructing frames took: 1.0E-5secs
[2016-02-02 12:24:27:969] DebugChannel - Event: Thread resumed, java obj: 0x116018f30, thread: 0x116017ee0
[2016-02-02 12:24:27:969] DebugChannel - Event: Thread stopped, reason: Exception, java obj: 0x116018f30, thread: 0x116017ee0, frames: 3
[2016-02-02 12:24:27:969] SoftDebugger - Reconstructing frames took: 1.3E-5secs
[2016-02-02 12:24:27:969] DebugChannel - Event: Thread resumed, java obj: 0x116018f30, thread: 0x116017ee0
[2016-02-02 12:24:27:970] DebugChannel - Event: Thread stopped, reason: Exception, java obj: 0x116018f30, thread: 0x116017ee0, frames: 1
[2016-02-02 12:24:27:970] SoftDebugger - Reconstructing frames took: 7.0E-6secs
[2016-02-02 12:24:27:970] DebugChannel - Event: Thread resumed, java obj: 0x116018f30, thread: 0x116017ee0
[2016-02-02 12:24:27:970] DebugLaunchPlugin - Waiting for the debugger to settle...
[2016-02-02 12:24:27:970] SoftDebugger - Reconstructing frames took: 6.0E-6secs
[2016-02-02 12:24:27:970] DebugChannel - Event: Thread stopped, reason: Exception, java obj: 0x116018f30, thread: 0x116017ee0, frames: 1
[2016-02-02 12:24:27:971] JdwpDebugServer - Command: H(2 15) id = 4475 length = 8
[2016-02-02 12:24:27:971] SoftVmInterface - Reporting method: com/mob/demo/ShareSDKDemo.<init>
[2016-02-02 12:24:27:971] SoftVmInterface - Reporting method: com/mob/demo/ShareSDKDemo.didFinishLaunching
[2016-02-02 12:24:27:971] SoftVmInterface - Reporting method: com/mob/demo/ShareSDKDemo.main
[2016-02-02 12:24:27:971] SoftVmInterface - Reporting method: com/mob/demo/ShareSDKDemo.initShareSDK
[2016-02-02 12:24:27:972] SoftVmInterface - Reporting method: com/mob/demo/ShareSDKDemo.$cb$application$didFinishLaunchingWithOptions$
[2016-02-02 12:24:27:972] SoftVmInterface - Reporting method: com/mob/demo/ShareSDKDemo.$cb$init
[2016-02-02 12:24:27:972] SoftVmInterface - Reporting method: com/mob/demo/ShareSDKDemo.$setHandle
[2016-02-02 12:24:27:972] SoftVmInterface - Reporting method: com/mob/demo/ShareSDKDemo.$cb$initWithCoder$
[2016-02-02 12:24:27:972] SoftVmInterface - Reporting method: com/mob/demo/ShareSDKDemo.$m$super$initWithCoder$
[2016-02-02 12:24:27:972] SoftVmInterface - Reporting method: com/mob/demo/ShareSDKDemo.$getSuper
[2016-02-02 12:24:27:972] SoftVmInterface - Reporting method: com/mob/demo/ShareSDKDemo.$initObject
[2016-02-02 12:24:27:972] SoftVmInterface - Reporting method: com/mob/demo/ShareSDKDemo.<clinit>
[2016-02-02 12:24:27:972] JdwpDebugServer - Command: y(9 1) id = 4476 length = 8
[2016-02-02 12:24:27:973] JdwpDebugServer - Command: J(2 1) id = 4477 length = 8
[2016-02-02 12:24:27:973] JdwpDebugServer - Command: j(3 1) id = 4478 length = 8
[2016-02-02 12:24:27:973] JdwpDebugServer - Command: J(2 1) id = 4479 length = 8
[2016-02-02 12:24:27:973] JdwpDebugServer - Command: j(3 1) id = 4480 length = 8
[2016-02-02 12:24:27:974] JdwpDebugServer - Command: J(2 1) id = 4481 length = 8
[2016-02-02 12:24:27:974] JdwpDebugServer - Command: j(3 1) id = 4482 length = 8
[2016-02-02 12:24:27:974] JdwpDebugServer - Command: W(11 6) id = 4483 length = 16
[2016-02-02 12:24:27:975] JdwpDebugServer - Command: V(11 7) id = 4484 length = 8
[2016-02-02 12:24:27:975] JdwpDebugServer - Command: Y(11 8) id = 4485 length = 8
[2016-02-02 12:24:27:975] JdwpDebugServer - Command: U(11 9) id = 4486 length = 8
[2016-02-02 12:24:27:976] JdwpDebugServer - Command: Y(11 8) id = 4487 length = 8
[2016-02-02 12:24:27:976] JdwpDebugServer - Command: U(11 9) id = 4488 length = 8
[2016-02-02 12:24:27:981] DebugLaunchPlugin - Waiting for the debugger to settle...
[2016-02-02 12:24:27:991] DebugLaunchPlugin - Waiting for the debugger to settle...
[2016-02-02 12:24:28:004] DebugLaunchPlugin - Waiting for the debugger to settle...
[2016-02-02 12:24:28:017] DebugLaunchPlugin - Waiting for the debugger to settle...
[2016-02-02 12:24:28:030] DebugLaunchPlugin - Waiting for the debugger to settle...
[2016-02-02 12:24:28:040] DebugLaunchPlugin - Waiting for the debugger to settle...
[2016-02-02 12:24:28:051] DebugLaunchPlugin - Waiting for the debugger to settle...
[2016-02-02 12:24:28:064] DebugLaunchPlugin - Waiting for the debugger to settle...
[2016-02-02 12:24:28:075] DebugLaunchPlugin - Waiting for the debugger to settle...
[2016-02-02 12:24:28:085] DebugLaunchPlugin - Waiting for the debugger to settle...
[2016-02-02 12:24:28:096] DebugLaunchPlugin - Waiting for the debugger to settle...
[2016-02-02 12:24:28:106] DebugLaunchPlugin - Waiting for the debugger to settle...
[2016-02-02 12:24:28:117] DebugLaunchPlugin - Waiting for the debugger to settle...
[2016-02-02 12:24:28:130] DebugLaunchPlugin - Waiting for the debugger to settle...
[2016-02-02 12:24:28:142] DebugLaunchPlugin - Waiting for the debugger to settle...
[2016-02-02 12:24:28:155] DebugLaunchPlugin - Waiting for the debugger to settle...
[2016-02-02 12:24:28:167] DebugLaunchPlugin - Waiting for the debugger to settle...
[2016-02-02 12:24:28:180] DebugLaunchPlugin - Waiting for the debugger to settle...
[2016-02-02 12:24:28:191] DebugLaunchPlugin - Waiting for the debugger to settle...
[2016-02-02 12:24:28:204] DebugLaunchPlugin - Waiting for the debugger to settle...
[2016-02-02 12:24:28:214] DebugLaunchPlugin - Waiting for the debugger to settle...
[2016-02-02 12:24:28:226] DebugLaunchPlugin - Waiting for the debugger to settle...
[2016-02-02 12:24:28:239] DebugLaunchPlugin - Waiting for the debugger to settle...
[2016-02-02 12:24:28:251] DebugLaunchPlugin - Waiting for the debugger to settle...
[2016-02-02 12:24:28:256] JdwpDebugServer - Command: L(2 7) id = 4489 length = 8
[2016-02-02 12:24:28:257] JdwpDebugServer - Command: J(2 1) id = 4490 length = 8
[2016-02-02 12:24:29:043] DebugLaunchPlugin - Waiting for the debugger to settle...
[2016-02-02 12:24:29:054] DebugLaunchPlugin - Waiting for the debugger to settle...
[2016-02-02 12:24:29:065] DebugLaunchPlugin - Waiting for the debugger to settle...
[2016-02-02 12:24:29:076] DebugLaunchPlugin - Waiting for the debugger to settle...
[2016-02-02 12:24:29:088] DebugLaunchPlugin - Waiting for the debugger to settle...
[2016-02-02 12:24:29:101] DebugLaunchPlugin - Waiting for the debugger to settle...
[2016-02-02 12:24:29:112] DebugLaunchPlugin - Waiting for the debugger to settle...
[2016-02-02 12:24:29:126] DebugLaunchPlugin - Waiting for the debugger to settle...
[2016-02-02 12:24:29:139] DebugLaunchPlugin - Waiting for the debugger to settle...
[2016-02-02 12:24:29:150] DebugLaunchPlugin - Waiting for the debugger to settle...
[2016-02-02 12:24:29:161] DebugLaunchPlugin - Waiting for the debugger to settle...
[2016-02-02 12:24:29:173] DebugLaunchPlugin - Waiting for the debugger to settle...
[2016-02-02 12:24:29:186] DebugLaunchPlugin - Waiting for the debugger to settle...
[2016-02-02 12:24:29:198] DebugLaunchPlugin - Waiting for the debugger to settle...
[2016-02-02 12:24:29:207] JdwpDebugServer - Command: K(2 13) id = 4491 length = 8
[2016-02-02 12:24:29:207] JdwpDebugServer - Command: o(6 1) id = 4492 length = 16
[2016-02-02 12:24:29:208] SoftVmInterface - Reporting line numbers for method com/mob/demo/ShareSDKDemo.main: [40, 41, 42, 43]
[2016-02-02 12:24:29:208] DebugLaunchPlugin - Waiting for the debugger to settle...
[2016-02-02 12:24:29:209] JdwpDebugServer - Command: X(11 1) id = 4493 length = 8
[2016-02-02 12:24:29:211] JdwpDebugServer - Command: U(11 9) id = 4494 length = 8
[2016-02-02 12:24:29:211] JdwpDebugServer - Command: Y(11 8) id = 4495 length = 8
[2016-02-02 12:24:29:211] JdwpDebugServer - Command: X(11 1) id = 4496 length = 8
[2016-02-02 12:24:29:221] DebugLaunchPlugin - Waiting for the debugger to settle...
[2016-02-02 12:24:29:234] DebugLaunchPlugin - Waiting for the debugger to settle...
[2016-02-02 12:24:29:244] DebugLaunchPlugin - Waiting for the debugger to settle...
[2016-02-02 12:24:29:257] DebugLaunchPlugin - Waiting for the debugger to settle...
[2016-02-02 12:24:29:269] DebugLaunchPlugin - Waiting for the debugger to settle...
[2016-02-02 12:24:29:282] DebugLaunchPlugin - Waiting for the debugger to settle...
[2016-02-02 12:24:29:294] DebugLaunchPlugin - Waiting for the debugger to settle...
[2016-02-02 12:24:29:306] DebugLaunchPlugin - Waiting for the debugger to settle...
[2016-02-02 12:24:29:319] DebugLaunchPlugin - Waiting for the debugger to settle...
[2016-02-02 12:24:29:328] JdwpDebugServer - Command: D(2 14) id = 4497 length = 8
[2016-02-02 12:24:29:328] JdwpDebugServer - Command: F(2 10) id = 4498 length = 8
[2016-02-02 12:24:29:328] JdwpDebugServer - Command: j(3 1) id = 4499 length = 8
[2016-02-02 12:24:29:329] JdwpDebugServer - Command: D(2 14) id = 4500 length = 8
[2016-02-02 12:24:29:329] JdwpDebugServer - Command: F(2 10) id = 4501 length = 8
[2016-02-02 12:24:29:329] DebugLaunchPlugin - Waiting for the debugger to settle...
[2016-02-02 12:24:29:329] JdwpDebugServer - Command: D(2 14) id = 4502 length = 8
[2016-02-02 12:24:29:329] JdwpDebugServer - Command: F(2 10) id = 4503 length = 8
[2016-02-02 12:24:29:330] JdwpDebugServer - Command: D(2 14) id = 4504 length = 8
[2016-02-02 12:24:29:330] JdwpDebugServer - Command: F(2 10) id = 4505 length = 8
[2016-02-02 12:24:29:330] JdwpDebugServer - Command: D(2 14) id = 4506 length = 8
[2016-02-02 12:24:29:330] JdwpDebugServer - Command: F(2 10) id = 4507 length = 8
[2016-02-02 12:24:29:331] JdwpDebugServer - Command: j(3 1) id = 4508 length = 8
[2016-02-02 12:24:29:331] JdwpDebugServer - Command: D(2 14) id = 4509 length = 8
[2016-02-02 12:24:29:331] JdwpDebugServer - Command: F(2 10) id = 4510 length = 8
[2016-02-02 12:24:29:332] JdwpDebugServer - Command: j(3 1) id = 4511 length = 8
[2016-02-02 12:24:29:332] JdwpDebugServer - Command: D(2 14) id = 4512 length = 8
[2016-02-02 12:24:29:332] JdwpDebugServer - Command: F(2 10) id = 4513 length = 8
[2016-02-02 12:24:29:332] JdwpDebugServer - Command: j(3 1) id = 4514 length = 8
[2016-02-02 12:24:29:332] JdwpDebugServer - Command: D(2 14) id = 4515 length = 8
[2016-02-02 12:24:29:333] JdwpDebugServer - Command: F(2 10) id = 4516 length = 8
[2016-02-02 12:24:29:333] JdwpDebugServer - Command: j(3 1) id = 4517 length = 8
[2016-02-02 12:24:29:333] JdwpDebugServer - Command: j(3 1) id = 4518 length = 8
[2016-02-02 12:24:29:333] JdwpDebugServer - Command: q(6 5) id = 4519 length = 16
[2016-02-02 12:24:29:341] DebugLaunchPlugin - Waiting for the debugger to settle...
[2016-02-02 12:24:29:354] DebugLaunchPlugin - Waiting for the debugger to settle...
[2016-02-02 12:24:29:366] DebugLaunchPlugin - Waiting for the debugger to settle...
[2016-02-02 12:24:29:376] DebugLaunchPlugin - Waiting for the debugger to settle...
[2016-02-02 12:24:29:388] DebugLaunchPlugin - Waiting for the debugger to settle...
[2016-02-02 12:24:29:400] DebugLaunchPlugin - Waiting for the debugger to settle...
[2016-02-02 12:24:29:413] DebugLaunchPlugin - Waiting for the debugger to settle...
[2016-02-02 12:24:29:425] DebugLaunchPlugin - Waiting for the debugger to settle...
[2016-02-02 12:24:29:438] DebugLaunchPlugin - Waiting for the debugger to settle...
[2016-02-02 12:24:29:449] DebugLaunchPlugin - Waiting for the debugger to settle...
[2016-02-02 12:24:29:460] DebugLaunchPlugin - Waiting for the debugger to settle...
[2016-02-02 12:24:29:471] DebugLaunchPlugin - Waiting for the debugger to settle...
[2016-02-02 12:24:29:482] DebugLaunchPlugin - Waiting for the debugger to settle...
[2016-02-02 12:24:29:492] DebugLaunchPlugin - Waiting for the debugger to settle...
[2016-02-02 12:24:29:494] JdwpDebugServer - Command: V(11 7) id = 4520 length = 8
[2016-02-02 12:24:29:494] JdwpDebugServer - Command: Y(11 8) id = 4521 length = 8
[2016-02-02 12:24:29:494] JdwpDebugServer - Command: U(11 9) id = 4522 length = 8
[2016-02-02 12:24:29:496] JdwpDebugServer - Command: X(11 1) id = 4523 length = 8
[2016-02-02 12:24:29:497] JdwpDebugServer - Command: V(11 7) id = 4524 length = 8
[2016-02-02 12:24:29:498] JdwpDebugServer - Command: Y(11 8) id = 4525 length = 8
[2016-02-02 12:24:29:498] JdwpDebugServer - Command: X(11 1) id = 4526 length = 8
[2016-02-02 12:24:29:499] JdwpDebugServer - Command: U(11 9) id = 4527 length = 8
[2016-02-02 12:24:29:500] JdwpDebugServer - Command: U(11 9) id = 4528 length = 8
[2016-02-02 12:24:29:500] JdwpDebugServer - Command: X(11 1) id = 4529 length = 8
[2016-02-02 12:24:29:501] JdwpDebugServer - Command: Y(11 8) id = 4530 length = 8
[2016-02-02 12:24:29:502] JdwpDebugServer - Command: X(11 1) id = 4531 length = 8
[2016-02-02 12:24:29:503] DebugLaunchPlugin - Waiting for the debugger to settle...
[2016-02-02 12:24:29:504] JdwpDebugServer - Command: U(11 9) id = 4532 length = 8
[2016-02-02 12:24:29:504] JdwpDebugServer - Command: Y(11 8) id = 4533 length = 8
[2016-02-02 12:24:29:505] JdwpDebugServer - Command: U(11 9) id = 4534 length = 8
[2016-02-02 12:24:29:505] JdwpDebugServer - Command: Y(11 8) id = 4535 length = 8
[2016-02-02 12:24:29:514] DebugLaunchPlugin - Waiting for the debugger to settle...
[2016-02-02 12:24:29:525] DebugLaunchPlugin - Waiting for the debugger to settle...
[2016-02-02 12:24:29:538] DebugLaunchPlugin - Waiting for the debugger to settle...
[2016-02-02 12:24:29:549] DebugLaunchPlugin - Waiting for the debugger to settle...
[2016-02-02 12:24:29:562] DebugLaunchPlugin - Waiting for the debugger to settle...
[2016-02-02 12:24:29:575] DebugLaunchPlugin - Waiting for the debugger to settle...
[2016-02-02 12:24:29:586] DebugLaunchPlugin - Waiting for the debugger to settle...
[2016-02-02 12:24:29:599] DebugLaunchPlugin - Waiting for the debugger to settle...
[2016-02-02 12:24:29:611] DebugLaunchPlugin - Waiting for the debugger to settle...
[2016-02-02 12:24:29:624] DebugLaunchPlugin - Waiting for the debugger to settle...
[2016-02-02 12:24:29:637] DebugLaunchPlugin - Waiting for the debugger to settle...
[2016-02-02 12:24:29:649] DebugLaunchPlugin - Waiting for the debugger to settle...
[2016-02-02 12:24:29:659] DebugLaunchPlugin - Waiting for the debugger to settle...
[2016-02-02 12:24:29:672] DebugLaunchPlugin - Waiting for the debugger to settle...
[2016-02-02 12:24:29:685] DebugLaunchPlugin - Waiting for the debugger to settle...
[2016-02-02 12:24:29:697] DebugLaunchPlugin - Waiting for the debugger to settle...
[2016-02-02 12:24:29:709] DebugLaunchPlugin - Waiting for the debugger to settle...
[2016-02-02 12:24:29:722] DebugLaunchPlugin - Waiting for the debugger to settle...
[2016-02-02 12:24:29:734] DebugLaunchPlugin - Waiting for the debugger to settle...
[2016-02-02 12:24:29:746] DebugLaunchPlugin - Waiting for the debugger to settle...
[2016-02-02 12:24:29:759] DebugLaunchPlugin - Waiting for the debugger to settle...
[2016-02-02 12:24:29:772] DebugLaunchPlugin - Waiting for the debugger to settle...
[2016-02-02 12:24:29:785] DebugLaunchPlugin - Waiting for the debugger to settle...
[2016-02-02 12:24:29:796] DebugLaunchPlugin - Waiting for the debugger to settle...
[2016-02-02 12:24:29:809] DebugLaunchPlugin - Waiting for the debugger to settle...
[2016-02-02 12:24:29:822] DebugLaunchPlugin - Waiting for the debugger to settle...
[2016-02-02 12:24:29:835] DebugLaunchPlugin - Waiting for the debugger to settle...
[2016-02-02 12:24:29:846] DebugLaunchPlugin - Waiting for the debugger to settle...
[2016-02-02 12:24:29:859] DebugLaunchPlugin - Waiting for the debugger to settle...
[2016-02-02 12:24:29:869] DebugLaunchPlugin - Waiting for the debugger to settle...
[2016-02-02 12:24:29:881] DebugLaunchPlugin - Waiting for the debugger to settle...
[2016-02-02 12:24:29:893] DebugLaunchPlugin - Waiting for the debugger to settle...
[2016-02-02 12:24:29:906] DebugLaunchPlugin - Waiting for the debugger to settle...
[2016-02-02 12:24:29:918] DebugLaunchPlugin - Waiting for the debugger to settle...
[2016-02-02 12:24:29:929] DebugLaunchPlugin - Waiting for the debugger to settle...
[2016-02-02 12:24:29:942] DebugLaunchPlugin - Waiting for the debugger to settle...
[2016-02-02 12:24:29:954] DebugLaunchPlugin - Waiting for the debugger to settle...
[2016-02-02 12:24:29:967] DebugLaunchPlugin - Waiting for the debugger to settle...
[2016-02-02 12:24:29:980] DebugLaunchPlugin - Waiting for the debugger to settle...
[2016-02-02 12:24:29:993] DebugLaunchPlugin - Waiting for the debugger to settle...
[2016-02-02 12:24:30:006] DebugLaunchPlugin - Waiting for the debugger to settle...
[2016-02-02 12:24:30:019] DebugLaunchPlugin - Waiting for the debugger to settle...
[2016-02-02 12:24:30:031] DebugLaunchPlugin - Waiting for the debugger to settle...
[2016-02-02 12:24:30:042] DebugLaunchPlugin - Waiting for the debugger to settle...
[2016-02-02 12:24:30:055] DebugLaunchPlugin - Waiting for the debugger to settle...
[2016-02-02 12:24:30:067] DebugLaunchPlugin - Waiting for the debugger to settle...
[2016-02-02 12:24:30:079] DebugLaunchPlugin - Waiting for the debugger to settle...
[2016-02-02 12:24:30:091] DebugLaunchPlugin - Waiting for the debugger to settle...
[2016-02-02 12:24:30:102] DebugLaunchPlugin - Waiting for the debugger to settle...
[2016-02-02 12:24:30:115] DebugLaunchPlugin - Waiting for the debugger to settle...
[2016-02-02 12:24:30:126] DebugLaunchPlugin - Waiting for the debugger to settle...
[2016-02-02 12:24:30:137] DebugLaunchPlugin - Waiting for the debugger to settle...
[2016-02-02 12:24:30:150] DebugLaunchPlugin - Waiting for the debugger to settle...
[2016-02-02 12:24:30:160] DebugLaunchPlugin - Waiting for the debugger to settle...
[2016-02-02 12:24:30:173] DebugLaunchPlugin - Waiting for the debugger to settle...
[2016-02-02 12:24:30:185] DebugLaunchPlugin - Waiting for the debugger to settle...
[2016-02-02 12:24:30:198] DebugLaunchPlugin - Waiting for the debugger to settle...
[2016-02-02 12:24:30:211] DebugLaunchPlugin - Waiting for the debugger to settle...
[2016-02-02 12:24:30:223] DebugLaunchPlugin - Waiting for the debugger to settle...
[2016-02-02 12:24:30:236] DebugLaunchPlugin - Waiting for the debugger to settle...
[2016-02-02 12:24:30:249] DebugLaunchPlugin - Waiting for the debugger to settle...
[2016-02-02 12:24:30:259] DebugLaunchPlugin - Waiting for the debugger to settle...
[2016-02-02 12:24:30:272] DebugLaunchPlugin - Waiting for the debugger to settle...
[2016-02-02 12:24:30:285] DebugLaunchPlugin - Waiting for the debugger to settle...
[2016-02-02 12:24:30:298] DebugLaunchPlugin - Waiting for the debugger to settle...
[2016-02-02 12:24:30:310] DebugLaunchPlugin - Waiting for the debugger to settle...
[2016-02-02 12:24:30:322] DebugLaunchPlugin - Waiting for the debugger to settle...
[2016-02-02 12:24:30:334] DebugLaunchPlugin - Waiting for the debugger to settle...
[2016-02-02 12:24:30:347] DebugLaunchPlugin - Waiting for the debugger to settle...
[2016-02-02 12:24:30:358] DebugLaunchPlugin - Waiting for the debugger to settle...
[2016-02-02 12:24:30:370] DebugLaunchPlugin - Waiting for the debugger to settle...
[2016-02-02 12:24:30:383] DebugLaunchPlugin - Waiting for the debugger to settle...
[2016-02-02 12:24:30:396] DebugLaunchPlugin - Waiting for the debugger to settle...
[2016-02-02 12:24:30:409] DebugLaunchPlugin - Waiting for the debugger to settle...
[2016-02-02 12:24:30:422] DebugLaunchPlugin - Waiting for the debugger to settle...
[2016-02-02 12:24:30:434] DebugLaunchPlugin - Waiting for the debugger to settle...
[2016-02-02 12:24:30:444] DebugLaunchPlugin - Waiting for the debugger to settle...
[2016-02-02 12:24:30:457] DebugLaunchPlugin - Waiting for the debugger to settle...
[2016-02-02 12:24:30:469] DebugLaunchPlugin - Waiting for the debugger to settle...
[2016-02-02 12:24:30:482] DebugLaunchPlugin - Waiting for the debugger to settle...
[2016-02-02 12:24:30:495] DebugLaunchPlugin - Waiting for the debugger to settle...
[2016-02-02 12:24:30:507] DebugLaunchPlugin - Debugger has settled. Resuming inferior.
[2016-02-02 12:25:42:431] JdwpDebugServer - Command: Z(11 3) id = 4536 length = 8
[2016-02-02 12:25:42:432] DebugChannel - Event: Thread resumed, java obj: 0x116018f30, thread: 0x116017ee0
[2016-02-02 12:25:42:436] JdwpDebugServer - Command: U(11 9) id = 4537 length = 8
[2016-02-02 12:25:42:436] JdwpDebugServer - Command: Y(11 8) id = 4538 length = 8
[2016-02-02 12:25:42:441] DebugChannel - Event: Thread detached, java obj: 0x116018f30, thread: 0x116017ee0, exception: 0x0
[2016-02-02 12:25:42:441] JdwpDebugServer - Command: U(11 9) id = 4539 length = 8
[2016-02-02 12:25:42:448] DebugChannel - Error in debug channel thread: null
[2016-02-02 12:25:42:449] DebugChannel - Shutting down debug channel thread
[2016-02-02 12:25:42:449] SoftDebugger - com.robovm.debug.server.DebuggerException: Request interrupted
	at com.robovm.debug.server.d.i.a(Unknown.java:805)
	at com.robovm.debug.server.d.d.a(Unknown.java:203)
	at com.robovm.debug.server.d.t.e(Unknown.java:87)
	at com.robovm.debug.server.d.t.h(Unknown.java:114)
	at com.robovm.debug.server.e.b.j(Unknown.java:93)
	at com.robovm.debug.server.e.f.a(Unknown.java:33)
	at com.robovm.debug.server.e.c.a(Unknown.java:140)
	at com.robovm.debug.server.d.C.c(Unknown.java:1136)
	at com.robovm.debug.server.d.y.a(Unknown.java:247)
	at com.robovm.debug.server.d.y.a(Unknown.java:3150)
	at com.robovm.debug.server.d.z.run(Unknown.java:128)
	at java.lang.Thread.run(Thread.java:745)
Caused by: java.lang.InterruptedException
	at java.util.concurrent.locks.AbstractQueuedSynchronizer.doAcquireSharedNanos(AbstractQueuedSynchronizer.java:1038)
	at java.util.concurrent.locks.AbstractQueuedSynchronizer.tryAcquireSharedNanos(AbstractQueuedSynchronizer.java:1326)
	at java.util.concurrent.CountDownLatch.await(CountDownLatch.java:282)
	at com.robovm.debug.server.d.c.await(Unknown.java:31)
	at com.robovm.debug.server.d.i.a(Unknown.java:801)
	... 11 more
[2016-02-02 12:25:42:449] SoftJdwpEventProcessor - processing vm death event
[2016-02-02 12:25:42:449] SoftDebugger - Shutting down event loop thread
[2016-02-02 12:25:42:450] JdwpDebugServer - Command: Y(11 8) id = 4540 length = 8
[2016-02-02 12:25:42:452] JdwpDebugServer - Command: U(11 9) id = 4541 length = 8
[2016-02-02 12:25:42:452] JdwpDebugServer - Command: Y(11 8) id = 4542 length = 8
[2016-02-02 12:25:42:452] JdwpDebugServer - Command: U(11 9) id = 4543 length = 8
[2016-02-02 12:25:42:453] JdwpDebugServer - Command: Y(11 8) id = 4544 length = 8
[2016-02-02 12:25:42:534] DebugLaunchPlugin - Shutting down JDWP server
