[2016-02-01 17:21:30:585] ExecutableMemoryAccess - Reading executable bytes took: 0.16336
[2016-02-01 17:21:31:220] ExecutableMemoryAccess - Dumped section __TEXT,__text, took: 0.006664
[2016-02-01 17:21:31:221] ExecutableMemoryAccess - Dumped section __TEXT,__const, took: 9.41E-4
[2016-02-01 17:21:31:222] ExecutableMemoryAccess - Dumped section __DATA,__const, took: 4.84E-4
[2016-02-01 17:21:31:223] ExecutableMemoryAccess - Dumped section __DATA,__data, took: 8.7E-4
[2016-02-01 17:21:31:223] ExecutableMemoryAccess - Parsing sections took: 0.801328
[2016-02-01 17:21:32:147] ExecutableSymbolLookup - Reading nm output took: 1.725697
[2016-02-01 17:21:32:263] ExecutableSymbolLookup - Parsing nm output took: 0.115054
[2016-02-01 17:21:32:263] ExecutableSymbolLookup - Parsing symbols took: 1.841784
[2016-02-01 17:21:34:817] DebugLaunchPlugin - Got port address in 1.942722secs
[2016-02-01 17:21:34:819] SoftDebugger - Established connection to app on port 49190
[2016-02-01 17:21:34:819] ClassInfoParser - Reading boot classes info
[2016-02-01 17:21:34:819] DebugChannel - Starting debug channel thread
[2016-02-01 17:21:34:821] ClassInfoParser - Took 0.001917
[2016-02-01 17:21:34:821] ClassInfoParser - Reading classes info
[2016-02-01 17:21:34:823] ClassInfoParser - Took 0.001462
[2016-02-01 17:21:34:880] DebugChannel - Event: Thread attached, java obj: 0x116818f30, thread: 0x116817ee0
[2016-02-01 17:21:34:904] SoftDebugger - Loading class infos took: 0.084911secs
[2016-02-01 17:21:34:907] SoftDebugger - Loading class infos and adjusting addresses took: 0.088124secs
[2016-02-01 17:21:34:910] DebugLaunchPlugin - Waiting for JDWP client to connect
[2016-02-01 17:21:34:910] SocketTransport - Listening for transport dt_socket at address: 49182
[2016-02-01 17:21:34:913] SoftDebugger - Thread main attached
[2016-02-01 17:21:35:073] DebugChannel - Event: Thread stopped, reason: Exception, java obj: 0x116818f30, thread: 0x116817ee0, frames: 15
[2016-02-01 17:21:35:076] SoftDebugger - Reconstructing frames took: 0.002825secs
[2016-02-01 17:21:35:077] DebugChannel - Event: Thread resumed, java obj: 0x116818f30, thread: 0x116817ee0
[2016-02-01 17:21:35:084] DebugChannel - Event: Thread stopped, reason: Exception, java obj: 0x116818f30, thread: 0x116817ee0, frames: 10
[2016-02-01 17:21:35:084] SoftDebugger - Reconstructing frames took: 4.2E-5secs
[2016-02-01 17:21:35:085] DebugChannel - Event: Thread resumed, java obj: 0x116818f30, thread: 0x116817ee0
[2016-02-01 17:21:35:090] DebugChannel - Event: Thread attached, java obj: 0x116818ea0, thread: 0x116817e00
[2016-02-01 17:21:35:090] DebugChannel - Event: Thread attached, java obj: 0x116818d80, thread: 0x116817d20
[2016-02-01 17:21:35:091] DebugChannel - Event: Thread attached, java obj: 0x116818c60, thread: 0x116817c40
[2016-02-01 17:21:35:092] SoftDebugger - Thread ReferenceQueueDaemon attached
[2016-02-01 17:21:35:093] SoftDebugger - Thread FinalizerDaemon attached
[2016-02-01 17:21:35:095] SoftDebugger - Thread FinalizerWatchdogDaemon attached
[2016-02-01 17:21:35:115] DebugChannel - Event: Thread stopped, reason: Exception, java obj: 0x116818f30, thread: 0x116817ee0, frames: 9
[2016-02-01 17:21:35:116] SoftDebugger - Reconstructing frames took: 0.001187secs
[2016-02-01 17:21:35:117] DebugChannel - Event: Thread resumed, java obj: 0x116818f30, thread: 0x116817ee0
[2016-02-01 17:21:35:117] DebugChannel - Event: Thread stopped, reason: Exception, java obj: 0x116818f30, thread: 0x116817ee0, frames: 9
[2016-02-01 17:21:35:117] SoftDebugger - Reconstructing frames took: 4.8E-5secs
[2016-02-01 17:21:35:118] DebugChannel - Event: Thread resumed, java obj: 0x116818f30, thread: 0x116817ee0
[2016-02-01 17:21:35:118] DebugChannel - Event: Thread stopped, reason: Exception, java obj: 0x116818f30, thread: 0x116817ee0, frames: 9
[2016-02-01 17:21:35:118] SoftDebugger - Reconstructing frames took: 6.0E-5secs
[2016-02-01 17:21:35:119] DebugChannel - Event: Thread resumed, java obj: 0x116818f30, thread: 0x116817ee0
[2016-02-01 17:21:35:119] DebugChannel - Event: Thread stopped, reason: Exception, java obj: 0x116818f30, thread: 0x116817ee0, frames: 9
[2016-02-01 17:21:35:119] SoftDebugger - Reconstructing frames took: 4.5E-5secs
[2016-02-01 17:21:35:120] DebugChannel - Event: Thread resumed, java obj: 0x116818f30, thread: 0x116817ee0
[2016-02-01 17:21:35:121] DebugChannel - Event: Thread stopped, reason: Exception, java obj: 0x116818f30, thread: 0x116817ee0, frames: 9
[2016-02-01 17:21:35:121] SoftDebugger - Reconstructing frames took: 5.4E-5secs
[2016-02-01 17:21:35:121] DebugChannel - Event: Thread resumed, java obj: 0x116818f30, thread: 0x116817ee0
[2016-02-01 17:21:35:121] DebugChannel - Event: Thread stopped, reason: Exception, java obj: 0x116818f30, thread: 0x116817ee0, frames: 9
[2016-02-01 17:21:35:122] SoftDebugger - Reconstructing frames took: 2.7E-5secs
[2016-02-01 17:21:35:122] DebugChannel - Event: Thread resumed, java obj: 0x116818f30, thread: 0x116817ee0
[2016-02-01 17:21:35:122] DebugChannel - Event: Thread stopped, reason: Exception, java obj: 0x116818f30, thread: 0x116817ee0, frames: 9
[2016-02-01 17:21:35:123] SoftDebugger - Reconstructing frames took: 3.0E-5secs
[2016-02-01 17:21:35:123] DebugChannel - Event: Thread resumed, java obj: 0x116818f30, thread: 0x116817ee0
[2016-02-01 17:21:35:124] DebugChannel - Event: Thread stopped, reason: Exception, java obj: 0x116818f30, thread: 0x116817ee0, frames: 9
[2016-02-01 17:21:35:124] SoftDebugger - Reconstructing frames took: 3.7E-5secs
[2016-02-01 17:21:35:124] DebugChannel - Event: Thread resumed, java obj: 0x116818f30, thread: 0x116817ee0
[2016-02-01 17:21:35:126] DebugChannel - Event: Thread stopped, reason: Exception, java obj: 0x116818f30, thread: 0x116817ee0, frames: 9
[2016-02-01 17:21:35:126] SoftDebugger - Reconstructing frames took: 5.6E-5secs
[2016-02-01 17:21:35:126] DebugChannel - Event: Thread resumed, java obj: 0x116818f30, thread: 0x116817ee0
[2016-02-01 17:21:35:127] DebugChannel - Event: Thread stopped, reason: Exception, java obj: 0x116818f30, thread: 0x116817ee0, frames: 9
[2016-02-01 17:21:35:127] SoftDebugger - Reconstructing frames took: 3.3E-5secs
[2016-02-01 17:21:35:128] DebugChannel - Event: Thread resumed, java obj: 0x116818f30, thread: 0x116817ee0
[2016-02-01 17:21:35:134] DebugChannel - Event: Thread stopped, reason: Exception, java obj: 0x116818f30, thread: 0x116817ee0, frames: 9
[2016-02-01 17:21:35:134] SoftDebugger - Reconstructing frames took: 5.4E-5secs
[2016-02-01 17:21:35:135] DebugChannel - Event: Thread resumed, java obj: 0x116818f30, thread: 0x116817ee0
[2016-02-01 17:21:35:437] DebugChannel - Event: Thread stopped, reason: Exception, java obj: 0x116818f30, thread: 0x116817ee0, frames: 15
[2016-02-01 17:21:35:439] SoftDebugger - Reconstructing frames took: 0.002033secs
[2016-02-01 17:21:35:439] DebugChannel - Event: Thread resumed, java obj: 0x116818f30, thread: 0x116817ee0
[2016-02-01 17:21:35:473] DebugChannel - Event: Thread stopped, reason: Exception, java obj: 0x116818f30, thread: 0x116817ee0, frames: 10
[2016-02-01 17:21:35:473] SoftDebugger - Reconstructing frames took: 6.6E-5secs
[2016-02-01 17:21:35:474] DebugChannel - Event: Thread resumed, java obj: 0x116818f30, thread: 0x116817ee0
[2016-02-01 17:21:35:901] DebugLaunchPlugin - Waiting for the debugger to settle...
[2016-02-01 17:21:35:902] JdwpDebugServer - Command: aq(1 7) id = 2649 length = 0
[2016-02-01 17:21:35:903] JdwpDebugServer - Command: m(15 1) id = 2650 length = 6
[2016-02-01 17:21:35:903] JdwpDebugServer - Command: m(15 1) id = 2648 length = 6
[2016-02-01 17:21:35:903] JdwpDebugServer - Command: m(15 1) id = 2651 length = 6
[2016-02-01 17:21:35:903] JdwpDebugServer - Command: au(1 1) id = 2652 length = 0
[2016-02-01 17:21:35:903] JdwpDebugServer - Command: ah(1 4) id = 2653 length = 0
[2016-02-01 17:21:35:904] JdwpDebugServer - Command: ad(11 5) id = 2654 length = 8
[2016-02-01 17:21:35:905] JdwpDebugServer - Command: S(12 1) id = 2655 length = 8
[2016-02-01 17:21:35:907] JdwpDebugServer - Command: T(12 2) id = 2656 length = 8
[2016-02-01 17:21:35:907] JdwpDebugServer - Command: y(9 1) id = 2657 length = 8
[2016-02-01 17:21:35:907] JdwpDebugServer - Command: D(2 14) id = 2658 length = 8
[2016-02-01 17:21:35:908] JdwpDebugServer - Command: F(2 10) id = 2659 length = 8
[2016-02-01 17:21:35:908] JdwpDebugServer - Command: D(2 14) id = 2660 length = 8
[2016-02-01 17:21:35:908] JdwpDebugServer - Command: F(2 10) id = 2661 length = 8
[2016-02-01 17:21:35:908] JdwpDebugServer - Command: j(3 1) id = 2662 length = 8
[2016-02-01 17:21:35:908] JdwpDebugServer - Command: D(2 14) id = 2663 length = 8
[2016-02-01 17:21:35:909] JdwpDebugServer - Command: F(2 10) id = 2664 length = 8
[2016-02-01 17:21:35:909] JdwpDebugServer - Command: j(3 1) id = 2665 length = 8
[2016-02-01 17:21:35:909] JdwpDebugServer - Command: u(9 2) id = 2666 length = 20
[2016-02-01 17:21:35:909] JdwpDebugServer - Command: aa(11 4) id = 2667 length = 8
[2016-02-01 17:21:35:910] JdwpDebugServer - Command: aa(11 4) id = 2668 length = 8
[2016-02-01 17:21:35:910] JdwpDebugServer - Command: ad(11 5) id = 2669 length = 8
[2016-02-01 17:21:35:911] JdwpDebugServer - Command: y(9 1) id = 2670 length = 8
[2016-02-01 17:21:35:911] JdwpDebugServer - Command: u(9 2) id = 2671 length = 20
[2016-02-01 17:21:35:911] JdwpDebugServer - Command: aa(11 4) id = 2672 length = 8
[2016-02-01 17:21:35:912] JdwpDebugServer - Command: aa(11 4) id = 2673 length = 8
[2016-02-01 17:21:35:912] JdwpDebugServer - Command: ad(11 5) id = 2674 length = 8
[2016-02-01 17:21:35:912] JdwpDebugServer - Command: y(9 1) id = 2675 length = 8
[2016-02-01 17:21:35:913] JdwpDebugServer - Command: u(9 2) id = 2676 length = 20
[2016-02-01 17:21:35:913] DebugLaunchPlugin - Waiting for the debugger to settle...
[2016-02-01 17:21:35:913] JdwpDebugServer - Command: aa(11 4) id = 2677 length = 8
[2016-02-01 17:21:35:913] JdwpDebugServer - Command: aa(11 4) id = 2678 length = 8
[2016-02-01 17:21:35:914] JdwpDebugServer - Command: ad(11 5) id = 2679 length = 8
[2016-02-01 17:21:35:914] JdwpDebugServer - Command: y(9 1) id = 2680 length = 8
[2016-02-01 17:21:35:914] JdwpDebugServer - Command: u(9 2) id = 2681 length = 20
[2016-02-01 17:21:35:915] JdwpDebugServer - Command: aa(11 4) id = 2682 length = 8
[2016-02-01 17:21:35:915] JdwpDebugServer - Command: aa(11 4) id = 2683 length = 8
[2016-02-01 17:21:35:916] JdwpDebugServer - Command: m(15 1) id = 2684 length = 39
[2016-02-01 17:21:35:916] SoftJdwpEventProcessor - Set up class load event with filter: mob.sharesdk.MobShareSDKDemo
[2016-02-01 17:21:35:916] ClassInfos - Couldn't find class info for mob/sharesdk/MobShareSDKDemo
[2016-02-01 17:21:35:916] ClassInfos - com.robovm.debug.server.DebuggerException: Unknown primitive type: mob/sharesdk/MobShareSDKDemo
	at com.robovm.debug.server.a.c.a(Unknown.java:3147)
	at com.robovm.debug.server.a.c.a(Unknown.java:57)
	at com.robovm.debug.server.d.y.a(Unknown.java:626)
	at com.robovm.debug.server.d.y.a(Unknown.java:597)
	at com.robovm.debug.server.b.c.a.a(Unknown.java:4118)
	at com.robovm.debug.server.b.c.b.a(Unknown.java:1693)
	at com.robovm.debug.server.b.a.m.a(Unknown.java:106)
	at com.robovm.debug.server.b.a.ae.b(Unknown.java:26)
	at com.robovm.debug.server.b.p.a(Unknown.java:7320)
	at com.robovm.debug.server.b.q.run(Unknown.java:207)
[2016-02-01 17:21:35:916] JdwpDebugServer - Command: m(15 1) id = 2685 length = 41
[2016-02-01 17:21:35:916] SoftJdwpEventProcessor - Set up class load event with filter: mob.sharesdk.MobShareSDKDemo$*
[2016-02-01 17:21:35:917] JdwpDebugServer - Command: al(1 2) id = 2686 length = 34
[2016-02-01 17:21:35:917] ClassInfos - Couldn't find class info for mob/sharesdk/MobShareSDKDemo
[2016-02-01 17:21:35:917] ClassInfos - com.robovm.debug.server.DebuggerException: Unknown primitive type: mob/sharesdk/MobShareSDKDemo
	at com.robovm.debug.server.a.c.a(Unknown.java:3147)
	at com.robovm.debug.server.a.c.a(Unknown.java:57)
	at com.robovm.debug.server.b.c.b.a(Unknown.java:281)
	at com.robovm.debug.server.b.a.al.a(Unknown.java:22)
	at com.robovm.debug.server.b.a.ae.b(Unknown.java:26)
	at com.robovm.debug.server.b.p.a(Unknown.java:7320)
	at com.robovm.debug.server.b.q.run(Unknown.java:207)
[2016-02-01 17:21:35:917] JdwpDebugServer - Command: m(15 1) id = 2687 length = 40
[2016-02-01 17:21:35:918] SoftJdwpEventProcessor - Set up class load event with filter: com.mob.demo.MyViewController
[2016-02-01 17:21:35:918] JdwpDebugServer - Command: m(15 1) id = 2688 length = 42
[2016-02-01 17:21:35:918] SoftJdwpEventProcessor - Set up class load event with filter: com.mob.demo.MyViewController$*
[2016-02-01 17:21:35:920] JdwpDebugServer - Command: al(1 2) id = 2689 length = 35
[2016-02-01 17:21:35:920] JdwpDebugServer - Command: H(2 15) id = 2690 length = 8
[2016-02-01 17:21:35:920] SoftVmInterface - Reporting method: com/mob/demo/MyViewController.<init>
[2016-02-01 17:21:35:920] SoftVmInterface - Reporting method: com/mob/demo/MyViewController.excute
[2016-02-01 17:21:35:920] SoftVmInterface - Reporting method: com/mob/demo/MyViewController.initUI
[2016-02-01 17:21:35:920] SoftVmInterface - Reporting method: com/mob/demo/MyViewController.$cb$init
[2016-02-01 17:21:35:921] SoftVmInterface - Reporting method: com/mob/demo/MyViewController.$setHandle
[2016-02-01 17:21:35:921] SoftVmInterface - Reporting method: com/mob/demo/MyViewController.$cb$initWithNibName$bundle$
[2016-02-01 17:21:35:921] SoftVmInterface - Reporting method: com/mob/demo/MyViewController.$m$super$initWithNibName$bundle$
[2016-02-01 17:21:35:921] SoftVmInterface - Reporting method: com/mob/demo/MyViewController.$getSuper
[2016-02-01 17:21:35:921] SoftVmInterface - Reporting method: com/mob/demo/MyViewController.$initObject
[2016-02-01 17:21:35:921] SoftVmInterface - Reporting method: com/mob/demo/MyViewController.$cb$initWithCoder$
[2016-02-01 17:21:35:921] SoftVmInterface - Reporting method: com/mob/demo/MyViewController.$m$super$initWithCoder$
[2016-02-01 17:21:35:921] SoftVmInterface - Reporting method: com/mob/demo/MyViewController.<clinit>
[2016-02-01 17:21:35:922] JdwpDebugServer - Command: aj(1 17) id = 2691 length = 0
[2016-02-01 17:21:35:922] JdwpDebugServer - Command: o(6 1) id = 2692 length = 16
[2016-02-01 17:21:35:923] SoftVmInterface - Reporting line numbers for method com/mob/demo/MyViewController.<init>: [36, 38, 39, 41]
[2016-02-01 17:21:35:923] JdwpDebugServer - Command: o(6 1) id = 2693 length = 16
[2016-02-01 17:21:35:923] SoftVmInterface - Reporting line numbers for method com/mob/demo/MyViewController.excute: [46, 54, 57, 64, 67, 118, 121, 153, 156, 164, 166]
[2016-02-01 17:21:35:923] JdwpDebugServer - Command: o(6 1) id = 2694 length = 16
[2016-02-01 17:21:35:923] DebugLaunchPlugin - Waiting for the debugger to settle...
[2016-02-01 17:21:35:924] SoftVmInterface - Reporting line numbers for method com/mob/demo/MyViewController.initUI: [170, 171, 173, 174, 175, 176, 178, 179, 180, 181, 183, 184, 185, 186, 188, 189, 190, 191, 193, 194, 195, 196, 198]
[2016-02-01 17:21:35:924] JdwpDebugServer - Command: o(6 1) id = 2695 length = 16
[2016-02-01 17:21:35:924] SoftVmInterface - Reporting line numbers for method com/mob/demo/MyViewController.$cb$init: [1048579]
[2016-02-01 17:21:35:925] JdwpDebugServer - Command: o(6 1) id = 2696 length = 16
[2016-02-01 17:21:35:925] SoftVmInterface - Reporting line numbers for method com/mob/demo/MyViewController.$setHandle: [1048580]
[2016-02-01 17:21:35:925] JdwpDebugServer - Command: o(6 1) id = 2697 length = 16
[2016-02-01 17:21:35:925] SoftVmInterface - Reporting line numbers for method com/mob/demo/MyViewController.$cb$initWithNibName$bundle$: [1048581]
[2016-02-01 17:21:35:925] JdwpDebugServer - Command: o(6 1) id = 2698 length = 16
[2016-02-01 17:21:35:925] SoftVmInterface - Reporting line numbers for method com/mob/demo/MyViewController.$getSuper: [1048583]
[2016-02-01 17:21:35:926] JdwpDebugServer - Command: o(6 1) id = 2699 length = 16
[2016-02-01 17:21:35:926] SoftVmInterface - Reporting line numbers for method com/mob/demo/MyViewController.$initObject: [1048584]
[2016-02-01 17:21:35:926] JdwpDebugServer - Command: o(6 1) id = 2700 length = 16
[2016-02-01 17:21:35:926] SoftVmInterface - Reporting line numbers for method com/mob/demo/MyViewController.$cb$initWithCoder$: [1048585]
[2016-02-01 17:21:35:926] JdwpDebugServer - Command: o(6 1) id = 2701 length = 16
[2016-02-01 17:21:35:927] SoftVmInterface - Reporting line numbers for method com/mob/demo/MyViewController.<clinit>: [1048587]
[2016-02-01 17:21:35:927] JdwpDebugServer - Command: al(1 2) id = 2702 length = 35
[2016-02-01 17:21:35:927] JdwpDebugServer - Command: ag(1 20) id = 2703 length = 0
[2016-02-01 17:21:35:935] DebugLaunchPlugin - Waiting for the debugger to settle...
[2016-02-01 17:21:35:947] DebugLaunchPlugin - Waiting for the debugger to settle...
[2016-02-01 17:21:36:565] DebugLaunchPlugin - Waiting for the debugger to settle...
[2016-02-01 17:21:36:567] JdwpDebugServer - Command: H(2 15) id = 2704 length = 8
[2016-02-01 17:21:36:567] SoftVmInterface - Reporting method: com/mob/demo/MyViewController$4$1.<init>
[2016-02-01 17:21:36:567] SoftVmInterface - Reporting method: com/mob/demo/MyViewController$4$1.invoke
[2016-02-01 17:21:36:567] JdwpDebugServer - Command: o(6 1) id = 2705 length = 16
[2016-02-01 17:21:36:568] SoftVmInterface - Reporting line numbers for method com/mob/demo/MyViewController$4$1.<init>: [1, 138]
[2016-02-01 17:21:36:568] JdwpDebugServer - Command: o(6 1) id = 2706 length = 16
[2016-02-01 17:21:36:568] SoftVmInterface - Reporting line numbers for method com/mob/demo/MyViewController$4$1.invoke: [146, 148]
[2016-02-01 17:21:36:569] JdwpDebugServer - Command: H(2 15) id = 2707 length = 8
[2016-02-01 17:21:36:569] SoftVmInterface - Reporting method: com/mob/demo/MyViewController$4.<init>
[2016-02-01 17:21:36:569] SoftJdwpEventProcessor - Reporting class prepare event EventRequest [id=6, eventKind=CLASS_PREPARE, suspendPolicy=EVENT_THREAD, constraints=[ClassMatchConstraint [classPattern=com.mob.demo.MyViewController$*]]] to JDWP client for class com/mob/demo/MyViewController$1
[2016-02-01 17:21:36:569] SoftVmInterface - Reporting method: com/mob/demo/MyViewController$4.onTouchUpInside
[2016-02-01 17:21:36:571] JdwpDebugServer - Command: o(6 1) id = 2708 length = 16
[2016-02-01 17:21:36:571] SoftVmInterface - Reporting line numbers for method com/mob/demo/MyViewController$4.<init>: [1, 121]
[2016-02-01 17:21:36:572] JdwpDebugServer - Command: o(6 1) id = 2709 length = 16
[2016-02-01 17:21:36:572] SoftVmInterface - Reporting line numbers for method com/mob/demo/MyViewController$4.onTouchUpInside: [125, 126, 128, 130, 132, 134, 135, 136, 138, 151]
[2016-02-01 17:21:36:572] JdwpDebugServer - Command: H(2 15) id = 2710 length = 8
[2016-02-01 17:21:36:572] SoftVmInterface - Reporting method: com/mob/demo/MyViewController$5.<init>
[2016-02-01 17:21:36:572] SoftVmInterface - Reporting method: com/mob/demo/MyViewController$5.onTouchUpInside
[2016-02-01 17:21:36:572] JdwpDebugServer - Command: o(6 1) id = 2711 length = 16
[2016-02-01 17:21:36:573] SoftVmInterface - Reporting line numbers for method com/mob/demo/MyViewController$5.<init>: [1, 156]
[2016-02-01 17:21:36:573] JdwpDebugServer - Command: o(6 1) id = 2712 length = 16
[2016-02-01 17:21:36:574] SoftVmInterface - Reporting line numbers for method com/mob/demo/MyViewController$5.onTouchUpInside: [162]
[2016-02-01 17:21:36:574] JdwpDebugServer - Command: H(2 15) id = 2713 length = 8
[2016-02-01 17:21:36:574] SoftVmInterface - Reporting method: com/mob/demo/MyViewController$1.<init>
[2016-02-01 17:21:36:574] SoftVmInterface - Reporting method: com/mob/demo/MyViewController$1.onTouchUpInside
[2016-02-01 17:21:36:574] JdwpDebugServer - Command: o(6 1) id = 2714 length = 16
[2016-02-01 17:21:36:575] SoftVmInterface - Reporting line numbers for method com/mob/demo/MyViewController$1.<init>: [1, 46]
[2016-02-01 17:21:36:575] JdwpDebugServer - Command: o(6 1) id = 2715 length = 16
[2016-02-01 17:21:36:575] SoftVmInterface - Reporting line numbers for method com/mob/demo/MyViewController$1.onTouchUpInside: [52]
[2016-02-01 17:21:36:576] JdwpDebugServer - Command: H(2 15) id = 2716 length = 8
[2016-02-01 17:21:36:576] SoftVmInterface - Reporting method: com/mob/demo/MyViewController$2.<init>
[2016-02-01 17:21:36:576] SoftVmInterface - Reporting method: com/mob/demo/MyViewController$2.onTouchUpInside
[2016-02-01 17:21:36:576] JdwpDebugServer - Command: o(6 1) id = 2717 length = 16
[2016-02-01 17:21:36:577] SoftVmInterface - Reporting line numbers for method com/mob/demo/MyViewController$2.<init>: [1, 57]
[2016-02-01 17:21:36:577] DebugLaunchPlugin - Waiting for the debugger to settle...
[2016-02-01 17:21:36:579] JdwpDebugServer - Command: o(6 1) id = 2718 length = 16
[2016-02-01 17:21:36:579] SoftVmInterface - Reporting line numbers for method com/mob/demo/MyViewController$2.onTouchUpInside: [62]
[2016-02-01 17:21:36:582] JdwpDebugServer - Command: H(2 15) id = 2719 length = 8
[2016-02-01 17:21:36:582] SoftVmInterface - Reporting method: com/mob/demo/MyViewController$3.<init>
[2016-02-01 17:21:36:582] SoftVmInterface - Reporting method: com/mob/demo/MyViewController$3.onTouchUpInside
[2016-02-01 17:21:36:582] JdwpDebugServer - Command: o(6 1) id = 2720 length = 16
[2016-02-01 17:21:36:582] SoftVmInterface - Reporting line numbers for method com/mob/demo/MyViewController$3.<init>: [1, 67]
[2016-02-01 17:21:36:583] JdwpDebugServer - Command: o(6 1) id = 2721 length = 16
[2016-02-01 17:21:36:583] SoftVmInterface - Reporting line numbers for method com/mob/demo/MyViewController$3.onTouchUpInside: [71, 72, 74, 76, 78, 80, 81, 82, 84, 116]
[2016-02-01 17:21:36:583] JdwpDebugServer - Command: H(2 15) id = 2722 length = 8
[2016-02-01 17:21:36:583] SoftVmInterface - Reporting method: com/mob/demo/MyViewController$3$1.<init>
[2016-02-01 17:21:36:583] SoftVmInterface - Reporting method: com/mob/demo/MyViewController$3$1.invoke
[2016-02-01 17:21:36:583] SoftVmInterface - Reporting method: com/mob/demo/MyViewController$3$1.$SWITCH_TABLE$com$mob$sharesdk$SSDKResponseState
[2016-02-01 17:21:36:584] JdwpDebugServer - Command: o(6 1) id = 2723 length = 16
[2016-02-01 17:21:36:584] SoftVmInterface - Reporting line numbers for method com/mob/demo/MyViewController$3$1.<init>: [1, 84]
[2016-02-01 17:21:36:584] JdwpDebugServer - Command: o(6 1) id = 2724 length = 16
[2016-02-01 17:21:36:584] SoftVmInterface - Reporting line numbers for method com/mob/demo/MyViewController$3$1.invoke: [90, 93, 96, 97, 98, 100, 106, 108]
[2016-02-01 17:21:36:584] JdwpDebugServer - Command: o(6 1) id = 2725 length = 16
[2016-02-01 17:21:36:585] SoftVmInterface - Reporting line numbers for method com/mob/demo/MyViewController$3$1.$SWITCH_TABLE$com$mob$sharesdk$SSDKResponseState: [84]
[2016-02-01 17:21:36:585] JdwpDebugServer - Command: m(15 1) id = 2726 length = 32
[2016-02-01 17:21:36:585] SoftJdwpEventProcessor - Set breakpoint at com/mob/demo/MyViewController$3$1.invoke(Lcom/mob/sharesdk/SSDKResponseState;Lorg/robovm/apple/foundation/NSDictionary;Lcom/mob/sharesdk/SSDKContentEntity;Lorg/robovm/apple/foundation/NSError;)V:90
[2016-02-01 17:21:36:586] JdwpDebugServer - Command: m(15 1) id = 2727 length = 26
[2016-02-01 17:21:36:586] SoftJdwpEventProcessor - Set up class load event with filter: java.lang.Error
[2016-02-01 17:21:36:587] JdwpDebugServer - Command: m(15 1) id = 2728 length = 28
[2016-02-01 17:21:36:587] SoftJdwpEventProcessor - Set up class load event with filter: java.lang.Error$*
[2016-02-01 17:21:36:587] DebugLaunchPlugin - Waiting for the debugger to settle...
[2016-02-01 17:21:36:588] JdwpDebugServer - Command: al(1 2) id = 2729 length = 21
[2016-02-01 17:21:36:588] JdwpDebugServer - Command: m(15 1) id = 2730 length = 17
[2016-02-01 17:21:36:589] JdwpDebugServer - Command: m(15 1) id = 2731 length = 30
[2016-02-01 17:21:36:589] SoftJdwpEventProcessor - Set up class load event with filter: java.lang.Throwable
[2016-02-01 17:21:36:590] JdwpDebugServer - Command: m(15 1) id = 2732 length = 32
[2016-02-01 17:21:36:590] SoftJdwpEventProcessor - Set up class load event with filter: java.lang.Throwable$*
[2016-02-01 17:21:36:590] JdwpDebugServer - Command: al(1 2) id = 2733 length = 25
[2016-02-01 17:21:36:591] JdwpDebugServer - Command: m(15 1) id = 2734 length = 17
[2016-02-01 17:21:36:593] JdwpDebugServer - Command: Z(11 3) id = 2735 length = 8
[2016-02-01 17:21:36:593] DebugChannel - Event: Thread resumed, java obj: 0x116818f30, thread: 0x116817ee0
[2016-02-01 17:21:36:598] SoftJdwpEventProcessor - Reporting class prepare event EventRequest [id=6, eventKind=CLASS_PREPARE, suspendPolicy=EVENT_THREAD, constraints=[ClassMatchConstraint [classPattern=com.mob.demo.MyViewController$*]]] to JDWP client for class com/mob/demo/MyViewController$2
[2016-02-01 17:21:36:598] DebugLaunchPlugin - Waiting for the debugger to settle...
[2016-02-01 17:21:36:599] JdwpDebugServer - Command: Z(11 3) id = 2736 length = 8
[2016-02-01 17:21:36:599] DebugChannel - Event: Thread resumed, java obj: 0x116818f30, thread: 0x116817ee0
[2016-02-01 17:21:36:601] SoftJdwpEventProcessor - Reporting class prepare event EventRequest [id=6, eventKind=CLASS_PREPARE, suspendPolicy=EVENT_THREAD, constraints=[ClassMatchConstraint [classPattern=com.mob.demo.MyViewController$*]]] to JDWP client for class com/mob/demo/MyViewController$3
[2016-02-01 17:21:36:606] JdwpDebugServer - Command: Z(11 3) id = 2737 length = 8
[2016-02-01 17:21:36:607] DebugChannel - Event: Thread resumed, java obj: 0x116818f30, thread: 0x116817ee0
[2016-02-01 17:21:36:608] SoftJdwpEventProcessor - Reporting class prepare event EventRequest [id=6, eventKind=CLASS_PREPARE, suspendPolicy=EVENT_THREAD, constraints=[ClassMatchConstraint [classPattern=com.mob.demo.MyViewController$*]]] to JDWP client for class com/mob/demo/MyViewController$4
[2016-02-01 17:21:36:609] DebugLaunchPlugin - Waiting for the debugger to settle...
[2016-02-01 17:21:36:614] JdwpDebugServer - Command: Z(11 3) id = 2738 length = 8
[2016-02-01 17:21:36:616] DebugChannel - Event: Thread resumed, java obj: 0x116818f30, thread: 0x116817ee0
[2016-02-01 17:21:36:616] SoftJdwpEventProcessor - Reporting class prepare event EventRequest [id=6, eventKind=CLASS_PREPARE, suspendPolicy=EVENT_THREAD, constraints=[ClassMatchConstraint [classPattern=com.mob.demo.MyViewController$*]]] to JDWP client for class com/mob/demo/MyViewController$5
[2016-02-01 17:21:36:622] DebugLaunchPlugin - Waiting for the debugger to settle...
[2016-02-01 17:21:36:623] JdwpDebugServer - Command: Z(11 3) id = 2739 length = 8
[2016-02-01 17:21:36:624] DebugChannel - Event: Thread resumed, java obj: 0x116818f30, thread: 0x116817ee0
[2016-02-01 17:21:36:634] DebugLaunchPlugin - Waiting for the debugger to settle...
[2016-02-01 17:21:36:644] DebugLaunchPlugin - Waiting for the debugger to settle...
[2016-02-01 17:21:36:656] DebugLaunchPlugin - Waiting for the debugger to settle...
[2016-02-01 17:21:36:666] DebugLaunchPlugin - Waiting for the debugger to settle...
[2016-02-01 17:21:36:677] DebugLaunchPlugin - Waiting for the debugger to settle...
[2016-02-01 17:21:36:690] DebugLaunchPlugin - Waiting for the debugger to settle...
[2016-02-01 17:21:36:703] DebugLaunchPlugin - Waiting for the debugger to settle...
[2016-02-01 17:21:36:715] DebugLaunchPlugin - Waiting for the debugger to settle...
[2016-02-01 17:21:36:726] DebugLaunchPlugin - Waiting for the debugger to settle...
[2016-02-01 17:21:36:739] DebugLaunchPlugin - Waiting for the debugger to settle...
[2016-02-01 17:21:36:749] DebugLaunchPlugin - Waiting for the debugger to settle...
[2016-02-01 17:21:36:761] DebugLaunchPlugin - Waiting for the debugger to settle...
[2016-02-01 17:21:36:772] DebugLaunchPlugin - Waiting for the debugger to settle...
[2016-02-01 17:21:36:782] DebugLaunchPlugin - Waiting for the debugger to settle...
[2016-02-01 17:21:36:792] DebugLaunchPlugin - Waiting for the debugger to settle...
[2016-02-01 17:21:36:803] DebugLaunchPlugin - Waiting for the debugger to settle...
[2016-02-01 17:21:36:815] DebugLaunchPlugin - Waiting for the debugger to settle...
[2016-02-01 17:21:36:825] DebugLaunchPlugin - Waiting for the debugger to settle...
[2016-02-01 17:21:36:837] DebugLaunchPlugin - Waiting for the debugger to settle...
[2016-02-01 17:21:36:848] DebugLaunchPlugin - Waiting for the debugger to settle...
[2016-02-01 17:21:36:858] DebugLaunchPlugin - Waiting for the debugger to settle...
[2016-02-01 17:21:36:869] DebugLaunchPlugin - Waiting for the debugger to settle...
[2016-02-01 17:21:36:881] DebugLaunchPlugin - Waiting for the debugger to settle...
[2016-02-01 17:21:36:893] DebugLaunchPlugin - Waiting for the debugger to settle...
[2016-02-01 17:21:36:905] DebugLaunchPlugin - Waiting for the debugger to settle...
[2016-02-01 17:21:36:918] DebugLaunchPlugin - Waiting for the debugger to settle...
[2016-02-01 17:21:36:928] DebugLaunchPlugin - Waiting for the debugger to settle...
[2016-02-01 17:21:36:941] DebugLaunchPlugin - Waiting for the debugger to settle...
[2016-02-01 17:21:36:954] DebugLaunchPlugin - Waiting for the debugger to settle...
[2016-02-01 17:21:36:965] DebugLaunchPlugin - Waiting for the debugger to settle...
[2016-02-01 17:21:36:976] DebugLaunchPlugin - Waiting for the debugger to settle...
[2016-02-01 17:21:36:987] DebugLaunchPlugin - Waiting for the debugger to settle...
[2016-02-01 17:21:36:999] DebugLaunchPlugin - Waiting for the debugger to settle...
[2016-02-01 17:21:37:010] DebugLaunchPlugin - Waiting for the debugger to settle...
[2016-02-01 17:21:37:020] DebugLaunchPlugin - Waiting for the debugger to settle...
[2016-02-01 17:21:37:030] DebugLaunchPlugin - Waiting for the debugger to settle...
[2016-02-01 17:21:37:043] DebugLaunchPlugin - Waiting for the debugger to settle...
[2016-02-01 17:21:37:054] DebugLaunchPlugin - Waiting for the debugger to settle...
[2016-02-01 17:21:37:066] DebugLaunchPlugin - Waiting for the debugger to settle...
[2016-02-01 17:21:37:077] DebugLaunchPlugin - Waiting for the debugger to settle...
[2016-02-01 17:21:37:087] DebugLaunchPlugin - Waiting for the debugger to settle...
[2016-02-01 17:21:37:100] DebugLaunchPlugin - Waiting for the debugger to settle...
[2016-02-01 17:21:37:110] DebugLaunchPlugin - Waiting for the debugger to settle...
[2016-02-01 17:21:37:123] DebugLaunchPlugin - Waiting for the debugger to settle...
[2016-02-01 17:21:37:134] DebugLaunchPlugin - Waiting for the debugger to settle...
[2016-02-01 17:21:37:145] DebugLaunchPlugin - Waiting for the debugger to settle...
[2016-02-01 17:21:37:156] DebugLaunchPlugin - Waiting for the debugger to settle...
[2016-02-01 17:21:37:166] DebugLaunchPlugin - Waiting for the debugger to settle...
[2016-02-01 17:21:37:179] DebugLaunchPlugin - Waiting for the debugger to settle...
[2016-02-01 17:21:37:191] DebugLaunchPlugin - Waiting for the debugger to settle...
[2016-02-01 17:21:37:204] DebugLaunchPlugin - Waiting for the debugger to settle...
[2016-02-01 17:21:37:216] DebugLaunchPlugin - Waiting for the debugger to settle...
[2016-02-01 17:21:37:227] DebugLaunchPlugin - Waiting for the debugger to settle...
[2016-02-01 17:21:37:237] DebugLaunchPlugin - Waiting for the debugger to settle...
[2016-02-01 17:21:37:250] DebugLaunchPlugin - Waiting for the debugger to settle...
[2016-02-01 17:21:37:261] DebugLaunchPlugin - Waiting for the debugger to settle...
[2016-02-01 17:21:37:263] JdwpDebugServer - Command: X(11 1) id = 2740 length = 8
[2016-02-01 17:21:37:265] JdwpDebugServer - Command: U(11 9) id = 2741 length = 8
[2016-02-01 17:21:37:265] JdwpDebugServer - Command: X(11 1) id = 2742 length = 8
[2016-02-01 17:21:37:267] JdwpDebugServer - Command: Y(11 8) id = 2743 length = 8
[2016-02-01 17:21:37:267] JdwpDebugServer - Command: U(11 9) id = 2744 length = 8
[2016-02-01 17:21:37:267] JdwpDebugServer - Command: X(11 1) id = 2745 length = 8
[2016-02-01 17:21:37:269] JdwpDebugServer - Command: Y(11 8) id = 2746 length = 8
[2016-02-01 17:21:37:269] JdwpDebugServer - Command: X(11 1) id = 2747 length = 8
[2016-02-01 17:21:37:271] JdwpDebugServer - Command: U(11 9) id = 2748 length = 8
[2016-02-01 17:21:37:271] JdwpDebugServer - Command: Y(11 8) id = 2749 length = 8
[2016-02-01 17:21:37:271] JdwpDebugServer - Command: U(11 9) id = 2750 length = 8
[2016-02-01 17:21:37:271] DebugLaunchPlugin - Waiting for the debugger to settle...
[2016-02-01 17:21:37:272] JdwpDebugServer - Command: Y(11 8) id = 2751 length = 8
[2016-02-01 17:21:37:284] DebugLaunchPlugin - Waiting for the debugger to settle...
[2016-02-01 17:21:37:294] DebugLaunchPlugin - Waiting for the debugger to settle...
[2016-02-01 17:21:37:305] DebugLaunchPlugin - Waiting for the debugger to settle...
[2016-02-01 17:21:37:316] DebugLaunchPlugin - Waiting for the debugger to settle...
[2016-02-01 17:21:37:327] DebugLaunchPlugin - Waiting for the debugger to settle...
[2016-02-01 17:21:37:339] DebugLaunchPlugin - Waiting for the debugger to settle...
[2016-02-01 17:21:37:352] DebugLaunchPlugin - Waiting for the debugger to settle...
[2016-02-01 17:21:37:364] DebugLaunchPlugin - Waiting for the debugger to settle...
[2016-02-01 17:21:37:377] DebugLaunchPlugin - Waiting for the debugger to settle...
[2016-02-01 17:21:37:388] DebugLaunchPlugin - Waiting for the debugger to settle...
[2016-02-01 17:21:37:401] DebugLaunchPlugin - Waiting for the debugger to settle...
[2016-02-01 17:21:37:412] DebugLaunchPlugin - Waiting for the debugger to settle...
[2016-02-01 17:21:37:423] DebugLaunchPlugin - Waiting for the debugger to settle...
[2016-02-01 17:21:37:436] DebugLaunchPlugin - Waiting for the debugger to settle...
[2016-02-01 17:21:37:449] DebugLaunchPlugin - Waiting for the debugger to settle...
[2016-02-01 17:21:37:460] DebugLaunchPlugin - Waiting for the debugger to settle...
[2016-02-01 17:21:37:473] DebugLaunchPlugin - Waiting for the debugger to settle...
[2016-02-01 17:21:37:483] DebugLaunchPlugin - Waiting for the debugger to settle...
[2016-02-01 17:21:37:496] DebugLaunchPlugin - Waiting for the debugger to settle...
[2016-02-01 17:21:37:508] DebugLaunchPlugin - Waiting for the debugger to settle...
[2016-02-01 17:21:37:519] DebugLaunchPlugin - Waiting for the debugger to settle...
[2016-02-01 17:21:37:532] DebugLaunchPlugin - Waiting for the debugger to settle...
[2016-02-01 17:21:37:543] DebugLaunchPlugin - Waiting for the debugger to settle...
[2016-02-01 17:21:37:554] DebugLaunchPlugin - Waiting for the debugger to settle...
[2016-02-01 17:21:37:565] DebugLaunchPlugin - Waiting for the debugger to settle...
[2016-02-01 17:21:37:578] DebugLaunchPlugin - Waiting for the debugger to settle...
[2016-02-01 17:21:37:588] DebugLaunchPlugin - Waiting for the debugger to settle...
[2016-02-01 17:21:37:601] DebugLaunchPlugin - Waiting for the debugger to settle...
[2016-02-01 17:21:37:614] DebugLaunchPlugin - Waiting for the debugger to settle...
[2016-02-01 17:21:37:626] DebugLaunchPlugin - Waiting for the debugger to settle...
[2016-02-01 17:21:37:639] DebugLaunchPlugin - Waiting for the debugger to settle...
[2016-02-01 17:21:37:651] DebugLaunchPlugin - Waiting for the debugger to settle...
[2016-02-01 17:21:37:662] DebugLaunchPlugin - Waiting for the debugger to settle...
[2016-02-01 17:21:37:675] DebugLaunchPlugin - Waiting for the debugger to settle...
[2016-02-01 17:21:37:687] DebugLaunchPlugin - Waiting for the debugger to settle...
[2016-02-01 17:21:37:700] DebugLaunchPlugin - Waiting for the debugger to settle...
[2016-02-01 17:21:37:712] DebugLaunchPlugin - Waiting for the debugger to settle...
[2016-02-01 17:21:37:725] DebugLaunchPlugin - Waiting for the debugger to settle...
[2016-02-01 17:21:37:738] DebugLaunchPlugin - Waiting for the debugger to settle...
[2016-02-01 17:21:37:751] DebugLaunchPlugin - Waiting for the debugger to settle...
[2016-02-01 17:21:37:763] DebugLaunchPlugin - Waiting for the debugger to settle...
[2016-02-01 17:21:37:776] DebugLaunchPlugin - Waiting for the debugger to settle...
[2016-02-01 17:21:37:789] DebugLaunchPlugin - Waiting for the debugger to settle...
[2016-02-01 17:21:37:802] DebugLaunchPlugin - Waiting for the debugger to settle...
[2016-02-01 17:21:37:813] DebugLaunchPlugin - Waiting for the debugger to settle...
[2016-02-01 17:21:37:826] DebugLaunchPlugin - Waiting for the debugger to settle...
[2016-02-01 17:21:37:839] DebugLaunchPlugin - Waiting for the debugger to settle...
[2016-02-01 17:21:37:852] DebugLaunchPlugin - Waiting for the debugger to settle...
[2016-02-01 17:21:37:865] DebugLaunchPlugin - Waiting for the debugger to settle...
[2016-02-01 17:21:37:878] DebugLaunchPlugin - Waiting for the debugger to settle...
[2016-02-01 17:21:37:890] DebugLaunchPlugin - Waiting for the debugger to settle...
[2016-02-01 17:21:37:903] DebugLaunchPlugin - Waiting for the debugger to settle...
[2016-02-01 17:21:37:916] DebugLaunchPlugin - Waiting for the debugger to settle...
[2016-02-01 17:21:37:928] DebugLaunchPlugin - Waiting for the debugger to settle...
[2016-02-01 17:21:37:940] DebugLaunchPlugin - Waiting for the debugger to settle...
[2016-02-01 17:21:37:953] DebugLaunchPlugin - Waiting for the debugger to settle...
[2016-02-01 17:21:37:963] DebugLaunchPlugin - Waiting for the debugger to settle...
[2016-02-01 17:21:37:974] DebugLaunchPlugin - Waiting for the debugger to settle...
[2016-02-01 17:21:37:986] DebugLaunchPlugin - Waiting for the debugger to settle...
[2016-02-01 17:21:37:999] DebugLaunchPlugin - Waiting for the debugger to settle...
[2016-02-01 17:21:38:012] DebugLaunchPlugin - Waiting for the debugger to settle...
[2016-02-01 17:21:38:024] DebugLaunchPlugin - Waiting for the debugger to settle...
[2016-02-01 17:21:38:036] DebugLaunchPlugin - Waiting for the debugger to settle...
[2016-02-01 17:21:38:049] DebugLaunchPlugin - Waiting for the debugger to settle...
[2016-02-01 17:21:38:061] DebugLaunchPlugin - Waiting for the debugger to settle...
[2016-02-01 17:21:38:073] DebugLaunchPlugin - Waiting for the debugger to settle...
[2016-02-01 17:21:38:084] DebugLaunchPlugin - Waiting for the debugger to settle...
[2016-02-01 17:21:38:096] DebugLaunchPlugin - Waiting for the debugger to settle...
[2016-02-01 17:21:38:109] DebugLaunchPlugin - Waiting for the debugger to settle...
[2016-02-01 17:21:38:122] DebugLaunchPlugin - Waiting for the debugger to settle...
[2016-02-01 17:21:38:135] DebugLaunchPlugin - Waiting for the debugger to settle...
[2016-02-01 17:21:38:148] DebugLaunchPlugin - Waiting for the debugger to settle...
[2016-02-01 17:21:38:161] DebugLaunchPlugin - Waiting for the debugger to settle...
[2016-02-01 17:21:38:172] DebugLaunchPlugin - Waiting for the debugger to settle...
[2016-02-01 17:21:38:185] DebugLaunchPlugin - Waiting for the debugger to settle...
[2016-02-01 17:21:38:196] DebugLaunchPlugin - Waiting for the debugger to settle...
[2016-02-01 17:21:38:209] DebugLaunchPlugin - Waiting for the debugger to settle...
[2016-02-01 17:21:38:221] DebugLaunchPlugin - Waiting for the debugger to settle...
[2016-02-01 17:21:38:234] DebugLaunchPlugin - Waiting for the debugger to settle...
[2016-02-01 17:21:38:244] DebugLaunchPlugin - Waiting for the debugger to settle...
[2016-02-01 17:21:38:257] DebugLaunchPlugin - Waiting for the debugger to settle...
[2016-02-01 17:21:38:270] DebugLaunchPlugin - Waiting for the debugger to settle...
[2016-02-01 17:21:38:282] DebugLaunchPlugin - Debugger has settled. Resuming inferior.
[2016-02-01 17:21:39:525] SoftJdwpEventProcessor - Reporting class prepare event EventRequest [id=6, eventKind=CLASS_PREPARE, suspendPolicy=EVENT_THREAD, constraints=[ClassMatchConstraint [classPattern=com.mob.demo.MyViewController$*]]] to JDWP client for class com/mob/demo/MyViewController$3$1
[2016-02-01 17:21:39:526] JdwpDebugServer - Command: m(15 1) id = 2752 length = 32
[2016-02-01 17:21:39:526] SoftJdwpEventProcessor - Set breakpoint at com/mob/demo/MyViewController$3$1.invoke(Lcom/mob/sharesdk/SSDKResponseState;Lorg/robovm/apple/foundation/NSDictionary;Lcom/mob/sharesdk/SSDKContentEntity;Lorg/robovm/apple/foundation/NSError;)V:90
[2016-02-01 17:21:39:529] JdwpDebugServer - Command: Z(11 3) id = 2753 length = 8
[2016-02-01 17:21:39:529] DebugChannel - Event: Thread resumed, java obj: 0x116818f30, thread: 0x116817ee0
[2016-02-01 17:21:40:541] DebugChannel - Event: Thread stopped, reason: Breakpoint, java obj: 0x116818f30, thread: 0x116817ee0, frames: 5
[2016-02-01 17:21:40:541] SoftDebugger - Reconstructing frames took: 3.09E-4secs
[2016-02-01 17:21:40:542] SoftJdwpEventProcessor - processing breakpoint event
[2016-02-01 17:21:40:543] JdwpDebugServer - Command: W(11 6) id = 2754 length = 16
[2016-02-01 17:21:40:543] JdwpDebugServer - Command: H(2 15) id = 2755 length = 8
[2016-02-01 17:21:40:543] SoftVmInterface - Reporting method: com/mob/sharesdk/ShareSDK$$BlockMarshaler2.invoke
[2016-02-01 17:21:40:544] SoftVmInterface - Reporting method: com/mob/sharesdk/ShareSDK$$BlockMarshaler2.invoke
[2016-02-01 17:21:40:544] SoftVmInterface - Reporting method: com/mob/sharesdk/ShareSDK$$BlockMarshaler2.invoked
[2016-02-01 17:21:40:544] SoftVmInterface - Reporting method: com/mob/sharesdk/ShareSDK$$BlockMarshaler2.<init>
[2016-02-01 17:21:40:544] SoftVmInterface - Reporting method: com/mob/sharesdk/ShareSDK$$BlockMarshaler2.finalize
[2016-02-01 17:21:40:544] SoftVmInterface - Reporting method: com/mob/sharesdk/ShareSDK$$BlockMarshaler2.toObject
[2016-02-01 17:21:40:544] SoftVmInterface - Reporting method: com/mob/sharesdk/ShareSDK$$BlockMarshaler2.toNative
[2016-02-01 17:21:40:544] SoftVmInterface - Reporting method: com/mob/sharesdk/ShareSDK$$BlockMarshaler2.<clinit>
[2016-02-01 17:21:40:544] JdwpDebugServer - Command: H(2 15) id = 2756 length = 8
[2016-02-01 17:21:40:544] SoftVmInterface - Reporting method: org/robovm/apple/uikit/UIApplication.<init>
[2016-02-01 17:21:40:544] SoftVmInterface - Reporting method: org/robovm/apple/uikit/UIApplication.<init>
[2016-02-01 17:21:40:544] SoftVmInterface - Reporting method: org/robovm/apple/uikit/UIApplication.<init>
[2016-02-01 17:21:40:544] SoftVmInterface - Reporting method: org/robovm/apple/uikit/UIApplication.getDelegate
[2016-02-01 17:21:40:545] SoftVmInterface - Reporting method: org/robovm/apple/uikit/UIApplication.setDelegate
[2016-02-01 17:21:40:545] SoftVmInterface - Reporting method: org/robovm/apple/uikit/UIApplication.isIdleTimerDisabled
[2016-02-01 17:21:40:545] SoftVmInterface - Reporting method: org/robovm/apple/uikit/UIApplication.setIdleTimerDisabled
[2016-02-01 17:21:40:545] SoftVmInterface - Reporting method: org/robovm/apple/uikit/UIApplication.getKeyWindow
[2016-02-01 17:21:40:545] SoftVmInterface - Reporting method: org/robovm/apple/uikit/UIApplication.getWindows
[2016-02-01 17:21:40:545] SoftVmInterface - Reporting method: org/robovm/apple/uikit/UIApplication.isNetworkActivityIndicatorVisible
[2016-02-01 17:21:40:545] SoftVmInterface - Reporting method: org/robovm/apple/uikit/UIApplication.setNetworkActivityIndicatorVisible
[2016-02-01 17:21:40:545] SoftVmInterface - Reporting method: org/robovm/apple/uikit/UIApplication.getStatusBarStyle
[2016-02-01 17:21:40:545] SoftVmInterface - Reporting method: org/robovm/apple/uikit/UIApplication.isStatusBarHidden
[2016-02-01 17:21:40:545] SoftVmInterface - Reporting method: org/robovm/apple/uikit/UIApplication.getStatusBarOrientation
[2016-02-01 17:21:40:545] SoftVmInterface - Reporting method: org/robovm/apple/uikit/UIApplication.getStatusBarOrientationAnimationDuration
[2016-02-01 17:21:40:545] SoftVmInterface - Reporting method: org/robovm/apple/uikit/UIApplication.getStatusBarFrame
[2016-02-01 17:21:40:545] SoftVmInterface - Reporting method: org/robovm/apple/uikit/UIApplication.getApplicationIconBadgeNumber
[2016-02-01 17:21:40:545] SoftVmInterface - Reporting method: org/robovm/apple/uikit/UIApplication.setApplicationIconBadgeNumber
[2016-02-01 17:21:40:545] SoftVmInterface - Reporting method: org/robovm/apple/uikit/UIApplication.supportsShakeToEdit
[2016-02-01 17:21:40:545] SoftVmInterface - Reporting method: org/robovm/apple/uikit/UIApplication.setSupportsShakeToEdit
[2016-02-01 17:21:40:545] SoftVmInterface - Reporting method: org/robovm/apple/uikit/UIApplication.getApplicationState
[2016-02-01 17:21:40:546] SoftVmInterface - Reporting method: org/robovm/apple/uikit/UIApplication.getBackgroundTimeRemaining
[2016-02-01 17:21:40:546] SoftVmInterface - Reporting method: org/robovm/apple/uikit/UIApplication.getBackgroundRefreshStatus
[2016-02-01 17:21:40:546] SoftVmInterface - Reporting method: org/robovm/apple/uikit/UIApplication.isProtectedDataAvailable
[2016-02-01 17:21:40:546] SoftVmInterface - Reporting method: org/robovm/apple/uikit/UIApplication.getUserInterfaceLayoutDirection
[2016-02-01 17:21:40:546] SoftVmInterface - Reporting method: org/robovm/apple/uikit/UIApplication.getPreferredContentSizeCategory
[2016-02-01 17:21:40:546] SoftVmInterface - Reporting method: org/robovm/apple/uikit/UIApplication.getScheduledLocalNotifications
[2016-02-01 17:21:40:546] SoftVmInterface - Reporting method: org/robovm/apple/uikit/UIApplication.setScheduledLocalNotifications
[2016-02-01 17:21:40:546] SoftVmInterface - Reporting method: org/robovm/apple/uikit/UIApplication.getShortcutItems
[2016-02-01 17:21:40:546] SoftVmInterface - Reporting method: org/robovm/apple/uikit/UIApplication.setShortcutItems
[2016-02-01 17:21:40:546] SoftVmInterface - Reporting method: org/robovm/apple/uikit/UIApplication.setStatusBarOrientation
[2016-02-01 17:21:40:546] SoftVmInterface - Reporting method: org/robovm/apple/uikit/UIApplication.setStatusBarStyle
[2016-02-01 17:21:40:546] SoftVmInterface - Reporting method: org/robovm/apple/uikit/UIApplication.setStatusBarHidden
[2016-02-01 17:21:40:546] SoftVmInterface - Reporting method: org/robovm/apple/uikit/UIApplication.main
[2016-02-01 17:21:40:546] SoftVmInterface - Reporting method: org/robovm/apple/uikit/UIApplication.preloadClasses
[2016-02-01 17:21:40:546] SoftVmInterface - Reporting method: org/robovm/apple/uikit/UIApplication.getInvalidBackgroundTask
[2016-02-01 17:21:40:546] SoftVmInterface - Reporting method: org/robovm/apple/uikit/UIApplication.getMinimumKeepAliveTimeout
[2016-02-01 17:21:40:546] SoftVmInterface - Reporting method: org/robovm/apple/uikit/UIApplication.getBackgroundFetchIntervalMinimum
[2016-02-01 17:21:40:546] SoftVmInterface - Reporting method: org/robovm/apple/uikit/UIApplication.getBackgroundFetchIntervalNever
[2016-02-01 17:21:40:546] SoftVmInterface - Reporting method: org/robovm/apple/uikit/UIApplication.DidEnterBackgroundNotification
[2016-02-01 17:21:40:547] SoftVmInterface - Reporting method: org/robovm/apple/uikit/UIApplication.WillEnterForegroundNotification
[2016-02-01 17:21:40:547] SoftVmInterface - Reporting method: org/robovm/apple/uikit/UIApplication.DidFinishLaunchingNotification
[2016-02-01 17:21:40:547] SoftVmInterface - Reporting method: org/robovm/apple/uikit/UIApplication.DidBecomeActiveNotification
[2016-02-01 17:21:40:547] SoftVmInterface - Reporting method: org/robovm/apple/uikit/UIApplication.WillResignActiveNotification
[2016-02-01 17:21:40:547] SoftVmInterface - Reporting method: org/robovm/apple/uikit/UIApplication.DidReceiveMemoryWarningNotification
[2016-02-01 17:21:40:547] SoftVmInterface - Reporting method: org/robovm/apple/uikit/UIApplication.WillTerminateNotification
[2016-02-01 17:21:40:547] SoftVmInterface - Reporting method: org/robovm/apple/uikit/UIApplication.SignificantTimeChangeNotification
[2016-02-01 17:21:40:547] SoftVmInterface - Reporting method: org/robovm/apple/uikit/UIApplication.WillChangeStatusBarOrientationNotification
[2016-02-01 17:21:40:547] SoftVmInterface - Reporting method: org/robovm/apple/uikit/UIApplication.DidChangeStatusBarOrientationNotification
[2016-02-01 17:21:40:547] SoftVmInterface - Reporting method: org/robovm/apple/uikit/UIApplication.StatusBarOrientationUserInfoKey
[2016-02-01 17:21:40:547] SoftVmInterface - Reporting method: org/robovm/apple/uikit/UIApplication.WillChangeStatusBarFrameNotification
[2016-02-01 17:21:40:547] SoftVmInterface - Reporting method: org/robovm/apple/uikit/UIApplication.DidChangeStatusBarFrameNotification
[2016-02-01 17:21:40:547] SoftVmInterface - Reporting method: org/robovm/apple/uikit/UIApplication.StatusBarFrameUserInfoKey
[2016-02-01 17:21:40:547] SoftVmInterface - Reporting method: org/robovm/apple/uikit/UIApplication.BackgroundRefreshStatusDidChangeNotification
[2016-02-01 17:21:40:547] SoftVmInterface - Reporting method: org/robovm/apple/uikit/UIApplication.ProtectedDataWillBecomeUnavailableNotification
[2016-02-01 17:21:40:547] SoftVmInterface - Reporting method: org/robovm/apple/uikit/UIApplication.ProtectedDataDidBecomeAvailableNotification
[2016-02-01 17:21:40:547] SoftVmInterface - Reporting method: org/robovm/apple/uikit/UIApplication.getOpenSettingsURLString
[2016-02-01 17:21:40:548] SoftVmInterface - Reporting method: org/robovm/apple/uikit/UIApplication.ContentSizeCategoryDidChangeNotification
[2016-02-01 17:21:40:548] SoftVmInterface - Reporting method: org/robovm/apple/uikit/UIApplication.ContentSizeCategoryNewValueKey
[2016-02-01 17:21:40:548] SoftVmInterface - Reporting method: org/robovm/apple/uikit/UIApplication.UserDidTakeScreenshotNotification
[2016-02-01 17:21:40:548] SoftVmInterface - Reporting method: org/robovm/apple/uikit/UIApplication.main
[2016-02-01 17:21:40:548] SoftVmInterface - Reporting method: org/robovm/apple/uikit/UIApplication.beginIgnoringInteractionEvents
[2016-02-01 17:21:40:548] SoftVmInterface - Reporting method: org/robovm/apple/uikit/UIApplication.endIgnoringInteractionEvents
[2016-02-01 17:21:40:548] SoftVmInterface - Reporting method: org/robovm/apple/uikit/UIApplication.isIgnoringInteractionEvents
[2016-02-01 17:21:40:548] SoftVmInterface - Reporting method: org/robovm/apple/uikit/UIApplication.openURL
[2016-02-01 17:21:40:548] SoftVmInterface - Reporting method: org/robovm/apple/uikit/UIApplication.canOpenURL
[2016-02-01 17:21:40:548] SoftVmInterface - Reporting method: org/robovm/apple/uikit/UIApplication.sendEvent
[2016-02-01 17:21:40:548] SoftVmInterface - Reporting method: org/robovm/apple/uikit/UIApplication.sendAction
[2016-02-01 17:21:40:548] SoftVmInterface - Reporting method: org/robovm/apple/uikit/UIApplication.getSupportedInterfaceOrientations
[2016-02-01 17:21:40:548] SoftVmInterface - Reporting method: org/robovm/apple/uikit/UIApplication.beginBackgroundTask
[2016-02-01 17:21:40:548] SoftVmInterface - Reporting method: org/robovm/apple/uikit/UIApplication.beginBackgroundTask
[2016-02-01 17:21:40:549] SoftVmInterface - Reporting method: org/robovm/apple/uikit/UIApplication.endBackgroundTask
[2016-02-01 17:21:40:549] SoftVmInterface - Reporting method: org/robovm/apple/uikit/UIApplication.setMinimumBackgroundFetchInterval
[2016-02-01 17:21:40:549] SoftVmInterface - Reporting method: org/robovm/apple/uikit/UIApplication.getSharedApplication
[2016-02-01 17:21:40:549] SoftVmInterface - Reporting method: org/robovm/apple/uikit/UIApplication.registerForRemoteNotifications
[2016-02-01 17:21:40:549] SoftVmInterface - Reporting method: org/robovm/apple/uikit/UIApplication.unregisterForRemoteNotifications
[2016-02-01 17:21:40:549] SoftVmInterface - Reporting method: org/robovm/apple/uikit/UIApplication.isRegisteredForRemoteNotifications
[2016-02-01 17:21:40:549] SoftVmInterface - Reporting method: org/robovm/apple/uikit/UIApplication.registerForRemoteNotificationTypes
[2016-02-01 17:21:40:549] SoftVmInterface - Reporting method: org/robovm/apple/uikit/UIApplication.getEnabledRemoteNotificationTypes
[2016-02-01 17:21:40:549] SoftVmInterface - Reporting method: org/robovm/apple/uikit/UIApplication.presentLocalNotificationNow
[2016-02-01 17:21:40:549] SoftVmInterface - Reporting method: org/robovm/apple/uikit/UIApplication.scheduleLocalNotification
[2016-02-01 17:21:40:549] SoftVmInterface - Reporting method: org/robovm/apple/uikit/UIApplication.cancelLocalNotification
[2016-02-01 17:21:40:549] SoftVmInterface - Reporting method: org/robovm/apple/uikit/UIApplication.cancelAllLocalNotifications
[2016-02-01 17:21:40:549] SoftVmInterface - Reporting method: org/robovm/apple/uikit/UIApplication.registerUserNotificationSettings
[2016-02-01 17:21:40:549] SoftVmInterface - Reporting method: org/robovm/apple/uikit/UIApplication.getCurrentUserNotificationSettings
[2016-02-01 17:21:40:549] SoftVmInterface - Reporting method: org/robovm/apple/uikit/UIApplication.beginReceivingRemoteControlEvents
[2016-02-01 17:21:40:549] SoftVmInterface - Reporting method: org/robovm/apple/uikit/UIApplication.endReceivingRemoteControlEvents
[2016-02-01 17:21:40:549] SoftVmInterface - Reporting method: org/robovm/apple/uikit/UIApplication.setNewsstandIconImage
[2016-02-01 17:21:40:550] SoftVmInterface - Reporting method: org/robovm/apple/uikit/UIApplication.extendStateRestoration
[2016-02-01 17:21:40:550] SoftVmInterface - Reporting method: org/robovm/apple/uikit/UIApplication.completeStateRestoration
[2016-02-01 17:21:40:550] SoftVmInterface - Reporting method: org/robovm/apple/uikit/UIApplication.ignoreSnapshotOnNextApplicationLaunch
[2016-02-01 17:21:40:550] SoftVmInterface - Reporting method: org/robovm/apple/uikit/UIApplication.registerObjectForStateRestoration
[2016-02-01 17:21:40:550] SoftVmInterface - Reporting method: org/robovm/apple/uikit/UIApplication.setStatusBarOrientation
[2016-02-01 17:21:40:550] SoftVmInterface - Reporting method: org/robovm/apple/uikit/UIApplication.setStatusBarStyle
[2016-02-01 17:21:40:550] SoftVmInterface - Reporting method: org/robovm/apple/uikit/UIApplication.setStatusBarHidden
[2016-02-01 17:21:40:550] SoftVmInterface - Reporting method: org/robovm/apple/uikit/UIApplication.setKeepAliveTimeout
[2016-02-01 17:21:40:550] SoftVmInterface - Reporting method: org/robovm/apple/uikit/UIApplication.clearKeepAliveTimeout
[2016-02-01 17:21:40:550] SoftVmInterface - Reporting method: org/robovm/apple/uikit/UIApplication.access$002
[2016-02-01 17:21:40:550] SoftVmInterface - Reporting method: org/robovm/apple/uikit/UIApplication.access$000
[2016-02-01 17:21:40:550] SoftVmInterface - Reporting method: org/robovm/apple/uikit/UIApplication.<clinit>
[2016-02-01 17:21:40:550] SoftVmInterface - Reporting method: org/robovm/apple/uikit/UIApplication.$m$delegate
[2016-02-01 17:21:40:550] SoftVmInterface - Reporting method: org/robovm/apple/uikit/UIApplication.$m$super$delegate
[2016-02-01 17:21:40:550] SoftVmInterface - Reporting method: org/robovm/apple/uikit/UIApplication.$m$setDelegate$
[2016-02-01 17:21:40:550] SoftVmInterface - Reporting method: org/robovm/apple/uikit/UIApplication.$m$super$setDelegate$
[2016-02-01 17:21:40:550] SoftVmInterface - Reporting method: org/robovm/apple/uikit/UIApplication.$m$windows
[2016-02-01 17:21:40:550] SoftVmInterface - Reporting method: org/robovm/apple/uikit/UIApplication.$m$super$windows
[2016-02-01 17:21:40:550] SoftVmInterface - Reporting method: org/robovm/apple/uikit/UIApplication.$m$statusBarStyle
[2016-02-01 17:21:40:551] SoftVmInterface - Reporting method: org/robovm/apple/uikit/UIApplication.$m$super$statusBarStyle
[2016-02-01 17:21:40:551] SoftVmInterface - Reporting method: org/robovm/apple/uikit/UIApplication.$m$statusBarOrientation
[2016-02-01 17:21:40:551] SoftVmInterface - Reporting method: org/robovm/apple/uikit/UIApplication.$m$super$statusBarOrientation
[2016-02-01 17:21:40:551] SoftVmInterface - Reporting method: org/robovm/apple/uikit/UIApplication.$m$statusBarFrame
[2016-02-01 17:21:40:551] SoftVmInterface - Reporting method: org/robovm/apple/uikit/UIApplication.$m$super$statusBarFrame
[2016-02-01 17:21:40:551] SoftVmInterface - Reporting method: org/robovm/apple/uikit/UIApplication.$m$applicationState
[2016-02-01 17:21:40:551] SoftVmInterface - Reporting method: org/robovm/apple/uikit/UIApplication.$m$super$applicationState
[2016-02-01 17:21:40:551] SoftVmInterface - Reporting method: org/robovm/apple/uikit/UIApplication.$m$backgroundRefreshStatus
[2016-02-01 17:21:40:551] SoftVmInterface - Reporting method: org/robovm/apple/uikit/UIApplication.$m$super$backgroundRefreshStatus
[2016-02-01 17:21:40:551] SoftVmInterface - Reporting method: org/robovm/apple/uikit/UIApplication.$m$userInterfaceLayoutDirection
[2016-02-01 17:21:40:551] SoftVmInterface - Reporting method: org/robovm/apple/uikit/UIApplication.$m$super$userInterfaceLayoutDirection
[2016-02-01 17:21:40:551] SoftVmInterface - Reporting method: org/robovm/apple/uikit/UIApplication.$m$scheduledLocalNotifications
[2016-02-01 17:21:40:551] SoftVmInterface - Reporting method: org/robovm/apple/uikit/UIApplication.$m$super$scheduledLocalNotifications
[2016-02-01 17:21:40:551] SoftVmInterface - Reporting method: org/robovm/apple/uikit/UIApplication.$m$setScheduledLocalNotifications$
[2016-02-01 17:21:40:551] SoftVmInterface - Reporting method: org/robovm/apple/uikit/UIApplication.$m$super$setScheduledLocalNotifications$
[2016-02-01 17:21:40:551] SoftVmInterface - Reporting method: org/robovm/apple/uikit/UIApplication.$m$shortcutItems
[2016-02-01 17:21:40:551] SoftVmInterface - Reporting method: org/robovm/apple/uikit/UIApplication.$m$super$shortcutItems
[2016-02-01 17:21:40:551] SoftVmInterface - Reporting method: org/robovm/apple/uikit/UIApplication.$m$setShortcutItems$
[2016-02-01 17:21:40:551] SoftVmInterface - Reporting method: org/robovm/apple/uikit/UIApplication.$m$super$setShortcutItems$
[2016-02-01 17:21:40:552] SoftVmInterface - Reporting method: org/robovm/apple/uikit/UIApplication.$m$setStatusBarOrientation$
[2016-02-01 17:21:40:552] SoftVmInterface - Reporting method: org/robovm/apple/uikit/UIApplication.$m$super$setStatusBarOrientation$
[2016-02-01 17:21:40:552] SoftVmInterface - Reporting method: org/robovm/apple/uikit/UIApplication.$m$setStatusBarStyle$
[2016-02-01 17:21:40:552] SoftVmInterface - Reporting method: org/robovm/apple/uikit/UIApplication.$m$super$setStatusBarStyle$
[2016-02-01 17:21:40:552] SoftVmInterface - Reporting method: org/robovm/apple/uikit/UIApplication.$m$openURL$
[2016-02-01 17:21:40:552] SoftVmInterface - Reporting method: org/robovm/apple/uikit/UIApplication.$m$super$openURL$
[2016-02-01 17:21:40:552] SoftVmInterface - Reporting method: org/robovm/apple/uikit/UIApplication.$m$canOpenURL$
[2016-02-01 17:21:40:552] SoftVmInterface - Reporting method: org/robovm/apple/uikit/UIApplication.$m$super$canOpenURL$
[2016-02-01 17:21:40:552] SoftVmInterface - Reporting method: org/robovm/apple/uikit/UIApplication.$m$sendAction$to$from$forEvent$
[2016-02-01 17:21:40:552] SoftVmInterface - Reporting method: org/robovm/apple/uikit/UIApplication.$m$super$sendAction$to$from$forEvent$
[2016-02-01 17:21:40:552] SoftVmInterface - Reporting method: org/robovm/apple/uikit/UIApplication.$m$supportedInterfaceOrientationsForWindow$
[2016-02-01 17:21:40:552] SoftVmInterface - Reporting method: org/robovm/apple/uikit/UIApplication.$m$super$supportedInterfaceOrientationsForWindow$
[2016-02-01 17:21:40:552] SoftVmInterface - Reporting method: org/robovm/apple/uikit/UIApplication.$m$beginBackgroundTaskWithExpirationHandler$
[2016-02-01 17:21:40:552] SoftVmInterface - Reporting method: org/robovm/apple/uikit/UIApplication.$m$super$beginBackgroundTaskWithExpirationHandler$
[2016-02-01 17:21:40:552] SoftVmInterface - Reporting method: org/robovm/apple/uikit/UIApplication.$m$beginBackgroundTaskWithName$expirationHandler$
[2016-02-01 17:21:40:552] SoftVmInterface - Reporting method: org/robovm/apple/uikit/UIApplication.$m$super$beginBackgroundTaskWithName$expirationHandler$
[2016-02-01 17:21:40:552] SoftVmInterface - Reporting method: org/robovm/apple/uikit/UIApplication.$m$sharedApplication
[2016-02-01 17:21:40:552] SoftVmInterface - Reporting method: org/robovm/apple/uikit/UIApplication.$m$registerForRemoteNotificationTypes$
[2016-02-01 17:21:40:552] SoftVmInterface - Reporting method: org/robovm/apple/uikit/UIApplication.$m$super$registerForRemoteNotificationTypes$
[2016-02-01 17:21:40:552] SoftVmInterface - Reporting method: org/robovm/apple/uikit/UIApplication.$m$enabledRemoteNotificationTypes
[2016-02-01 17:21:40:553] SoftVmInterface - Reporting method: org/robovm/apple/uikit/UIApplication.$m$super$enabledRemoteNotificationTypes
[2016-02-01 17:21:40:553] SoftVmInterface - Reporting method: org/robovm/apple/uikit/UIApplication.$m$registerObjectForStateRestoration$restorationIdentifier$
[2016-02-01 17:21:40:553] SoftVmInterface - Reporting method: org/robovm/apple/uikit/UIApplication.$m$setStatusBarOrientation$animated$
[2016-02-01 17:21:40:553] SoftVmInterface - Reporting method: org/robovm/apple/uikit/UIApplication.$m$super$setStatusBarOrientation$animated$
[2016-02-01 17:21:40:553] SoftVmInterface - Reporting method: org/robovm/apple/uikit/UIApplication.$m$setStatusBarStyle$animated$
[2016-02-01 17:21:40:553] SoftVmInterface - Reporting method: org/robovm/apple/uikit/UIApplication.$m$super$setStatusBarStyle$animated$
[2016-02-01 17:21:40:553] SoftVmInterface - Reporting method: org/robovm/apple/uikit/UIApplication.$m$setStatusBarHidden$withAnimation$
[2016-02-01 17:21:40:553] SoftVmInterface - Reporting method: org/robovm/apple/uikit/UIApplication.$m$super$setStatusBarHidden$withAnimation$
[2016-02-01 17:21:40:553] SoftVmInterface - Reporting method: org/robovm/apple/uikit/UIApplication.$m$setKeepAliveTimeout$handler$
[2016-02-01 17:21:40:553] SoftVmInterface - Reporting method: org/robovm/apple/uikit/UIApplication.$m$super$setKeepAliveTimeout$handler$
[2016-02-01 17:21:40:554] JdwpDebugServer - Command: H(2 15) id = 2757 length = 8
[2016-02-01 17:21:40:554] SoftVmInterface - Reporting method: com/mob/demo/ShareSDKDemo.<init>
[2016-02-01 17:21:40:554] SoftVmInterface - Reporting method: com/mob/demo/ShareSDKDemo.didFinishLaunching
[2016-02-01 17:21:40:554] SoftVmInterface - Reporting method: com/mob/demo/ShareSDKDemo.main
[2016-02-01 17:21:40:554] SoftVmInterface - Reporting method: com/mob/demo/ShareSDKDemo.initShareSDK
[2016-02-01 17:21:40:554] SoftVmInterface - Reporting method: com/mob/demo/ShareSDKDemo.$cb$application$didFinishLaunchingWithOptions$
[2016-02-01 17:21:40:554] SoftVmInterface - Reporting method: com/mob/demo/ShareSDKDemo.$cb$init
[2016-02-01 17:21:40:554] SoftVmInterface - Reporting method: com/mob/demo/ShareSDKDemo.$setHandle
[2016-02-01 17:21:40:554] SoftVmInterface - Reporting method: com/mob/demo/ShareSDKDemo.$cb$initWithCoder$
[2016-02-01 17:21:40:554] SoftVmInterface - Reporting method: com/mob/demo/ShareSDKDemo.$m$super$initWithCoder$
[2016-02-01 17:21:40:554] SoftVmInterface - Reporting method: com/mob/demo/ShareSDKDemo.$getSuper
[2016-02-01 17:21:40:554] SoftVmInterface - Reporting method: com/mob/demo/ShareSDKDemo.$initObject
[2016-02-01 17:21:40:555] SoftVmInterface - Reporting method: com/mob/demo/ShareSDKDemo.<clinit>
[2016-02-01 17:21:40:555] JdwpDebugServer - Command: V(11 7) id = 2758 length = 8
[2016-02-01 17:21:40:555] JdwpDebugServer - Command: Y(11 8) id = 2759 length = 8
[2016-02-01 17:21:40:556] JdwpDebugServer - Command: U(11 9) id = 2760 length = 8
[2016-02-01 17:21:40:556] JdwpDebugServer - Command: Y(11 8) id = 2761 length = 8
[2016-02-01 17:21:40:556] JdwpDebugServer - Command: U(11 9) id = 2762 length = 8
[2016-02-01 17:21:40:556] JdwpDebugServer - Command: U(11 9) id = 2763 length = 8
[2016-02-01 17:21:40:557] JdwpDebugServer - Command: Y(11 8) id = 2764 length = 8
[2016-02-01 17:21:40:557] JdwpDebugServer - Command: U(11 9) id = 2765 length = 8
[2016-02-01 17:21:40:558] JdwpDebugServer - Command: Y(11 8) id = 2766 length = 8
[2016-02-01 17:21:40:558] JdwpDebugServer - Command: U(11 9) id = 2767 length = 8
[2016-02-01 17:21:40:559] JdwpDebugServer - Command: Y(11 8) id = 2768 length = 8
[2016-02-01 17:21:40:559] JdwpDebugServer - Command: U(11 9) id = 2769 length = 8
[2016-02-01 17:21:40:559] JdwpDebugServer - Command: Y(11 8) id = 2770 length = 8
[2016-02-01 17:21:40:710] JdwpDebugServer - Command: L(2 7) id = 2771 length = 8
[2016-02-01 17:21:40:754] JdwpDebugServer - Command: X(11 1) id = 2772 length = 8
[2016-02-01 17:21:40:755] JdwpDebugServer - Command: K(2 13) id = 2773 length = 8
[2016-02-01 17:21:40:755] JdwpDebugServer - Command: P(16 3) id = 2774 length = 16
[2016-02-01 17:21:40:756] JdwpDebugServer - Command: y(9 1) id = 2775 length = 8
[2016-02-01 17:21:40:756] JdwpDebugServer - Command: X(11 1) id = 2776 length = 8
[2016-02-01 17:21:40:758] JdwpDebugServer - Command: X(11 1) id = 2777 length = 8
[2016-02-01 17:21:40:816] JdwpDebugServer - Command: q(6 5) id = 2778 length = 16
[2016-02-01 17:21:40:816] JdwpDebugServer - Command: V(11 7) id = 2779 length = 8
[2016-02-01 17:21:40:817] JdwpDebugServer - Command: Y(11 8) id = 2780 length = 8
[2016-02-01 17:21:40:817] JdwpDebugServer - Command: U(11 9) id = 2781 length = 8
[2016-02-01 17:21:40:946] JdwpDebugServer - Command: o(6 1) id = 2782 length = 16
[2016-02-01 17:21:40:947] SoftVmInterface - Reporting line numbers for method com/mob/sharesdk/ShareSDK$$BlockMarshaler2.invoked: [1048578]
[2016-02-01 17:21:40:947] JdwpDebugServer - Command: o(6 1) id = 2783 length = 16
[2016-02-01 17:21:40:948] SoftVmInterface - Reporting line numbers for method org/robovm/apple/uikit/UIApplication.main: [365, 366, 367, 368, 369, 371, 372, 375, 376, 377, 379, 380, 381, 384, 385, 386, 388, 389, 394, 400, 408, 409, 410, 411, 413, 414]
[2016-02-01 17:21:40:948] JdwpDebugServer - Command: o(6 1) id = 2784 length = 16
[2016-02-01 17:21:40:949] SoftVmInterface - Reporting line numbers for method com/mob/demo/ShareSDKDemo.main: [40, 41, 42, 43]
[2016-02-01 17:21:43:028] JdwpDebugServer - Command: Z(11 3) id = 2785 length = 8
[2016-02-01 17:21:43:029] DebugChannel - Event: Thread resumed, java obj: 0x116818f30, thread: 0x116817ee0
[2016-02-01 17:21:43:033] JdwpDebugServer - Command: U(11 9) id = 2786 length = 8
[2016-02-01 17:21:43:033] JdwpDebugServer - Command: Y(11 8) id = 2787 length = 8
[2016-02-01 17:21:43:034] JdwpDebugServer - Command: U(11 9) id = 2788 length = 8
[2016-02-01 17:21:43:035] JdwpDebugServer - Command: Y(11 8) id = 2789 length = 8
[2016-02-01 17:21:43:035] JdwpDebugServer - Command: U(11 9) id = 2790 length = 8
[2016-02-01 17:21:43:035] JdwpDebugServer - Command: Y(11 8) id = 2791 length = 8
[2016-02-01 17:21:43:036] JdwpDebugServer - Command: U(11 9) id = 2792 length = 8
[2016-02-01 17:21:43:036] JdwpDebugServer - Command: Y(11 8) id = 2793 length = 8
[2016-02-01 17:21:43:129] JdwpDebugServer - Command: X(11 1) id = 2794 length = 8
[2016-02-01 17:21:44:476] DebugChannel - Error in debug channel thread: null
[2016-02-01 17:21:44:476] DebugChannel - Shutting down debug channel thread
[2016-02-01 17:21:44:477] JdwpDebugServer - com.robovm.debug.server.DebuggerException: Request interrupted
	at com.robovm.debug.server.d.i.a(Unknown.java:805)
	at com.robovm.debug.server.d.d.a(Unknown.java:203)
	at com.robovm.debug.server.d.t.e(Unknown.java:87)
	at com.robovm.debug.server.d.t.h(Unknown.java:114)
	at com.robovm.debug.server.e.b.j(Unknown.java:93)
	at com.robovm.debug.server.e.f.a(Unknown.java:33)
	at com.robovm.debug.server.e.c.a(Unknown.java:140)
	at com.robovm.debug.server.d.C.c(Unknown.java:1136)
	at com.robovm.debug.server.b.c.b.p(Unknown.java:1228)
	at com.robovm.debug.server.b.a.X.a(Unknown.java:22)
	at com.robovm.debug.server.b.a.ae.b(Unknown.java:26)
	at com.robovm.debug.server.b.p.a(Unknown.java:7320)
	at com.robovm.debug.server.b.q.run(Unknown.java:207)
Caused by: java.lang.InterruptedException
	at java.util.concurrent.locks.AbstractQueuedSynchronizer.doAcquireSharedNanos(AbstractQueuedSynchronizer.java:1038)
	at java.util.concurrent.locks.AbstractQueuedSynchronizer.tryAcquireSharedNanos(AbstractQueuedSynchronizer.java:1326)
	at java.util.concurrent.CountDownLatch.await(CountDownLatch.java:282)
	at com.robovm.debug.server.d.c.await(Unknown.java:31)
	at com.robovm.debug.server.d.i.a(Unknown.java:801)
	... 12 more
[2016-02-01 17:21:48:035] SoftJdwpEventProcessor - processing vm death event
[2016-02-01 17:21:48:035] SoftDebugger - Shutting down event loop thread
[2016-02-01 17:21:48:131] DebugLaunchPlugin - Shutting down JDWP server
