[2016-02-02 12:30:46:100] ExecutableMemoryAccess - Reading executable bytes took: 0.184501
[2016-02-02 12:30:46:122] ExecutableMemoryAccess - Dumped section __TEXT,__text, took: 0.007047
[2016-02-02 12:30:46:123] ExecutableMemoryAccess - Dumped section __TEXT,__const, took: 9.71E-4
[2016-02-02 12:30:46:136] ExecutableMemoryAccess - Dumped section __DATA,__const, took: 0.013006
[2016-02-02 12:30:46:138] ExecutableMemoryAccess - Dumped section __DATA,__data, took: 0.001047
[2016-02-02 12:30:46:138] ExecutableMemoryAccess - Parsing sections took: 0.221972
[2016-02-02 12:30:47:354] ExecutableSymbolLookup - Reading nm output took: 1.437941
[2016-02-02 12:30:47:474] ExecutableSymbolLookup - Parsing nm output took: 0.11921
[2016-02-02 12:30:47:474] ExecutableSymbolLookup - Parsing symbols took: 1.558173
[2016-02-02 12:30:49:353] DebugLaunchPlugin - Got port address in 0.950668secs
[2016-02-02 12:30:49:354] SoftDebugger - Established connection to app on port 63691
[2016-02-02 12:30:49:354] ClassInfoParser - Reading boot classes info
[2016-02-02 12:30:49:354] DebugChannel - Starting debug channel thread
[2016-02-02 12:30:49:356] ClassInfoParser - Took 0.001614
[2016-02-02 12:30:49:356] ClassInfoParser - Reading classes info
[2016-02-02 12:30:49:358] ClassInfoParser - Took 0.001603
[2016-02-02 12:30:49:437] DebugChannel - Event: Thread attached, java obj: 0x116818f30, thread: 0x116817ee0
[2016-02-02 12:30:49:444] SoftDebugger - Loading class infos took: 0.089791secs
[2016-02-02 12:30:49:447] SoftDebugger - Loading class infos and adjusting addresses took: 0.092586secs
[2016-02-02 12:30:49:450] DebugLaunchPlugin - Waiting for JDWP client to connect
[2016-02-02 12:30:49:450] SocketTransport - Listening for transport dt_socket at address: 63683
[2016-02-02 12:30:49:454] SoftDebugger - Thread main attached
[2016-02-02 12:30:49:513] DebugChannel - Event: Thread stopped, reason: Exception, java obj: 0x116818f30, thread: 0x116817ee0, frames: 15
[2016-02-02 12:30:49:516] SoftDebugger - Reconstructing frames took: 0.00339secs
[2016-02-02 12:30:49:517] DebugChannel - Event: Thread resumed, java obj: 0x116818f30, thread: 0x116817ee0
[2016-02-02 12:30:49:523] DebugChannel - Event: Thread stopped, reason: Exception, java obj: 0x116818f30, thread: 0x116817ee0, frames: 10
[2016-02-02 12:30:49:523] SoftDebugger - Reconstructing frames took: 7.7E-5secs
[2016-02-02 12:30:49:526] DebugChannel - Event: Thread resumed, java obj: 0x116818f30, thread: 0x116817ee0
[2016-02-02 12:30:49:530] DebugChannel - Event: Thread attached, java obj: 0x116818ea0, thread: 0x116817e00
[2016-02-02 12:30:49:531] DebugChannel - Event: Thread attached, java obj: 0x116818d80, thread: 0x116817d20
[2016-02-02 12:30:49:531] DebugChannel - Event: Thread attached, java obj: 0x116818c60, thread: 0x116817c40
[2016-02-02 12:30:49:532] SoftDebugger - Thread ReferenceQueueDaemon attached
[2016-02-02 12:30:49:534] SoftDebugger - Thread FinalizerDaemon attached
[2016-02-02 12:30:49:536] SoftDebugger - Thread FinalizerWatchdogDaemon attached
[2016-02-02 12:30:49:555] DebugChannel - Event: Thread stopped, reason: Exception, java obj: 0x116818f30, thread: 0x116817ee0, frames: 9
[2016-02-02 12:30:49:557] SoftDebugger - Reconstructing frames took: 0.001297secs
[2016-02-02 12:30:49:557] DebugChannel - Event: Thread resumed, java obj: 0x116818f30, thread: 0x116817ee0
[2016-02-02 12:30:49:558] DebugChannel - Event: Thread stopped, reason: Exception, java obj: 0x116818f30, thread: 0x116817ee0, frames: 9
[2016-02-02 12:30:49:558] SoftDebugger - Reconstructing frames took: 4.7E-5secs
[2016-02-02 12:30:49:558] DebugChannel - Event: Thread resumed, java obj: 0x116818f30, thread: 0x116817ee0
[2016-02-02 12:30:49:560] DebugChannel - Event: Thread stopped, reason: Exception, java obj: 0x116818f30, thread: 0x116817ee0, frames: 9
[2016-02-02 12:30:49:560] SoftDebugger - Reconstructing frames took: 7.1E-5secs
[2016-02-02 12:30:49:563] DebugChannel - Event: Thread resumed, java obj: 0x116818f30, thread: 0x116817ee0
[2016-02-02 12:30:49:565] DebugChannel - Event: Thread stopped, reason: Exception, java obj: 0x116818f30, thread: 0x116817ee0, frames: 9
[2016-02-02 12:30:49:565] SoftDebugger - Reconstructing frames took: 7.9E-5secs
[2016-02-02 12:30:49:565] DebugChannel - Event: Thread resumed, java obj: 0x116818f30, thread: 0x116817ee0
[2016-02-02 12:30:49:566] DebugChannel - Event: Thread stopped, reason: Exception, java obj: 0x116818f30, thread: 0x116817ee0, frames: 9
[2016-02-02 12:30:49:566] SoftDebugger - Reconstructing frames took: 5.3E-5secs
[2016-02-02 12:30:49:567] DebugChannel - Event: Thread resumed, java obj: 0x116818f30, thread: 0x116817ee0
[2016-02-02 12:30:49:567] DebugChannel - Event: Thread stopped, reason: Exception, java obj: 0x116818f30, thread: 0x116817ee0, frames: 9
[2016-02-02 12:30:49:567] SoftDebugger - Reconstructing frames took: 3.1E-5secs
[2016-02-02 12:30:49:568] DebugChannel - Event: Thread resumed, java obj: 0x116818f30, thread: 0x116817ee0
[2016-02-02 12:30:49:568] DebugChannel - Event: Thread stopped, reason: Exception, java obj: 0x116818f30, thread: 0x116817ee0, frames: 9
[2016-02-02 12:30:49:568] SoftDebugger - Reconstructing frames took: 2.9E-5secs
[2016-02-02 12:30:49:568] DebugChannel - Event: Thread resumed, java obj: 0x116818f30, thread: 0x116817ee0
[2016-02-02 12:30:49:569] DebugChannel - Event: Thread stopped, reason: Exception, java obj: 0x116818f30, thread: 0x116817ee0, frames: 9
[2016-02-02 12:30:49:569] SoftDebugger - Reconstructing frames took: 2.9E-5secs
[2016-02-02 12:30:49:570] DebugChannel - Event: Thread resumed, java obj: 0x116818f30, thread: 0x116817ee0
[2016-02-02 12:30:49:571] DebugChannel - Event: Thread stopped, reason: Exception, java obj: 0x116818f30, thread: 0x116817ee0, frames: 9
[2016-02-02 12:30:49:571] SoftDebugger - Reconstructing frames took: 4.0E-5secs
[2016-02-02 12:30:49:571] DebugChannel - Event: Thread resumed, java obj: 0x116818f30, thread: 0x116817ee0
[2016-02-02 12:30:49:572] DebugChannel - Event: Thread stopped, reason: Exception, java obj: 0x116818f30, thread: 0x116817ee0, frames: 9
[2016-02-02 12:30:49:572] SoftDebugger - Reconstructing frames took: 2.7E-5secs
[2016-02-02 12:30:49:572] DebugChannel - Event: Thread resumed, java obj: 0x116818f30, thread: 0x116817ee0
[2016-02-02 12:30:49:578] DebugChannel - Event: Thread stopped, reason: Exception, java obj: 0x116818f30, thread: 0x116817ee0, frames: 9
[2016-02-02 12:30:49:578] SoftDebugger - Reconstructing frames took: 6.0E-5secs
[2016-02-02 12:30:49:580] DebugChannel - Event: Thread resumed, java obj: 0x116818f30, thread: 0x116817ee0
[2016-02-02 12:30:49:686] DebugChannel - Event: Thread stopped, reason: Exception, java obj: 0x116818f30, thread: 0x116817ee0, frames: 15
[2016-02-02 12:30:49:687] SoftDebugger - Reconstructing frames took: 0.001068secs
[2016-02-02 12:30:49:687] DebugChannel - Event: Thread resumed, java obj: 0x116818f30, thread: 0x116817ee0
[2016-02-02 12:30:49:691] DebugChannel - Event: Thread stopped, reason: Exception, java obj: 0x116818f30, thread: 0x116817ee0, frames: 10
[2016-02-02 12:30:49:691] SoftDebugger - Reconstructing frames took: 7.3E-5secs
[2016-02-02 12:30:49:693] DebugChannel - Event: Thread resumed, java obj: 0x116818f30, thread: 0x116817ee0
[2016-02-02 12:30:50:069] DebugChannel - Event: Thread stopped, reason: Exception, java obj: 0x116818f30, thread: 0x116817ee0, frames: 9
[2016-02-02 12:30:50:071] SoftDebugger - Reconstructing frames took: 0.0011secs
[2016-02-02 12:30:50:072] DebugChannel - Event: Thread resumed, java obj: 0x116818f30, thread: 0x116817ee0
[2016-02-02 12:30:50:073] DebugChannel - Event: Thread stopped, reason: Exception, java obj: 0x116818f30, thread: 0x116817ee0, frames: 8
[2016-02-02 12:30:50:073] SoftDebugger - Reconstructing frames took: 4.8E-5secs
[2016-02-02 12:30:50:074] DebugChannel - Event: Thread resumed, java obj: 0x116818f30, thread: 0x116817ee0
[2016-02-02 12:30:50:074] DebugChannel - Event: Thread stopped, reason: Exception, java obj: 0x116818f30, thread: 0x116817ee0, frames: 8
[2016-02-02 12:30:50:074] SoftDebugger - Reconstructing frames took: 5.0E-5secs
[2016-02-02 12:30:50:075] DebugChannel - Event: Thread resumed, java obj: 0x116818f30, thread: 0x116817ee0
[2016-02-02 12:30:50:075] DebugChannel - Event: Thread stopped, reason: Exception, java obj: 0x116818f30, thread: 0x116817ee0, frames: 3
[2016-02-02 12:30:50:075] SoftDebugger - Reconstructing frames took: 2.9E-5secs
[2016-02-02 12:30:50:075] DebugChannel - Event: Thread resumed, java obj: 0x116818f30, thread: 0x116817ee0
[2016-02-02 12:30:50:076] DebugChannel - Event: Thread stopped, reason: Exception, java obj: 0x116818f30, thread: 0x116817ee0, frames: 3
[2016-02-02 12:30:50:076] SoftDebugger - Reconstructing frames took: 2.4E-5secs
[2016-02-02 12:30:50:076] DebugChannel - Event: Thread resumed, java obj: 0x116818f30, thread: 0x116817ee0
[2016-02-02 12:30:50:077] DebugChannel - Event: Thread stopped, reason: Exception, java obj: 0x116818f30, thread: 0x116817ee0, frames: 1
[2016-02-02 12:30:50:077] SoftDebugger - Reconstructing frames took: 1.2E-5secs
[2016-02-02 12:30:50:077] DebugChannel - Event: Thread resumed, java obj: 0x116818f30, thread: 0x116817ee0
[2016-02-02 12:30:50:077] DebugChannel - Event: Thread stopped, reason: Exception, java obj: 0x116818f30, thread: 0x116817ee0, frames: 1
[2016-02-02 12:30:50:077] SoftDebugger - Reconstructing frames took: 1.2E-5secs
[2016-02-02 12:30:50:078] DebugChannel - Event: Thread resumed, java obj: 0x116818f30, thread: 0x116817ee0
[2016-02-02 12:30:50:081] DebugChannel - Event: Thread detached, java obj: 0x116818f30, thread: 0x116817ee0, exception: 0x0
[2016-02-02 12:30:50:096] DebugChannel - Error in debug channel thread: null
[2016-02-02 12:30:50:096] DebugChannel - Shutting down debug channel thread
[2016-02-02 12:30:50:097] SoftDebugger - com.robovm.debug.server.DebuggerException: Request interrupted
	at com.robovm.debug.server.d.i.a(Unknown.java:805)
	at com.robovm.debug.server.d.d.a(Unknown.java:203)
	at com.robovm.debug.server.d.t.e(Unknown.java:87)
	at com.robovm.debug.server.d.t.h(Unknown.java:114)
	at com.robovm.debug.server.e.b.j(Unknown.java:93)
	at com.robovm.debug.server.e.f.a(Unknown.java:33)
	at com.robovm.debug.server.e.c.a(Unknown.java:140)
	at com.robovm.debug.server.d.C.c(Unknown.java:1136)
	at com.robovm.debug.server.d.y.a(Unknown.java:247)
	at com.robovm.debug.server.d.y.a(Unknown.java:3150)
	at com.robovm.debug.server.d.z.run(Unknown.java:128)
	at java.lang.Thread.run(Thread.java:745)
Caused by: java.lang.InterruptedException
	at java.util.concurrent.locks.AbstractQueuedSynchronizer.doAcquireSharedNanos(AbstractQueuedSynchronizer.java:1038)
	at java.util.concurrent.locks.AbstractQueuedSynchronizer.tryAcquireSharedNanos(AbstractQueuedSynchronizer.java:1326)
	at java.util.concurrent.CountDownLatch.await(CountDownLatch.java:282)
	at com.robovm.debug.server.d.c.await(Unknown.java:31)
	at com.robovm.debug.server.d.i.a(Unknown.java:801)
	... 11 more
[2016-02-02 12:30:50:098] SoftDebugger - Shutting down event loop thread
[2016-02-02 12:30:50:414] JdwpDebugServer - Command: aq(1 7) id = 4838 length = 0
[2016-02-02 12:30:50:414] JdwpDebugServer - Command: m(15 1) id = 4839 length = 6
[2016-02-02 12:30:50:414] JdwpDebugServer - Command: m(15 1) id = 4837 length = 6
[2016-02-02 12:30:50:414] JdwpDebugServer - Command: m(15 1) id = 4840 length = 6
[2016-02-02 12:30:50:415] JdwpDebugServer - Command: au(1 1) id = 4841 length = 0
[2016-02-02 12:30:50:415] JdwpDebugServer - Command: ah(1 4) id = 4842 length = 0
[2016-02-02 12:30:50:415] JdwpDebugServer - Command: ad(11 5) id = 4843 length = 8
[2016-02-02 12:30:50:417] JdwpDebugServer - com.robovm.debug.server.DebuggerException: Couldn't send request
	at com.robovm.debug.server.d.d.a(Unknown.java:201)
	at com.robovm.debug.server.d.t.e(Unknown.java:87)
	at com.robovm.debug.server.d.t.h(Unknown.java:114)
	at com.robovm.debug.server.e.b.j(Unknown.java:93)
	at com.robovm.debug.server.e.f.a(Unknown.java:33)
	at com.robovm.debug.server.b.c.b.r(Unknown.java:1320)
	at com.robovm.debug.server.b.a.ad.a(Unknown.java:22)
	at com.robovm.debug.server.b.a.ae.b(Unknown.java:26)
	at com.robovm.debug.server.b.p.a(Unknown.java:7320)
	at com.robovm.debug.server.b.q.run(Unknown.java:207)
Caused by: java.net.SocketException: Socket closed
	at java.net.SocketOutputStream.socketWrite(SocketOutputStream.java:121)
	at java.net.SocketOutputStream.write(SocketOutputStream.java:138)
	at java.io.DataOutputStream.writeByte(DataOutputStream.java:153)
	at com.robovm.debug.server.d.d.a(Unknown.java:195)
	... 9 more
[2016-02-02 12:30:50:421] DebugLaunchPlugin - Waiting for the debugger to settle...
[2016-02-02 12:30:50:434] DebugLaunchPlugin - Waiting for the debugger to settle...
[2016-02-02 12:30:50:447] DebugLaunchPlugin - Waiting for the debugger to settle...
[2016-02-02 12:30:50:458] DebugLaunchPlugin - Waiting for the debugger to settle...
[2016-02-02 12:30:50:471] DebugLaunchPlugin - Waiting for the debugger to settle...
[2016-02-02 12:30:50:482] DebugLaunchPlugin - Waiting for the debugger to settle...
[2016-02-02 12:30:50:494] DebugLaunchPlugin - Waiting for the debugger to settle...
[2016-02-02 12:30:50:505] DebugLaunchPlugin - Waiting for the debugger to settle...
[2016-02-02 12:30:50:517] DebugLaunchPlugin - Waiting for the debugger to settle...
[2016-02-02 12:30:50:527] DebugLaunchPlugin - Waiting for the debugger to settle...
[2016-02-02 12:30:50:540] DebugLaunchPlugin - Waiting for the debugger to settle...
[2016-02-02 12:30:50:551] DebugLaunchPlugin - Waiting for the debugger to settle...
[2016-02-02 12:30:50:561] DebugLaunchPlugin - Waiting for the debugger to settle...
[2016-02-02 12:30:50:572] DebugLaunchPlugin - Waiting for the debugger to settle...
[2016-02-02 12:30:50:582] DebugLaunchPlugin - Waiting for the debugger to settle...
[2016-02-02 12:30:50:593] DebugLaunchPlugin - Waiting for the debugger to settle...
[2016-02-02 12:30:50:605] DebugLaunchPlugin - Waiting for the debugger to settle...
[2016-02-02 12:30:50:615] DebugLaunchPlugin - Waiting for the debugger to settle...
[2016-02-02 12:30:50:625] DebugLaunchPlugin - Waiting for the debugger to settle...
[2016-02-02 12:30:50:638] DebugLaunchPlugin - Waiting for the debugger to settle...
[2016-02-02 12:30:50:650] DebugLaunchPlugin - Waiting for the debugger to settle...
[2016-02-02 12:30:50:662] DebugLaunchPlugin - Waiting for the debugger to settle...
[2016-02-02 12:30:50:675] DebugLaunchPlugin - Waiting for the debugger to settle...
[2016-02-02 12:30:50:685] DebugLaunchPlugin - Waiting for the debugger to settle...
[2016-02-02 12:30:50:695] DebugLaunchPlugin - Waiting for the debugger to settle...
[2016-02-02 12:30:50:706] DebugLaunchPlugin - Waiting for the debugger to settle...
[2016-02-02 12:30:50:716] DebugLaunchPlugin - Waiting for the debugger to settle...
[2016-02-02 12:30:50:728] DebugLaunchPlugin - Waiting for the debugger to settle...
[2016-02-02 12:30:50:739] DebugLaunchPlugin - Waiting for the debugger to settle...
[2016-02-02 12:30:50:751] DebugLaunchPlugin - Waiting for the debugger to settle...
[2016-02-02 12:30:51:439] DebugLaunchPlugin - Shutting down JDWP server
