[2016-02-02 12:23:29:189] ExecutableMemoryAccess - Reading executable bytes took: 0.167537
[2016-02-02 12:23:29:881] ExecutableMemoryAccess - Dumped section __TEXT,__text, took: 0.668922
[2016-02-02 12:23:29:882] ExecutableMemoryAccess - Dumped section __TEXT,__const, took: 9.9E-4
[2016-02-02 12:23:29:883] ExecutableMemoryAccess - Dumped section __DATA,__const, took: 6.91E-4
[2016-02-02 12:23:29:883] ExecutableMemoryAccess - Dumped section __DATA,__data, took: 5.53E-4
[2016-02-02 12:23:29:883] ExecutableMemoryAccess - Parsing sections took: 0.862624
[2016-02-02 12:23:30:927] ExecutableSymbolLookup - Reading nm output took: 1.905719
[2016-02-02 12:23:31:036] ExecutableSymbolLookup - Parsing nm output took: 0.108508
[2016-02-02 12:23:31:036] ExecutableSymbolLookup - Parsing symbols took: 2.01518
[2016-02-02 12:23:34:506] DebugLaunchPlugin - Got port address in 2.45238secs
[2016-02-02 12:23:34:509] SoftDebugger - Established connection to app on port 63390
[2016-02-02 12:23:34:509] ClassInfoParser - Reading boot classes info
[2016-02-02 12:23:34:510] DebugChannel - Starting debug channel thread
[2016-02-02 12:23:34:511] ClassInfoParser - Took 0.001917
[2016-02-02 12:23:34:511] ClassInfoParser - Reading classes info
[2016-02-02 12:23:34:512] ClassInfoParser - Took 0.001176
[2016-02-02 12:23:34:625] SoftDebugger - Loading class infos took: 0.116554secs
[2016-02-02 12:23:34:628] SoftDebugger - Loading class infos and adjusting addresses took: 0.118675secs
[2016-02-02 12:23:34:629] DebugLaunchPlugin - Waiting for JDWP client to connect
[2016-02-02 12:23:34:629] SocketTransport - Listening for transport dt_socket at address: 63375
[2016-02-02 12:23:34:798] DebugChannel - Event: Thread attached, java obj: 0x116818f30, thread: 0x116817ee0
[2016-02-02 12:23:34:800] SoftDebugger - Thread main attached
[2016-02-02 12:23:35:069] JdwpDebugServer - Command: aq(1 7) id = 4234 length = 0
[2016-02-02 12:23:35:070] JdwpDebugServer - Command: m(15 1) id = 4235 length = 6
[2016-02-02 12:23:35:070] JdwpDebugServer - Command: m(15 1) id = 4233 length = 6
[2016-02-02 12:23:35:070] JdwpDebugServer - Command: m(15 1) id = 4236 length = 6
[2016-02-02 12:23:35:070] JdwpDebugServer - Command: au(1 1) id = 4237 length = 0
[2016-02-02 12:23:35:071] JdwpDebugServer - Command: ah(1 4) id = 4238 length = 0
[2016-02-02 12:23:35:071] JdwpDebugServer - Command: ad(11 5) id = 4239 length = 8
[2016-02-02 12:23:35:072] JdwpDebugServer - Command: S(12 1) id = 4240 length = 8
[2016-02-02 12:23:35:073] JdwpDebugServer - Command: T(12 2) id = 4241 length = 8
[2016-02-02 12:23:35:074] JdwpDebugServer - Command: y(9 1) id = 4242 length = 8
[2016-02-02 12:23:35:074] JdwpDebugServer - Command: D(2 14) id = 4243 length = 8
[2016-02-02 12:23:35:074] JdwpDebugServer - Command: F(2 10) id = 4244 length = 8
[2016-02-02 12:23:35:075] JdwpDebugServer - Command: D(2 14) id = 4245 length = 8
[2016-02-02 12:23:35:075] JdwpDebugServer - Command: F(2 10) id = 4246 length = 8
[2016-02-02 12:23:35:075] JdwpDebugServer - Command: j(3 1) id = 4247 length = 8
[2016-02-02 12:23:35:075] JdwpDebugServer - Command: D(2 14) id = 4248 length = 8
[2016-02-02 12:23:35:075] JdwpDebugServer - Command: F(2 10) id = 4249 length = 8
[2016-02-02 12:23:35:076] JdwpDebugServer - Command: j(3 1) id = 4250 length = 8
[2016-02-02 12:23:35:076] DebugLaunchPlugin - Waiting for the debugger to settle...
[2016-02-02 12:23:35:076] JdwpDebugServer - Command: u(9 2) id = 4251 length = 20
[2016-02-02 12:23:35:076] JdwpDebugServer - Command: aa(11 4) id = 4252 length = 8
[2016-02-02 12:23:35:077] JdwpDebugServer - Command: aa(11 4) id = 4253 length = 8
[2016-02-02 12:23:35:077] JdwpDebugServer - Command: m(15 1) id = 4254 length = 40
[2016-02-02 12:23:35:077] SoftJdwpEventProcessor - Set up class load event with filter: com.mob.demo.MyViewController
[2016-02-02 12:23:35:078] JdwpDebugServer - Command: m(15 1) id = 4255 length = 42
[2016-02-02 12:23:35:078] SoftJdwpEventProcessor - Set up class load event with filter: com.mob.demo.MyViewController$*
[2016-02-02 12:23:35:079] JdwpDebugServer - Command: al(1 2) id = 4256 length = 35
[2016-02-02 12:23:35:080] JdwpDebugServer - Command: aj(1 17) id = 4257 length = 0
[2016-02-02 12:23:35:081] JdwpDebugServer - Command: m(15 1) id = 4258 length = 26
[2016-02-02 12:23:35:081] SoftJdwpEventProcessor - Set up class load event with filter: java.lang.Error
[2016-02-02 12:23:35:083] JdwpDebugServer - Command: m(15 1) id = 4259 length = 28
[2016-02-02 12:23:35:083] SoftJdwpEventProcessor - Set up class load event with filter: java.lang.Error$*
[2016-02-02 12:23:35:084] JdwpDebugServer - Command: al(1 2) id = 4260 length = 21
[2016-02-02 12:23:35:086] JdwpDebugServer - Command: m(15 1) id = 4261 length = 17
[2016-02-02 12:23:35:086] JdwpDebugServer - Command: J(2 1) id = 4262 length = 8
[2016-02-02 12:23:35:088] JdwpDebugServer - Command: m(15 1) id = 4263 length = 30
[2016-02-02 12:23:35:088] SoftJdwpEventProcessor - Set up class load event with filter: java.lang.Throwable
[2016-02-02 12:23:35:088] DebugLaunchPlugin - Waiting for the debugger to settle...
[2016-02-02 12:23:35:089] JdwpDebugServer - Command: m(15 1) id = 4264 length = 32
[2016-02-02 12:23:35:089] SoftJdwpEventProcessor - Set up class load event with filter: java.lang.Throwable$*
[2016-02-02 12:23:35:090] JdwpDebugServer - Command: al(1 2) id = 4265 length = 25
[2016-02-02 12:23:35:091] JdwpDebugServer - Command: m(15 1) id = 4266 length = 17
[2016-02-02 12:23:35:091] JdwpDebugServer - Command: J(2 1) id = 4267 length = 8
[2016-02-02 12:23:35:101] DebugLaunchPlugin - Waiting for the debugger to settle...
[2016-02-02 12:23:35:114] DebugLaunchPlugin - Waiting for the debugger to settle...
[2016-02-02 12:23:35:124] DebugLaunchPlugin - Waiting for the debugger to settle...
[2016-02-02 12:23:35:136] DebugLaunchPlugin - Waiting for the debugger to settle...
[2016-02-02 12:23:35:147] DebugLaunchPlugin - Waiting for the debugger to settle...
[2016-02-02 12:23:35:159] DebugLaunchPlugin - Waiting for the debugger to settle...
[2016-02-02 12:23:35:171] DebugLaunchPlugin - Waiting for the debugger to settle...
[2016-02-02 12:23:35:183] DebugLaunchPlugin - Waiting for the debugger to settle...
[2016-02-02 12:23:35:194] DebugLaunchPlugin - Waiting for the debugger to settle...
[2016-02-02 12:23:35:206] DebugLaunchPlugin - Waiting for the debugger to settle...
[2016-02-02 12:23:35:218] DebugLaunchPlugin - Waiting for the debugger to settle...
[2016-02-02 12:23:35:230] DebugLaunchPlugin - Waiting for the debugger to settle...
[2016-02-02 12:23:35:242] DebugLaunchPlugin - Waiting for the debugger to settle...
[2016-02-02 12:23:35:254] DebugLaunchPlugin - Waiting for the debugger to settle...
[2016-02-02 12:23:35:265] DebugLaunchPlugin - Waiting for the debugger to settle...
[2016-02-02 12:23:35:277] DebugLaunchPlugin - Waiting for the debugger to settle...
[2016-02-02 12:23:35:288] DebugLaunchPlugin - Waiting for the debugger to settle...
[2016-02-02 12:23:35:298] DebugLaunchPlugin - Waiting for the debugger to settle...
[2016-02-02 12:23:35:298] DebugChannel - Event: Thread stopped, reason: Exception, java obj: 0x116818f30, thread: 0x116817ee0, frames: 15
[2016-02-02 12:23:35:306] SoftDebugger - Reconstructing frames took: 0.007338secs
[2016-02-02 12:23:35:307] DebugChannel - Event: Thread resumed, java obj: 0x116818f30, thread: 0x116817ee0
[2016-02-02 12:23:35:311] DebugLaunchPlugin - Waiting for the debugger to settle...
[2016-02-02 12:23:35:323] DebugLaunchPlugin - Waiting for the debugger to settle...
[2016-02-02 12:23:35:336] DebugLaunchPlugin - Waiting for the debugger to settle...
[2016-02-02 12:23:35:347] DebugLaunchPlugin - Waiting for the debugger to settle...
[2016-02-02 12:23:35:358] DebugLaunchPlugin - Waiting for the debugger to settle...
[2016-02-02 12:23:35:370] DebugLaunchPlugin - Waiting for the debugger to settle...
[2016-02-02 12:23:35:383] DebugLaunchPlugin - Waiting for the debugger to settle...
[2016-02-02 12:23:35:395] DebugLaunchPlugin - Waiting for the debugger to settle...
[2016-02-02 12:23:35:408] DebugLaunchPlugin - Waiting for the debugger to settle...
[2016-02-02 12:23:35:418] DebugChannel - Event: Thread stopped, reason: Exception, java obj: 0x116818f30, thread: 0x116817ee0, frames: 10
[2016-02-02 12:23:35:418] SoftDebugger - Reconstructing frames took: 4.3E-5secs
[2016-02-02 12:23:35:418] DebugLaunchPlugin - Waiting for the debugger to settle...
[2016-02-02 12:23:35:419] DebugChannel - Event: Thread resumed, java obj: 0x116818f30, thread: 0x116817ee0
[2016-02-02 12:23:35:421] DebugChannel - Event: Thread attached, java obj: 0x116818ea0, thread: 0x116817e00
[2016-02-02 12:23:35:422] DebugChannel - Event: Thread attached, java obj: 0x116818d80, thread: 0x116817d20
[2016-02-02 12:23:35:422] DebugChannel - Event: Thread attached, java obj: 0x116818c60, thread: 0x116817c40
[2016-02-02 12:23:35:423] SoftDebugger - Thread ReferenceQueueDaemon attached
[2016-02-02 12:23:35:423] SoftJdwpEventProcessor - processing thread start event
[2016-02-02 12:23:35:425] JdwpDebugServer - Command: w(9 9) id = 4268 length = 8
[2016-02-02 12:23:35:425] JdwpDebugServer - Command: ad(11 5) id = 4269 length = 8
[2016-02-02 12:23:35:426] JdwpDebugServer - Command: y(9 1) id = 4270 length = 8
[2016-02-02 12:23:35:426] JdwpDebugServer - Command: u(9 2) id = 4271 length = 20
[2016-02-02 12:23:35:426] SoftDebugger - Thread FinalizerDaemon attached
[2016-02-02 12:23:35:426] SoftJdwpEventProcessor - processing thread start event
[2016-02-02 12:23:35:427] JdwpDebugServer - Command: aa(11 4) id = 4272 length = 8
[2016-02-02 12:23:35:427] JdwpDebugServer - Command: w(9 9) id = 4273 length = 8
[2016-02-02 12:23:35:427] JdwpDebugServer - Command: aa(11 4) id = 4274 length = 8
[2016-02-02 12:23:35:427] JdwpDebugServer - Command: ad(11 5) id = 4275 length = 8
[2016-02-02 12:23:35:429] JdwpDebugServer - Command: y(9 1) id = 4276 length = 8
[2016-02-02 12:23:35:429] DebugLaunchPlugin - Waiting for the debugger to settle...
[2016-02-02 12:23:35:429] JdwpDebugServer - Command: u(9 2) id = 4277 length = 20
[2016-02-02 12:23:35:429] SoftDebugger - Thread FinalizerWatchdogDaemon attached
[2016-02-02 12:23:35:429] SoftJdwpEventProcessor - processing thread start event
[2016-02-02 12:23:35:430] JdwpDebugServer - Command: aa(11 4) id = 4278 length = 8
[2016-02-02 12:23:35:430] JdwpDebugServer - Command: w(9 9) id = 4279 length = 8
[2016-02-02 12:23:35:430] JdwpDebugServer - Command: aa(11 4) id = 4280 length = 8
[2016-02-02 12:23:35:430] JdwpDebugServer - Command: ad(11 5) id = 4281 length = 8
[2016-02-02 12:23:35:431] JdwpDebugServer - Command: y(9 1) id = 4282 length = 8
[2016-02-02 12:23:35:431] JdwpDebugServer - Command: u(9 2) id = 4283 length = 20
[2016-02-02 12:23:35:432] JdwpDebugServer - Command: aa(11 4) id = 4284 length = 8
[2016-02-02 12:23:35:432] JdwpDebugServer - Command: aa(11 4) id = 4285 length = 8
[2016-02-02 12:23:35:440] DebugLaunchPlugin - Waiting for the debugger to settle...
[2016-02-02 12:23:35:445] DebugChannel - Event: Thread stopped, reason: Exception, java obj: 0x116818f30, thread: 0x116817ee0, frames: 9
[2016-02-02 12:23:35:449] SoftDebugger - Reconstructing frames took: 0.003542secs
[2016-02-02 12:23:35:449] DebugChannel - Event: Thread resumed, java obj: 0x116818f30, thread: 0x116817ee0
[2016-02-02 12:23:35:450] DebugChannel - Event: Thread stopped, reason: Exception, java obj: 0x116818f30, thread: 0x116817ee0, frames: 9
[2016-02-02 12:23:35:450] SoftDebugger - Reconstructing frames took: 3.6E-5secs
[2016-02-02 12:23:35:450] DebugLaunchPlugin - Waiting for the debugger to settle...
[2016-02-02 12:23:35:450] DebugChannel - Event: Thread resumed, java obj: 0x116818f30, thread: 0x116817ee0
[2016-02-02 12:23:35:451] DebugChannel - Event: Thread stopped, reason: Exception, java obj: 0x116818f30, thread: 0x116817ee0, frames: 9
[2016-02-02 12:23:35:451] SoftDebugger - Reconstructing frames took: 2.0E-5secs
[2016-02-02 12:23:35:451] DebugChannel - Event: Thread resumed, java obj: 0x116818f30, thread: 0x116817ee0
[2016-02-02 12:23:35:452] DebugChannel - Event: Thread stopped, reason: Exception, java obj: 0x116818f30, thread: 0x116817ee0, frames: 9
[2016-02-02 12:23:35:452] SoftDebugger - Reconstructing frames took: 3.8E-5secs
[2016-02-02 12:23:35:452] DebugChannel - Event: Thread resumed, java obj: 0x116818f30, thread: 0x116817ee0
[2016-02-02 12:23:35:453] DebugChannel - Event: Thread stopped, reason: Exception, java obj: 0x116818f30, thread: 0x116817ee0, frames: 9
[2016-02-02 12:23:35:453] SoftDebugger - Reconstructing frames took: 3.0E-5secs
[2016-02-02 12:23:35:453] DebugChannel - Event: Thread resumed, java obj: 0x116818f30, thread: 0x116817ee0
[2016-02-02 12:23:35:453] DebugChannel - Event: Thread stopped, reason: Exception, java obj: 0x116818f30, thread: 0x116817ee0, frames: 9
[2016-02-02 12:23:35:454] SoftDebugger - Reconstructing frames took: 2.1E-5secs
[2016-02-02 12:23:35:454] DebugChannel - Event: Thread resumed, java obj: 0x116818f30, thread: 0x116817ee0
[2016-02-02 12:23:35:454] DebugChannel - Event: Thread stopped, reason: Exception, java obj: 0x116818f30, thread: 0x116817ee0, frames: 9
[2016-02-02 12:23:35:454] SoftDebugger - Reconstructing frames took: 1.9E-5secs
[2016-02-02 12:23:35:455] DebugChannel - Event: Thread resumed, java obj: 0x116818f30, thread: 0x116817ee0
[2016-02-02 12:23:35:455] DebugChannel - Event: Thread stopped, reason: Exception, java obj: 0x116818f30, thread: 0x116817ee0, frames: 9
[2016-02-02 12:23:35:455] SoftDebugger - Reconstructing frames took: 1.8E-5secs
[2016-02-02 12:23:35:456] DebugChannel - Event: Thread resumed, java obj: 0x116818f30, thread: 0x116817ee0
[2016-02-02 12:23:35:463] DebugLaunchPlugin - Waiting for the debugger to settle...
[2016-02-02 12:23:35:475] DebugLaunchPlugin - Waiting for the debugger to settle...
[2016-02-02 12:23:35:487] DebugLaunchPlugin - Waiting for the debugger to settle...
[2016-02-02 12:23:35:500] DebugLaunchPlugin - Waiting for the debugger to settle...
[2016-02-02 12:23:35:504] DebugChannel - Event: Thread stopped, reason: Exception, java obj: 0x116818f30, thread: 0x116817ee0, frames: 9
[2016-02-02 12:23:35:504] SoftDebugger - Reconstructing frames took: 4.5E-5secs
[2016-02-02 12:23:35:504] DebugChannel - Event: Thread resumed, java obj: 0x116818f30, thread: 0x116817ee0
[2016-02-02 12:23:35:504] DebugChannel - Event: Thread stopped, reason: Exception, java obj: 0x116818f30, thread: 0x116817ee0, frames: 9
[2016-02-02 12:23:35:504] SoftDebugger - Reconstructing frames took: 1.9E-5secs
[2016-02-02 12:23:35:505] DebugChannel - Event: Thread resumed, java obj: 0x116818f30, thread: 0x116817ee0
[2016-02-02 12:23:35:513] DebugLaunchPlugin - Waiting for the debugger to settle...
[2016-02-02 12:23:35:523] DebugLaunchPlugin - Waiting for the debugger to settle...
[2016-02-02 12:23:35:536] DebugLaunchPlugin - Waiting for the debugger to settle...
[2016-02-02 12:23:35:547] DebugLaunchPlugin - Waiting for the debugger to settle...
[2016-02-02 12:23:35:555] DebugChannel - Event: Thread stopped, reason: Exception, java obj: 0x116818f30, thread: 0x116817ee0, frames: 9
[2016-02-02 12:23:35:555] SoftDebugger - Reconstructing frames took: 4.0E-5secs
[2016-02-02 12:23:35:555] DebugChannel - Event: Thread resumed, java obj: 0x116818f30, thread: 0x116817ee0
[2016-02-02 12:23:35:558] DebugLaunchPlugin - Waiting for the debugger to settle...
[2016-02-02 12:23:35:568] DebugLaunchPlugin - Waiting for the debugger to settle...
[2016-02-02 12:23:35:579] DebugLaunchPlugin - Waiting for the debugger to settle...
[2016-02-02 12:23:36:167] DebugLaunchPlugin - Waiting for the debugger to settle...
[2016-02-02 12:23:36:175] SoftJdwpEventProcessor - Reporting class prepare event EventRequest [id=3, eventKind=CLASS_PREPARE, suspendPolicy=EVENT_THREAD, constraints=[ClassMatchConstraint [classPattern=com.mob.demo.MyViewController]]] to JDWP client for class com/mob/demo/MyViewController
[2016-02-02 12:23:36:175] JdwpDebugServer - Command: H(2 15) id = 4286 length = 8
[2016-02-02 12:23:36:176] SoftVmInterface - Reporting method: com/mob/demo/MyViewController.<init>
[2016-02-02 12:23:36:176] SoftVmInterface - Reporting method: com/mob/demo/MyViewController.excute
[2016-02-02 12:23:36:176] SoftVmInterface - Reporting method: com/mob/demo/MyViewController.initUI
[2016-02-02 12:23:36:176] SoftVmInterface - Reporting method: com/mob/demo/MyViewController.$cb$init
[2016-02-02 12:23:36:176] SoftVmInterface - Reporting method: com/mob/demo/MyViewController.$setHandle
[2016-02-02 12:23:36:176] SoftVmInterface - Reporting method: com/mob/demo/MyViewController.$cb$initWithNibName$bundle$
[2016-02-02 12:23:36:176] SoftVmInterface - Reporting method: com/mob/demo/MyViewController.$m$super$initWithNibName$bundle$
[2016-02-02 12:23:36:176] SoftVmInterface - Reporting method: com/mob/demo/MyViewController.$getSuper
[2016-02-02 12:23:36:176] SoftVmInterface - Reporting method: com/mob/demo/MyViewController.$initObject
[2016-02-02 12:23:36:176] SoftVmInterface - Reporting method: com/mob/demo/MyViewController.$cb$initWithCoder$
[2016-02-02 12:23:36:177] SoftVmInterface - Reporting method: com/mob/demo/MyViewController.$m$super$initWithCoder$
[2016-02-02 12:23:36:177] SoftVmInterface - Reporting method: com/mob/demo/MyViewController.<clinit>
[2016-02-02 12:23:36:177] DebugLaunchPlugin - Waiting for the debugger to settle...
[2016-02-02 12:23:36:177] JdwpDebugServer - Command: o(6 1) id = 4287 length = 16
[2016-02-02 12:23:36:178] SoftVmInterface - Reporting line numbers for method com/mob/demo/MyViewController.<init>: [36, 38, 39, 41]
[2016-02-02 12:23:36:178] JdwpDebugServer - Command: o(6 1) id = 4288 length = 16
[2016-02-02 12:23:36:178] SoftVmInterface - Reporting line numbers for method com/mob/demo/MyViewController.excute: [46, 54, 57, 64, 67, 124, 127, 180, 183, 191, 193]
[2016-02-02 12:23:36:179] JdwpDebugServer - Command: o(6 1) id = 4289 length = 16
[2016-02-02 12:23:36:179] SoftVmInterface - Reporting line numbers for method com/mob/demo/MyViewController.initUI: [197, 198, 200, 201, 202, 203, 205, 206, 207, 208, 210, 211, 212, 213, 215, 216, 217, 218, 220, 221, 222, 223, 225]
[2016-02-02 12:23:36:179] JdwpDebugServer - Command: o(6 1) id = 4290 length = 16
[2016-02-02 12:23:36:179] SoftVmInterface - Reporting line numbers for method com/mob/demo/MyViewController.$cb$init: [1048579]
[2016-02-02 12:23:36:180] JdwpDebugServer - Command: o(6 1) id = 4291 length = 16
[2016-02-02 12:23:36:180] SoftVmInterface - Reporting line numbers for method com/mob/demo/MyViewController.$setHandle: [1048580]
[2016-02-02 12:23:36:180] JdwpDebugServer - Command: o(6 1) id = 4292 length = 16
[2016-02-02 12:23:36:180] SoftVmInterface - Reporting line numbers for method com/mob/demo/MyViewController.$cb$initWithNibName$bundle$: [1048581]
[2016-02-02 12:23:36:180] JdwpDebugServer - Command: o(6 1) id = 4293 length = 16
[2016-02-02 12:23:36:180] SoftVmInterface - Reporting line numbers for method com/mob/demo/MyViewController.$getSuper: [1048583]
[2016-02-02 12:23:36:181] JdwpDebugServer - Command: o(6 1) id = 4294 length = 16
[2016-02-02 12:23:36:181] SoftVmInterface - Reporting line numbers for method com/mob/demo/MyViewController.$initObject: [1048584]
[2016-02-02 12:23:36:181] JdwpDebugServer - Command: o(6 1) id = 4295 length = 16
[2016-02-02 12:23:36:181] SoftVmInterface - Reporting line numbers for method com/mob/demo/MyViewController.$cb$initWithCoder$: [1048585]
[2016-02-02 12:23:36:181] JdwpDebugServer - Command: o(6 1) id = 4296 length = 16
[2016-02-02 12:23:36:181] SoftVmInterface - Reporting line numbers for method com/mob/demo/MyViewController.<clinit>: [1048587]
[2016-02-02 12:23:36:182] JdwpDebugServer - Command: Z(11 3) id = 4297 length = 8
[2016-02-02 12:23:36:183] DebugChannel - Event: Thread resumed, java obj: 0x116818f30, thread: 0x116817ee0
[2016-02-02 12:23:36:188] DebugLaunchPlugin - Waiting for the debugger to settle...
[2016-02-02 12:23:36:200] DebugLaunchPlugin - Waiting for the debugger to settle...
[2016-02-02 12:23:36:211] DebugLaunchPlugin - Waiting for the debugger to settle...
[2016-02-02 12:23:36:221] DebugLaunchPlugin - Waiting for the debugger to settle...
[2016-02-02 12:23:36:232] DebugLaunchPlugin - Waiting for the debugger to settle...
[2016-02-02 12:23:36:243] DebugLaunchPlugin - Waiting for the debugger to settle...
[2016-02-02 12:23:36:254] DebugLaunchPlugin - Waiting for the debugger to settle...
[2016-02-02 12:23:36:265] DebugLaunchPlugin - Waiting for the debugger to settle...
[2016-02-02 12:23:36:275] DebugLaunchPlugin - Waiting for the debugger to settle...
[2016-02-02 12:23:36:288] DebugLaunchPlugin - Waiting for the debugger to settle...
[2016-02-02 12:23:36:299] DebugLaunchPlugin - Waiting for the debugger to settle...
[2016-02-02 12:23:36:309] DebugLaunchPlugin - Waiting for the debugger to settle...
[2016-02-02 12:23:36:321] DebugLaunchPlugin - Waiting for the debugger to settle...
[2016-02-02 12:23:36:333] DebugLaunchPlugin - Waiting for the debugger to settle...
[2016-02-02 12:23:36:346] DebugLaunchPlugin - Waiting for the debugger to settle...
[2016-02-02 12:23:36:359] DebugLaunchPlugin - Waiting for the debugger to settle...
[2016-02-02 12:23:36:371] DebugLaunchPlugin - Waiting for the debugger to settle...
[2016-02-02 12:23:36:384] DebugLaunchPlugin - Waiting for the debugger to settle...
[2016-02-02 12:23:36:395] DebugLaunchPlugin - Waiting for the debugger to settle...
[2016-02-02 12:23:36:403] DebugChannel - Event: Thread stopped, reason: Exception, java obj: 0x116818f30, thread: 0x116817ee0, frames: 15
[2016-02-02 12:23:36:406] SoftDebugger - Reconstructing frames took: 0.002726secs
[2016-02-02 12:23:36:406] DebugLaunchPlugin - Waiting for the debugger to settle...
[2016-02-02 12:23:36:407] DebugChannel - Event: Thread resumed, java obj: 0x116818f30, thread: 0x116817ee0
[2016-02-02 12:23:36:410] DebugChannel - Event: Thread stopped, reason: Exception, java obj: 0x116818f30, thread: 0x116817ee0, frames: 10
[2016-02-02 12:23:36:410] SoftDebugger - Reconstructing frames took: 4.1E-5secs
[2016-02-02 12:23:36:411] DebugChannel - Event: Thread resumed, java obj: 0x116818f30, thread: 0x116817ee0
[2016-02-02 12:23:36:419] DebugLaunchPlugin - Waiting for the debugger to settle...
[2016-02-02 12:23:36:432] DebugLaunchPlugin - Waiting for the debugger to settle...
[2016-02-02 12:23:36:444] DebugLaunchPlugin - Waiting for the debugger to settle...
[2016-02-02 12:23:36:457] DebugLaunchPlugin - Waiting for the debugger to settle...
[2016-02-02 12:23:36:467] DebugLaunchPlugin - Waiting for the debugger to settle...
[2016-02-02 12:23:36:479] DebugLaunchPlugin - Waiting for the debugger to settle...
[2016-02-02 12:23:36:490] DebugLaunchPlugin - Waiting for the debugger to settle...
[2016-02-02 12:23:36:501] DebugLaunchPlugin - Waiting for the debugger to settle...
[2016-02-02 12:23:36:514] DebugLaunchPlugin - Waiting for the debugger to settle...
[2016-02-02 12:23:36:524] DebugLaunchPlugin - Waiting for the debugger to settle...
[2016-02-02 12:23:36:537] DebugLaunchPlugin - Waiting for the debugger to settle...
[2016-02-02 12:23:36:547] DebugLaunchPlugin - Waiting for the debugger to settle...
[2016-02-02 12:23:36:557] DebugLaunchPlugin - Waiting for the debugger to settle...
[2016-02-02 12:23:36:568] DebugLaunchPlugin - Waiting for the debugger to settle...
[2016-02-02 12:23:36:580] DebugLaunchPlugin - Waiting for the debugger to settle...
[2016-02-02 12:23:36:591] DebugLaunchPlugin - Waiting for the debugger to settle...
[2016-02-02 12:23:36:602] DebugLaunchPlugin - Waiting for the debugger to settle...
[2016-02-02 12:23:36:615] DebugLaunchPlugin - Waiting for the debugger to settle...
[2016-02-02 12:23:36:626] DebugLaunchPlugin - Waiting for the debugger to settle...
[2016-02-02 12:23:36:638] DebugLaunchPlugin - Waiting for the debugger to settle...
[2016-02-02 12:23:36:649] DebugLaunchPlugin - Waiting for the debugger to settle...
[2016-02-02 12:23:36:661] DebugLaunchPlugin - Waiting for the debugger to settle...
[2016-02-02 12:23:36:672] DebugLaunchPlugin - Waiting for the debugger to settle...
[2016-02-02 12:23:36:683] DebugLaunchPlugin - Waiting for the debugger to settle...
[2016-02-02 12:23:36:695] DebugLaunchPlugin - Waiting for the debugger to settle...
[2016-02-02 12:23:36:706] DebugLaunchPlugin - Waiting for the debugger to settle...
[2016-02-02 12:23:36:717] DebugLaunchPlugin - Waiting for the debugger to settle...
[2016-02-02 12:23:36:727] DebugLaunchPlugin - Waiting for the debugger to settle...
[2016-02-02 12:23:36:739] DebugLaunchPlugin - Waiting for the debugger to settle...
[2016-02-02 12:23:36:750] DebugLaunchPlugin - Waiting for the debugger to settle...
[2016-02-02 12:23:36:760] DebugLaunchPlugin - Waiting for the debugger to settle...
[2016-02-02 12:23:36:763] SoftJdwpEventProcessor - Reporting class prepare event EventRequest [id=4, eventKind=CLASS_PREPARE, suspendPolicy=EVENT_THREAD, constraints=[ClassMatchConstraint [classPattern=com.mob.demo.MyViewController$*]]] to JDWP client for class com/mob/demo/MyViewController$1
[2016-02-02 12:23:36:763] JdwpDebugServer - Command: H(2 15) id = 4298 length = 8
[2016-02-02 12:23:36:763] SoftVmInterface - Reporting method: com/mob/demo/MyViewController$1.<init>
[2016-02-02 12:23:36:763] SoftVmInterface - Reporting method: com/mob/demo/MyViewController$1.onTouchUpInside
[2016-02-02 12:23:36:764] JdwpDebugServer - Command: o(6 1) id = 4299 length = 16
[2016-02-02 12:23:36:764] SoftVmInterface - Reporting line numbers for method com/mob/demo/MyViewController$1.<init>: [1, 46]
[2016-02-02 12:23:36:764] JdwpDebugServer - Command: o(6 1) id = 4300 length = 16
[2016-02-02 12:23:36:765] SoftVmInterface - Reporting line numbers for method com/mob/demo/MyViewController$1.onTouchUpInside: [52]
[2016-02-02 12:23:36:765] JdwpDebugServer - Command: Z(11 3) id = 4301 length = 8
[2016-02-02 12:23:36:765] DebugChannel - Event: Thread resumed, java obj: 0x116818f30, thread: 0x116817ee0
[2016-02-02 12:23:36:768] SoftJdwpEventProcessor - Reporting class prepare event EventRequest [id=4, eventKind=CLASS_PREPARE, suspendPolicy=EVENT_THREAD, constraints=[ClassMatchConstraint [classPattern=com.mob.demo.MyViewController$*]]] to JDWP client for class com/mob/demo/MyViewController$2
[2016-02-02 12:23:36:769] JdwpDebugServer - Command: H(2 15) id = 4302 length = 8
[2016-02-02 12:23:36:769] SoftVmInterface - Reporting method: com/mob/demo/MyViewController$2.<init>
[2016-02-02 12:23:36:769] SoftVmInterface - Reporting method: com/mob/demo/MyViewController$2.onTouchUpInside
[2016-02-02 12:23:36:770] JdwpDebugServer - Command: o(6 1) id = 4303 length = 16
[2016-02-02 12:23:36:770] DebugLaunchPlugin - Waiting for the debugger to settle...
[2016-02-02 12:23:36:770] SoftVmInterface - Reporting line numbers for method com/mob/demo/MyViewController$2.<init>: [1, 57]
[2016-02-02 12:23:36:770] JdwpDebugServer - Command: o(6 1) id = 4304 length = 16
[2016-02-02 12:23:36:771] SoftVmInterface - Reporting line numbers for method com/mob/demo/MyViewController$2.onTouchUpInside: [62]
[2016-02-02 12:23:36:771] JdwpDebugServer - Command: Z(11 3) id = 4305 length = 8
[2016-02-02 12:23:36:771] DebugChannel - Event: Thread resumed, java obj: 0x116818f30, thread: 0x116817ee0
[2016-02-02 12:23:36:772] SoftJdwpEventProcessor - Reporting class prepare event EventRequest [id=4, eventKind=CLASS_PREPARE, suspendPolicy=EVENT_THREAD, constraints=[ClassMatchConstraint [classPattern=com.mob.demo.MyViewController$*]]] to JDWP client for class com/mob/demo/MyViewController$3
[2016-02-02 12:23:36:775] JdwpDebugServer - Command: H(2 15) id = 4306 length = 8
[2016-02-02 12:23:36:775] SoftVmInterface - Reporting method: com/mob/demo/MyViewController$3.<init>
[2016-02-02 12:23:36:775] SoftVmInterface - Reporting method: com/mob/demo/MyViewController$3.onTouchUpInside
[2016-02-02 12:23:36:776] JdwpDebugServer - Command: o(6 1) id = 4307 length = 16
[2016-02-02 12:23:36:776] SoftVmInterface - Reporting line numbers for method com/mob/demo/MyViewController$3.<init>: [1, 67]
[2016-02-02 12:23:36:777] JdwpDebugServer - Command: o(6 1) id = 4308 length = 16
[2016-02-02 12:23:36:777] SoftVmInterface - Reporting line numbers for method com/mob/demo/MyViewController$3.onTouchUpInside: [71, 72, 74, 76, 78, 80, 81, 82, 84, 122]
[2016-02-02 12:23:36:777] JdwpDebugServer - Command: Z(11 3) id = 4309 length = 8
[2016-02-02 12:23:36:778] DebugChannel - Event: Thread resumed, java obj: 0x116818f30, thread: 0x116817ee0
[2016-02-02 12:23:36:778] SoftJdwpEventProcessor - Reporting class prepare event EventRequest [id=4, eventKind=CLASS_PREPARE, suspendPolicy=EVENT_THREAD, constraints=[ClassMatchConstraint [classPattern=com.mob.demo.MyViewController$*]]] to JDWP client for class com/mob/demo/MyViewController$4
[2016-02-02 12:23:36:780] DebugLaunchPlugin - Waiting for the debugger to settle...
[2016-02-02 12:23:36:783] JdwpDebugServer - Command: H(2 15) id = 4310 length = 8
[2016-02-02 12:23:36:783] SoftVmInterface - Reporting method: com/mob/demo/MyViewController$4.<init>
[2016-02-02 12:23:36:783] SoftVmInterface - Reporting method: com/mob/demo/MyViewController$4.onTouchUpInside
[2016-02-02 12:23:36:784] JdwpDebugServer - Command: o(6 1) id = 4311 length = 16
[2016-02-02 12:23:36:784] SoftVmInterface - Reporting line numbers for method com/mob/demo/MyViewController$4.<init>: [1, 127]
[2016-02-02 12:23:36:785] JdwpDebugServer - Command: o(6 1) id = 4312 length = 16
[2016-02-02 12:23:36:785] SoftVmInterface - Reporting line numbers for method com/mob/demo/MyViewController$4.onTouchUpInside: [131, 132, 134, 136, 138, 140, 141, 142, 144, 178]
[2016-02-02 12:23:36:785] JdwpDebugServer - Command: Z(11 3) id = 4313 length = 8
[2016-02-02 12:23:36:786] DebugChannel - Event: Thread resumed, java obj: 0x116818f30, thread: 0x116817ee0
[2016-02-02 12:23:36:787] SoftJdwpEventProcessor - Reporting class prepare event EventRequest [id=4, eventKind=CLASS_PREPARE, suspendPolicy=EVENT_THREAD, constraints=[ClassMatchConstraint [classPattern=com.mob.demo.MyViewController$*]]] to JDWP client for class com/mob/demo/MyViewController$5
[2016-02-02 12:23:36:792] DebugLaunchPlugin - Waiting for the debugger to settle...
[2016-02-02 12:23:36:793] JdwpDebugServer - Command: H(2 15) id = 4314 length = 8
[2016-02-02 12:23:36:794] SoftVmInterface - Reporting method: com/mob/demo/MyViewController$5.<init>
[2016-02-02 12:23:36:794] SoftVmInterface - Reporting method: com/mob/demo/MyViewController$5.onTouchUpInside
[2016-02-02 12:23:36:794] JdwpDebugServer - Command: o(6 1) id = 4315 length = 16
[2016-02-02 12:23:36:795] SoftVmInterface - Reporting line numbers for method com/mob/demo/MyViewController$5.<init>: [1, 183]
[2016-02-02 12:23:36:795] JdwpDebugServer - Command: o(6 1) id = 4316 length = 16
[2016-02-02 12:23:36:796] SoftVmInterface - Reporting line numbers for method com/mob/demo/MyViewController$5.onTouchUpInside: [189]
[2016-02-02 12:23:36:796] JdwpDebugServer - Command: Z(11 3) id = 4317 length = 8
[2016-02-02 12:23:36:797] DebugChannel - Event: Thread resumed, java obj: 0x116818f30, thread: 0x116817ee0
[2016-02-02 12:23:36:802] DebugLaunchPlugin - Waiting for the debugger to settle...
[2016-02-02 12:23:36:815] DebugLaunchPlugin - Waiting for the debugger to settle...
[2016-02-02 12:23:36:827] DebugLaunchPlugin - Waiting for the debugger to settle...
[2016-02-02 12:23:36:838] DebugLaunchPlugin - Waiting for the debugger to settle...
[2016-02-02 12:23:36:850] DebugLaunchPlugin - Waiting for the debugger to settle...
[2016-02-02 12:23:36:861] DebugLaunchPlugin - Waiting for the debugger to settle...
[2016-02-02 12:23:36:871] DebugLaunchPlugin - Waiting for the debugger to settle...
[2016-02-02 12:23:36:882] DebugLaunchPlugin - Waiting for the debugger to settle...
[2016-02-02 12:23:36:892] DebugLaunchPlugin - Waiting for the debugger to settle...
[2016-02-02 12:23:36:905] DebugLaunchPlugin - Waiting for the debugger to settle...
[2016-02-02 12:23:36:917] DebugLaunchPlugin - Waiting for the debugger to settle...
[2016-02-02 12:23:36:928] DebugLaunchPlugin - Waiting for the debugger to settle...
[2016-02-02 12:23:36:939] DebugLaunchPlugin - Waiting for the debugger to settle...
[2016-02-02 12:23:36:950] DebugLaunchPlugin - Waiting for the debugger to settle...
[2016-02-02 12:23:36:953] DebugChannel - Event: Thread stopped, reason: Exception, java obj: 0x116818f30, thread: 0x116817ee0, frames: 9
[2016-02-02 12:23:36:954] SoftDebugger - Reconstructing frames took: 9.93E-4secs
[2016-02-02 12:23:36:955] DebugChannel - Event: Thread resumed, java obj: 0x116818f30, thread: 0x116817ee0
[2016-02-02 12:23:36:955] DebugChannel - Event: Thread stopped, reason: Exception, java obj: 0x116818f30, thread: 0x116817ee0, frames: 8
[2016-02-02 12:23:36:955] SoftDebugger - Reconstructing frames took: 6.0E-5secs
[2016-02-02 12:23:36:956] DebugChannel - Event: Thread resumed, java obj: 0x116818f30, thread: 0x116817ee0
[2016-02-02 12:23:36:956] DebugChannel - Event: Thread stopped, reason: Exception, java obj: 0x116818f30, thread: 0x116817ee0, frames: 8
[2016-02-02 12:23:36:957] SoftDebugger - Reconstructing frames took: 3.9E-5secs
[2016-02-02 12:23:36:957] DebugChannel - Event: Thread resumed, java obj: 0x116818f30, thread: 0x116817ee0
[2016-02-02 12:23:36:958] DebugChannel - Event: Thread stopped, reason: Exception, java obj: 0x116818f30, thread: 0x116817ee0, frames: 3
[2016-02-02 12:23:36:958] SoftDebugger - Reconstructing frames took: 2.2E-5secs
[2016-02-02 12:23:36:958] DebugChannel - Event: Thread resumed, java obj: 0x116818f30, thread: 0x116817ee0
[2016-02-02 12:23:36:959] DebugChannel - Event: Thread stopped, reason: Exception, java obj: 0x116818f30, thread: 0x116817ee0, frames: 3
[2016-02-02 12:23:36:959] SoftDebugger - Reconstructing frames took: 7.2E-5secs
[2016-02-02 12:23:36:959] DebugChannel - Event: Thread resumed, java obj: 0x116818f30, thread: 0x116817ee0
[2016-02-02 12:23:36:960] DebugChannel - Event: Thread stopped, reason: Exception, java obj: 0x116818f30, thread: 0x116817ee0, frames: 1
[2016-02-02 12:23:36:960] SoftDebugger - Reconstructing frames took: 1.3E-5secs
[2016-02-02 12:23:36:960] DebugLaunchPlugin - Waiting for the debugger to settle...
[2016-02-02 12:23:36:961] DebugChannel - Event: Thread resumed, java obj: 0x116818f30, thread: 0x116817ee0
[2016-02-02 12:23:36:961] DebugChannel - Event: Thread stopped, reason: Exception, java obj: 0x116818f30, thread: 0x116817ee0, frames: 1
[2016-02-02 12:23:36:961] SoftDebugger - Reconstructing frames took: 1.1E-5secs
[2016-02-02 12:23:36:962] JdwpDebugServer - Command: H(2 15) id = 4318 length = 8
[2016-02-02 12:23:36:963] SoftVmInterface - Reporting method: com/mob/demo/ShareSDKDemo.<init>
[2016-02-02 12:23:36:963] SoftVmInterface - Reporting method: com/mob/demo/ShareSDKDemo.didFinishLaunching
[2016-02-02 12:23:36:963] SoftVmInterface - Reporting method: com/mob/demo/ShareSDKDemo.main
[2016-02-02 12:23:36:963] SoftVmInterface - Reporting method: com/mob/demo/ShareSDKDemo.initShareSDK
[2016-02-02 12:23:36:963] SoftVmInterface - Reporting method: com/mob/demo/ShareSDKDemo.$cb$application$didFinishLaunchingWithOptions$
[2016-02-02 12:23:36:964] SoftVmInterface - Reporting method: com/mob/demo/ShareSDKDemo.$cb$init
[2016-02-02 12:23:36:964] SoftVmInterface - Reporting method: com/mob/demo/ShareSDKDemo.$setHandle
[2016-02-02 12:23:36:964] SoftVmInterface - Reporting method: com/mob/demo/ShareSDKDemo.$cb$initWithCoder$
[2016-02-02 12:23:36:964] SoftVmInterface - Reporting method: com/mob/demo/ShareSDKDemo.$m$super$initWithCoder$
[2016-02-02 12:23:36:964] SoftVmInterface - Reporting method: com/mob/demo/ShareSDKDemo.$getSuper
[2016-02-02 12:23:36:964] SoftVmInterface - Reporting method: com/mob/demo/ShareSDKDemo.$initObject
[2016-02-02 12:23:36:964] SoftVmInterface - Reporting method: com/mob/demo/ShareSDKDemo.<clinit>
[2016-02-02 12:23:36:965] JdwpDebugServer - Command: y(9 1) id = 4319 length = 8
[2016-02-02 12:23:36:967] JdwpDebugServer - Command: J(2 1) id = 4320 length = 8
[2016-02-02 12:23:36:967] JdwpDebugServer - Command: j(3 1) id = 4321 length = 8
[2016-02-02 12:23:36:968] JdwpDebugServer - Command: J(2 1) id = 4322 length = 8
[2016-02-02 12:23:36:968] JdwpDebugServer - Command: j(3 1) id = 4323 length = 8
[2016-02-02 12:23:36:969] JdwpDebugServer - Command: J(2 1) id = 4324 length = 8
[2016-02-02 12:23:36:969] JdwpDebugServer - Command: j(3 1) id = 4325 length = 8
[2016-02-02 12:23:36:970] JdwpDebugServer - Command: W(11 6) id = 4326 length = 16
[2016-02-02 12:23:36:971] JdwpDebugServer - Command: V(11 7) id = 4327 length = 8
[2016-02-02 12:23:36:971] JdwpDebugServer - Command: Y(11 8) id = 4328 length = 8
[2016-02-02 12:23:36:972] DebugLaunchPlugin - Waiting for the debugger to settle...
[2016-02-02 12:23:36:972] JdwpDebugServer - Command: U(11 9) id = 4329 length = 8
[2016-02-02 12:23:36:972] JdwpDebugServer - Command: Y(11 8) id = 4330 length = 8
[2016-02-02 12:23:36:973] JdwpDebugServer - Command: U(11 9) id = 4331 length = 8
[2016-02-02 12:23:36:982] DebugLaunchPlugin - Waiting for the debugger to settle...
[2016-02-02 12:23:36:993] DebugLaunchPlugin - Waiting for the debugger to settle...
[2016-02-02 12:23:37:004] DebugLaunchPlugin - Waiting for the debugger to settle...
[2016-02-02 12:23:37:015] DebugLaunchPlugin - Waiting for the debugger to settle...
[2016-02-02 12:23:37:025] DebugLaunchPlugin - Waiting for the debugger to settle...
[2016-02-02 12:23:37:038] DebugLaunchPlugin - Waiting for the debugger to settle...
[2016-02-02 12:23:37:051] DebugLaunchPlugin - Waiting for the debugger to settle...
[2016-02-02 12:23:37:062] DebugLaunchPlugin - Waiting for the debugger to settle...
[2016-02-02 12:23:37:073] DebugLaunchPlugin - Waiting for the debugger to settle...
[2016-02-02 12:23:37:084] DebugLaunchPlugin - Waiting for the debugger to settle...
[2016-02-02 12:23:37:096] DebugLaunchPlugin - Waiting for the debugger to settle...
[2016-02-02 12:23:37:107] DebugLaunchPlugin - Waiting for the debugger to settle...
[2016-02-02 12:23:37:120] DebugLaunchPlugin - Waiting for the debugger to settle...
[2016-02-02 12:23:37:130] DebugLaunchPlugin - Waiting for the debugger to settle...
[2016-02-02 12:23:37:140] DebugLaunchPlugin - Waiting for the debugger to settle...
[2016-02-02 12:23:37:152] DebugLaunchPlugin - Waiting for the debugger to settle...
[2016-02-02 12:23:37:162] DebugLaunchPlugin - Waiting for the debugger to settle...
[2016-02-02 12:23:37:175] DebugLaunchPlugin - Waiting for the debugger to settle...
[2016-02-02 12:23:37:186] DebugLaunchPlugin - Waiting for the debugger to settle...
[2016-02-02 12:23:37:198] DebugLaunchPlugin - Waiting for the debugger to settle...
[2016-02-02 12:23:37:211] DebugLaunchPlugin - Waiting for the debugger to settle...
[2016-02-02 12:23:37:224] DebugLaunchPlugin - Waiting for the debugger to settle...
[2016-02-02 12:23:37:234] DebugLaunchPlugin - Waiting for the debugger to settle...
[2016-02-02 12:23:37:246] DebugLaunchPlugin - Waiting for the debugger to settle...
[2016-02-02 12:23:37:257] DebugLaunchPlugin - Waiting for the debugger to settle...
[2016-02-02 12:23:37:259] JdwpDebugServer - Command: L(2 7) id = 4332 length = 8
[2016-02-02 12:23:37:259] JdwpDebugServer - Command: J(2 1) id = 4333 length = 8
[2016-02-02 12:23:37:270] DebugLaunchPlugin - Waiting for the debugger to settle...
[2016-02-02 12:23:37:281] DebugLaunchPlugin - Waiting for the debugger to settle...
[2016-02-02 12:23:37:293] DebugLaunchPlugin - Waiting for the debugger to settle...
[2016-02-02 12:23:37:308] DebugLaunchPlugin - Waiting for the debugger to settle...
[2016-02-02 12:23:37:321] DebugLaunchPlugin - Waiting for the debugger to settle...
[2016-02-02 12:23:37:331] DebugLaunchPlugin - Waiting for the debugger to settle...
[2016-02-02 12:23:37:348] DebugLaunchPlugin - Waiting for the debugger to settle...
[2016-02-02 12:23:37:359] DebugLaunchPlugin - Waiting for the debugger to settle...
[2016-02-02 12:23:37:370] DebugLaunchPlugin - Waiting for the debugger to settle...
[2016-02-02 12:23:37:381] DebugLaunchPlugin - Waiting for the debugger to settle...
[2016-02-02 12:23:37:392] DebugLaunchPlugin - Waiting for the debugger to settle...
[2016-02-02 12:23:37:404] DebugLaunchPlugin - Waiting for the debugger to settle...
[2016-02-02 12:23:37:414] DebugLaunchPlugin - Waiting for the debugger to settle...
[2016-02-02 12:23:37:427] DebugLaunchPlugin - Waiting for the debugger to settle...
[2016-02-02 12:23:37:438] JdwpDebugServer - Command: K(2 13) id = 4334 length = 8
[2016-02-02 12:23:37:438] DebugLaunchPlugin - Waiting for the debugger to settle...
[2016-02-02 12:23:37:438] JdwpDebugServer - Command: o(6 1) id = 4335 length = 16
[2016-02-02 12:23:37:438] SoftVmInterface - Reporting line numbers for method com/mob/demo/ShareSDKDemo.main: [40, 41, 42, 43]
[2016-02-02 12:23:37:440] JdwpDebugServer - Command: X(11 1) id = 4336 length = 8
[2016-02-02 12:23:37:442] JdwpDebugServer - Command: U(11 9) id = 4337 length = 8
[2016-02-02 12:23:37:442] JdwpDebugServer - Command: Y(11 8) id = 4338 length = 8
[2016-02-02 12:23:37:442] JdwpDebugServer - Command: X(11 1) id = 4339 length = 8
[2016-02-02 12:23:37:450] DebugLaunchPlugin - Waiting for the debugger to settle...
[2016-02-02 12:23:37:462] DebugLaunchPlugin - Waiting for the debugger to settle...
[2016-02-02 12:23:37:474] DebugLaunchPlugin - Waiting for the debugger to settle...
[2016-02-02 12:23:37:485] DebugLaunchPlugin - Waiting for the debugger to settle...
[2016-02-02 12:23:37:497] DebugLaunchPlugin - Waiting for the debugger to settle...
[2016-02-02 12:23:37:509] DebugLaunchPlugin - Waiting for the debugger to settle...
[2016-02-02 12:23:37:522] DebugLaunchPlugin - Waiting for the debugger to settle...
[2016-02-02 12:23:37:534] DebugLaunchPlugin - Waiting for the debugger to settle...
[2016-02-02 12:23:37:547] DebugLaunchPlugin - Waiting for the debugger to settle...
[2016-02-02 12:23:37:557] DebugLaunchPlugin - Waiting for the debugger to settle...
[2016-02-02 12:23:37:559] JdwpDebugServer - Command: D(2 14) id = 4340 length = 8
[2016-02-02 12:23:37:560] JdwpDebugServer - Command: F(2 10) id = 4341 length = 8
[2016-02-02 12:23:37:560] JdwpDebugServer - Command: j(3 1) id = 4342 length = 8
[2016-02-02 12:23:37:560] JdwpDebugServer - Command: D(2 14) id = 4343 length = 8
[2016-02-02 12:23:37:560] JdwpDebugServer - Command: F(2 10) id = 4344 length = 8
[2016-02-02 12:23:37:561] JdwpDebugServer - Command: D(2 14) id = 4345 length = 8
[2016-02-02 12:23:37:561] JdwpDebugServer - Command: F(2 10) id = 4346 length = 8
[2016-02-02 12:23:37:561] JdwpDebugServer - Command: D(2 14) id = 4347 length = 8
[2016-02-02 12:23:37:561] JdwpDebugServer - Command: F(2 10) id = 4348 length = 8
[2016-02-02 12:23:37:562] JdwpDebugServer - Command: D(2 14) id = 4349 length = 8
[2016-02-02 12:23:37:562] JdwpDebugServer - Command: F(2 10) id = 4350 length = 8
[2016-02-02 12:23:37:562] JdwpDebugServer - Command: j(3 1) id = 4351 length = 8
[2016-02-02 12:23:37:562] JdwpDebugServer - Command: D(2 14) id = 4352 length = 8
[2016-02-02 12:23:37:563] JdwpDebugServer - Command: F(2 10) id = 4353 length = 8
[2016-02-02 12:23:37:563] JdwpDebugServer - Command: j(3 1) id = 4354 length = 8
[2016-02-02 12:23:37:563] JdwpDebugServer - Command: D(2 14) id = 4355 length = 8
[2016-02-02 12:23:37:563] JdwpDebugServer - Command: F(2 10) id = 4356 length = 8
[2016-02-02 12:23:37:563] JdwpDebugServer - Command: j(3 1) id = 4357 length = 8
[2016-02-02 12:23:37:564] JdwpDebugServer - Command: D(2 14) id = 4358 length = 8
[2016-02-02 12:23:37:564] JdwpDebugServer - Command: F(2 10) id = 4359 length = 8
[2016-02-02 12:23:37:564] JdwpDebugServer - Command: j(3 1) id = 4360 length = 8
[2016-02-02 12:23:37:564] JdwpDebugServer - Command: j(3 1) id = 4361 length = 8
[2016-02-02 12:23:37:565] JdwpDebugServer - Command: q(6 5) id = 4362 length = 16
[2016-02-02 12:23:37:569] DebugLaunchPlugin - Waiting for the debugger to settle...
[2016-02-02 12:23:37:581] DebugLaunchPlugin - Waiting for the debugger to settle...
[2016-02-02 12:23:37:593] DebugLaunchPlugin - Waiting for the debugger to settle...
[2016-02-02 12:23:37:606] DebugLaunchPlugin - Waiting for the debugger to settle...
[2016-02-02 12:23:37:617] DebugLaunchPlugin - Waiting for the debugger to settle...
[2016-02-02 12:23:37:629] DebugLaunchPlugin - Waiting for the debugger to settle...
[2016-02-02 12:23:37:641] DebugLaunchPlugin - Waiting for the debugger to settle...
[2016-02-02 12:23:37:653] DebugLaunchPlugin - Waiting for the debugger to settle...
[2016-02-02 12:23:37:665] DebugLaunchPlugin - Waiting for the debugger to settle...
[2016-02-02 12:23:37:677] DebugLaunchPlugin - Waiting for the debugger to settle...
[2016-02-02 12:23:37:689] DebugLaunchPlugin - Waiting for the debugger to settle...
[2016-02-02 12:23:37:701] DebugLaunchPlugin - Waiting for the debugger to settle...
[2016-02-02 12:23:37:713] DebugLaunchPlugin - Waiting for the debugger to settle...
[2016-02-02 12:23:37:725] DebugLaunchPlugin - Waiting for the debugger to settle...
[2016-02-02 12:23:37:725] JdwpDebugServer - Command: V(11 7) id = 4363 length = 8
[2016-02-02 12:23:37:725] JdwpDebugServer - Command: Y(11 8) id = 4364 length = 8
[2016-02-02 12:23:37:726] JdwpDebugServer - Command: U(11 9) id = 4365 length = 8
[2016-02-02 12:23:37:728] JdwpDebugServer - Command: X(11 1) id = 4366 length = 8
[2016-02-02 12:23:37:729] JdwpDebugServer - Command: V(11 7) id = 4367 length = 8
[2016-02-02 12:23:37:729] JdwpDebugServer - Command: Y(11 8) id = 4368 length = 8
[2016-02-02 12:23:37:729] JdwpDebugServer - Command: X(11 1) id = 4369 length = 8
[2016-02-02 12:23:37:731] JdwpDebugServer - Command: U(11 9) id = 4370 length = 8
[2016-02-02 12:23:37:731] JdwpDebugServer - Command: U(11 9) id = 4371 length = 8
[2016-02-02 12:23:37:731] JdwpDebugServer - Command: X(11 1) id = 4372 length = 8
[2016-02-02 12:23:37:733] JdwpDebugServer - Command: Y(11 8) id = 4373 length = 8
[2016-02-02 12:23:37:733] JdwpDebugServer - Command: X(11 1) id = 4374 length = 8
[2016-02-02 12:23:37:734] JdwpDebugServer - Command: U(11 9) id = 4375 length = 8
[2016-02-02 12:23:37:735] JdwpDebugServer - Command: Y(11 8) id = 4376 length = 8
[2016-02-02 12:23:37:735] DebugLaunchPlugin - Waiting for the debugger to settle...
[2016-02-02 12:23:37:735] JdwpDebugServer - Command: U(11 9) id = 4377 length = 8
[2016-02-02 12:23:37:735] JdwpDebugServer - Command: Y(11 8) id = 4378 length = 8
[2016-02-02 12:23:37:747] DebugLaunchPlugin - Waiting for the debugger to settle...
[2016-02-02 12:23:37:758] DebugLaunchPlugin - Waiting for the debugger to settle...
[2016-02-02 12:23:37:770] DebugLaunchPlugin - Waiting for the debugger to settle...
[2016-02-02 12:23:37:782] DebugLaunchPlugin - Waiting for the debugger to settle...
[2016-02-02 12:23:37:794] DebugLaunchPlugin - Waiting for the debugger to settle...
[2016-02-02 12:23:37:807] DebugLaunchPlugin - Waiting for the debugger to settle...
[2016-02-02 12:23:37:819] DebugLaunchPlugin - Waiting for the debugger to settle...
[2016-02-02 12:23:37:831] DebugLaunchPlugin - Waiting for the debugger to settle...
[2016-02-02 12:23:37:843] DebugLaunchPlugin - Waiting for the debugger to settle...
[2016-02-02 12:23:37:856] DebugLaunchPlugin - Waiting for the debugger to settle...
[2016-02-02 12:23:37:867] DebugLaunchPlugin - Waiting for the debugger to settle...
[2016-02-02 12:23:37:880] DebugLaunchPlugin - Waiting for the debugger to settle...
[2016-02-02 12:23:37:892] DebugLaunchPlugin - Waiting for the debugger to settle...
[2016-02-02 12:23:37:903] DebugLaunchPlugin - Waiting for the debugger to settle...
[2016-02-02 12:23:37:916] DebugLaunchPlugin - Waiting for the debugger to settle...
[2016-02-02 12:23:37:928] DebugLaunchPlugin - Waiting for the debugger to settle...
[2016-02-02 12:23:37:940] DebugLaunchPlugin - Waiting for the debugger to settle...
[2016-02-02 12:23:37:952] DebugLaunchPlugin - Waiting for the debugger to settle...
[2016-02-02 12:23:37:964] DebugLaunchPlugin - Waiting for the debugger to settle...
[2016-02-02 12:23:37:977] DebugLaunchPlugin - Waiting for the debugger to settle...
[2016-02-02 12:23:37:987] DebugLaunchPlugin - Waiting for the debugger to settle...
[2016-02-02 12:23:38:000] DebugLaunchPlugin - Waiting for the debugger to settle...
[2016-02-02 12:23:38:013] DebugLaunchPlugin - Waiting for the debugger to settle...
[2016-02-02 12:23:38:025] DebugLaunchPlugin - Waiting for the debugger to settle...
[2016-02-02 12:23:38:037] DebugLaunchPlugin - Waiting for the debugger to settle...
[2016-02-02 12:23:38:049] DebugLaunchPlugin - Waiting for the debugger to settle...
[2016-02-02 12:23:38:060] DebugLaunchPlugin - Waiting for the debugger to settle...
[2016-02-02 12:23:38:072] DebugLaunchPlugin - Waiting for the debugger to settle...
[2016-02-02 12:23:38:084] DebugLaunchPlugin - Waiting for the debugger to settle...
[2016-02-02 12:23:38:096] DebugLaunchPlugin - Waiting for the debugger to settle...
[2016-02-02 12:23:38:107] DebugLaunchPlugin - Waiting for the debugger to settle...
[2016-02-02 12:23:38:120] DebugLaunchPlugin - Waiting for the debugger to settle...
[2016-02-02 12:23:38:131] DebugLaunchPlugin - Waiting for the debugger to settle...
[2016-02-02 12:23:38:144] DebugLaunchPlugin - Waiting for the debugger to settle...
[2016-02-02 12:23:38:156] DebugLaunchPlugin - Waiting for the debugger to settle...
[2016-02-02 12:23:38:168] DebugLaunchPlugin - Waiting for the debugger to settle...
[2016-02-02 12:23:38:180] DebugLaunchPlugin - Waiting for the debugger to settle...
[2016-02-02 12:23:38:191] DebugLaunchPlugin - Waiting for the debugger to settle...
[2016-02-02 12:23:38:203] DebugLaunchPlugin - Waiting for the debugger to settle...
[2016-02-02 12:23:38:215] DebugLaunchPlugin - Waiting for the debugger to settle...
[2016-02-02 12:23:38:227] DebugLaunchPlugin - Waiting for the debugger to settle...
[2016-02-02 12:23:38:239] DebugLaunchPlugin - Waiting for the debugger to settle...
[2016-02-02 12:23:38:252] DebugLaunchPlugin - Waiting for the debugger to settle...
[2016-02-02 12:23:38:264] DebugLaunchPlugin - Waiting for the debugger to settle...
[2016-02-02 12:23:38:276] DebugLaunchPlugin - Waiting for the debugger to settle...
[2016-02-02 12:23:38:288] DebugLaunchPlugin - Waiting for the debugger to settle...
[2016-02-02 12:23:38:299] DebugLaunchPlugin - Waiting for the debugger to settle...
[2016-02-02 12:23:38:311] DebugLaunchPlugin - Waiting for the debugger to settle...
[2016-02-02 12:23:38:322] DebugLaunchPlugin - Waiting for the debugger to settle...
[2016-02-02 12:23:38:335] DebugLaunchPlugin - Waiting for the debugger to settle...
[2016-02-02 12:23:38:346] DebugLaunchPlugin - Waiting for the debugger to settle...
[2016-02-02 12:23:38:357] DebugLaunchPlugin - Waiting for the debugger to settle...
[2016-02-02 12:23:38:370] DebugLaunchPlugin - Waiting for the debugger to settle...
[2016-02-02 12:23:38:382] DebugLaunchPlugin - Waiting for the debugger to settle...
[2016-02-02 12:23:38:394] DebugLaunchPlugin - Waiting for the debugger to settle...
[2016-02-02 12:23:38:406] DebugLaunchPlugin - Waiting for the debugger to settle...
[2016-02-02 12:23:38:417] DebugLaunchPlugin - Waiting for the debugger to settle...
[2016-02-02 12:23:38:427] DebugLaunchPlugin - Waiting for the debugger to settle...
[2016-02-02 12:23:38:439] DebugLaunchPlugin - Waiting for the debugger to settle...
[2016-02-02 12:23:38:451] DebugLaunchPlugin - Waiting for the debugger to settle...
[2016-02-02 12:23:38:464] DebugLaunchPlugin - Waiting for the debugger to settle...
[2016-02-02 12:23:38:476] DebugLaunchPlugin - Waiting for the debugger to settle...
[2016-02-02 12:23:38:488] DebugLaunchPlugin - Waiting for the debugger to settle...
[2016-02-02 12:23:38:500] DebugLaunchPlugin - Waiting for the debugger to settle...
[2016-02-02 12:23:38:511] DebugLaunchPlugin - Waiting for the debugger to settle...
[2016-02-02 12:23:38:521] DebugLaunchPlugin - Waiting for the debugger to settle...
[2016-02-02 12:23:38:532] DebugLaunchPlugin - Waiting for the debugger to settle...
[2016-02-02 12:23:38:544] DebugLaunchPlugin - Waiting for the debugger to settle...
[2016-02-02 12:23:38:555] DebugLaunchPlugin - Waiting for the debugger to settle...
[2016-02-02 12:23:38:567] DebugLaunchPlugin - Waiting for the debugger to settle...
[2016-02-02 12:23:38:580] DebugLaunchPlugin - Waiting for the debugger to settle...
[2016-02-02 12:23:38:591] DebugLaunchPlugin - Waiting for the debugger to settle...
[2016-02-02 12:23:38:604] DebugLaunchPlugin - Waiting for the debugger to settle...
[2016-02-02 12:23:38:617] DebugLaunchPlugin - Waiting for the debugger to settle...
[2016-02-02 12:23:38:627] DebugLaunchPlugin - Waiting for the debugger to settle...
[2016-02-02 12:23:38:639] DebugLaunchPlugin - Waiting for the debugger to settle...
[2016-02-02 12:23:38:651] DebugLaunchPlugin - Waiting for the debugger to settle...
[2016-02-02 12:23:38:664] DebugLaunchPlugin - Waiting for the debugger to settle...
[2016-02-02 12:23:38:675] DebugLaunchPlugin - Waiting for the debugger to settle...
[2016-02-02 12:23:38:687] DebugLaunchPlugin - Waiting for the debugger to settle...
[2016-02-02 12:23:38:699] DebugLaunchPlugin - Waiting for the debugger to settle...
[2016-02-02 12:23:38:712] DebugLaunchPlugin - Waiting for the debugger to settle...
[2016-02-02 12:23:38:723] DebugLaunchPlugin - Waiting for the debugger to settle...
[2016-02-02 12:23:38:733] DebugLaunchPlugin - Waiting for the debugger to settle...
[2016-02-02 12:23:38:743] DebugLaunchPlugin - Debugger has settled. Resuming inferior.
[2016-02-02 12:23:41:809] JdwpDebugServer - Command: Z(11 3) id = 4379 length = 8
[2016-02-02 12:23:41:809] DebugChannel - Event: Thread resumed, java obj: 0x116818f30, thread: 0x116817ee0
[2016-02-02 12:23:41:815] DebugChannel - Event: Thread detached, java obj: 0x116818f30, thread: 0x116817ee0, exception: 0x0
[2016-02-02 12:23:41:817] JdwpDebugServer - Command: U(11 9) id = 4380 length = 8
[2016-02-02 12:23:41:825] DebugChannel - Error in debug channel thread: null
[2016-02-02 12:23:41:825] DebugChannel - Shutting down debug channel thread
[2016-02-02 12:23:41:827] SoftDebugger - com.robovm.debug.server.DebuggerException: Request interrupted
	at com.robovm.debug.server.d.i.a(Unknown.java:805)
	at com.robovm.debug.server.d.d.a(Unknown.java:203)
	at com.robovm.debug.server.d.t.e(Unknown.java:87)
	at com.robovm.debug.server.d.t.h(Unknown.java:114)
	at com.robovm.debug.server.e.b.j(Unknown.java:93)
	at com.robovm.debug.server.e.f.a(Unknown.java:33)
	at com.robovm.debug.server.e.c.a(Unknown.java:140)
	at com.robovm.debug.server.d.C.c(Unknown.java:1136)
	at com.robovm.debug.server.d.y.a(Unknown.java:247)
	at com.robovm.debug.server.d.y.a(Unknown.java:3150)
	at com.robovm.debug.server.d.z.run(Unknown.java:128)
	at java.lang.Thread.run(Thread.java:745)
Caused by: java.lang.InterruptedException
	at java.util.concurrent.locks.AbstractQueuedSynchronizer.doAcquireSharedNanos(AbstractQueuedSynchronizer.java:1038)
	at java.util.concurrent.locks.AbstractQueuedSynchronizer.tryAcquireSharedNanos(AbstractQueuedSynchronizer.java:1326)
	at java.util.concurrent.CountDownLatch.await(CountDownLatch.java:282)
	at com.robovm.debug.server.d.c.await(Unknown.java:31)
	at com.robovm.debug.server.d.i.a(Unknown.java:801)
	... 11 more
[2016-02-02 12:23:41:827] SoftJdwpEventProcessor - processing vm death event
[2016-02-02 12:23:41:827] SoftDebugger - Shutting down event loop thread
[2016-02-02 12:23:41:829] JdwpDebugServer - Command: Y(11 8) id = 4381 length = 8
[2016-02-02 12:23:41:829] JdwpDebugServer - Command: U(11 9) id = 4382 length = 8
[2016-02-02 12:23:41:830] JdwpDebugServer - Command: U(11 9) id = 4383 length = 8
[2016-02-02 12:23:41:830] JdwpDebugServer - Command: Y(11 8) id = 4384 length = 8
[2016-02-02 12:23:41:831] JdwpDebugServer - Command: U(11 9) id = 4385 length = 8
[2016-02-02 12:23:41:831] JdwpDebugServer - Command: Y(11 8) id = 4386 length = 8
[2016-02-02 12:23:41:910] DebugLaunchPlugin - Shutting down JDWP server
