[2016-02-18 18:13:22:351] ExecutableMemoryAccess - Reading executable bytes took: 0.065834
[2016-02-18 18:13:22:393] ExecutableMemoryAccess - Dumped section __TEXT,__text, took: 0.004552
[2016-02-18 18:13:22:394] ExecutableMemoryAccess - Dumped section __TEXT,__const, took: 2.81E-4
[2016-02-18 18:13:22:394] ExecutableMemoryAccess - Dumped section __DATA,__const, took: 1.45E-4
[2016-02-18 18:13:22:395] ExecutableMemoryAccess - Dumped section __DATA,__data, took: 2.14E-4
[2016-02-18 18:13:22:395] ExecutableMemoryAccess - Parsing sections took: 0.110944
[2016-02-18 18:13:23:190] ExecutableSymbolLookup - Reading nm output took: 0.906823
[2016-02-18 18:13:23:315] ExecutableSymbolLookup - Parsing nm output took: 0.124189
[2016-02-18 18:13:23:315] ExecutableSymbolLookup - Parsing symbols took: 1.031895
[2016-02-18 18:13:43:954] SoftDebugger - Established connection to app on port 55948
[2016-02-18 18:13:43:955] DebugChannel - Starting debug channel thread
[2016-02-18 18:13:43:957] ClassInfoParser - Reading boot classes info
[2016-02-18 18:13:43:996] ClassInfoParser - Took 0.03908
[2016-02-18 18:13:43:996] ClassInfoParser - Reading classes info
[2016-02-18 18:13:43:997] ClassInfoParser - Took 8.9E-5
[2016-02-18 18:13:44:008] DebugChannel - Event: Thread attached, java obj: 0x102618f30, thread: 0x102617ee0
[2016-02-18 18:13:44:077] DebugChannel - Event: Thread attached, java obj: 0x102618ea0, thread: 0x102617e00
[2016-02-18 18:13:44:077] DebugChannel - Event: Thread attached, java obj: 0x102618d80, thread: 0x102617d20
[2016-02-18 18:13:44:078] DebugChannel - Event: Thread attached, java obj: 0x102618c60, thread: 0x102617c40
[2016-02-18 18:13:44:109] SoftDebugger - Loading class infos took: 0.154524secs
[2016-02-18 18:13:44:115] SoftDebugger - Loading class infos and adjusting addresses took: 0.160331secs
[2016-02-18 18:13:44:135] SoftDebugger - Thread main attached
[2016-02-18 18:13:44:139] DebugLaunchPlugin - Waiting for JDWP client to connect
[2016-02-18 18:13:44:139] SocketTransport - Listening for transport dt_socket at address: 56521
[2016-02-18 18:13:44:143] SoftDebugger - Thread ReferenceQueueDaemon attached
[2016-02-18 18:13:44:149] SoftDebugger - Thread FinalizerDaemon attached
[2016-02-18 18:13:44:156] SoftDebugger - Thread FinalizerWatchdogDaemon attached
[2016-02-18 18:13:44:220] DebugLaunchPlugin - Waiting for the debugger to settle...
[2016-02-18 18:13:44:231] DebugLaunchPlugin - Waiting for the debugger to settle...
[2016-02-18 18:13:44:241] DebugLaunchPlugin - Waiting for the debugger to settle...
[2016-02-18 18:13:44:252] DebugLaunchPlugin - Waiting for the debugger to settle...
[2016-02-18 18:13:44:263] DebugLaunchPlugin - Waiting for the debugger to settle...
[2016-02-18 18:13:44:268] JdwpDebugServer - Command: aq(1 7) id = 2 length = 0
[2016-02-18 18:13:44:269] JdwpDebugServer - Command: m(15 1) id = 3 length = 6
[2016-02-18 18:13:44:270] JdwpDebugServer - Command: m(15 1) id = 1 length = 6
[2016-02-18 18:13:44:271] JdwpDebugServer - Command: m(15 1) id = 4 length = 6
[2016-02-18 18:13:44:271] JdwpDebugServer - Command: au(1 1) id = 5 length = 0
[2016-02-18 18:13:44:272] JdwpDebugServer - Command: ah(1 4) id = 6 length = 0
[2016-02-18 18:13:44:276] DebugLaunchPlugin - Waiting for the debugger to settle...
[2016-02-18 18:13:44:283] JdwpDebugServer - Command: ad(11 5) id = 7 length = 8
[2016-02-18 18:13:44:286] DebugLaunchPlugin - Waiting for the debugger to settle...
[2016-02-18 18:13:44:289] JdwpDebugServer - Command: S(12 1) id = 8 length = 8
[2016-02-18 18:13:44:296] DebugLaunchPlugin - Waiting for the debugger to settle...
[2016-02-18 18:13:44:297] JdwpDebugServer - Command: T(12 2) id = 9 length = 8
[2016-02-18 18:13:44:298] JdwpDebugServer - Command: y(9 1) id = 10 length = 8
[2016-02-18 18:13:44:308] DebugLaunchPlugin - Waiting for the debugger to settle...
[2016-02-18 18:13:44:309] JdwpDebugServer - Command: D(2 14) id = 11 length = 8
[2016-02-18 18:13:44:310] JdwpDebugServer - Command: F(2 10) id = 12 length = 8
[2016-02-18 18:13:44:311] JdwpDebugServer - Command: D(2 14) id = 13 length = 8
[2016-02-18 18:13:44:312] JdwpDebugServer - Command: F(2 10) id = 14 length = 8
[2016-02-18 18:13:44:312] JdwpDebugServer - Command: j(3 1) id = 15 length = 8
[2016-02-18 18:13:44:312] JdwpDebugServer - Command: D(2 14) id = 16 length = 8
[2016-02-18 18:13:44:312] JdwpDebugServer - Command: F(2 10) id = 17 length = 8
[2016-02-18 18:13:44:313] JdwpDebugServer - Command: j(3 1) id = 18 length = 8
[2016-02-18 18:13:44:313] JdwpDebugServer - Command: u(9 2) id = 19 length = 20
[2016-02-18 18:13:44:316] JdwpDebugServer - Command: aa(11 4) id = 20 length = 8
[2016-02-18 18:13:44:317] JdwpDebugServer - Command: aa(11 4) id = 21 length = 8
[2016-02-18 18:13:44:317] JdwpDebugServer - Command: ad(11 5) id = 22 length = 8
[2016-02-18 18:13:44:319] DebugLaunchPlugin - Waiting for the debugger to settle...
[2016-02-18 18:13:44:320] JdwpDebugServer - Command: y(9 1) id = 23 length = 8
[2016-02-18 18:13:44:320] JdwpDebugServer - Command: u(9 2) id = 24 length = 20
[2016-02-18 18:13:44:321] JdwpDebugServer - Command: aa(11 4) id = 25 length = 8
[2016-02-18 18:13:44:322] JdwpDebugServer - Command: aa(11 4) id = 26 length = 8
[2016-02-18 18:13:44:322] JdwpDebugServer - Command: ad(11 5) id = 27 length = 8
[2016-02-18 18:13:44:324] JdwpDebugServer - Command: y(9 1) id = 28 length = 8
[2016-02-18 18:13:44:325] JdwpDebugServer - Command: u(9 2) id = 29 length = 20
[2016-02-18 18:13:44:326] JdwpDebugServer - Command: aa(11 4) id = 30 length = 8
[2016-02-18 18:13:44:327] JdwpDebugServer - Command: aa(11 4) id = 31 length = 8
[2016-02-18 18:13:44:327] JdwpDebugServer - Command: ad(11 5) id = 32 length = 8
[2016-02-18 18:13:44:329] DebugLaunchPlugin - Waiting for the debugger to settle...
[2016-02-18 18:13:44:330] JdwpDebugServer - Command: y(9 1) id = 33 length = 8
[2016-02-18 18:13:44:330] JdwpDebugServer - Command: u(9 2) id = 34 length = 20
[2016-02-18 18:13:44:332] JdwpDebugServer - Command: aa(11 4) id = 35 length = 8
[2016-02-18 18:13:44:332] JdwpDebugServer - Command: aa(11 4) id = 36 length = 8
[2016-02-18 18:13:44:335] JdwpDebugServer - Command: m(15 1) id = 37 length = 40
[2016-02-18 18:13:44:336] SoftJdwpEventProcessor - Set up class load event with filter: com.mob.demo.MyViewController
[2016-02-18 18:13:44:338] JdwpDebugServer - Command: m(15 1) id = 38 length = 42
[2016-02-18 18:13:44:338] SoftJdwpEventProcessor - Set up class load event with filter: com.mob.demo.MyViewController$*
[2016-02-18 18:13:44:339] JdwpDebugServer - Command: al(1 2) id = 39 length = 35
[2016-02-18 18:13:44:340] DebugLaunchPlugin - Waiting for the debugger to settle...
[2016-02-18 18:13:44:340] JdwpDebugServer - Command: aj(1 17) id = 40 length = 0
[2016-02-18 18:13:44:341] JdwpDebugServer - Command: m(15 1) id = 41 length = 26
[2016-02-18 18:13:44:342] SoftJdwpEventProcessor - Set up class load event with filter: java.lang.Error
[2016-02-18 18:13:44:343] JdwpDebugServer - Command: m(15 1) id = 42 length = 28
[2016-02-18 18:13:44:343] SoftJdwpEventProcessor - Set up class load event with filter: java.lang.Error$*
[2016-02-18 18:13:44:344] JdwpDebugServer - Command: al(1 2) id = 43 length = 21
[2016-02-18 18:13:44:346] JdwpDebugServer - Command: m(15 1) id = 44 length = 17
[2016-02-18 18:13:44:346] JdwpDebugServer - Command: J(2 1) id = 45 length = 8
[2016-02-18 18:13:44:351] DebugLaunchPlugin - Waiting for the debugger to settle...
[2016-02-18 18:13:44:351] JdwpDebugServer - Command: m(15 1) id = 46 length = 30
[2016-02-18 18:13:44:351] SoftJdwpEventProcessor - Set up class load event with filter: java.lang.Throwable
[2016-02-18 18:13:44:353] JdwpDebugServer - Command: m(15 1) id = 47 length = 32
[2016-02-18 18:13:44:353] SoftJdwpEventProcessor - Set up class load event with filter: java.lang.Throwable$*
[2016-02-18 18:13:44:354] JdwpDebugServer - Command: al(1 2) id = 48 length = 25
[2016-02-18 18:13:44:355] JdwpDebugServer - Command: m(15 1) id = 49 length = 17
[2016-02-18 18:13:44:355] JdwpDebugServer - Command: J(2 1) id = 50 length = 8
[2016-02-18 18:13:44:362] DebugLaunchPlugin - Waiting for the debugger to settle...
[2016-02-18 18:13:44:374] DebugLaunchPlugin - Waiting for the debugger to settle...
[2016-02-18 18:13:44:387] DebugLaunchPlugin - Waiting for the debugger to settle...
[2016-02-18 18:13:44:398] DebugLaunchPlugin - Waiting for the debugger to settle...
[2016-02-18 18:13:44:408] DebugLaunchPlugin - Waiting for the debugger to settle...
[2016-02-18 18:13:44:419] DebugLaunchPlugin - Waiting for the debugger to settle...
[2016-02-18 18:13:44:430] DebugLaunchPlugin - Waiting for the debugger to settle...
[2016-02-18 18:13:44:443] DebugLaunchPlugin - Waiting for the debugger to settle...
[2016-02-18 18:13:44:456] DebugLaunchPlugin - Waiting for the debugger to settle...
[2016-02-18 18:13:44:468] DebugLaunchPlugin - Waiting for the debugger to settle...
[2016-02-18 18:13:44:479] DebugLaunchPlugin - Waiting for the debugger to settle...
[2016-02-18 18:13:44:492] DebugLaunchPlugin - Waiting for the debugger to settle...
[2016-02-18 18:13:44:503] DebugLaunchPlugin - Waiting for the debugger to settle...
[2016-02-18 18:13:44:515] DebugLaunchPlugin - Waiting for the debugger to settle...
[2016-02-18 18:13:44:526] DebugLaunchPlugin - Waiting for the debugger to settle...
[2016-02-18 18:13:44:537] DebugLaunchPlugin - Waiting for the debugger to settle...
[2016-02-18 18:13:44:547] DebugLaunchPlugin - Waiting for the debugger to settle...
[2016-02-18 18:13:44:558] DebugLaunchPlugin - Waiting for the debugger to settle...
[2016-02-18 18:13:44:569] DebugLaunchPlugin - Waiting for the debugger to settle...
[2016-02-18 18:13:44:580] DebugLaunchPlugin - Waiting for the debugger to settle...
[2016-02-18 18:13:44:590] DebugLaunchPlugin - Waiting for the debugger to settle...
[2016-02-18 18:13:44:603] DebugLaunchPlugin - Waiting for the debugger to settle...
[2016-02-18 18:13:44:616] DebugLaunchPlugin - Waiting for the debugger to settle...
[2016-02-18 18:13:44:628] DebugLaunchPlugin - Waiting for the debugger to settle...
[2016-02-18 18:13:44:641] DebugLaunchPlugin - Waiting for the debugger to settle...
[2016-02-18 18:13:44:654] DebugLaunchPlugin - Waiting for the debugger to settle...
[2016-02-18 18:13:44:664] DebugLaunchPlugin - Waiting for the debugger to settle...
[2016-02-18 18:13:44:677] DebugLaunchPlugin - Waiting for the debugger to settle...
[2016-02-18 18:13:44:690] DebugLaunchPlugin - Waiting for the debugger to settle...
[2016-02-18 18:13:44:702] DebugLaunchPlugin - Waiting for the debugger to settle...
[2016-02-18 18:13:44:713] DebugLaunchPlugin - Waiting for the debugger to settle...
[2016-02-18 18:13:44:726] DebugLaunchPlugin - Waiting for the debugger to settle...
[2016-02-18 18:13:44:739] DebugLaunchPlugin - Waiting for the debugger to settle...
[2016-02-18 18:13:44:750] DebugLaunchPlugin - Waiting for the debugger to settle...
[2016-02-18 18:13:44:762] DebugLaunchPlugin - Waiting for the debugger to settle...
[2016-02-18 18:13:44:775] DebugLaunchPlugin - Waiting for the debugger to settle...
[2016-02-18 18:13:44:788] DebugLaunchPlugin - Waiting for the debugger to settle...
[2016-02-18 18:13:44:799] DebugLaunchPlugin - Waiting for the debugger to settle...
[2016-02-18 18:13:44:810] DebugLaunchPlugin - Waiting for the debugger to settle...
[2016-02-18 18:13:44:822] DebugLaunchPlugin - Waiting for the debugger to settle...
[2016-02-18 18:13:44:834] DebugLaunchPlugin - Waiting for the debugger to settle...
[2016-02-18 18:13:44:846] DebugLaunchPlugin - Waiting for the debugger to settle...
[2016-02-18 18:13:44:859] DebugLaunchPlugin - Waiting for the debugger to settle...
[2016-02-18 18:13:44:870] DebugLaunchPlugin - Waiting for the debugger to settle...
[2016-02-18 18:13:44:882] DebugLaunchPlugin - Waiting for the debugger to settle...
[2016-02-18 18:13:44:894] DebugLaunchPlugin - Waiting for the debugger to settle...
[2016-02-18 18:13:44:907] DebugLaunchPlugin - Waiting for the debugger to settle...
[2016-02-18 18:13:44:920] DebugLaunchPlugin - Waiting for the debugger to settle...
[2016-02-18 18:13:44:933] DebugLaunchPlugin - Waiting for the debugger to settle...
[2016-02-18 18:13:44:946] DebugLaunchPlugin - Waiting for the debugger to settle...
[2016-02-18 18:13:44:958] DebugLaunchPlugin - Waiting for the debugger to settle...
[2016-02-18 18:13:44:971] DebugLaunchPlugin - Waiting for the debugger to settle...
[2016-02-18 18:13:44:982] DebugLaunchPlugin - Waiting for the debugger to settle...
[2016-02-18 18:13:44:995] DebugLaunchPlugin - Waiting for the debugger to settle...
[2016-02-18 18:13:45:008] DebugLaunchPlugin - Waiting for the debugger to settle...
[2016-02-18 18:13:45:020] DebugLaunchPlugin - Waiting for the debugger to settle...
[2016-02-18 18:13:45:032] DebugLaunchPlugin - Waiting for the debugger to settle...
[2016-02-18 18:13:45:045] DebugLaunchPlugin - Waiting for the debugger to settle...
[2016-02-18 18:13:45:058] DebugLaunchPlugin - Waiting for the debugger to settle...
[2016-02-18 18:13:45:070] DebugLaunchPlugin - Waiting for the debugger to settle...
[2016-02-18 18:13:45:083] DebugLaunchPlugin - Waiting for the debugger to settle...
[2016-02-18 18:13:45:095] DebugLaunchPlugin - Waiting for the debugger to settle...
[2016-02-18 18:13:45:108] DebugLaunchPlugin - Waiting for the debugger to settle...
[2016-02-18 18:13:45:120] DebugLaunchPlugin - Waiting for the debugger to settle...
[2016-02-18 18:13:45:133] DebugLaunchPlugin - Waiting for the debugger to settle...
[2016-02-18 18:13:45:146] DebugLaunchPlugin - Waiting for the debugger to settle...
[2016-02-18 18:13:45:158] DebugLaunchPlugin - Waiting for the debugger to settle...
[2016-02-18 18:13:45:170] DebugLaunchPlugin - Waiting for the debugger to settle...
[2016-02-18 18:13:45:182] DebugLaunchPlugin - Waiting for the debugger to settle...
[2016-02-18 18:13:45:193] DebugLaunchPlugin - Waiting for the debugger to settle...
[2016-02-18 18:13:45:205] DebugLaunchPlugin - Waiting for the debugger to settle...
[2016-02-18 18:13:45:217] DebugLaunchPlugin - Waiting for the debugger to settle...
[2016-02-18 18:13:45:230] DebugLaunchPlugin - Waiting for the debugger to settle...
[2016-02-18 18:13:45:241] DebugLaunchPlugin - Waiting for the debugger to settle...
[2016-02-18 18:13:45:254] DebugLaunchPlugin - Waiting for the debugger to settle...
[2016-02-18 18:13:45:265] DebugLaunchPlugin - Waiting for the debugger to settle...
[2016-02-18 18:13:45:275] DebugLaunchPlugin - Waiting for the debugger to settle...
[2016-02-18 18:13:45:286] DebugLaunchPlugin - Waiting for the debugger to settle...
[2016-02-18 18:13:45:297] DebugLaunchPlugin - Waiting for the debugger to settle...
[2016-02-18 18:13:45:309] DebugLaunchPlugin - Waiting for the debugger to settle...
[2016-02-18 18:13:45:320] DebugLaunchPlugin - Waiting for the debugger to settle...
[2016-02-18 18:13:45:332] DebugLaunchPlugin - Waiting for the debugger to settle...
[2016-02-18 18:13:45:345] DebugLaunchPlugin - Waiting for the debugger to settle...
[2016-02-18 18:13:45:356] DebugLaunchPlugin - Debugger has settled. Resuming inferior.
[2016-02-18 18:13:45:415] DebugChannel - Event: Thread stopped, reason: Exception, java obj: 0x102618f30, thread: 0x102617ee0, frames: 1
[2016-02-18 18:13:45:416] SoftDebugger - Reconstructing frames took: 6.01E-4secs
[2016-02-18 18:13:45:426] JdwpDebugServer - Command: H(2 15) id = 51 length = 8
[2016-02-18 18:13:45:427] SoftVmInterface - Reporting method: com/mob/demo/ShareSDKDemo.<init>
[2016-02-18 18:13:45:427] SoftVmInterface - Reporting method: com/mob/demo/ShareSDKDemo.didFinishLaunching
[2016-02-18 18:13:45:427] SoftVmInterface - Reporting method: com/mob/demo/ShareSDKDemo.main
[2016-02-18 18:13:45:427] SoftVmInterface - Reporting method: com/mob/demo/ShareSDKDemo.initShareSDK
[2016-02-18 18:13:45:428] JdwpDebugServer - Command: y(9 1) id = 52 length = 8
[2016-02-18 18:13:45:428] JdwpDebugServer - Command: j(3 1) id = 53 length = 8
[2016-02-18 18:13:45:430] JdwpDebugServer - Command: W(11 6) id = 54 length = 16
[2016-02-18 18:13:46:876] JdwpDebugServer - Command: V(11 7) id = 55 length = 8
[2016-02-18 18:13:46:877] JdwpDebugServer - Command: Y(11 8) id = 56 length = 8
[2016-02-18 18:13:46:877] JdwpDebugServer - Command: U(11 9) id = 57 length = 8
[2016-02-18 18:13:46:878] JdwpDebugServer - Command: L(2 7) id = 58 length = 8
[2016-02-18 18:13:46:879] JdwpDebugServer - Command: J(2 1) id = 59 length = 8
[2016-02-18 18:13:46:951] JdwpDebugServer - Command: K(2 13) id = 60 length = 8
[2016-02-18 18:13:46:959] JdwpDebugServer - Command: o(6 1) id = 61 length = 16
[2016-02-18 18:13:46:960] SoftVmInterface - Reporting line numbers for method com/mob/demo/ShareSDKDemo.main: [38]
[2016-02-18 18:13:46:985] JdwpDebugServer - Command: D(2 14) id = 62 length = 8
[2016-02-18 18:13:46:986] JdwpDebugServer - Command: F(2 10) id = 63 length = 8
[2016-02-18 18:13:46:986] JdwpDebugServer - Command: j(3 1) id = 64 length = 8
[2016-02-18 18:13:46:988] JdwpDebugServer - Command: j(3 1) id = 65 length = 8
[2016-02-18 18:13:46:990] JdwpDebugServer - Command: q(6 5) id = 66 length = 16
[2016-02-18 18:13:46:993] JdwpDebugServer - Command: V(11 7) id = 67 length = 8
[2016-02-18 18:13:46:993] JdwpDebugServer - Command: Y(11 8) id = 68 length = 8
[2016-02-18 18:13:46:994] JdwpDebugServer - Command: U(11 9) id = 69 length = 8
[2016-02-18 18:13:47:000] JdwpDebugServer - Command: U(11 9) id = 70 length = 8
[2016-02-18 18:13:47:000] JdwpDebugServer - Command: Y(11 8) id = 71 length = 8
[2016-02-18 18:13:47:033] JdwpDebugServer - Command: X(11 1) id = 72 length = 8
[2016-02-18 18:13:47:047] JdwpDebugServer - Command: X(11 1) id = 73 length = 8
[2016-02-18 18:13:47:058] JdwpDebugServer - Command: X(11 1) id = 74 length = 8
[2016-02-18 18:13:47:069] JdwpDebugServer - Command: U(11 9) id = 75 length = 8
[2016-02-18 18:13:47:070] JdwpDebugServer - Command: Y(11 8) id = 76 length = 8
[2016-02-18 18:13:47:070] JdwpDebugServer - Command: X(11 1) id = 77 length = 8
[2016-02-18 18:13:47:081] JdwpDebugServer - Command: X(11 1) id = 78 length = 8
[2016-02-18 18:13:47:091] JdwpDebugServer - Command: U(11 9) id = 79 length = 8
[2016-02-18 18:13:47:092] JdwpDebugServer - Command: Y(11 8) id = 80 length = 8
[2016-02-18 18:13:47:092] JdwpDebugServer - Command: U(11 9) id = 81 length = 8
[2016-02-18 18:13:47:093] JdwpDebugServer - Command: Y(11 8) id = 82 length = 8
[2016-02-18 18:13:54:599] JdwpDebugServer - Command: Z(11 3) id = 83 length = 8
[2016-02-18 18:13:54:601] JdwpDebugServer - Command: U(11 9) id = 84 length = 8
[2016-02-18 18:13:54:601] DebugChannel - Event: Thread resumed, java obj: 0x102618f30, thread: 0x102617ee0
[2016-02-18 18:13:54:601] JdwpDebugServer - Command: Y(11 8) id = 85 length = 8
[2016-02-18 18:13:54:602] JdwpDebugServer - Command: U(11 9) id = 86 length = 8
[2016-02-18 18:13:54:602] JdwpDebugServer - Command: Y(11 8) id = 87 length = 8
[2016-02-18 18:13:54:602] JdwpDebugServer - Command: U(11 9) id = 88 length = 8
[2016-02-18 18:13:54:603] JdwpDebugServer - Command: Y(11 8) id = 89 length = 8
[2016-02-18 18:13:54:603] JdwpDebugServer - Command: U(11 9) id = 90 length = 8
[2016-02-18 18:13:54:604] JdwpDebugServer - Command: Y(11 8) id = 91 length = 8
[2016-02-18 18:13:54:631] DebugChannel - Event: Thread detached, java obj: 0x102618f30, thread: 0x102617ee0, exception: 0x0
[2016-02-18 18:13:54:638] DebugChannel - Error in debug channel thread: org.robovm.libimobiledevice.LibIMobileDeviceException: IDEVICE_E_UNKNOWN_ERROR
[2016-02-18 18:13:54:638] DebugChannel - Shutting down debug channel thread
[2016-02-18 18:13:54:639] SoftDebugger - com.robovm.debug.server.DebuggerException: Request interrupted
	at com.robovm.debug.server.d.i.a(Unknown.java:805)
	at com.robovm.debug.server.d.d.a(Unknown.java:203)
	at com.robovm.debug.server.d.t.e(Unknown.java:87)
	at com.robovm.debug.server.d.t.h(Unknown.java:114)
	at com.robovm.debug.server.e.b.j(Unknown.java:93)
	at com.robovm.debug.server.e.f.a(Unknown.java:33)
	at com.robovm.debug.server.e.c.a(Unknown.java:140)
	at com.robovm.debug.server.d.C.c(Unknown.java:1136)
	at com.robovm.debug.server.d.y.a(Unknown.java:247)
	at com.robovm.debug.server.d.y.a(Unknown.java:3150)
	at com.robovm.debug.server.d.z.run(Unknown.java:128)
	at java.lang.Thread.run(Thread.java:745)
Caused by: java.lang.InterruptedException
	at java.util.concurrent.locks.AbstractQueuedSynchronizer.doAcquireSharedNanos(AbstractQueuedSynchronizer.java:1038)
	at java.util.concurrent.locks.AbstractQueuedSynchronizer.tryAcquireSharedNanos(AbstractQueuedSynchronizer.java:1326)
	at java.util.concurrent.CountDownLatch.await(CountDownLatch.java:282)
	at com.robovm.debug.server.d.c.await(Unknown.java:31)
	at com.robovm.debug.server.d.i.a(Unknown.java:801)
	... 11 more
[2016-02-18 18:13:54:639] SoftJdwpEventProcessor - processing vm death event
[2016-02-18 18:13:54:639] SoftDebugger - Shutting down event loop thread
[2016-02-18 18:13:54:716] JdwpDebugServer - Command: X(11 1) id = 92 length = 8
[2016-02-18 18:13:54:717] JdwpDebugServer - Command: X(11 1) id = 93 length = 8
[2016-02-18 18:13:54:717] JdwpDebugServer - Command: X(11 1) id = 94 length = 8
[2016-02-18 18:13:54:728] DebugLaunchPlugin - Shutting down JDWP server
