[2016-02-02 11:56:10:397] ExecutableMemoryAccess - Reading executable bytes took: 0.19408
[2016-02-02 11:56:10:482] ExecutableMemoryAccess - Dumped section __TEXT,__text, took: 0.046954
[2016-02-02 11:56:10:483] ExecutableMemoryAccess - Dumped section __TEXT,__const, took: 0.001185
[2016-02-02 11:56:10:484] ExecutableMemoryAccess - Dumped section __DATA,__const, took: 5.29E-4
[2016-02-02 11:56:10:485] ExecutableMemoryAccess - Dumped section __DATA,__data, took: 6.32E-4
[2016-02-02 11:56:10:485] ExecutableMemoryAccess - Parsing sections took: 0.282673
[2016-02-02 11:56:11:769] ExecutableSymbolLookup - Reading nm output took: 1.566824
[2016-02-02 11:56:11:885] ExecutableSymbolLookup - Parsing nm output took: 0.115052
[2016-02-02 11:56:11:885] ExecutableSymbolLookup - Parsing symbols took: 1.682432
[2016-02-02 11:56:20:585] DebugLaunchPlugin - Got port address in 8.053873secs
[2016-02-02 11:56:20:587] SoftDebugger - Established connection to app on port 62330
[2016-02-02 11:56:20:587] DebugChannel - Starting debug channel thread
[2016-02-02 11:56:20:587] ClassInfoParser - Reading boot classes info
[2016-02-02 11:56:20:589] ClassInfoParser - Took 0.001937
[2016-02-02 11:56:20:589] ClassInfoParser - Reading classes info
[2016-02-02 11:56:20:591] ClassInfoParser - Took 0.001433
[2016-02-02 11:56:20:669] SoftDebugger - Loading class infos took: 0.08236secs
[2016-02-02 11:56:20:672] SoftDebugger - Loading class infos and adjusting addresses took: 0.084905secs
[2016-02-02 11:56:20:673] DebugLaunchPlugin - Waiting for JDWP client to connect
[2016-02-02 11:56:20:673] SocketTransport - Listening for transport dt_socket at address: 62303
[2016-02-02 11:56:20:893] DebugChannel - Event: Thread attached, java obj: 0x116818f30, thread: 0x116817ee0
[2016-02-02 11:56:20:896] SoftDebugger - Thread main attached
[2016-02-02 11:56:21:254] DebugChannel - Event: Thread stopped, reason: Exception, java obj: 0x116818f30, thread: 0x116817ee0, frames: 15
[2016-02-02 11:56:21:262] SoftDebugger - Reconstructing frames took: 0.008061secs
[2016-02-02 11:56:21:263] DebugChannel - Event: Thread resumed, java obj: 0x116818f30, thread: 0x116817ee0
[2016-02-02 11:56:21:376] DebugChannel - Event: Thread stopped, reason: Exception, java obj: 0x116818f30, thread: 0x116817ee0, frames: 10
[2016-02-02 11:56:21:376] SoftDebugger - Reconstructing frames took: 3.8E-5secs
[2016-02-02 11:56:21:377] DebugChannel - Event: Thread resumed, java obj: 0x116818f30, thread: 0x116817ee0
[2016-02-02 11:56:21:381] DebugChannel - Event: Thread attached, java obj: 0x116818ea0, thread: 0x116817e00
[2016-02-02 11:56:21:381] DebugChannel - Event: Thread attached, java obj: 0x116818d80, thread: 0x116817d20
[2016-02-02 11:56:21:382] DebugChannel - Event: Thread attached, java obj: 0x116818c60, thread: 0x116817c40
[2016-02-02 11:56:21:383] SoftDebugger - Thread ReferenceQueueDaemon attached
[2016-02-02 11:56:21:384] SoftDebugger - Thread FinalizerDaemon attached
[2016-02-02 11:56:21:386] SoftDebugger - Thread FinalizerWatchdogDaemon attached
[2016-02-02 11:56:21:410] DebugChannel - Event: Thread stopped, reason: Exception, java obj: 0x116818f30, thread: 0x116817ee0, frames: 9
[2016-02-02 11:56:21:414] SoftDebugger - Reconstructing frames took: 0.004149secs
[2016-02-02 11:56:21:415] DebugChannel - Event: Thread resumed, java obj: 0x116818f30, thread: 0x116817ee0
[2016-02-02 11:56:21:415] DebugChannel - Event: Thread stopped, reason: Exception, java obj: 0x116818f30, thread: 0x116817ee0, frames: 9
[2016-02-02 11:56:21:415] SoftDebugger - Reconstructing frames took: 3.6E-5secs
[2016-02-02 11:56:21:416] DebugChannel - Event: Thread resumed, java obj: 0x116818f30, thread: 0x116817ee0
[2016-02-02 11:56:21:416] DebugChannel - Event: Thread stopped, reason: Exception, java obj: 0x116818f30, thread: 0x116817ee0, frames: 9
[2016-02-02 11:56:21:416] SoftDebugger - Reconstructing frames took: 2.3E-5secs
[2016-02-02 11:56:21:416] DebugChannel - Event: Thread resumed, java obj: 0x116818f30, thread: 0x116817ee0
[2016-02-02 11:56:21:417] DebugChannel - Event: Thread stopped, reason: Exception, java obj: 0x116818f30, thread: 0x116817ee0, frames: 9
[2016-02-02 11:56:21:417] SoftDebugger - Reconstructing frames took: 1.9E-5secs
[2016-02-02 11:56:21:417] DebugChannel - Event: Thread resumed, java obj: 0x116818f30, thread: 0x116817ee0
[2016-02-02 11:56:21:418] DebugChannel - Event: Thread stopped, reason: Exception, java obj: 0x116818f30, thread: 0x116817ee0, frames: 9
[2016-02-02 11:56:21:418] SoftDebugger - Reconstructing frames took: 2.0E-5secs
[2016-02-02 11:56:21:418] DebugChannel - Event: Thread resumed, java obj: 0x116818f30, thread: 0x116817ee0
[2016-02-02 11:56:21:419] DebugChannel - Event: Thread stopped, reason: Exception, java obj: 0x116818f30, thread: 0x116817ee0, frames: 9
[2016-02-02 11:56:21:419] SoftDebugger - Reconstructing frames took: 1.9E-5secs
[2016-02-02 11:56:21:419] DebugChannel - Event: Thread resumed, java obj: 0x116818f30, thread: 0x116817ee0
[2016-02-02 11:56:21:420] DebugChannel - Event: Thread stopped, reason: Exception, java obj: 0x116818f30, thread: 0x116817ee0, frames: 9
[2016-02-02 11:56:21:420] SoftDebugger - Reconstructing frames took: 2.6E-5secs
[2016-02-02 11:56:21:420] DebugChannel - Event: Thread resumed, java obj: 0x116818f30, thread: 0x116817ee0
[2016-02-02 11:56:21:421] DebugChannel - Event: Thread stopped, reason: Exception, java obj: 0x116818f30, thread: 0x116817ee0, frames: 9
[2016-02-02 11:56:21:421] SoftDebugger - Reconstructing frames took: 3.9E-5secs
[2016-02-02 11:56:21:421] DebugChannel - Event: Thread resumed, java obj: 0x116818f30, thread: 0x116817ee0
[2016-02-02 11:56:21:439] DebugChannel - Event: Thread stopped, reason: Exception, java obj: 0x116818f30, thread: 0x116817ee0, frames: 9
[2016-02-02 11:56:21:439] SoftDebugger - Reconstructing frames took: 5.8E-5secs
[2016-02-02 11:56:21:439] DebugChannel - Event: Thread resumed, java obj: 0x116818f30, thread: 0x116817ee0
[2016-02-02 11:56:21:440] DebugChannel - Event: Thread stopped, reason: Exception, java obj: 0x116818f30, thread: 0x116817ee0, frames: 9
[2016-02-02 11:56:21:440] SoftDebugger - Reconstructing frames took: 2.6E-5secs
[2016-02-02 11:56:21:440] DebugChannel - Event: Thread resumed, java obj: 0x116818f30, thread: 0x116817ee0
[2016-02-02 11:56:21:523] DebugChannel - Event: Thread stopped, reason: Exception, java obj: 0x116818f30, thread: 0x116817ee0, frames: 9
[2016-02-02 11:56:21:523] SoftDebugger - Reconstructing frames took: 4.2E-5secs
[2016-02-02 11:56:21:523] DebugChannel - Event: Thread resumed, java obj: 0x116818f30, thread: 0x116817ee0
[2016-02-02 11:56:21:564] JdwpDebugServer - Command: aq(1 7) id = 3103 length = 0
[2016-02-02 11:56:21:564] JdwpDebugServer - Command: m(15 1) id = 3104 length = 6
[2016-02-02 11:56:21:565] JdwpDebugServer - Command: m(15 1) id = 3102 length = 6
[2016-02-02 11:56:21:565] JdwpDebugServer - Command: m(15 1) id = 3105 length = 6
[2016-02-02 11:56:21:565] DebugLaunchPlugin - Waiting for the debugger to settle...
[2016-02-02 11:56:21:565] JdwpDebugServer - Command: au(1 1) id = 3106 length = 0
[2016-02-02 11:56:21:565] JdwpDebugServer - Command: ah(1 4) id = 3107 length = 0
[2016-02-02 11:56:21:566] JdwpDebugServer - Command: ad(11 5) id = 3108 length = 8
[2016-02-02 11:56:21:567] JdwpDebugServer - Command: S(12 1) id = 3109 length = 8
[2016-02-02 11:56:21:568] JdwpDebugServer - Command: T(12 2) id = 3110 length = 8
[2016-02-02 11:56:21:568] JdwpDebugServer - Command: y(9 1) id = 3111 length = 8
[2016-02-02 11:56:21:568] JdwpDebugServer - Command: D(2 14) id = 3112 length = 8
[2016-02-02 11:56:21:569] JdwpDebugServer - Command: F(2 10) id = 3113 length = 8
[2016-02-02 11:56:21:569] JdwpDebugServer - Command: D(2 14) id = 3114 length = 8
[2016-02-02 11:56:21:569] JdwpDebugServer - Command: F(2 10) id = 3115 length = 8
[2016-02-02 11:56:21:569] JdwpDebugServer - Command: j(3 1) id = 3116 length = 8
[2016-02-02 11:56:21:569] JdwpDebugServer - Command: D(2 14) id = 3117 length = 8
[2016-02-02 11:56:21:570] JdwpDebugServer - Command: F(2 10) id = 3118 length = 8
[2016-02-02 11:56:21:570] JdwpDebugServer - Command: j(3 1) id = 3119 length = 8
[2016-02-02 11:56:21:570] JdwpDebugServer - Command: u(9 2) id = 3120 length = 20
[2016-02-02 11:56:21:570] JdwpDebugServer - Command: aa(11 4) id = 3121 length = 8
[2016-02-02 11:56:21:571] JdwpDebugServer - Command: aa(11 4) id = 3122 length = 8
[2016-02-02 11:56:21:571] JdwpDebugServer - Command: ad(11 5) id = 3123 length = 8
[2016-02-02 11:56:21:572] JdwpDebugServer - Command: y(9 1) id = 3124 length = 8
[2016-02-02 11:56:21:572] JdwpDebugServer - Command: u(9 2) id = 3125 length = 20
[2016-02-02 11:56:21:572] JdwpDebugServer - Command: aa(11 4) id = 3126 length = 8
[2016-02-02 11:56:21:572] JdwpDebugServer - Command: aa(11 4) id = 3127 length = 8
[2016-02-02 11:56:21:573] JdwpDebugServer - Command: ad(11 5) id = 3128 length = 8
[2016-02-02 11:56:21:573] JdwpDebugServer - Command: y(9 1) id = 3129 length = 8
[2016-02-02 11:56:21:573] JdwpDebugServer - Command: u(9 2) id = 3130 length = 20
[2016-02-02 11:56:21:574] JdwpDebugServer - Command: aa(11 4) id = 3131 length = 8
[2016-02-02 11:56:21:574] JdwpDebugServer - Command: aa(11 4) id = 3132 length = 8
[2016-02-02 11:56:21:574] JdwpDebugServer - Command: ad(11 5) id = 3133 length = 8
[2016-02-02 11:56:21:575] JdwpDebugServer - Command: y(9 1) id = 3134 length = 8
[2016-02-02 11:56:21:575] JdwpDebugServer - Command: u(9 2) id = 3135 length = 20
[2016-02-02 11:56:21:575] JdwpDebugServer - Command: aa(11 4) id = 3136 length = 8
[2016-02-02 11:56:21:575] DebugLaunchPlugin - Waiting for the debugger to settle...
[2016-02-02 11:56:21:575] JdwpDebugServer - Command: aa(11 4) id = 3137 length = 8
[2016-02-02 11:56:21:576] JdwpDebugServer - Command: m(15 1) id = 3138 length = 40
[2016-02-02 11:56:21:576] SoftJdwpEventProcessor - Set up class load event with filter: com.mob.demo.MyViewController
[2016-02-02 11:56:21:576] JdwpDebugServer - Command: m(15 1) id = 3139 length = 42
[2016-02-02 11:56:21:576] SoftJdwpEventProcessor - Set up class load event with filter: com.mob.demo.MyViewController$*
[2016-02-02 11:56:21:577] JdwpDebugServer - Command: al(1 2) id = 3140 length = 35
[2016-02-02 11:56:21:578] JdwpDebugServer - Command: aj(1 17) id = 3141 length = 0
[2016-02-02 11:56:21:578] JdwpDebugServer - Command: m(15 1) id = 3142 length = 26
[2016-02-02 11:56:21:578] SoftJdwpEventProcessor - Set up class load event with filter: java.lang.Error
[2016-02-02 11:56:21:580] JdwpDebugServer - Command: m(15 1) id = 3143 length = 28
[2016-02-02 11:56:21:580] SoftJdwpEventProcessor - Set up class load event with filter: java.lang.Error$*
[2016-02-02 11:56:21:581] JdwpDebugServer - Command: al(1 2) id = 3144 length = 21
[2016-02-02 11:56:21:581] JdwpDebugServer - Command: m(15 1) id = 3145 length = 17
[2016-02-02 11:56:21:582] JdwpDebugServer - Command: J(2 1) id = 3146 length = 8
[2016-02-02 11:56:21:583] JdwpDebugServer - Command: m(15 1) id = 3147 length = 30
[2016-02-02 11:56:21:583] SoftJdwpEventProcessor - Set up class load event with filter: java.lang.Throwable
[2016-02-02 11:56:21:583] JdwpDebugServer - Command: m(15 1) id = 3148 length = 32
[2016-02-02 11:56:21:583] SoftJdwpEventProcessor - Set up class load event with filter: java.lang.Throwable$*
[2016-02-02 11:56:21:584] JdwpDebugServer - Command: al(1 2) id = 3149 length = 25
[2016-02-02 11:56:21:584] JdwpDebugServer - Command: m(15 1) id = 3150 length = 17
[2016-02-02 11:56:21:585] JdwpDebugServer - Command: J(2 1) id = 3151 length = 8
[2016-02-02 11:56:21:588] DebugLaunchPlugin - Waiting for the debugger to settle...
[2016-02-02 11:56:21:598] DebugLaunchPlugin - Waiting for the debugger to settle...
[2016-02-02 11:56:21:610] DebugLaunchPlugin - Waiting for the debugger to settle...
[2016-02-02 11:56:21:622] SoftJdwpEventProcessor - Reporting class prepare event EventRequest [id=3, eventKind=CLASS_PREPARE, suspendPolicy=EVENT_THREAD, constraints=[ClassMatchConstraint [classPattern=com.mob.demo.MyViewController]]] to JDWP client for class com/mob/demo/MyViewController
[2016-02-02 11:56:21:622] DebugLaunchPlugin - Waiting for the debugger to settle...
[2016-02-02 11:56:21:624] JdwpDebugServer - Command: H(2 15) id = 3152 length = 8
[2016-02-02 11:56:21:624] SoftVmInterface - Reporting method: com/mob/demo/MyViewController.<init>
[2016-02-02 11:56:21:624] SoftVmInterface - Reporting method: com/mob/demo/MyViewController.excute
[2016-02-02 11:56:21:624] SoftVmInterface - Reporting method: com/mob/demo/MyViewController.initUI
[2016-02-02 11:56:21:624] SoftVmInterface - Reporting method: com/mob/demo/MyViewController.$cb$init
[2016-02-02 11:56:21:624] SoftVmInterface - Reporting method: com/mob/demo/MyViewController.$setHandle
[2016-02-02 11:56:21:624] SoftVmInterface - Reporting method: com/mob/demo/MyViewController.$cb$initWithNibName$bundle$
[2016-02-02 11:56:21:624] SoftVmInterface - Reporting method: com/mob/demo/MyViewController.$m$super$initWithNibName$bundle$
[2016-02-02 11:56:21:624] SoftVmInterface - Reporting method: com/mob/demo/MyViewController.$getSuper
[2016-02-02 11:56:21:625] SoftVmInterface - Reporting method: com/mob/demo/MyViewController.$initObject
[2016-02-02 11:56:21:625] SoftVmInterface - Reporting method: com/mob/demo/MyViewController.$cb$initWithCoder$
[2016-02-02 11:56:21:625] SoftVmInterface - Reporting method: com/mob/demo/MyViewController.$m$super$initWithCoder$
[2016-02-02 11:56:21:625] SoftVmInterface - Reporting method: com/mob/demo/MyViewController.<clinit>
[2016-02-02 11:56:21:625] JdwpDebugServer - Command: o(6 1) id = 3153 length = 16
[2016-02-02 11:56:21:626] SoftVmInterface - Reporting line numbers for method com/mob/demo/MyViewController.<init>: [36, 38, 39, 41]
[2016-02-02 11:56:21:626] JdwpDebugServer - Command: o(6 1) id = 3154 length = 16
[2016-02-02 11:56:21:626] SoftVmInterface - Reporting line numbers for method com/mob/demo/MyViewController.excute: [46, 54, 57, 64, 67, 124, 127, 180, 183, 191, 193]
[2016-02-02 11:56:21:627] JdwpDebugServer - Command: o(6 1) id = 3155 length = 16
[2016-02-02 11:56:21:627] SoftVmInterface - Reporting line numbers for method com/mob/demo/MyViewController.initUI: [197, 198, 200, 201, 202, 203, 205, 206, 207, 208, 210, 211, 212, 213, 215, 216, 217, 218, 220, 221, 222, 223, 225]
[2016-02-02 11:56:21:627] JdwpDebugServer - Command: o(6 1) id = 3156 length = 16
[2016-02-02 11:56:21:627] SoftVmInterface - Reporting line numbers for method com/mob/demo/MyViewController.$cb$init: [1048579]
[2016-02-02 11:56:21:627] JdwpDebugServer - Command: o(6 1) id = 3157 length = 16
[2016-02-02 11:56:21:627] SoftVmInterface - Reporting line numbers for method com/mob/demo/MyViewController.$setHandle: [1048580]
[2016-02-02 11:56:21:628] JdwpDebugServer - Command: o(6 1) id = 3158 length = 16
[2016-02-02 11:56:21:628] SoftVmInterface - Reporting line numbers for method com/mob/demo/MyViewController.$cb$initWithNibName$bundle$: [1048581]
[2016-02-02 11:56:21:628] JdwpDebugServer - Command: o(6 1) id = 3159 length = 16
[2016-02-02 11:56:21:628] SoftVmInterface - Reporting line numbers for method com/mob/demo/MyViewController.$getSuper: [1048583]
[2016-02-02 11:56:21:629] JdwpDebugServer - Command: o(6 1) id = 3160 length = 16
[2016-02-02 11:56:21:629] SoftVmInterface - Reporting line numbers for method com/mob/demo/MyViewController.$initObject: [1048584]
[2016-02-02 11:56:21:629] JdwpDebugServer - Command: o(6 1) id = 3161 length = 16
[2016-02-02 11:56:21:629] SoftVmInterface - Reporting line numbers for method com/mob/demo/MyViewController.$cb$initWithCoder$: [1048585]
[2016-02-02 11:56:21:630] JdwpDebugServer - Command: o(6 1) id = 3162 length = 16
[2016-02-02 11:56:21:630] SoftVmInterface - Reporting line numbers for method com/mob/demo/MyViewController.<clinit>: [1048587]
[2016-02-02 11:56:21:630] JdwpDebugServer - Command: Z(11 3) id = 3163 length = 8
[2016-02-02 11:56:21:630] DebugChannel - Event: Thread resumed, java obj: 0x116818f30, thread: 0x116817ee0
[2016-02-02 11:56:21:633] DebugLaunchPlugin - Waiting for the debugger to settle...
[2016-02-02 11:56:21:643] DebugLaunchPlugin - Waiting for the debugger to settle...
[2016-02-02 11:56:21:653] DebugLaunchPlugin - Waiting for the debugger to settle...
[2016-02-02 11:56:21:664] DebugLaunchPlugin - Waiting for the debugger to settle...
[2016-02-02 11:56:21:677] DebugLaunchPlugin - Waiting for the debugger to settle...
[2016-02-02 11:56:21:688] DebugLaunchPlugin - Waiting for the debugger to settle...
[2016-02-02 11:56:21:698] DebugLaunchPlugin - Waiting for the debugger to settle...
[2016-02-02 11:56:21:709] DebugLaunchPlugin - Waiting for the debugger to settle...
[2016-02-02 11:56:21:720] DebugLaunchPlugin - Waiting for the debugger to settle...
[2016-02-02 11:56:21:731] DebugLaunchPlugin - Waiting for the debugger to settle...
[2016-02-02 11:56:21:742] DebugLaunchPlugin - Waiting for the debugger to settle...
[2016-02-02 11:56:21:753] DebugLaunchPlugin - Waiting for the debugger to settle...
[2016-02-02 11:56:21:766] DebugLaunchPlugin - Waiting for the debugger to settle...
[2016-02-02 11:56:21:778] DebugLaunchPlugin - Waiting for the debugger to settle...
[2016-02-02 11:56:21:790] DebugLaunchPlugin - Waiting for the debugger to settle...
[2016-02-02 11:56:21:801] DebugLaunchPlugin - Waiting for the debugger to settle...
[2016-02-02 11:56:21:814] DebugLaunchPlugin - Waiting for the debugger to settle...
[2016-02-02 11:56:21:826] DebugLaunchPlugin - Waiting for the debugger to settle...
[2016-02-02 11:56:21:838] DebugLaunchPlugin - Waiting for the debugger to settle...
[2016-02-02 11:56:21:849] DebugLaunchPlugin - Waiting for the debugger to settle...
[2016-02-02 11:56:21:852] DebugChannel - Event: Thread stopped, reason: Exception, java obj: 0x116818f30, thread: 0x116817ee0, frames: 15
[2016-02-02 11:56:21:877] DebugLaunchPlugin - Waiting for the debugger to settle...
[2016-02-02 11:56:21:879] SoftDebugger - Reconstructing frames took: 0.026997secs
[2016-02-02 11:56:21:880] DebugChannel - Event: Thread resumed, java obj: 0x116818f30, thread: 0x116817ee0
[2016-02-02 11:56:21:888] DebugLaunchPlugin - Waiting for the debugger to settle...
[2016-02-02 11:56:21:899] DebugChannel - Event: Thread stopped, reason: Exception, java obj: 0x116818f30, thread: 0x116817ee0, frames: 10
[2016-02-02 11:56:21:899] SoftDebugger - Reconstructing frames took: 6.2E-5secs
[2016-02-02 11:56:21:899] DebugLaunchPlugin - Waiting for the debugger to settle...
[2016-02-02 11:56:21:899] DebugChannel - Event: Thread resumed, java obj: 0x116818f30, thread: 0x116817ee0
[2016-02-02 11:56:21:911] DebugLaunchPlugin - Waiting for the debugger to settle...
[2016-02-02 11:56:21:922] DebugLaunchPlugin - Waiting for the debugger to settle...
[2016-02-02 11:56:21:934] DebugLaunchPlugin - Waiting for the debugger to settle...
[2016-02-02 11:56:21:945] DebugLaunchPlugin - Waiting for the debugger to settle...
[2016-02-02 11:56:21:958] DebugLaunchPlugin - Waiting for the debugger to settle...
[2016-02-02 11:56:21:969] DebugLaunchPlugin - Waiting for the debugger to settle...
[2016-02-02 11:56:21:982] DebugLaunchPlugin - Waiting for the debugger to settle...
[2016-02-02 11:56:21:993] DebugLaunchPlugin - Waiting for the debugger to settle...
[2016-02-02 11:56:22:004] DebugLaunchPlugin - Waiting for the debugger to settle...
[2016-02-02 11:56:22:014] DebugLaunchPlugin - Waiting for the debugger to settle...
[2016-02-02 11:56:22:026] DebugLaunchPlugin - Waiting for the debugger to settle...
[2016-02-02 11:56:22:036] DebugLaunchPlugin - Waiting for the debugger to settle...
[2016-02-02 11:56:22:049] DebugLaunchPlugin - Waiting for the debugger to settle...
[2016-02-02 11:56:22:060] DebugLaunchPlugin - Waiting for the debugger to settle...
[2016-02-02 11:56:22:071] DebugLaunchPlugin - Waiting for the debugger to settle...
[2016-02-02 11:56:22:082] DebugLaunchPlugin - Waiting for the debugger to settle...
[2016-02-02 11:56:22:094] DebugLaunchPlugin - Waiting for the debugger to settle...
[2016-02-02 11:56:22:104] DebugLaunchPlugin - Waiting for the debugger to settle...
[2016-02-02 11:56:22:116] DebugLaunchPlugin - Waiting for the debugger to settle...
[2016-02-02 11:56:22:127] DebugLaunchPlugin - Waiting for the debugger to settle...
[2016-02-02 11:56:22:139] DebugLaunchPlugin - Waiting for the debugger to settle...
[2016-02-02 11:56:22:150] DebugLaunchPlugin - Waiting for the debugger to settle...
[2016-02-02 11:56:22:162] DebugLaunchPlugin - Waiting for the debugger to settle...
[2016-02-02 11:56:22:173] DebugLaunchPlugin - Waiting for the debugger to settle...
[2016-02-02 11:56:22:184] DebugLaunchPlugin - Waiting for the debugger to settle...
[2016-02-02 11:56:22:197] DebugLaunchPlugin - Waiting for the debugger to settle...
[2016-02-02 11:56:22:207] DebugLaunchPlugin - Waiting for the debugger to settle...
[2016-02-02 11:56:22:219] DebugLaunchPlugin - Waiting for the debugger to settle...
[2016-02-02 11:56:22:230] DebugLaunchPlugin - Waiting for the debugger to settle...
[2016-02-02 11:56:22:240] DebugLaunchPlugin - Waiting for the debugger to settle...
[2016-02-02 11:56:22:251] DebugLaunchPlugin - Waiting for the debugger to settle...
[2016-02-02 11:56:22:254] SoftJdwpEventProcessor - Reporting class prepare event EventRequest [id=4, eventKind=CLASS_PREPARE, suspendPolicy=EVENT_THREAD, constraints=[ClassMatchConstraint [classPattern=com.mob.demo.MyViewController$*]]] to JDWP client for class com/mob/demo/MyViewController$1
[2016-02-02 11:56:22:254] JdwpDebugServer - Command: H(2 15) id = 3164 length = 8
[2016-02-02 11:56:22:255] SoftVmInterface - Reporting method: com/mob/demo/MyViewController$1.<init>
[2016-02-02 11:56:22:255] SoftVmInterface - Reporting method: com/mob/demo/MyViewController$1.onTouchUpInside
[2016-02-02 11:56:22:255] JdwpDebugServer - Command: o(6 1) id = 3165 length = 16
[2016-02-02 11:56:22:256] SoftVmInterface - Reporting line numbers for method com/mob/demo/MyViewController$1.<init>: [1, 46]
[2016-02-02 11:56:22:256] JdwpDebugServer - Command: o(6 1) id = 3166 length = 16
[2016-02-02 11:56:22:256] SoftVmInterface - Reporting line numbers for method com/mob/demo/MyViewController$1.onTouchUpInside: [52]
[2016-02-02 11:56:22:256] JdwpDebugServer - Command: Z(11 3) id = 3167 length = 8
[2016-02-02 11:56:22:257] DebugChannel - Event: Thread resumed, java obj: 0x116818f30, thread: 0x116817ee0
[2016-02-02 11:56:22:260] SoftJdwpEventProcessor - Reporting class prepare event EventRequest [id=4, eventKind=CLASS_PREPARE, suspendPolicy=EVENT_THREAD, constraints=[ClassMatchConstraint [classPattern=com.mob.demo.MyViewController$*]]] to JDWP client for class com/mob/demo/MyViewController$2
[2016-02-02 11:56:22:261] JdwpDebugServer - Command: H(2 15) id = 3168 length = 8
[2016-02-02 11:56:22:261] SoftVmInterface - Reporting method: com/mob/demo/MyViewController$2.<init>
[2016-02-02 11:56:22:261] SoftVmInterface - Reporting method: com/mob/demo/MyViewController$2.onTouchUpInside
[2016-02-02 11:56:22:261] JdwpDebugServer - Command: o(6 1) id = 3169 length = 16
[2016-02-02 11:56:22:262] DebugLaunchPlugin - Waiting for the debugger to settle...
[2016-02-02 11:56:22:262] SoftVmInterface - Reporting line numbers for method com/mob/demo/MyViewController$2.<init>: [1, 57]
[2016-02-02 11:56:22:262] JdwpDebugServer - Command: o(6 1) id = 3170 length = 16
[2016-02-02 11:56:22:262] SoftVmInterface - Reporting line numbers for method com/mob/demo/MyViewController$2.onTouchUpInside: [62]
[2016-02-02 11:56:22:263] JdwpDebugServer - Command: Z(11 3) id = 3171 length = 8
[2016-02-02 11:56:22:263] DebugChannel - Event: Thread resumed, java obj: 0x116818f30, thread: 0x116817ee0
[2016-02-02 11:56:22:263] SoftJdwpEventProcessor - Reporting class prepare event EventRequest [id=4, eventKind=CLASS_PREPARE, suspendPolicy=EVENT_THREAD, constraints=[ClassMatchConstraint [classPattern=com.mob.demo.MyViewController$*]]] to JDWP client for class com/mob/demo/MyViewController$3
[2016-02-02 11:56:22:268] JdwpDebugServer - Command: H(2 15) id = 3172 length = 8
[2016-02-02 11:56:22:268] SoftVmInterface - Reporting method: com/mob/demo/MyViewController$3.<init>
[2016-02-02 11:56:22:268] SoftVmInterface - Reporting method: com/mob/demo/MyViewController$3.onTouchUpInside
[2016-02-02 11:56:22:268] JdwpDebugServer - Command: o(6 1) id = 3173 length = 16
[2016-02-02 11:56:22:269] SoftVmInterface - Reporting line numbers for method com/mob/demo/MyViewController$3.<init>: [1, 67]
[2016-02-02 11:56:22:269] JdwpDebugServer - Command: o(6 1) id = 3174 length = 16
[2016-02-02 11:56:22:270] SoftVmInterface - Reporting line numbers for method com/mob/demo/MyViewController$3.onTouchUpInside: [71, 72, 74, 76, 78, 80, 81, 82, 84, 122]
[2016-02-02 11:56:22:270] JdwpDebugServer - Command: Z(11 3) id = 3175 length = 8
[2016-02-02 11:56:22:270] DebugChannel - Event: Thread resumed, java obj: 0x116818f30, thread: 0x116817ee0
[2016-02-02 11:56:22:271] SoftJdwpEventProcessor - Reporting class prepare event EventRequest [id=4, eventKind=CLASS_PREPARE, suspendPolicy=EVENT_THREAD, constraints=[ClassMatchConstraint [classPattern=com.mob.demo.MyViewController$*]]] to JDWP client for class com/mob/demo/MyViewController$4
[2016-02-02 11:56:22:272] DebugLaunchPlugin - Waiting for the debugger to settle...
[2016-02-02 11:56:22:276] JdwpDebugServer - Command: H(2 15) id = 3176 length = 8
[2016-02-02 11:56:22:276] SoftVmInterface - Reporting method: com/mob/demo/MyViewController$4.<init>
[2016-02-02 11:56:22:276] SoftVmInterface - Reporting method: com/mob/demo/MyViewController$4.onTouchUpInside
[2016-02-02 11:56:22:276] JdwpDebugServer - Command: o(6 1) id = 3177 length = 16
[2016-02-02 11:56:22:277] SoftVmInterface - Reporting line numbers for method com/mob/demo/MyViewController$4.<init>: [1, 127]
[2016-02-02 11:56:22:277] JdwpDebugServer - Command: o(6 1) id = 3178 length = 16
[2016-02-02 11:56:22:278] SoftVmInterface - Reporting line numbers for method com/mob/demo/MyViewController$4.onTouchUpInside: [131, 132, 134, 136, 138, 140, 141, 142, 144, 178]
[2016-02-02 11:56:22:278] JdwpDebugServer - Command: Z(11 3) id = 3179 length = 8
[2016-02-02 11:56:22:279] DebugChannel - Event: Thread resumed, java obj: 0x116818f30, thread: 0x116817ee0
[2016-02-02 11:56:22:280] SoftJdwpEventProcessor - Reporting class prepare event EventRequest [id=4, eventKind=CLASS_PREPARE, suspendPolicy=EVENT_THREAD, constraints=[ClassMatchConstraint [classPattern=com.mob.demo.MyViewController$*]]] to JDWP client for class com/mob/demo/MyViewController$5
[2016-02-02 11:56:22:283] DebugLaunchPlugin - Waiting for the debugger to settle...
[2016-02-02 11:56:22:286] JdwpDebugServer - Command: H(2 15) id = 3180 length = 8
[2016-02-02 11:56:22:286] SoftVmInterface - Reporting method: com/mob/demo/MyViewController$5.<init>
[2016-02-02 11:56:22:286] SoftVmInterface - Reporting method: com/mob/demo/MyViewController$5.onTouchUpInside
[2016-02-02 11:56:22:287] JdwpDebugServer - Command: o(6 1) id = 3181 length = 16
[2016-02-02 11:56:22:287] SoftVmInterface - Reporting line numbers for method com/mob/demo/MyViewController$5.<init>: [1, 183]
[2016-02-02 11:56:22:288] JdwpDebugServer - Command: o(6 1) id = 3182 length = 16
[2016-02-02 11:56:22:288] SoftVmInterface - Reporting line numbers for method com/mob/demo/MyViewController$5.onTouchUpInside: [189]
[2016-02-02 11:56:22:289] JdwpDebugServer - Command: Z(11 3) id = 3183 length = 8
[2016-02-02 11:56:22:290] DebugChannel - Event: Thread resumed, java obj: 0x116818f30, thread: 0x116817ee0
[2016-02-02 11:56:22:296] DebugLaunchPlugin - Waiting for the debugger to settle...
[2016-02-02 11:56:22:307] DebugLaunchPlugin - Waiting for the debugger to settle...
[2016-02-02 11:56:22:317] DebugLaunchPlugin - Waiting for the debugger to settle...
[2016-02-02 11:56:22:329] DebugLaunchPlugin - Waiting for the debugger to settle...
[2016-02-02 11:56:22:339] DebugLaunchPlugin - Waiting for the debugger to settle...
[2016-02-02 11:56:22:350] DebugLaunchPlugin - Waiting for the debugger to settle...
[2016-02-02 11:56:22:361] DebugLaunchPlugin - Waiting for the debugger to settle...
[2016-02-02 11:56:22:371] DebugLaunchPlugin - Waiting for the debugger to settle...
[2016-02-02 11:56:22:384] DebugLaunchPlugin - Waiting for the debugger to settle...
[2016-02-02 11:56:22:394] DebugLaunchPlugin - Waiting for the debugger to settle...
[2016-02-02 11:56:22:405] DebugLaunchPlugin - Waiting for the debugger to settle...
[2016-02-02 11:56:22:416] DebugLaunchPlugin - Waiting for the debugger to settle...
[2016-02-02 11:56:22:421] DebugChannel - Event: Thread stopped, reason: Exception, java obj: 0x116818f30, thread: 0x116817ee0, frames: 9
[2016-02-02 11:56:22:422] SoftDebugger - Reconstructing frames took: 0.001577secs
[2016-02-02 11:56:22:424] DebugChannel - Event: Thread resumed, java obj: 0x116818f30, thread: 0x116817ee0
[2016-02-02 11:56:22:424] DebugChannel - Event: Thread stopped, reason: Exception, java obj: 0x116818f30, thread: 0x116817ee0, frames: 8
[2016-02-02 11:56:22:424] SoftDebugger - Reconstructing frames took: 3.3E-5secs
[2016-02-02 11:56:22:426] DebugChannel - Event: Thread resumed, java obj: 0x116818f30, thread: 0x116817ee0
[2016-02-02 11:56:22:426] DebugChannel - Event: Thread stopped, reason: Exception, java obj: 0x116818f30, thread: 0x116817ee0, frames: 8
[2016-02-02 11:56:22:426] SoftDebugger - Reconstructing frames took: 4.5E-5secs
[2016-02-02 11:56:22:427] DebugChannel - Event: Thread resumed, java obj: 0x116818f30, thread: 0x116817ee0
[2016-02-02 11:56:22:427] DebugChannel - Event: Thread stopped, reason: Exception, java obj: 0x116818f30, thread: 0x116817ee0, frames: 3
[2016-02-02 11:56:22:427] SoftDebugger - Reconstructing frames took: 2.1E-5secs
[2016-02-02 11:56:22:427] DebugLaunchPlugin - Waiting for the debugger to settle...
[2016-02-02 11:56:22:427] DebugChannel - Event: Thread resumed, java obj: 0x116818f30, thread: 0x116817ee0
[2016-02-02 11:56:22:428] DebugChannel - Event: Thread stopped, reason: Exception, java obj: 0x116818f30, thread: 0x116817ee0, frames: 3
[2016-02-02 11:56:22:428] SoftDebugger - Reconstructing frames took: 2.0E-5secs
[2016-02-02 11:56:22:428] DebugChannel - Event: Thread resumed, java obj: 0x116818f30, thread: 0x116817ee0
[2016-02-02 11:56:22:429] DebugChannel - Event: Thread stopped, reason: Exception, java obj: 0x116818f30, thread: 0x116817ee0, frames: 1
[2016-02-02 11:56:22:429] SoftDebugger - Reconstructing frames took: 1.3E-5secs
[2016-02-02 11:56:22:430] DebugChannel - Event: Thread resumed, java obj: 0x116818f30, thread: 0x116817ee0
[2016-02-02 11:56:22:430] DebugChannel - Event: Thread stopped, reason: Exception, java obj: 0x116818f30, thread: 0x116817ee0, frames: 1
[2016-02-02 11:56:22:430] SoftDebugger - Reconstructing frames took: 9.0E-6secs
[2016-02-02 11:56:22:431] JdwpDebugServer - Command: H(2 15) id = 3184 length = 8
[2016-02-02 11:56:22:431] SoftVmInterface - Reporting method: com/mob/demo/ShareSDKDemo.<init>
[2016-02-02 11:56:22:432] SoftVmInterface - Reporting method: com/mob/demo/ShareSDKDemo.didFinishLaunching
[2016-02-02 11:56:22:432] SoftVmInterface - Reporting method: com/mob/demo/ShareSDKDemo.main
[2016-02-02 11:56:22:432] SoftVmInterface - Reporting method: com/mob/demo/ShareSDKDemo.initShareSDK
[2016-02-02 11:56:22:432] SoftVmInterface - Reporting method: com/mob/demo/ShareSDKDemo.$cb$application$didFinishLaunchingWithOptions$
[2016-02-02 11:56:22:433] SoftVmInterface - Reporting method: com/mob/demo/ShareSDKDemo.$cb$init
[2016-02-02 11:56:22:433] SoftVmInterface - Reporting method: com/mob/demo/ShareSDKDemo.$setHandle
[2016-02-02 11:56:22:433] SoftVmInterface - Reporting method: com/mob/demo/ShareSDKDemo.$cb$initWithCoder$
[2016-02-02 11:56:22:433] SoftVmInterface - Reporting method: com/mob/demo/ShareSDKDemo.$m$super$initWithCoder$
[2016-02-02 11:56:22:433] SoftVmInterface - Reporting method: com/mob/demo/ShareSDKDemo.$getSuper
[2016-02-02 11:56:22:433] SoftVmInterface - Reporting method: com/mob/demo/ShareSDKDemo.$initObject
[2016-02-02 11:56:22:434] SoftVmInterface - Reporting method: com/mob/demo/ShareSDKDemo.<clinit>
[2016-02-02 11:56:22:435] JdwpDebugServer - Command: y(9 1) id = 3185 length = 8
[2016-02-02 11:56:22:435] JdwpDebugServer - Command: J(2 1) id = 3186 length = 8
[2016-02-02 11:56:22:436] JdwpDebugServer - Command: j(3 1) id = 3187 length = 8
[2016-02-02 11:56:22:436] JdwpDebugServer - Command: J(2 1) id = 3188 length = 8
[2016-02-02 11:56:22:437] JdwpDebugServer - Command: j(3 1) id = 3189 length = 8
[2016-02-02 11:56:22:437] JdwpDebugServer - Command: J(2 1) id = 3190 length = 8
[2016-02-02 11:56:22:437] DebugLaunchPlugin - Waiting for the debugger to settle...
[2016-02-02 11:56:22:437] JdwpDebugServer - Command: j(3 1) id = 3191 length = 8
[2016-02-02 11:56:22:441] JdwpDebugServer - Command: W(11 6) id = 3192 length = 16
[2016-02-02 11:56:22:442] JdwpDebugServer - Command: V(11 7) id = 3193 length = 8
[2016-02-02 11:56:22:442] JdwpDebugServer - Command: Y(11 8) id = 3194 length = 8
[2016-02-02 11:56:22:442] JdwpDebugServer - Command: U(11 9) id = 3195 length = 8
[2016-02-02 11:56:22:443] JdwpDebugServer - Command: Y(11 8) id = 3196 length = 8
[2016-02-02 11:56:22:443] JdwpDebugServer - Command: U(11 9) id = 3197 length = 8
[2016-02-02 11:56:22:448] DebugLaunchPlugin - Waiting for the debugger to settle...
[2016-02-02 11:56:22:460] DebugLaunchPlugin - Waiting for the debugger to settle...
[2016-02-02 11:56:22:471] DebugLaunchPlugin - Waiting for the debugger to settle...
[2016-02-02 11:56:22:481] DebugLaunchPlugin - Waiting for the debugger to settle...
[2016-02-02 11:56:22:492] DebugLaunchPlugin - Waiting for the debugger to settle...
[2016-02-02 11:56:22:504] DebugLaunchPlugin - Waiting for the debugger to settle...
[2016-02-02 11:56:22:514] DebugLaunchPlugin - Waiting for the debugger to settle...
[2016-02-02 11:56:22:526] DebugLaunchPlugin - Waiting for the debugger to settle...
[2016-02-02 11:56:22:538] DebugLaunchPlugin - Waiting for the debugger to settle...
[2016-02-02 11:56:22:551] DebugLaunchPlugin - Waiting for the debugger to settle...
[2016-02-02 11:56:22:563] DebugLaunchPlugin - Waiting for the debugger to settle...
[2016-02-02 11:56:22:574] DebugLaunchPlugin - Waiting for the debugger to settle...
[2016-02-02 11:56:22:585] DebugLaunchPlugin - Waiting for the debugger to settle...
[2016-02-02 11:56:22:596] DebugLaunchPlugin - Waiting for the debugger to settle...
[2016-02-02 11:56:22:607] DebugLaunchPlugin - Waiting for the debugger to settle...
[2016-02-02 11:56:22:618] DebugLaunchPlugin - Waiting for the debugger to settle...
[2016-02-02 11:56:22:629] DebugLaunchPlugin - Waiting for the debugger to settle...
[2016-02-02 11:56:22:640] DebugLaunchPlugin - Waiting for the debugger to settle...
[2016-02-02 11:56:22:650] DebugLaunchPlugin - Waiting for the debugger to settle...
[2016-02-02 11:56:22:661] DebugLaunchPlugin - Waiting for the debugger to settle...
[2016-02-02 11:56:22:672] DebugLaunchPlugin - Waiting for the debugger to settle...
[2016-02-02 11:56:22:682] DebugLaunchPlugin - Waiting for the debugger to settle...
[2016-02-02 11:56:22:693] DebugLaunchPlugin - Waiting for the debugger to settle...
[2016-02-02 11:56:22:703] DebugLaunchPlugin - Waiting for the debugger to settle...
[2016-02-02 11:56:22:714] DebugLaunchPlugin - Waiting for the debugger to settle...
[2016-02-02 11:56:22:725] DebugLaunchPlugin - Waiting for the debugger to settle...
[2016-02-02 11:56:22:737] DebugLaunchPlugin - Waiting for the debugger to settle...
[2016-02-02 11:56:22:748] DebugLaunchPlugin - Waiting for the debugger to settle...
[2016-02-02 11:56:22:759] DebugLaunchPlugin - Waiting for the debugger to settle...
[2016-02-02 11:56:22:770] DebugLaunchPlugin - Waiting for the debugger to settle...
[2016-02-02 11:56:22:787] DebugLaunchPlugin - Waiting for the debugger to settle...
[2016-02-02 11:56:22:798] DebugLaunchPlugin - Waiting for the debugger to settle...
[2016-02-02 11:56:22:809] DebugLaunchPlugin - Waiting for the debugger to settle...
[2016-02-02 11:56:22:819] DebugLaunchPlugin - Waiting for the debugger to settle...
[2016-02-02 11:56:22:830] DebugLaunchPlugin - Waiting for the debugger to settle...
[2016-02-02 11:56:22:841] DebugLaunchPlugin - Waiting for the debugger to settle...
[2016-02-02 11:56:22:854] DebugLaunchPlugin - Waiting for the debugger to settle...
[2016-02-02 11:56:22:866] DebugLaunchPlugin - Waiting for the debugger to settle...
[2016-02-02 11:56:22:878] DebugLaunchPlugin - Waiting for the debugger to settle...
[2016-02-02 11:56:22:889] DebugLaunchPlugin - Waiting for the debugger to settle...
[2016-02-02 11:56:22:901] DebugLaunchPlugin - Waiting for the debugger to settle...
[2016-02-02 11:56:22:912] DebugLaunchPlugin - Waiting for the debugger to settle...
[2016-02-02 11:56:22:925] DebugLaunchPlugin - Waiting for the debugger to settle...
[2016-02-02 11:56:22:936] DebugLaunchPlugin - Waiting for the debugger to settle...
[2016-02-02 11:56:22:947] DebugLaunchPlugin - Waiting for the debugger to settle...
[2016-02-02 11:56:22:960] DebugLaunchPlugin - Waiting for the debugger to settle...
[2016-02-02 11:56:22:971] DebugLaunchPlugin - Waiting for the debugger to settle...
[2016-02-02 11:56:22:981] DebugLaunchPlugin - Waiting for the debugger to settle...
[2016-02-02 11:56:22:992] DebugLaunchPlugin - Waiting for the debugger to settle...
[2016-02-02 11:56:23:002] DebugLaunchPlugin - Waiting for the debugger to settle...
[2016-02-02 11:56:23:015] DebugLaunchPlugin - Waiting for the debugger to settle...
[2016-02-02 11:56:23:027] DebugLaunchPlugin - Waiting for the debugger to settle...
[2016-02-02 11:56:23:037] DebugLaunchPlugin - Waiting for the debugger to settle...
[2016-02-02 11:56:23:048] DebugLaunchPlugin - Waiting for the debugger to settle...
[2016-02-02 11:56:23:058] DebugLaunchPlugin - Waiting for the debugger to settle...
[2016-02-02 11:56:23:081] DebugLaunchPlugin - Waiting for the debugger to settle...
[2016-02-02 11:56:23:092] DebugLaunchPlugin - Waiting for the debugger to settle...
[2016-02-02 11:56:23:103] DebugLaunchPlugin - Waiting for the debugger to settle...
[2016-02-02 11:56:23:113] DebugLaunchPlugin - Waiting for the debugger to settle...
[2016-02-02 11:56:23:125] DebugLaunchPlugin - Waiting for the debugger to settle...
[2016-02-02 11:56:23:137] DebugLaunchPlugin - Waiting for the debugger to settle...
[2016-02-02 11:56:23:148] DebugLaunchPlugin - Waiting for the debugger to settle...
[2016-02-02 11:56:23:160] DebugLaunchPlugin - Waiting for the debugger to settle...
[2016-02-02 11:56:23:171] DebugLaunchPlugin - Waiting for the debugger to settle...
[2016-02-02 11:56:23:181] DebugLaunchPlugin - Waiting for the debugger to settle...
[2016-02-02 11:56:23:192] DebugLaunchPlugin - Waiting for the debugger to settle...
[2016-02-02 11:56:23:204] DebugLaunchPlugin - Waiting for the debugger to settle...
[2016-02-02 11:56:23:215] DebugLaunchPlugin - Waiting for the debugger to settle...
[2016-02-02 11:56:23:226] DebugLaunchPlugin - Waiting for the debugger to settle...
[2016-02-02 11:56:23:227] JdwpDebugServer - Command: L(2 7) id = 3198 length = 8
[2016-02-02 11:56:23:238] DebugLaunchPlugin - Waiting for the debugger to settle...
[2016-02-02 11:56:23:238] JdwpDebugServer - Command: J(2 1) id = 3199 length = 8
[2016-02-02 11:56:23:249] DebugLaunchPlugin - Waiting for the debugger to settle...
[2016-02-02 11:56:23:261] DebugLaunchPlugin - Waiting for the debugger to settle...
[2016-02-02 11:56:23:272] DebugLaunchPlugin - Waiting for the debugger to settle...
[2016-02-02 11:56:23:283] DebugLaunchPlugin - Waiting for the debugger to settle...
[2016-02-02 11:56:23:293] DebugLaunchPlugin - Waiting for the debugger to settle...
[2016-02-02 11:56:23:306] DebugLaunchPlugin - Waiting for the debugger to settle...
[2016-02-02 11:56:23:318] DebugLaunchPlugin - Waiting for the debugger to settle...
[2016-02-02 11:56:23:323] JdwpDebugServer - Command: K(2 13) id = 3200 length = 8
[2016-02-02 11:56:23:325] JdwpDebugServer - Command: o(6 1) id = 3201 length = 16
[2016-02-02 11:56:23:325] SoftVmInterface - Reporting line numbers for method com/mob/demo/ShareSDKDemo.main: [40, 41, 42, 43]
[2016-02-02 11:56:23:326] JdwpDebugServer - Command: X(11 1) id = 3202 length = 8
[2016-02-02 11:56:23:329] JdwpDebugServer - Command: U(11 9) id = 3203 length = 8
[2016-02-02 11:56:23:329] JdwpDebugServer - Command: Y(11 8) id = 3204 length = 8
[2016-02-02 11:56:23:329] DebugLaunchPlugin - Waiting for the debugger to settle...
[2016-02-02 11:56:23:330] JdwpDebugServer - Command: X(11 1) id = 3205 length = 8
[2016-02-02 11:56:23:341] DebugLaunchPlugin - Waiting for the debugger to settle...
[2016-02-02 11:56:23:353] DebugLaunchPlugin - Waiting for the debugger to settle...
[2016-02-02 11:56:23:364] DebugLaunchPlugin - Waiting for the debugger to settle...
[2016-02-02 11:56:23:375] DebugLaunchPlugin - Waiting for the debugger to settle...
[2016-02-02 11:56:23:387] DebugLaunchPlugin - Waiting for the debugger to settle...
[2016-02-02 11:56:23:400] DebugLaunchPlugin - Waiting for the debugger to settle...
[2016-02-02 11:56:23:411] DebugLaunchPlugin - Waiting for the debugger to settle...
[2016-02-02 11:56:23:422] DebugLaunchPlugin - Waiting for the debugger to settle...
[2016-02-02 11:56:23:426] JdwpDebugServer - Command: D(2 14) id = 3206 length = 8
[2016-02-02 11:56:23:426] JdwpDebugServer - Command: F(2 10) id = 3207 length = 8
[2016-02-02 11:56:23:426] JdwpDebugServer - Command: j(3 1) id = 3208 length = 8
[2016-02-02 11:56:23:426] JdwpDebugServer - Command: D(2 14) id = 3209 length = 8
[2016-02-02 11:56:23:427] JdwpDebugServer - Command: F(2 10) id = 3210 length = 8
[2016-02-02 11:56:23:427] JdwpDebugServer - Command: D(2 14) id = 3211 length = 8
[2016-02-02 11:56:23:427] JdwpDebugServer - Command: F(2 10) id = 3212 length = 8
[2016-02-02 11:56:23:427] JdwpDebugServer - Command: D(2 14) id = 3213 length = 8
[2016-02-02 11:56:23:428] JdwpDebugServer - Command: F(2 10) id = 3214 length = 8
[2016-02-02 11:56:23:428] JdwpDebugServer - Command: D(2 14) id = 3215 length = 8
[2016-02-02 11:56:23:428] JdwpDebugServer - Command: F(2 10) id = 3216 length = 8
[2016-02-02 11:56:23:428] JdwpDebugServer - Command: j(3 1) id = 3217 length = 8
[2016-02-02 11:56:23:429] JdwpDebugServer - Command: D(2 14) id = 3218 length = 8
[2016-02-02 11:56:23:429] JdwpDebugServer - Command: F(2 10) id = 3219 length = 8
[2016-02-02 11:56:23:429] JdwpDebugServer - Command: j(3 1) id = 3220 length = 8
[2016-02-02 11:56:23:430] JdwpDebugServer - Command: D(2 14) id = 3221 length = 8
[2016-02-02 11:56:23:430] JdwpDebugServer - Command: F(2 10) id = 3222 length = 8
[2016-02-02 11:56:23:430] JdwpDebugServer - Command: j(3 1) id = 3223 length = 8
[2016-02-02 11:56:23:430] JdwpDebugServer - Command: D(2 14) id = 3224 length = 8
[2016-02-02 11:56:23:430] JdwpDebugServer - Command: F(2 10) id = 3225 length = 8
[2016-02-02 11:56:23:431] JdwpDebugServer - Command: j(3 1) id = 3226 length = 8
[2016-02-02 11:56:23:431] JdwpDebugServer - Command: j(3 1) id = 3227 length = 8
[2016-02-02 11:56:23:431] JdwpDebugServer - Command: q(6 5) id = 3228 length = 16
[2016-02-02 11:56:23:433] DebugLaunchPlugin - Waiting for the debugger to settle...
[2016-02-02 11:56:23:446] DebugLaunchPlugin - Waiting for the debugger to settle...
[2016-02-02 11:56:23:459] DebugLaunchPlugin - Waiting for the debugger to settle...
[2016-02-02 11:56:23:471] DebugLaunchPlugin - Waiting for the debugger to settle...
[2016-02-02 11:56:23:483] DebugLaunchPlugin - Waiting for the debugger to settle...
[2016-02-02 11:56:23:495] DebugLaunchPlugin - Waiting for the debugger to settle...
[2016-02-02 11:56:23:505] DebugLaunchPlugin - Waiting for the debugger to settle...
[2016-02-02 11:56:23:518] DebugLaunchPlugin - Waiting for the debugger to settle...
[2016-02-02 11:56:23:529] DebugLaunchPlugin - Waiting for the debugger to settle...
[2016-02-02 11:56:23:539] DebugLaunchPlugin - Waiting for the debugger to settle...
[2016-02-02 11:56:23:552] DebugLaunchPlugin - Waiting for the debugger to settle...
[2016-02-02 11:56:23:565] DebugLaunchPlugin - Waiting for the debugger to settle...
[2016-02-02 11:56:23:578] DebugLaunchPlugin - Waiting for the debugger to settle...
[2016-02-02 11:56:23:589] DebugLaunchPlugin - Waiting for the debugger to settle...
[2016-02-02 11:56:23:599] DebugLaunchPlugin - Waiting for the debugger to settle...
[2016-02-02 11:56:23:608] JdwpDebugServer - Command: V(11 7) id = 3229 length = 8
[2016-02-02 11:56:23:608] JdwpDebugServer - Command: Y(11 8) id = 3230 length = 8
[2016-02-02 11:56:23:608] JdwpDebugServer - Command: U(11 9) id = 3231 length = 8
[2016-02-02 11:56:23:610] DebugLaunchPlugin - Waiting for the debugger to settle...
[2016-02-02 11:56:23:610] JdwpDebugServer - Command: X(11 1) id = 3232 length = 8
[2016-02-02 11:56:23:611] JdwpDebugServer - Command: V(11 7) id = 3233 length = 8
[2016-02-02 11:56:23:612] JdwpDebugServer - Command: Y(11 8) id = 3234 length = 8
[2016-02-02 11:56:23:612] JdwpDebugServer - Command: X(11 1) id = 3235 length = 8
[2016-02-02 11:56:23:613] JdwpDebugServer - Command: U(11 9) id = 3236 length = 8
[2016-02-02 11:56:23:613] JdwpDebugServer - Command: U(11 9) id = 3237 length = 8
[2016-02-02 11:56:23:614] JdwpDebugServer - Command: X(11 1) id = 3238 length = 8
[2016-02-02 11:56:23:615] JdwpDebugServer - Command: Y(11 8) id = 3239 length = 8
[2016-02-02 11:56:23:615] JdwpDebugServer - Command: X(11 1) id = 3240 length = 8
[2016-02-02 11:56:23:617] JdwpDebugServer - Command: U(11 9) id = 3241 length = 8
[2016-02-02 11:56:23:617] JdwpDebugServer - Command: Y(11 8) id = 3242 length = 8
[2016-02-02 11:56:23:617] JdwpDebugServer - Command: U(11 9) id = 3243 length = 8
[2016-02-02 11:56:23:618] JdwpDebugServer - Command: Y(11 8) id = 3244 length = 8
[2016-02-02 11:56:23:621] DebugLaunchPlugin - Waiting for the debugger to settle...
[2016-02-02 11:56:23:633] DebugLaunchPlugin - Waiting for the debugger to settle...
[2016-02-02 11:56:23:646] DebugLaunchPlugin - Waiting for the debugger to settle...
[2016-02-02 11:56:23:658] DebugLaunchPlugin - Waiting for the debugger to settle...
[2016-02-02 11:56:23:671] DebugLaunchPlugin - Waiting for the debugger to settle...
[2016-02-02 11:56:23:683] DebugLaunchPlugin - Waiting for the debugger to settle...
[2016-02-02 11:56:23:696] DebugLaunchPlugin - Waiting for the debugger to settle...
[2016-02-02 11:56:23:708] DebugLaunchPlugin - Waiting for the debugger to settle...
[2016-02-02 11:56:23:720] DebugLaunchPlugin - Waiting for the debugger to settle...
[2016-02-02 11:56:23:733] DebugLaunchPlugin - Waiting for the debugger to settle...
[2016-02-02 11:56:23:746] DebugLaunchPlugin - Waiting for the debugger to settle...
[2016-02-02 11:56:23:758] DebugLaunchPlugin - Waiting for the debugger to settle...
[2016-02-02 11:56:23:769] DebugLaunchPlugin - Waiting for the debugger to settle...
[2016-02-02 11:56:23:782] DebugLaunchPlugin - Waiting for the debugger to settle...
[2016-02-02 11:56:23:794] DebugLaunchPlugin - Waiting for the debugger to settle...
[2016-02-02 11:56:23:807] DebugLaunchPlugin - Waiting for the debugger to settle...
[2016-02-02 11:56:23:819] DebugLaunchPlugin - Waiting for the debugger to settle...
[2016-02-02 11:56:23:831] DebugLaunchPlugin - Waiting for the debugger to settle...
[2016-02-02 11:56:23:844] DebugLaunchPlugin - Waiting for the debugger to settle...
[2016-02-02 11:56:23:855] DebugLaunchPlugin - Waiting for the debugger to settle...
[2016-02-02 11:56:23:865] DebugLaunchPlugin - Waiting for the debugger to settle...
[2016-02-02 11:56:23:876] DebugLaunchPlugin - Waiting for the debugger to settle...
[2016-02-02 11:56:23:886] DebugLaunchPlugin - Waiting for the debugger to settle...
[2016-02-02 11:56:23:898] DebugLaunchPlugin - Waiting for the debugger to settle...
[2016-02-02 11:56:23:910] DebugLaunchPlugin - Waiting for the debugger to settle...
[2016-02-02 11:56:23:921] DebugLaunchPlugin - Waiting for the debugger to settle...
[2016-02-02 11:56:23:934] DebugLaunchPlugin - Waiting for the debugger to settle...
[2016-02-02 11:56:23:946] DebugLaunchPlugin - Waiting for the debugger to settle...
[2016-02-02 11:56:23:956] DebugLaunchPlugin - Waiting for the debugger to settle...
[2016-02-02 11:56:23:969] DebugLaunchPlugin - Waiting for the debugger to settle...
[2016-02-02 11:56:23:981] DebugLaunchPlugin - Waiting for the debugger to settle...
[2016-02-02 11:56:23:991] DebugLaunchPlugin - Waiting for the debugger to settle...
[2016-02-02 11:56:24:002] DebugLaunchPlugin - Waiting for the debugger to settle...
[2016-02-02 11:56:24:015] DebugLaunchPlugin - Waiting for the debugger to settle...
[2016-02-02 11:56:24:027] DebugLaunchPlugin - Waiting for the debugger to settle...
[2016-02-02 11:56:24:039] DebugLaunchPlugin - Waiting for the debugger to settle...
[2016-02-02 11:56:24:050] DebugLaunchPlugin - Waiting for the debugger to settle...
[2016-02-02 11:56:24:061] DebugLaunchPlugin - Waiting for the debugger to settle...
[2016-02-02 11:56:24:072] DebugLaunchPlugin - Waiting for the debugger to settle...
[2016-02-02 11:56:24:083] DebugLaunchPlugin - Waiting for the debugger to settle...
[2016-02-02 11:56:24:096] DebugLaunchPlugin - Waiting for the debugger to settle...
[2016-02-02 11:56:24:108] DebugLaunchPlugin - Waiting for the debugger to settle...
[2016-02-02 11:56:24:121] DebugLaunchPlugin - Waiting for the debugger to settle...
[2016-02-02 11:56:24:131] DebugLaunchPlugin - Waiting for the debugger to settle...
[2016-02-02 11:56:24:142] DebugLaunchPlugin - Waiting for the debugger to settle...
[2016-02-02 11:56:24:152] DebugLaunchPlugin - Waiting for the debugger to settle...
[2016-02-02 11:56:24:165] DebugLaunchPlugin - Waiting for the debugger to settle...
[2016-02-02 11:56:24:178] DebugLaunchPlugin - Waiting for the debugger to settle...
[2016-02-02 11:56:24:188] DebugLaunchPlugin - Waiting for the debugger to settle...
[2016-02-02 11:56:24:201] DebugLaunchPlugin - Waiting for the debugger to settle...
[2016-02-02 11:56:24:213] DebugLaunchPlugin - Waiting for the debugger to settle...
[2016-02-02 11:56:24:226] DebugLaunchPlugin - Waiting for the debugger to settle...
[2016-02-02 11:56:24:236] DebugLaunchPlugin - Waiting for the debugger to settle...
[2016-02-02 11:56:24:249] DebugLaunchPlugin - Waiting for the debugger to settle...
[2016-02-02 11:56:24:262] DebugLaunchPlugin - Waiting for the debugger to settle...
[2016-02-02 11:56:24:273] DebugLaunchPlugin - Waiting for the debugger to settle...
[2016-02-02 11:56:24:286] DebugLaunchPlugin - Waiting for the debugger to settle...
[2016-02-02 11:56:24:298] DebugLaunchPlugin - Waiting for the debugger to settle...
[2016-02-02 11:56:24:311] DebugLaunchPlugin - Waiting for the debugger to settle...
[2016-02-02 11:56:24:322] DebugLaunchPlugin - Waiting for the debugger to settle...
[2016-02-02 11:56:24:332] DebugLaunchPlugin - Waiting for the debugger to settle...
[2016-02-02 11:56:24:345] DebugLaunchPlugin - Waiting for the debugger to settle...
[2016-02-02 11:56:24:355] DebugLaunchPlugin - Waiting for the debugger to settle...
[2016-02-02 11:56:24:366] DebugLaunchPlugin - Waiting for the debugger to settle...
[2016-02-02 11:56:24:378] DebugLaunchPlugin - Waiting for the debugger to settle...
[2016-02-02 11:56:24:391] DebugLaunchPlugin - Waiting for the debugger to settle...
[2016-02-02 11:56:24:401] DebugLaunchPlugin - Waiting for the debugger to settle...
[2016-02-02 11:56:24:414] DebugLaunchPlugin - Waiting for the debugger to settle...
[2016-02-02 11:56:24:426] DebugLaunchPlugin - Waiting for the debugger to settle...
[2016-02-02 11:56:24:436] DebugLaunchPlugin - Waiting for the debugger to settle...
[2016-02-02 11:56:24:449] DebugLaunchPlugin - Waiting for the debugger to settle...
[2016-02-02 11:56:24:459] DebugLaunchPlugin - Waiting for the debugger to settle...
[2016-02-02 11:56:24:470] DebugLaunchPlugin - Waiting for the debugger to settle...
[2016-02-02 11:56:24:482] DebugLaunchPlugin - Waiting for the debugger to settle...
[2016-02-02 11:56:24:495] DebugLaunchPlugin - Waiting for the debugger to settle...
[2016-02-02 11:56:24:505] DebugLaunchPlugin - Waiting for the debugger to settle...
[2016-02-02 11:56:24:518] DebugLaunchPlugin - Waiting for the debugger to settle...
[2016-02-02 11:56:24:528] DebugLaunchPlugin - Waiting for the debugger to settle...
[2016-02-02 11:56:24:539] DebugLaunchPlugin - Waiting for the debugger to settle...
[2016-02-02 11:56:24:552] DebugLaunchPlugin - Waiting for the debugger to settle...
[2016-02-02 11:56:24:564] DebugLaunchPlugin - Waiting for the debugger to settle...
[2016-02-02 11:56:24:577] DebugLaunchPlugin - Waiting for the debugger to settle...
[2016-02-02 11:56:24:588] DebugLaunchPlugin - Waiting for the debugger to settle...
[2016-02-02 11:56:24:599] DebugLaunchPlugin - Waiting for the debugger to settle...
[2016-02-02 11:56:24:611] DebugLaunchPlugin - Waiting for the debugger to settle...
[2016-02-02 11:56:24:624] DebugLaunchPlugin - Debugger has settled. Resuming inferior.
[2016-02-02 11:56:27:074] JdwpDebugServer - Command: Z(11 3) id = 3245 length = 8
[2016-02-02 11:56:27:074] DebugChannel - Event: Thread resumed, java obj: 0x116818f30, thread: 0x116817ee0
[2016-02-02 11:56:27:080] JdwpDebugServer - Command: U(11 9) id = 3246 length = 8
[2016-02-02 11:56:27:080] DebugChannel - Event: Thread detached, java obj: 0x116818f30, thread: 0x116817ee0, exception: 0x0
[2016-02-02 11:56:27:091] DebugChannel - Error in debug channel thread: null
[2016-02-02 11:56:27:091] DebugChannel - Shutting down debug channel thread
[2016-02-02 11:56:27:094] SoftDebugger - com.robovm.debug.server.DebuggerException: Request interrupted
	at com.robovm.debug.server.d.i.a(Unknown.java:805)
	at com.robovm.debug.server.d.d.a(Unknown.java:203)
	at com.robovm.debug.server.d.t.e(Unknown.java:87)
	at com.robovm.debug.server.d.t.h(Unknown.java:114)
	at com.robovm.debug.server.e.b.j(Unknown.java:93)
	at com.robovm.debug.server.e.f.a(Unknown.java:33)
	at com.robovm.debug.server.e.c.a(Unknown.java:147)
	at com.robovm.debug.server.d.C.c(Unknown.java:1136)
	at com.robovm.debug.server.d.y.a(Unknown.java:247)
	at com.robovm.debug.server.d.y.a(Unknown.java:3150)
	at com.robovm.debug.server.d.z.run(Unknown.java:128)
	at java.lang.Thread.run(Thread.java:745)
Caused by: java.lang.InterruptedException
	at java.util.concurrent.locks.AbstractQueuedSynchronizer.doAcquireSharedNanos(AbstractQueuedSynchronizer.java:1038)
	at java.util.concurrent.locks.AbstractQueuedSynchronizer.tryAcquireSharedNanos(AbstractQueuedSynchronizer.java:1326)
	at java.util.concurrent.CountDownLatch.await(CountDownLatch.java:282)
	at com.robovm.debug.server.d.c.await(Unknown.java:31)
	at com.robovm.debug.server.d.i.a(Unknown.java:801)
	... 11 more
[2016-02-02 11:56:27:095] SoftJdwpEventProcessor - processing vm death event
[2016-02-02 11:56:27:095] SoftDebugger - Shutting down event loop thread
[2016-02-02 11:56:27:097] JdwpDebugServer - Command: Y(11 8) id = 3247 length = 8
[2016-02-02 11:56:27:099] JdwpDebugServer - Command: U(11 9) id = 3248 length = 8
[2016-02-02 11:56:27:102] JdwpDebugServer - Command: Y(11 8) id = 3249 length = 8
[2016-02-02 11:56:27:102] JdwpDebugServer - Command: U(11 9) id = 3250 length = 8
[2016-02-02 11:56:27:103] JdwpDebugServer - Command: U(11 9) id = 3251 length = 8
[2016-02-02 11:56:27:103] JdwpDebugServer - Command: Y(11 8) id = 3252 length = 8
[2016-02-02 11:56:27:108] DebugLaunchPlugin - Shutting down JDWP server
