[2016-02-02 12:01:56:193] ExecutableMemoryAccess - Reading executable bytes took: 0.158046
[2016-02-02 12:01:56:219] ExecutableMemoryAccess - Dumped section __TEXT,__text, took: 0.006962
[2016-02-02 12:01:56:221] ExecutableMemoryAccess - Dumped section __TEXT,__const, took: 0.001263
[2016-02-02 12:01:56:222] ExecutableMemoryAccess - Dumped section __DATA,__const, took: 6.52E-4
[2016-02-02 12:01:56:223] ExecutableMemoryAccess - Dumped section __DATA,__data, took: 6.01E-4
[2016-02-02 12:01:56:223] ExecutableMemoryAccess - Parsing sections took: 0.187602
[2016-02-02 12:01:57:541] ExecutableSymbolLookup - Reading nm output took: 1.505457
[2016-02-02 12:01:57:664] ExecutableSymbolLookup - Parsing nm output took: 0.122626
[2016-02-02 12:01:57:664] ExecutableSymbolLookup - Parsing symbols took: 1.628594
[2016-02-02 12:01:59:739] DebugLaunchPlugin - Got port address in 2.010569secs
[2016-02-02 12:01:59:740] SoftDebugger - Established connection to app on port 62499
[2016-02-02 12:01:59:740] DebugChannel - Starting debug channel thread
[2016-02-02 12:01:59:741] ClassInfoParser - Reading boot classes info
[2016-02-02 12:01:59:743] ClassInfoParser - Took 0.001884
[2016-02-02 12:01:59:743] ClassInfoParser - Reading classes info
[2016-02-02 12:01:59:744] ClassInfoParser - Took 0.001361
[2016-02-02 12:01:59:815] DebugChannel - Event: Thread attached, java obj: 0x116818f30, thread: 0x116817ee0
[2016-02-02 12:01:59:834] SoftDebugger - Loading class infos took: 0.09311secs
[2016-02-02 12:01:59:836] SoftDebugger - Loading class infos and adjusting addresses took: 0.095721secs
[2016-02-02 12:01:59:839] DebugLaunchPlugin - Waiting for JDWP client to connect
[2016-02-02 12:01:59:839] SocketTransport - Listening for transport dt_socket at address: 62494
[2016-02-02 12:01:59:842] SoftDebugger - Thread main attached
[2016-02-02 12:01:59:902] DebugChannel - Event: Thread stopped, reason: Exception, java obj: 0x116818f30, thread: 0x116817ee0, frames: 15
[2016-02-02 12:01:59:905] SoftDebugger - Reconstructing frames took: 0.003452secs
[2016-02-02 12:01:59:906] DebugChannel - Event: Thread resumed, java obj: 0x116818f30, thread: 0x116817ee0
[2016-02-02 12:01:59:912] DebugChannel - Event: Thread stopped, reason: Exception, java obj: 0x116818f30, thread: 0x116817ee0, frames: 10
[2016-02-02 12:01:59:913] SoftDebugger - Reconstructing frames took: 4.4E-5secs
[2016-02-02 12:01:59:913] DebugChannel - Event: Thread resumed, java obj: 0x116818f30, thread: 0x116817ee0
[2016-02-02 12:01:59:918] DebugChannel - Event: Thread attached, java obj: 0x116818ea0, thread: 0x116817e00
[2016-02-02 12:01:59:919] DebugChannel - Event: Thread attached, java obj: 0x116818d80, thread: 0x116817d20
[2016-02-02 12:01:59:919] DebugChannel - Event: Thread attached, java obj: 0x116818c60, thread: 0x116817c40
[2016-02-02 12:01:59:920] SoftDebugger - Thread ReferenceQueueDaemon attached
[2016-02-02 12:01:59:922] SoftDebugger - Thread FinalizerDaemon attached
[2016-02-02 12:01:59:924] SoftDebugger - Thread FinalizerWatchdogDaemon attached
[2016-02-02 12:01:59:945] DebugChannel - Event: Thread stopped, reason: Exception, java obj: 0x116818f30, thread: 0x116817ee0, frames: 9
[2016-02-02 12:01:59:946] SoftDebugger - Reconstructing frames took: 0.001235secs
[2016-02-02 12:01:59:947] DebugChannel - Event: Thread resumed, java obj: 0x116818f30, thread: 0x116817ee0
[2016-02-02 12:01:59:948] DebugChannel - Event: Thread stopped, reason: Exception, java obj: 0x116818f30, thread: 0x116817ee0, frames: 9
[2016-02-02 12:01:59:948] SoftDebugger - Reconstructing frames took: 5.6E-5secs
[2016-02-02 12:01:59:948] DebugChannel - Event: Thread resumed, java obj: 0x116818f30, thread: 0x116817ee0
[2016-02-02 12:01:59:949] DebugChannel - Event: Thread stopped, reason: Exception, java obj: 0x116818f30, thread: 0x116817ee0, frames: 9
[2016-02-02 12:01:59:949] SoftDebugger - Reconstructing frames took: 5.5E-5secs
[2016-02-02 12:01:59:949] DebugChannel - Event: Thread resumed, java obj: 0x116818f30, thread: 0x116817ee0
[2016-02-02 12:01:59:950] DebugChannel - Event: Thread stopped, reason: Exception, java obj: 0x116818f30, thread: 0x116817ee0, frames: 9
[2016-02-02 12:01:59:950] SoftDebugger - Reconstructing frames took: 2.6E-5secs
[2016-02-02 12:01:59:950] DebugChannel - Event: Thread resumed, java obj: 0x116818f30, thread: 0x116817ee0
[2016-02-02 12:01:59:951] DebugChannel - Event: Thread stopped, reason: Exception, java obj: 0x116818f30, thread: 0x116817ee0, frames: 9
[2016-02-02 12:01:59:951] SoftDebugger - Reconstructing frames took: 2.8E-5secs
[2016-02-02 12:01:59:951] DebugChannel - Event: Thread resumed, java obj: 0x116818f30, thread: 0x116817ee0
[2016-02-02 12:01:59:951] DebugChannel - Event: Thread stopped, reason: Exception, java obj: 0x116818f30, thread: 0x116817ee0, frames: 9
[2016-02-02 12:01:59:952] SoftDebugger - Reconstructing frames took: 2.9E-5secs
[2016-02-02 12:01:59:952] DebugChannel - Event: Thread resumed, java obj: 0x116818f30, thread: 0x116817ee0
[2016-02-02 12:01:59:952] DebugChannel - Event: Thread stopped, reason: Exception, java obj: 0x116818f30, thread: 0x116817ee0, frames: 9
[2016-02-02 12:01:59:952] SoftDebugger - Reconstructing frames took: 2.9E-5secs
[2016-02-02 12:01:59:953] DebugChannel - Event: Thread resumed, java obj: 0x116818f30, thread: 0x116817ee0
[2016-02-02 12:01:59:953] DebugChannel - Event: Thread stopped, reason: Exception, java obj: 0x116818f30, thread: 0x116817ee0, frames: 9
[2016-02-02 12:01:59:953] SoftDebugger - Reconstructing frames took: 3.7E-5secs
[2016-02-02 12:01:59:954] DebugChannel - Event: Thread resumed, java obj: 0x116818f30, thread: 0x116817ee0
[2016-02-02 12:01:59:955] DebugChannel - Event: Thread stopped, reason: Exception, java obj: 0x116818f30, thread: 0x116817ee0, frames: 9
[2016-02-02 12:01:59:955] SoftDebugger - Reconstructing frames took: 3.4E-5secs
[2016-02-02 12:01:59:956] DebugChannel - Event: Thread resumed, java obj: 0x116818f30, thread: 0x116817ee0
[2016-02-02 12:01:59:956] DebugChannel - Event: Thread stopped, reason: Exception, java obj: 0x116818f30, thread: 0x116817ee0, frames: 9
[2016-02-02 12:01:59:956] SoftDebugger - Reconstructing frames took: 3.3E-5secs
[2016-02-02 12:01:59:957] DebugChannel - Event: Thread resumed, java obj: 0x116818f30, thread: 0x116817ee0
[2016-02-02 12:01:59:961] DebugChannel - Event: Thread stopped, reason: Exception, java obj: 0x116818f30, thread: 0x116817ee0, frames: 9
[2016-02-02 12:01:59:962] SoftDebugger - Reconstructing frames took: 4.3E-5secs
[2016-02-02 12:01:59:962] DebugChannel - Event: Thread resumed, java obj: 0x116818f30, thread: 0x116817ee0
[2016-02-02 12:02:00:147] DebugChannel - Event: Thread stopped, reason: Exception, java obj: 0x116818f30, thread: 0x116817ee0, frames: 15
[2016-02-02 12:02:00:149] SoftDebugger - Reconstructing frames took: 0.001516secs
[2016-02-02 12:02:00:150] DebugChannel - Event: Thread resumed, java obj: 0x116818f30, thread: 0x116817ee0
[2016-02-02 12:02:00:155] DebugChannel - Event: Thread stopped, reason: Exception, java obj: 0x116818f30, thread: 0x116817ee0, frames: 10
[2016-02-02 12:02:00:156] SoftDebugger - Reconstructing frames took: 6.5E-5secs
[2016-02-02 12:02:00:156] DebugChannel - Event: Thread resumed, java obj: 0x116818f30, thread: 0x116817ee0
[2016-02-02 12:02:00:513] DebugChannel - Event: Thread stopped, reason: Exception, java obj: 0x116818f30, thread: 0x116817ee0, frames: 9
[2016-02-02 12:02:00:515] SoftDebugger - Reconstructing frames took: 0.002068secs
[2016-02-02 12:02:00:516] DebugChannel - Event: Thread resumed, java obj: 0x116818f30, thread: 0x116817ee0
[2016-02-02 12:02:00:516] DebugChannel - Event: Thread stopped, reason: Exception, java obj: 0x116818f30, thread: 0x116817ee0, frames: 8
[2016-02-02 12:02:00:516] SoftDebugger - Reconstructing frames took: 3.4E-5secs
[2016-02-02 12:02:00:516] DebugChannel - Event: Thread resumed, java obj: 0x116818f30, thread: 0x116817ee0
[2016-02-02 12:02:00:517] DebugChannel - Event: Thread stopped, reason: Exception, java obj: 0x116818f30, thread: 0x116817ee0, frames: 8
[2016-02-02 12:02:00:517] SoftDebugger - Reconstructing frames took: 2.5E-5secs
[2016-02-02 12:02:00:517] DebugChannel - Event: Thread resumed, java obj: 0x116818f30, thread: 0x116817ee0
[2016-02-02 12:02:00:517] DebugChannel - Event: Thread stopped, reason: Exception, java obj: 0x116818f30, thread: 0x116817ee0, frames: 3
[2016-02-02 12:02:00:518] SoftDebugger - Reconstructing frames took: 1.6E-5secs
[2016-02-02 12:02:00:518] DebugChannel - Event: Thread resumed, java obj: 0x116818f30, thread: 0x116817ee0
[2016-02-02 12:02:00:518] DebugChannel - Event: Thread stopped, reason: Exception, java obj: 0x116818f30, thread: 0x116817ee0, frames: 3
[2016-02-02 12:02:00:518] SoftDebugger - Reconstructing frames took: 1.9E-5secs
[2016-02-02 12:02:00:519] DebugChannel - Event: Thread resumed, java obj: 0x116818f30, thread: 0x116817ee0
[2016-02-02 12:02:00:519] DebugChannel - Event: Thread stopped, reason: Exception, java obj: 0x116818f30, thread: 0x116817ee0, frames: 1
[2016-02-02 12:02:00:520] SoftDebugger - Reconstructing frames took: 5.2E-5secs
[2016-02-02 12:02:00:521] DebugChannel - Event: Thread resumed, java obj: 0x116818f30, thread: 0x116817ee0
[2016-02-02 12:02:00:521] DebugChannel - Event: Thread stopped, reason: Exception, java obj: 0x116818f30, thread: 0x116817ee0, frames: 1
[2016-02-02 12:02:00:521] SoftDebugger - Reconstructing frames took: 1.8E-5secs
[2016-02-02 12:02:00:521] DebugChannel - Event: Thread resumed, java obj: 0x116818f30, thread: 0x116817ee0
[2016-02-02 12:02:00:526] DebugChannel - Event: Thread detached, java obj: 0x116818f30, thread: 0x116817ee0, exception: 0x0
[2016-02-02 12:02:00:538] DebugChannel - Error in debug channel thread: null
[2016-02-02 12:02:00:538] DebugChannel - Shutting down debug channel thread
[2016-02-02 12:02:00:538] SoftDebugger - com.robovm.debug.server.DebuggerException: Request interrupted
	at com.robovm.debug.server.d.i.a(Unknown.java:805)
	at com.robovm.debug.server.d.d.a(Unknown.java:203)
	at com.robovm.debug.server.d.t.e(Unknown.java:87)
	at com.robovm.debug.server.d.t.h(Unknown.java:114)
	at com.robovm.debug.server.e.b.j(Unknown.java:93)
	at com.robovm.debug.server.e.f.a(Unknown.java:33)
	at com.robovm.debug.server.e.c.a(Unknown.java:140)
	at com.robovm.debug.server.d.C.c(Unknown.java:1136)
	at com.robovm.debug.server.d.y.a(Unknown.java:247)
	at com.robovm.debug.server.d.y.a(Unknown.java:3150)
	at com.robovm.debug.server.d.z.run(Unknown.java:128)
	at java.lang.Thread.run(Thread.java:745)
Caused by: java.lang.InterruptedException
	at java.util.concurrent.locks.AbstractQueuedSynchronizer.doAcquireSharedNanos(AbstractQueuedSynchronizer.java:1038)
	at java.util.concurrent.locks.AbstractQueuedSynchronizer.tryAcquireSharedNanos(AbstractQueuedSynchronizer.java:1326)
	at java.util.concurrent.CountDownLatch.await(CountDownLatch.java:282)
	at com.robovm.debug.server.d.c.await(Unknown.java:31)
	at com.robovm.debug.server.d.i.a(Unknown.java:801)
	... 11 more
[2016-02-02 12:02:00:539] SoftDebugger - Shutting down event loop thread
[2016-02-02 12:02:00:746] JdwpDebugServer - Command: aq(1 7) id = 3659 length = 0
[2016-02-02 12:02:00:746] JdwpDebugServer - Command: m(15 1) id = 3660 length = 6
[2016-02-02 12:02:00:747] JdwpDebugServer - Command: m(15 1) id = 3658 length = 6
[2016-02-02 12:02:00:747] JdwpDebugServer - Command: m(15 1) id = 3661 length = 6
[2016-02-02 12:02:00:747] JdwpDebugServer - Command: au(1 1) id = 3662 length = 0
[2016-02-02 12:02:00:748] JdwpDebugServer - Command: ah(1 4) id = 3663 length = 0
[2016-02-02 12:02:00:748] JdwpDebugServer - Command: ad(11 5) id = 3664 length = 8
[2016-02-02 12:02:00:749] JdwpDebugServer - com.robovm.debug.server.DebuggerException: Couldn't send request
	at com.robovm.debug.server.d.d.a(Unknown.java:201)
	at com.robovm.debug.server.d.t.e(Unknown.java:87)
	at com.robovm.debug.server.d.t.h(Unknown.java:114)
	at com.robovm.debug.server.e.b.j(Unknown.java:93)
	at com.robovm.debug.server.e.f.a(Unknown.java:33)
	at com.robovm.debug.server.b.c.b.r(Unknown.java:1320)
	at com.robovm.debug.server.b.a.ad.a(Unknown.java:22)
	at com.robovm.debug.server.b.a.ae.b(Unknown.java:26)
	at com.robovm.debug.server.b.p.a(Unknown.java:7320)
	at com.robovm.debug.server.b.q.run(Unknown.java:207)
Caused by: java.net.SocketException: Socket closed
	at java.net.SocketOutputStream.socketWrite(SocketOutputStream.java:121)
	at java.net.SocketOutputStream.write(SocketOutputStream.java:138)
	at java.io.DataOutputStream.writeByte(DataOutputStream.java:153)
	at com.robovm.debug.server.d.d.a(Unknown.java:195)
	... 9 more
[2016-02-02 12:02:00:753] DebugLaunchPlugin - Waiting for the debugger to settle...
[2016-02-02 12:02:00:766] DebugLaunchPlugin - Waiting for the debugger to settle...
[2016-02-02 12:02:00:776] DebugLaunchPlugin - Waiting for the debugger to settle...
[2016-02-02 12:02:00:788] DebugLaunchPlugin - Waiting for the debugger to settle...
[2016-02-02 12:02:00:799] DebugLaunchPlugin - Waiting for the debugger to settle...
[2016-02-02 12:02:00:809] DebugLaunchPlugin - Waiting for the debugger to settle...
[2016-02-02 12:02:00:819] DebugLaunchPlugin - Waiting for the debugger to settle...
[2016-02-02 12:02:00:832] DebugLaunchPlugin - Waiting for the debugger to settle...
[2016-02-02 12:02:00:842] DebugLaunchPlugin - Waiting for the debugger to settle...
[2016-02-02 12:02:00:853] DebugLaunchPlugin - Waiting for the debugger to settle...
[2016-02-02 12:02:00:864] DebugLaunchPlugin - Waiting for the debugger to settle...
[2016-02-02 12:02:00:874] DebugLaunchPlugin - Waiting for the debugger to settle...
[2016-02-02 12:02:00:885] DebugLaunchPlugin - Waiting for the debugger to settle...
[2016-02-02 12:02:00:896] DebugLaunchPlugin - Waiting for the debugger to settle...
[2016-02-02 12:02:00:906] DebugLaunchPlugin - Waiting for the debugger to settle...
[2016-02-02 12:02:00:917] DebugLaunchPlugin - Waiting for the debugger to settle...
[2016-02-02 12:02:00:927] DebugLaunchPlugin - Waiting for the debugger to settle...
[2016-02-02 12:02:00:938] DebugLaunchPlugin - Waiting for the debugger to settle...
[2016-02-02 12:02:00:948] DebugLaunchPlugin - Waiting for the debugger to settle...
[2016-02-02 12:02:00:961] DebugLaunchPlugin - Waiting for the debugger to settle...
[2016-02-02 12:02:00:973] DebugLaunchPlugin - Waiting for the debugger to settle...
[2016-02-02 12:02:00:983] DebugLaunchPlugin - Waiting for the debugger to settle...
[2016-02-02 12:02:00:994] DebugLaunchPlugin - Waiting for the debugger to settle...
[2016-02-02 12:02:01:006] DebugLaunchPlugin - Waiting for the debugger to settle...
[2016-02-02 12:02:01:017] DebugLaunchPlugin - Waiting for the debugger to settle...
[2016-02-02 12:02:01:030] DebugLaunchPlugin - Waiting for the debugger to settle...
[2016-02-02 12:02:01:041] DebugLaunchPlugin - Waiting for the debugger to settle...
[2016-02-02 12:02:01:053] DebugLaunchPlugin - Waiting for the debugger to settle...
[2016-02-02 12:02:01:065] DebugLaunchPlugin - Waiting for the debugger to settle...
[2016-02-02 12:02:01:076] DebugLaunchPlugin - Waiting for the debugger to settle...
[2016-02-02 12:02:01:087] DebugLaunchPlugin - Waiting for the debugger to settle...
[2016-02-02 12:02:01:100] DebugLaunchPlugin - Waiting for the debugger to settle...
[2016-02-02 12:02:01:113] DebugLaunchPlugin - Waiting for the debugger to settle...
[2016-02-02 12:02:01:124] DebugLaunchPlugin - Waiting for the debugger to settle...
[2016-02-02 12:02:01:135] DebugLaunchPlugin - Waiting for the debugger to settle...
[2016-02-02 12:02:01:148] DebugLaunchPlugin - Waiting for the debugger to settle...
[2016-02-02 12:02:01:161] DebugLaunchPlugin - Waiting for the debugger to settle...
[2016-02-02 12:02:01:174] DebugLaunchPlugin - Waiting for the debugger to settle...
[2016-02-02 12:02:01:187] DebugLaunchPlugin - Waiting for the debugger to settle...
[2016-02-02 12:02:01:200] DebugLaunchPlugin - Waiting for the debugger to settle...
[2016-02-02 12:02:01:210] DebugLaunchPlugin - Waiting for the debugger to settle...
[2016-02-02 12:02:01:223] DebugLaunchPlugin - Waiting for the debugger to settle...
[2016-02-02 12:02:01:234] DebugLaunchPlugin - Waiting for the debugger to settle...
[2016-02-02 12:02:01:247] DebugLaunchPlugin - Waiting for the debugger to settle...
[2016-02-02 12:02:01:260] DebugLaunchPlugin - Waiting for the debugger to settle...
[2016-02-02 12:02:01:271] DebugLaunchPlugin - Waiting for the debugger to settle...
[2016-02-02 12:02:01:284] DebugLaunchPlugin - Waiting for the debugger to settle...
[2016-02-02 12:02:01:295] DebugLaunchPlugin - Waiting for the debugger to settle...
[2016-02-02 12:02:01:308] DebugLaunchPlugin - Waiting for the debugger to settle...
[2016-02-02 12:02:01:319] DebugLaunchPlugin - Waiting for the debugger to settle...
[2016-02-02 12:02:01:331] DebugLaunchPlugin - Waiting for the debugger to settle...
[2016-02-02 12:02:01:342] DebugLaunchPlugin - Waiting for the debugger to settle...
[2016-02-02 12:02:01:354] DebugLaunchPlugin - Waiting for the debugger to settle...
[2016-02-02 12:02:01:365] DebugLaunchPlugin - Waiting for the debugger to settle...
[2016-02-02 12:02:01:376] DebugLaunchPlugin - Waiting for the debugger to settle...
[2016-02-02 12:02:01:389] DebugLaunchPlugin - Waiting for the debugger to settle...
[2016-02-02 12:02:01:401] DebugLaunchPlugin - Waiting for the debugger to settle...
[2016-02-02 12:02:01:412] DebugLaunchPlugin - Waiting for the debugger to settle...
[2016-02-02 12:02:01:423] DebugLaunchPlugin - Waiting for the debugger to settle...
[2016-02-02 12:02:01:434] DebugLaunchPlugin - Waiting for the debugger to settle...
[2016-02-02 12:02:01:447] DebugLaunchPlugin - Waiting for the debugger to settle...
[2016-02-02 12:02:01:460] DebugLaunchPlugin - Waiting for the debugger to settle...
[2016-02-02 12:02:01:471] DebugLaunchPlugin - Waiting for the debugger to settle...
[2016-02-02 12:02:01:483] DebugLaunchPlugin - Waiting for the debugger to settle...
[2016-02-02 12:02:01:496] DebugLaunchPlugin - Waiting for the debugger to settle...
[2016-02-02 12:02:01:509] DebugLaunchPlugin - Waiting for the debugger to settle...
[2016-02-02 12:02:01:519] DebugLaunchPlugin - Waiting for the debugger to settle...
[2016-02-02 12:02:01:532] DebugLaunchPlugin - Waiting for the debugger to settle...
[2016-02-02 12:02:01:543] DebugLaunchPlugin - Waiting for the debugger to settle...
[2016-02-02 12:02:01:555] DebugLaunchPlugin - Waiting for the debugger to settle...
[2016-02-02 12:02:01:567] DebugLaunchPlugin - Waiting for the debugger to settle...
[2016-02-02 12:02:01:577] DebugLaunchPlugin - Waiting for the debugger to settle...
[2016-02-02 12:02:01:588] DebugLaunchPlugin - Waiting for the debugger to settle...
[2016-02-02 12:02:01:601] DebugLaunchPlugin - Waiting for the debugger to settle...
[2016-02-02 12:02:01:611] DebugLaunchPlugin - Waiting for the debugger to settle...
[2016-02-02 12:02:01:621] DebugLaunchPlugin - Waiting for the debugger to settle...
[2016-02-02 12:02:01:634] DebugLaunchPlugin - Waiting for the debugger to settle...
[2016-02-02 12:02:01:645] DebugLaunchPlugin - Waiting for the debugger to settle...
[2016-02-02 12:02:01:658] DebugLaunchPlugin - Waiting for the debugger to settle...
[2016-02-02 12:02:01:670] DebugLaunchPlugin - Waiting for the debugger to settle...
[2016-02-02 12:02:01:683] DebugLaunchPlugin - Waiting for the debugger to settle...
[2016-02-02 12:02:01:693] DebugLaunchPlugin - Waiting for the debugger to settle...
[2016-02-02 12:02:01:705] DebugLaunchPlugin - Waiting for the debugger to settle...
[2016-02-02 12:02:01:717] DebugLaunchPlugin - Waiting for the debugger to settle...
[2016-02-02 12:02:01:730] DebugLaunchPlugin - Waiting for the debugger to settle...
[2016-02-02 12:02:01:742] DebugLaunchPlugin - Waiting for the debugger to settle...
[2016-02-02 12:02:01:755] DebugLaunchPlugin - Shutting down JDWP server
