[2016-02-02 12:00:06:939] ExecutableMemoryAccess - Reading executable bytes took: 0.165513
[2016-02-02 12:00:07:615] ExecutableMemoryAccess - Dumped section __TEXT,__text, took: 0.663035
[2016-02-02 12:00:07:617] ExecutableMemoryAccess - Dumped section __TEXT,__const, took: 0.001094
[2016-02-02 12:00:07:617] ExecutableMemoryAccess - Dumped section __DATA,__const, took: 5.24E-4
[2016-02-02 12:00:07:618] ExecutableMemoryAccess - Dumped section __DATA,__data, took: 5.64E-4
[2016-02-02 12:00:07:618] ExecutableMemoryAccess - Parsing sections took: 0.844796
[2016-02-02 12:00:08:613] ExecutableSymbolLookup - Reading nm output took: 1.839449
[2016-02-02 12:00:08:737] ExecutableSymbolLookup - Parsing nm output took: 0.123733
[2016-02-02 12:00:08:737] ExecutableSymbolLookup - Parsing symbols took: 1.963697
[2016-02-02 12:00:11:408] DebugLaunchPlugin - Got port address in 1.999229secs
[2016-02-02 12:00:11:410] SoftDebugger - Established connection to app on port 62460
[2016-02-02 12:00:11:410] ClassInfoParser - Reading boot classes info
[2016-02-02 12:00:11:410] DebugChannel - Starting debug channel thread
[2016-02-02 12:00:11:412] ClassInfoParser - Took 0.001965
[2016-02-02 12:00:11:413] ClassInfoParser - Reading classes info
[2016-02-02 12:00:11:414] ClassInfoParser - Took 0.001648
[2016-02-02 12:00:11:487] DebugChannel - Event: Thread attached, java obj: 0x116818f30, thread: 0x116817ee0
[2016-02-02 12:00:11:504] SoftDebugger - Loading class infos took: 0.093431secs
[2016-02-02 12:00:11:506] SoftDebugger - Loading class infos and adjusting addresses took: 0.095985secs
[2016-02-02 12:00:11:509] DebugLaunchPlugin - Waiting for JDWP client to connect
[2016-02-02 12:00:11:509] SocketTransport - Listening for transport dt_socket at address: 62453
[2016-02-02 12:00:11:512] SoftDebugger - Thread main attached
[2016-02-02 12:00:11:682] DebugChannel - Event: Thread stopped, reason: Exception, java obj: 0x116818f30, thread: 0x116817ee0, frames: 15
[2016-02-02 12:00:11:687] SoftDebugger - Reconstructing frames took: 0.005149secs
[2016-02-02 12:00:11:688] DebugChannel - Event: Thread resumed, java obj: 0x116818f30, thread: 0x116817ee0
[2016-02-02 12:00:11:806] DebugChannel - Event: Thread stopped, reason: Exception, java obj: 0x116818f30, thread: 0x116817ee0, frames: 10
[2016-02-02 12:00:11:806] SoftDebugger - Reconstructing frames took: 5.7E-5secs
[2016-02-02 12:00:11:806] DebugChannel - Event: Thread resumed, java obj: 0x116818f30, thread: 0x116817ee0
[2016-02-02 12:00:11:809] DebugChannel - Event: Thread attached, java obj: 0x116818ea0, thread: 0x116817e00
[2016-02-02 12:00:11:809] DebugChannel - Event: Thread attached, java obj: 0x116818d80, thread: 0x116817d20
[2016-02-02 12:00:11:810] DebugChannel - Event: Thread attached, java obj: 0x116818c60, thread: 0x116817c40
[2016-02-02 12:00:11:811] SoftDebugger - Thread ReferenceQueueDaemon attached
[2016-02-02 12:00:11:812] SoftDebugger - Thread FinalizerDaemon attached
[2016-02-02 12:00:11:814] SoftDebugger - Thread FinalizerWatchdogDaemon attached
[2016-02-02 12:00:12:078] DebugChannel - Event: Thread stopped, reason: Exception, java obj: 0x116818f30, thread: 0x116817ee0, frames: 9
[2016-02-02 12:00:12:080] SoftDebugger - Reconstructing frames took: 0.002671secs
[2016-02-02 12:00:12:081] DebugChannel - Event: Thread resumed, java obj: 0x116818f30, thread: 0x116817ee0
[2016-02-02 12:00:12:081] DebugChannel - Event: Thread stopped, reason: Exception, java obj: 0x116818f30, thread: 0x116817ee0, frames: 9
[2016-02-02 12:00:12:081] SoftDebugger - Reconstructing frames took: 4.4E-5secs
[2016-02-02 12:00:12:082] DebugChannel - Event: Thread resumed, java obj: 0x116818f30, thread: 0x116817ee0
[2016-02-02 12:00:12:083] DebugChannel - Event: Thread stopped, reason: Exception, java obj: 0x116818f30, thread: 0x116817ee0, frames: 9
[2016-02-02 12:00:12:083] SoftDebugger - Reconstructing frames took: 6.1E-5secs
[2016-02-02 12:00:12:083] DebugChannel - Event: Thread resumed, java obj: 0x116818f30, thread: 0x116817ee0
[2016-02-02 12:00:12:084] DebugChannel - Event: Thread stopped, reason: Exception, java obj: 0x116818f30, thread: 0x116817ee0, frames: 9
[2016-02-02 12:00:12:084] SoftDebugger - Reconstructing frames took: 3.4E-5secs
[2016-02-02 12:00:12:084] DebugChannel - Event: Thread resumed, java obj: 0x116818f30, thread: 0x116817ee0
[2016-02-02 12:00:12:085] DebugChannel - Event: Thread stopped, reason: Exception, java obj: 0x116818f30, thread: 0x116817ee0, frames: 9
[2016-02-02 12:00:12:085] SoftDebugger - Reconstructing frames took: 3.2E-5secs
[2016-02-02 12:00:12:085] DebugChannel - Event: Thread resumed, java obj: 0x116818f30, thread: 0x116817ee0
[2016-02-02 12:00:12:086] DebugChannel - Event: Thread stopped, reason: Exception, java obj: 0x116818f30, thread: 0x116817ee0, frames: 9
[2016-02-02 12:00:12:086] SoftDebugger - Reconstructing frames took: 3.0E-5secs
[2016-02-02 12:00:12:086] DebugChannel - Event: Thread resumed, java obj: 0x116818f30, thread: 0x116817ee0
[2016-02-02 12:00:12:087] DebugChannel - Event: Thread stopped, reason: Exception, java obj: 0x116818f30, thread: 0x116817ee0, frames: 9
[2016-02-02 12:00:12:087] SoftDebugger - Reconstructing frames took: 2.7E-5secs
[2016-02-02 12:00:12:087] DebugChannel - Event: Thread resumed, java obj: 0x116818f30, thread: 0x116817ee0
[2016-02-02 12:00:12:088] DebugChannel - Event: Thread stopped, reason: Exception, java obj: 0x116818f30, thread: 0x116817ee0, frames: 9
[2016-02-02 12:00:12:088] SoftDebugger - Reconstructing frames took: 2.8E-5secs
[2016-02-02 12:00:12:088] DebugChannel - Event: Thread resumed, java obj: 0x116818f30, thread: 0x116817ee0
[2016-02-02 12:00:12:105] DebugChannel - Event: Thread stopped, reason: Exception, java obj: 0x116818f30, thread: 0x116817ee0, frames: 9
[2016-02-02 12:00:12:105] SoftDebugger - Reconstructing frames took: 6.1E-5secs
[2016-02-02 12:00:12:105] DebugChannel - Event: Thread resumed, java obj: 0x116818f30, thread: 0x116817ee0
[2016-02-02 12:00:12:106] DebugChannel - Event: Thread stopped, reason: Exception, java obj: 0x116818f30, thread: 0x116817ee0, frames: 9
[2016-02-02 12:00:12:106] SoftDebugger - Reconstructing frames took: 6.1E-5secs
[2016-02-02 12:00:12:106] DebugChannel - Event: Thread resumed, java obj: 0x116818f30, thread: 0x116817ee0
[2016-02-02 12:00:12:189] DebugChannel - Event: Thread stopped, reason: Exception, java obj: 0x116818f30, thread: 0x116817ee0, frames: 9
[2016-02-02 12:00:12:189] SoftDebugger - Reconstructing frames took: 5.9E-5secs
[2016-02-02 12:00:12:189] DebugChannel - Event: Thread resumed, java obj: 0x116818f30, thread: 0x116817ee0
[2016-02-02 12:00:12:431] JdwpDebugServer - Command: aq(1 7) id = 3502 length = 0
[2016-02-02 12:00:12:431] JdwpDebugServer - Command: m(15 1) id = 3503 length = 6
[2016-02-02 12:00:12:432] JdwpDebugServer - Command: m(15 1) id = 3501 length = 6
[2016-02-02 12:00:12:432] JdwpDebugServer - Command: m(15 1) id = 3504 length = 6
[2016-02-02 12:00:12:432] JdwpDebugServer - Command: au(1 1) id = 3505 length = 0
[2016-02-02 12:00:12:433] JdwpDebugServer - Command: ah(1 4) id = 3506 length = 0
[2016-02-02 12:00:12:433] JdwpDebugServer - Command: ad(11 5) id = 3507 length = 8
[2016-02-02 12:00:12:434] JdwpDebugServer - Command: S(12 1) id = 3508 length = 8
[2016-02-02 12:00:12:437] JdwpDebugServer - Command: T(12 2) id = 3509 length = 8
[2016-02-02 12:00:12:437] JdwpDebugServer - Command: y(9 1) id = 3510 length = 8
[2016-02-02 12:00:12:438] JdwpDebugServer - Command: D(2 14) id = 3511 length = 8
[2016-02-02 12:00:12:438] JdwpDebugServer - Command: F(2 10) id = 3512 length = 8
[2016-02-02 12:00:12:438] JdwpDebugServer - Command: D(2 14) id = 3513 length = 8
[2016-02-02 12:00:12:438] DebugLaunchPlugin - Waiting for the debugger to settle...
[2016-02-02 12:00:12:439] JdwpDebugServer - Command: F(2 10) id = 3514 length = 8
[2016-02-02 12:00:12:439] JdwpDebugServer - Command: j(3 1) id = 3515 length = 8
[2016-02-02 12:00:12:439] JdwpDebugServer - Command: D(2 14) id = 3516 length = 8
[2016-02-02 12:00:12:439] JdwpDebugServer - Command: F(2 10) id = 3517 length = 8
[2016-02-02 12:00:12:440] JdwpDebugServer - Command: j(3 1) id = 3518 length = 8
[2016-02-02 12:00:12:440] JdwpDebugServer - Command: u(9 2) id = 3519 length = 20
[2016-02-02 12:00:12:440] JdwpDebugServer - Command: aa(11 4) id = 3520 length = 8
[2016-02-02 12:00:12:441] JdwpDebugServer - Command: aa(11 4) id = 3521 length = 8
[2016-02-02 12:00:12:441] JdwpDebugServer - Command: ad(11 5) id = 3522 length = 8
[2016-02-02 12:00:12:442] JdwpDebugServer - Command: y(9 1) id = 3523 length = 8
[2016-02-02 12:00:12:442] JdwpDebugServer - Command: u(9 2) id = 3524 length = 20
[2016-02-02 12:00:12:443] JdwpDebugServer - Command: aa(11 4) id = 3525 length = 8
[2016-02-02 12:00:12:443] JdwpDebugServer - Command: aa(11 4) id = 3526 length = 8
[2016-02-02 12:00:12:443] JdwpDebugServer - Command: ad(11 5) id = 3527 length = 8
[2016-02-02 12:00:12:444] JdwpDebugServer - Command: y(9 1) id = 3528 length = 8
[2016-02-02 12:00:12:445] JdwpDebugServer - Command: u(9 2) id = 3529 length = 20
[2016-02-02 12:00:12:445] JdwpDebugServer - Command: aa(11 4) id = 3530 length = 8
[2016-02-02 12:00:12:446] JdwpDebugServer - Command: aa(11 4) id = 3531 length = 8
[2016-02-02 12:00:12:446] JdwpDebugServer - Command: ad(11 5) id = 3532 length = 8
[2016-02-02 12:00:12:447] JdwpDebugServer - Command: y(9 1) id = 3533 length = 8
[2016-02-02 12:00:12:447] JdwpDebugServer - Command: u(9 2) id = 3534 length = 20
[2016-02-02 12:00:12:448] JdwpDebugServer - Command: aa(11 4) id = 3535 length = 8
[2016-02-02 12:00:12:448] JdwpDebugServer - Command: aa(11 4) id = 3536 length = 8
[2016-02-02 12:00:12:448] JdwpDebugServer - Command: m(15 1) id = 3537 length = 40
[2016-02-02 12:00:12:449] SoftJdwpEventProcessor - Set up class load event with filter: com.mob.demo.MyViewController
[2016-02-02 12:00:12:449] DebugLaunchPlugin - Waiting for the debugger to settle...
[2016-02-02 12:00:12:449] JdwpDebugServer - Command: m(15 1) id = 3538 length = 42
[2016-02-02 12:00:12:449] SoftJdwpEventProcessor - Set up class load event with filter: com.mob.demo.MyViewController$*
[2016-02-02 12:00:12:452] JdwpDebugServer - Command: al(1 2) id = 3539 length = 35
[2016-02-02 12:00:12:452] JdwpDebugServer - Command: H(2 15) id = 3540 length = 8
[2016-02-02 12:00:12:452] SoftVmInterface - Reporting method: com/mob/demo/MyViewController.<init>
[2016-02-02 12:00:12:453] SoftVmInterface - Reporting method: com/mob/demo/MyViewController.excute
[2016-02-02 12:00:12:453] SoftVmInterface - Reporting method: com/mob/demo/MyViewController.initUI
[2016-02-02 12:00:12:453] SoftVmInterface - Reporting method: com/mob/demo/MyViewController.$cb$init
[2016-02-02 12:00:12:453] SoftVmInterface - Reporting method: com/mob/demo/MyViewController.$setHandle
[2016-02-02 12:00:12:453] SoftVmInterface - Reporting method: com/mob/demo/MyViewController.$cb$initWithNibName$bundle$
[2016-02-02 12:00:12:453] SoftVmInterface - Reporting method: com/mob/demo/MyViewController.$m$super$initWithNibName$bundle$
[2016-02-02 12:00:12:453] SoftVmInterface - Reporting method: com/mob/demo/MyViewController.$getSuper
[2016-02-02 12:00:12:453] SoftVmInterface - Reporting method: com/mob/demo/MyViewController.$initObject
[2016-02-02 12:00:12:453] SoftVmInterface - Reporting method: com/mob/demo/MyViewController.$cb$initWithCoder$
[2016-02-02 12:00:12:453] SoftVmInterface - Reporting method: com/mob/demo/MyViewController.$m$super$initWithCoder$
[2016-02-02 12:00:12:453] SoftVmInterface - Reporting method: com/mob/demo/MyViewController.<clinit>
[2016-02-02 12:00:12:453] JdwpDebugServer - Command: aj(1 17) id = 3541 length = 0
[2016-02-02 12:00:12:454] JdwpDebugServer - Command: o(6 1) id = 3542 length = 16
[2016-02-02 12:00:12:455] SoftVmInterface - Reporting line numbers for method com/mob/demo/MyViewController.<init>: [36, 38, 39, 41]
[2016-02-02 12:00:12:456] JdwpDebugServer - Command: o(6 1) id = 3543 length = 16
[2016-02-02 12:00:12:456] SoftVmInterface - Reporting line numbers for method com/mob/demo/MyViewController.excute: [46, 54, 57, 64, 67, 124, 127, 180, 183, 191, 193]
[2016-02-02 12:00:12:456] JdwpDebugServer - Command: o(6 1) id = 3544 length = 16
[2016-02-02 12:00:12:456] SoftVmInterface - Reporting line numbers for method com/mob/demo/MyViewController.initUI: [197, 198, 200, 201, 202, 203, 205, 206, 207, 208, 210, 211, 212, 213, 215, 216, 217, 218, 220, 221, 222, 223, 225]
[2016-02-02 12:00:12:456] JdwpDebugServer - Command: o(6 1) id = 3545 length = 16
[2016-02-02 12:00:12:457] SoftVmInterface - Reporting line numbers for method com/mob/demo/MyViewController.$cb$init: [1048579]
[2016-02-02 12:00:12:457] JdwpDebugServer - Command: o(6 1) id = 3546 length = 16
[2016-02-02 12:00:12:457] SoftVmInterface - Reporting line numbers for method com/mob/demo/MyViewController.$setHandle: [1048580]
[2016-02-02 12:00:12:457] JdwpDebugServer - Command: o(6 1) id = 3547 length = 16
[2016-02-02 12:00:12:457] SoftVmInterface - Reporting line numbers for method com/mob/demo/MyViewController.$cb$initWithNibName$bundle$: [1048581]
[2016-02-02 12:00:12:457] JdwpDebugServer - Command: o(6 1) id = 3548 length = 16
[2016-02-02 12:00:12:457] SoftVmInterface - Reporting line numbers for method com/mob/demo/MyViewController.$getSuper: [1048583]
[2016-02-02 12:00:12:458] JdwpDebugServer - Command: o(6 1) id = 3549 length = 16
[2016-02-02 12:00:12:458] SoftVmInterface - Reporting line numbers for method com/mob/demo/MyViewController.$initObject: [1048584]
[2016-02-02 12:00:12:458] JdwpDebugServer - Command: o(6 1) id = 3550 length = 16
[2016-02-02 12:00:12:458] SoftVmInterface - Reporting line numbers for method com/mob/demo/MyViewController.$cb$initWithCoder$: [1048585]
[2016-02-02 12:00:12:458] JdwpDebugServer - Command: o(6 1) id = 3551 length = 16
[2016-02-02 12:00:12:458] SoftVmInterface - Reporting line numbers for method com/mob/demo/MyViewController.<clinit>: [1048587]
[2016-02-02 12:00:12:458] JdwpDebugServer - Command: al(1 2) id = 3552 length = 35
[2016-02-02 12:00:12:459] JdwpDebugServer - Command: ag(1 20) id = 3553 length = 0
[2016-02-02 12:00:12:461] DebugLaunchPlugin - Waiting for the debugger to settle...
[2016-02-02 12:00:12:474] DebugLaunchPlugin - Waiting for the debugger to settle...
[2016-02-02 12:00:13:148] DebugLaunchPlugin - Waiting for the debugger to settle...
[2016-02-02 12:00:13:148] DebugChannel - Event: Thread stopped, reason: Exception, java obj: 0x116818f30, thread: 0x116817ee0, frames: 15
[2016-02-02 12:00:13:151] JdwpDebugServer - Command: H(2 15) id = 3554 length = 8
[2016-02-02 12:00:13:151] SoftVmInterface - Reporting method: com/mob/demo/MyViewController$4$1.<init>
[2016-02-02 12:00:13:151] SoftVmInterface - Reporting method: com/mob/demo/MyViewController$4$1.invoke
[2016-02-02 12:00:13:151] SoftVmInterface - Reporting method: com/mob/demo/MyViewController$4$1.$SWITCH_TABLE$com$mob$sharesdk$SSDKResponseState
[2016-02-02 12:00:13:151] JdwpDebugServer - Command: o(6 1) id = 3555 length = 16
[2016-02-02 12:00:13:152] SoftVmInterface - Reporting line numbers for method com/mob/demo/MyViewController$4$1.<init>: [1, 144]
[2016-02-02 12:00:13:152] JdwpDebugServer - Command: o(6 1) id = 3556 length = 16
[2016-02-02 12:00:13:152] SoftVmInterface - Reporting line numbers for method com/mob/demo/MyViewController$4$1.invoke: [151, 154, 157, 158, 159, 163, 164, 165, 169, 170, 175]
[2016-02-02 12:00:13:152] JdwpDebugServer - Command: o(6 1) id = 3557 length = 16
[2016-02-02 12:00:13:153] SoftVmInterface - Reporting line numbers for method com/mob/demo/MyViewController$4$1.$SWITCH_TABLE$com$mob$sharesdk$SSDKResponseState: [144]
[2016-02-02 12:00:13:153] JdwpDebugServer - Command: H(2 15) id = 3558 length = 8
[2016-02-02 12:00:13:153] SoftVmInterface - Reporting method: com/mob/demo/MyViewController$4.<init>
[2016-02-02 12:00:13:153] SoftVmInterface - Reporting method: com/mob/demo/MyViewController$4.onTouchUpInside
[2016-02-02 12:00:13:153] JdwpDebugServer - Command: o(6 1) id = 3559 length = 16
[2016-02-02 12:00:13:154] SoftVmInterface - Reporting line numbers for method com/mob/demo/MyViewController$4.<init>: [1, 127]
[2016-02-02 12:00:13:155] SoftDebugger - Reconstructing frames took: 0.005988secs
[2016-02-02 12:00:13:155] JdwpDebugServer - Command: o(6 1) id = 3560 length = 16
[2016-02-02 12:00:13:155] SoftVmInterface - Reporting line numbers for method com/mob/demo/MyViewController$4.onTouchUpInside: [131, 132, 134, 136, 138, 140, 141, 142, 144, 178]
[2016-02-02 12:00:13:156] JdwpDebugServer - Command: H(2 15) id = 3561 length = 8
[2016-02-02 12:00:13:156] SoftVmInterface - Reporting method: com/mob/demo/MyViewController$5.<init>
[2016-02-02 12:00:13:156] DebugChannel - Event: Thread resumed, java obj: 0x116818f30, thread: 0x116817ee0
[2016-02-02 12:00:13:156] SoftVmInterface - Reporting method: com/mob/demo/MyViewController$5.onTouchUpInside
[2016-02-02 12:00:13:156] JdwpDebugServer - Command: o(6 1) id = 3562 length = 16
[2016-02-02 12:00:13:159] DebugLaunchPlugin - Waiting for the debugger to settle...
[2016-02-02 12:00:13:160] SoftVmInterface - Reporting line numbers for method com/mob/demo/MyViewController$5.<init>: [1, 183]
[2016-02-02 12:00:13:160] JdwpDebugServer - Command: o(6 1) id = 3563 length = 16
[2016-02-02 12:00:13:160] SoftVmInterface - Reporting line numbers for method com/mob/demo/MyViewController$5.onTouchUpInside: [189]
[2016-02-02 12:00:13:161] JdwpDebugServer - Command: H(2 15) id = 3564 length = 8
[2016-02-02 12:00:13:161] SoftVmInterface - Reporting method: com/mob/demo/MyViewController$1.<init>
[2016-02-02 12:00:13:161] SoftVmInterface - Reporting method: com/mob/demo/MyViewController$1.onTouchUpInside
[2016-02-02 12:00:13:161] JdwpDebugServer - Command: o(6 1) id = 3565 length = 16
[2016-02-02 12:00:13:161] SoftVmInterface - Reporting line numbers for method com/mob/demo/MyViewController$1.<init>: [1, 46]
[2016-02-02 12:00:13:162] JdwpDebugServer - Command: o(6 1) id = 3566 length = 16
[2016-02-02 12:00:13:162] SoftVmInterface - Reporting line numbers for method com/mob/demo/MyViewController$1.onTouchUpInside: [52]
[2016-02-02 12:00:13:162] JdwpDebugServer - Command: H(2 15) id = 3567 length = 8
[2016-02-02 12:00:13:162] SoftVmInterface - Reporting method: com/mob/demo/MyViewController$2.<init>
[2016-02-02 12:00:13:162] SoftVmInterface - Reporting method: com/mob/demo/MyViewController$2.onTouchUpInside
[2016-02-02 12:00:13:163] JdwpDebugServer - Command: o(6 1) id = 3568 length = 16
[2016-02-02 12:00:13:163] SoftVmInterface - Reporting line numbers for method com/mob/demo/MyViewController$2.<init>: [1, 57]
[2016-02-02 12:00:13:163] JdwpDebugServer - Command: o(6 1) id = 3569 length = 16
[2016-02-02 12:00:13:163] SoftVmInterface - Reporting line numbers for method com/mob/demo/MyViewController$2.onTouchUpInside: [62]
[2016-02-02 12:00:13:164] JdwpDebugServer - Command: H(2 15) id = 3570 length = 8
[2016-02-02 12:00:13:164] SoftVmInterface - Reporting method: com/mob/demo/MyViewController$3.<init>
[2016-02-02 12:00:13:164] SoftVmInterface - Reporting method: com/mob/demo/MyViewController$3.onTouchUpInside
[2016-02-02 12:00:13:164] JdwpDebugServer - Command: o(6 1) id = 3571 length = 16
[2016-02-02 12:00:13:165] SoftVmInterface - Reporting line numbers for method com/mob/demo/MyViewController$3.<init>: [1, 67]
[2016-02-02 12:00:13:165] JdwpDebugServer - Command: o(6 1) id = 3572 length = 16
[2016-02-02 12:00:13:165] SoftVmInterface - Reporting line numbers for method com/mob/demo/MyViewController$3.onTouchUpInside: [71, 72, 74, 76, 78, 80, 81, 82, 84, 122]
[2016-02-02 12:00:13:165] JdwpDebugServer - Command: H(2 15) id = 3573 length = 8
[2016-02-02 12:00:13:165] SoftVmInterface - Reporting method: com/mob/demo/MyViewController$3$1.<init>
[2016-02-02 12:00:13:166] SoftVmInterface - Reporting method: com/mob/demo/MyViewController$3$1.invoke
[2016-02-02 12:00:13:166] SoftVmInterface - Reporting method: com/mob/demo/MyViewController$3$1.$SWITCH_TABLE$com$mob$sharesdk$SSDKResponseState
[2016-02-02 12:00:13:166] JdwpDebugServer - Command: o(6 1) id = 3574 length = 16
[2016-02-02 12:00:13:168] SoftVmInterface - Reporting line numbers for method com/mob/demo/MyViewController$3$1.<init>: [1, 84]
[2016-02-02 12:00:13:168] JdwpDebugServer - Command: o(6 1) id = 3575 length = 16
[2016-02-02 12:00:13:168] SoftVmInterface - Reporting line numbers for method com/mob/demo/MyViewController$3$1.invoke: [90, 93, 96, 97, 98, 102, 103, 104, 108, 109, 114]
[2016-02-02 12:00:13:169] JdwpDebugServer - Command: o(6 1) id = 3576 length = 16
[2016-02-02 12:00:13:169] SoftVmInterface - Reporting line numbers for method com/mob/demo/MyViewController$3$1.$SWITCH_TABLE$com$mob$sharesdk$SSDKResponseState: [84]
[2016-02-02 12:00:13:169] JdwpDebugServer - Command: m(15 1) id = 3577 length = 32
[2016-02-02 12:00:13:169] DebugLaunchPlugin - Waiting for the debugger to settle...
[2016-02-02 12:00:13:169] SoftJdwpEventProcessor - Set breakpoint at com/mob/demo/MyViewController$3$1.invoke(Lcom/mob/sharesdk/SSDKResponseState;Lorg/robovm/apple/foundation/NSDictionary;Lcom/mob/sharesdk/SSDKContentEntity;Lorg/robovm/apple/foundation/NSError;)V:90
[2016-02-02 12:00:13:170] JdwpDebugServer - Command: m(15 1) id = 3578 length = 26
[2016-02-02 12:00:13:170] SoftJdwpEventProcessor - Set up class load event with filter: java.lang.Error
[2016-02-02 12:00:13:173] JdwpDebugServer - Command: m(15 1) id = 3579 length = 28
[2016-02-02 12:00:13:173] SoftJdwpEventProcessor - Set up class load event with filter: java.lang.Error$*
[2016-02-02 12:00:13:173] JdwpDebugServer - Command: al(1 2) id = 3580 length = 21
[2016-02-02 12:00:13:174] JdwpDebugServer - Command: m(15 1) id = 3581 length = 17
[2016-02-02 12:00:13:175] JdwpDebugServer - Command: m(15 1) id = 3582 length = 30
[2016-02-02 12:00:13:175] SoftJdwpEventProcessor - Set up class load event with filter: java.lang.Throwable
[2016-02-02 12:00:13:176] JdwpDebugServer - Command: m(15 1) id = 3583 length = 32
[2016-02-02 12:00:13:176] SoftJdwpEventProcessor - Set up class load event with filter: java.lang.Throwable$*
[2016-02-02 12:00:13:177] JdwpDebugServer - Command: al(1 2) id = 3584 length = 25
[2016-02-02 12:00:13:177] JdwpDebugServer - Command: m(15 1) id = 3585 length = 17
[2016-02-02 12:00:13:180] DebugLaunchPlugin - Waiting for the debugger to settle...
[2016-02-02 12:00:13:191] DebugChannel - Event: Thread stopped, reason: Exception, java obj: 0x116818f30, thread: 0x116817ee0, frames: 10
[2016-02-02 12:00:13:191] SoftDebugger - Reconstructing frames took: 5.6E-5secs
[2016-02-02 12:00:13:192] DebugLaunchPlugin - Waiting for the debugger to settle...
[2016-02-02 12:00:13:192] DebugChannel - Event: Thread resumed, java obj: 0x116818f30, thread: 0x116817ee0
[2016-02-02 12:00:13:205] DebugLaunchPlugin - Waiting for the debugger to settle...
[2016-02-02 12:00:13:217] DebugLaunchPlugin - Waiting for the debugger to settle...
[2016-02-02 12:00:13:228] DebugLaunchPlugin - Waiting for the debugger to settle...
[2016-02-02 12:00:13:241] DebugLaunchPlugin - Waiting for the debugger to settle...
[2016-02-02 12:00:13:253] DebugLaunchPlugin - Waiting for the debugger to settle...
[2016-02-02 12:00:13:264] DebugLaunchPlugin - Waiting for the debugger to settle...
[2016-02-02 12:00:13:275] DebugLaunchPlugin - Waiting for the debugger to settle...
[2016-02-02 12:00:13:287] DebugLaunchPlugin - Waiting for the debugger to settle...
[2016-02-02 12:00:13:298] DebugLaunchPlugin - Waiting for the debugger to settle...
[2016-02-02 12:00:13:309] DebugLaunchPlugin - Waiting for the debugger to settle...
[2016-02-02 12:00:13:319] DebugLaunchPlugin - Waiting for the debugger to settle...
[2016-02-02 12:00:13:330] DebugLaunchPlugin - Waiting for the debugger to settle...
[2016-02-02 12:00:13:341] DebugLaunchPlugin - Waiting for the debugger to settle...
[2016-02-02 12:00:13:352] DebugLaunchPlugin - Waiting for the debugger to settle...
[2016-02-02 12:00:13:364] DebugLaunchPlugin - Waiting for the debugger to settle...
[2016-02-02 12:00:13:377] DebugLaunchPlugin - Waiting for the debugger to settle...
[2016-02-02 12:00:13:389] DebugLaunchPlugin - Waiting for the debugger to settle...
[2016-02-02 12:00:13:401] DebugLaunchPlugin - Waiting for the debugger to settle...
[2016-02-02 12:00:13:412] DebugLaunchPlugin - Waiting for the debugger to settle...
[2016-02-02 12:00:13:422] DebugLaunchPlugin - Waiting for the debugger to settle...
[2016-02-02 12:00:13:433] DebugLaunchPlugin - Waiting for the debugger to settle...
[2016-02-02 12:00:13:446] DebugLaunchPlugin - Waiting for the debugger to settle...
[2016-02-02 12:00:13:459] DebugLaunchPlugin - Waiting for the debugger to settle...
[2016-02-02 12:00:13:469] DebugLaunchPlugin - Waiting for the debugger to settle...
[2016-02-02 12:00:13:480] DebugLaunchPlugin - Waiting for the debugger to settle...
[2016-02-02 12:00:13:490] DebugLaunchPlugin - Waiting for the debugger to settle...
[2016-02-02 12:00:13:500] DebugLaunchPlugin - Waiting for the debugger to settle...
[2016-02-02 12:00:13:512] DebugLaunchPlugin - Waiting for the debugger to settle...
[2016-02-02 12:00:13:525] DebugLaunchPlugin - Waiting for the debugger to settle...
[2016-02-02 12:00:13:535] DebugLaunchPlugin - Waiting for the debugger to settle...
[2016-02-02 12:00:13:546] DebugLaunchPlugin - Waiting for the debugger to settle...
[2016-02-02 12:00:13:551] SoftJdwpEventProcessor - Reporting class prepare event EventRequest [id=4, eventKind=CLASS_PREPARE, suspendPolicy=EVENT_THREAD, constraints=[ClassMatchConstraint [classPattern=com.mob.demo.MyViewController$*]]] to JDWP client for class com/mob/demo/MyViewController$1
[2016-02-02 12:00:13:553] JdwpDebugServer - Command: Z(11 3) id = 3586 length = 8
[2016-02-02 12:00:13:553] DebugChannel - Event: Thread resumed, java obj: 0x116818f30, thread: 0x116817ee0
[2016-02-02 12:00:13:556] DebugLaunchPlugin - Waiting for the debugger to settle...
[2016-02-02 12:00:13:557] SoftJdwpEventProcessor - Reporting class prepare event EventRequest [id=4, eventKind=CLASS_PREPARE, suspendPolicy=EVENT_THREAD, constraints=[ClassMatchConstraint [classPattern=com.mob.demo.MyViewController$*]]] to JDWP client for class com/mob/demo/MyViewController$2
[2016-02-02 12:00:13:558] JdwpDebugServer - Command: Z(11 3) id = 3587 length = 8
[2016-02-02 12:00:13:559] DebugChannel - Event: Thread resumed, java obj: 0x116818f30, thread: 0x116817ee0
[2016-02-02 12:00:13:560] SoftJdwpEventProcessor - Reporting class prepare event EventRequest [id=4, eventKind=CLASS_PREPARE, suspendPolicy=EVENT_THREAD, constraints=[ClassMatchConstraint [classPattern=com.mob.demo.MyViewController$*]]] to JDWP client for class com/mob/demo/MyViewController$3
[2016-02-02 12:00:13:563] JdwpDebugServer - Command: Z(11 3) id = 3588 length = 8
[2016-02-02 12:00:13:564] DebugChannel - Event: Thread resumed, java obj: 0x116818f30, thread: 0x116817ee0
[2016-02-02 12:00:13:564] SoftJdwpEventProcessor - Reporting class prepare event EventRequest [id=4, eventKind=CLASS_PREPARE, suspendPolicy=EVENT_THREAD, constraints=[ClassMatchConstraint [classPattern=com.mob.demo.MyViewController$*]]] to JDWP client for class com/mob/demo/MyViewController$4
[2016-02-02 12:00:13:566] DebugLaunchPlugin - Waiting for the debugger to settle...
[2016-02-02 12:00:13:569] JdwpDebugServer - Command: Z(11 3) id = 3589 length = 8
[2016-02-02 12:00:13:570] DebugChannel - Event: Thread resumed, java obj: 0x116818f30, thread: 0x116817ee0
[2016-02-02 12:00:13:571] SoftJdwpEventProcessor - Reporting class prepare event EventRequest [id=4, eventKind=CLASS_PREPARE, suspendPolicy=EVENT_THREAD, constraints=[ClassMatchConstraint [classPattern=com.mob.demo.MyViewController$*]]] to JDWP client for class com/mob/demo/MyViewController$5
[2016-02-02 12:00:13:578] DebugLaunchPlugin - Waiting for the debugger to settle...
[2016-02-02 12:00:13:580] JdwpDebugServer - Command: Z(11 3) id = 3590 length = 8
[2016-02-02 12:00:13:585] DebugChannel - Event: Thread resumed, java obj: 0x116818f30, thread: 0x116817ee0
[2016-02-02 12:00:13:589] DebugLaunchPlugin - Waiting for the debugger to settle...
[2016-02-02 12:00:13:602] DebugLaunchPlugin - Waiting for the debugger to settle...
[2016-02-02 12:00:13:614] DebugLaunchPlugin - Waiting for the debugger to settle...
[2016-02-02 12:00:13:626] DebugLaunchPlugin - Waiting for the debugger to settle...
[2016-02-02 12:00:13:637] DebugLaunchPlugin - Waiting for the debugger to settle...
[2016-02-02 12:00:13:649] DebugLaunchPlugin - Waiting for the debugger to settle...
[2016-02-02 12:00:13:660] DebugLaunchPlugin - Waiting for the debugger to settle...
[2016-02-02 12:00:13:673] DebugLaunchPlugin - Waiting for the debugger to settle...
[2016-02-02 12:00:13:684] DebugLaunchPlugin - Waiting for the debugger to settle...
[2016-02-02 12:00:13:697] DebugLaunchPlugin - Waiting for the debugger to settle...
[2016-02-02 12:00:13:709] DebugLaunchPlugin - Waiting for the debugger to settle...
[2016-02-02 12:00:13:720] DebugLaunchPlugin - Waiting for the debugger to settle...
[2016-02-02 12:00:13:730] DebugLaunchPlugin - Waiting for the debugger to settle...
[2016-02-02 12:00:13:740] DebugLaunchPlugin - Waiting for the debugger to settle...
[2016-02-02 12:00:13:751] DebugLaunchPlugin - Waiting for the debugger to settle...
[2016-02-02 12:00:13:761] DebugLaunchPlugin - Waiting for the debugger to settle...
[2016-02-02 12:00:13:772] DebugLaunchPlugin - Waiting for the debugger to settle...
[2016-02-02 12:00:13:782] DebugLaunchPlugin - Waiting for the debugger to settle...
[2016-02-02 12:00:13:792] DebugLaunchPlugin - Waiting for the debugger to settle...
[2016-02-02 12:00:13:803] DebugLaunchPlugin - Waiting for the debugger to settle...
[2016-02-02 12:00:13:814] DebugLaunchPlugin - Waiting for the debugger to settle...
[2016-02-02 12:00:13:825] DebugLaunchPlugin - Waiting for the debugger to settle...
[2016-02-02 12:00:13:825] DebugChannel - Event: Thread stopped, reason: Exception, java obj: 0x116818f30, thread: 0x116817ee0, frames: 9
[2016-02-02 12:00:13:826] SoftDebugger - Reconstructing frames took: 0.001032secs
[2016-02-02 12:00:13:827] DebugChannel - Event: Thread resumed, java obj: 0x116818f30, thread: 0x116817ee0
[2016-02-02 12:00:13:827] DebugChannel - Event: Thread stopped, reason: Exception, java obj: 0x116818f30, thread: 0x116817ee0, frames: 8
[2016-02-02 12:00:13:827] SoftDebugger - Reconstructing frames took: 1.8E-5secs
[2016-02-02 12:00:13:828] DebugChannel - Event: Thread resumed, java obj: 0x116818f30, thread: 0x116817ee0
[2016-02-02 12:00:13:828] DebugChannel - Event: Thread stopped, reason: Exception, java obj: 0x116818f30, thread: 0x116817ee0, frames: 8
[2016-02-02 12:00:13:828] SoftDebugger - Reconstructing frames took: 1.5E-5secs
[2016-02-02 12:00:13:828] DebugChannel - Event: Thread resumed, java obj: 0x116818f30, thread: 0x116817ee0
[2016-02-02 12:00:13:828] DebugChannel - Event: Thread stopped, reason: Exception, java obj: 0x116818f30, thread: 0x116817ee0, frames: 3
[2016-02-02 12:00:13:828] SoftDebugger - Reconstructing frames took: 1.0E-5secs
[2016-02-02 12:00:13:829] DebugChannel - Event: Thread resumed, java obj: 0x116818f30, thread: 0x116817ee0
[2016-02-02 12:00:13:829] DebugChannel - Event: Thread stopped, reason: Exception, java obj: 0x116818f30, thread: 0x116817ee0, frames: 3
[2016-02-02 12:00:13:829] SoftDebugger - Reconstructing frames took: 1.0E-5secs
[2016-02-02 12:00:13:829] DebugChannel - Event: Thread resumed, java obj: 0x116818f30, thread: 0x116817ee0
[2016-02-02 12:00:13:830] DebugChannel - Event: Thread stopped, reason: Exception, java obj: 0x116818f30, thread: 0x116817ee0, frames: 1
[2016-02-02 12:00:13:830] SoftDebugger - Reconstructing frames took: 7.0E-6secs
[2016-02-02 12:00:13:830] DebugChannel - Event: Thread resumed, java obj: 0x116818f30, thread: 0x116817ee0
[2016-02-02 12:00:13:830] DebugChannel - Event: Thread stopped, reason: Exception, java obj: 0x116818f30, thread: 0x116817ee0, frames: 1
[2016-02-02 12:00:13:830] SoftDebugger - Reconstructing frames took: 6.0E-6secs
[2016-02-02 12:00:13:831] JdwpDebugServer - Command: H(2 15) id = 3591 length = 8
[2016-02-02 12:00:13:831] SoftVmInterface - Reporting method: com/mob/demo/ShareSDKDemo.<init>
[2016-02-02 12:00:13:831] SoftVmInterface - Reporting method: com/mob/demo/ShareSDKDemo.didFinishLaunching
[2016-02-02 12:00:13:831] SoftVmInterface - Reporting method: com/mob/demo/ShareSDKDemo.main
[2016-02-02 12:00:13:831] SoftVmInterface - Reporting method: com/mob/demo/ShareSDKDemo.initShareSDK
[2016-02-02 12:00:13:831] SoftVmInterface - Reporting method: com/mob/demo/ShareSDKDemo.$cb$application$didFinishLaunchingWithOptions$
[2016-02-02 12:00:13:831] SoftVmInterface - Reporting method: com/mob/demo/ShareSDKDemo.$cb$init
[2016-02-02 12:00:13:831] SoftVmInterface - Reporting method: com/mob/demo/ShareSDKDemo.$setHandle
[2016-02-02 12:00:13:831] SoftVmInterface - Reporting method: com/mob/demo/ShareSDKDemo.$cb$initWithCoder$
[2016-02-02 12:00:13:832] SoftVmInterface - Reporting method: com/mob/demo/ShareSDKDemo.$m$super$initWithCoder$
[2016-02-02 12:00:13:832] SoftVmInterface - Reporting method: com/mob/demo/ShareSDKDemo.$getSuper
[2016-02-02 12:00:13:832] SoftVmInterface - Reporting method: com/mob/demo/ShareSDKDemo.$initObject
[2016-02-02 12:00:13:832] SoftVmInterface - Reporting method: com/mob/demo/ShareSDKDemo.<clinit>
[2016-02-02 12:00:13:832] JdwpDebugServer - Command: y(9 1) id = 3592 length = 8
[2016-02-02 12:00:13:833] JdwpDebugServer - Command: j(3 1) id = 3593 length = 8
[2016-02-02 12:00:13:833] JdwpDebugServer - Command: j(3 1) id = 3594 length = 8
[2016-02-02 12:00:13:833] JdwpDebugServer - Command: j(3 1) id = 3595 length = 8
[2016-02-02 12:00:13:834] JdwpDebugServer - Command: W(11 6) id = 3596 length = 16
[2016-02-02 12:00:13:834] JdwpDebugServer - Command: V(11 7) id = 3597 length = 8
[2016-02-02 12:00:13:834] JdwpDebugServer - Command: Y(11 8) id = 3598 length = 8
[2016-02-02 12:00:13:835] JdwpDebugServer - Command: U(11 9) id = 3599 length = 8
[2016-02-02 12:00:13:835] DebugLaunchPlugin - Waiting for the debugger to settle...
[2016-02-02 12:00:13:835] JdwpDebugServer - Command: Y(11 8) id = 3600 length = 8
[2016-02-02 12:00:13:835] JdwpDebugServer - Command: U(11 9) id = 3601 length = 8
[2016-02-02 12:00:13:846] DebugLaunchPlugin - Waiting for the debugger to settle...
[2016-02-02 12:00:13:858] DebugLaunchPlugin - Waiting for the debugger to settle...
[2016-02-02 12:00:13:871] DebugLaunchPlugin - Waiting for the debugger to settle...
[2016-02-02 12:00:13:882] DebugLaunchPlugin - Waiting for the debugger to settle...
[2016-02-02 12:00:13:892] DebugLaunchPlugin - Waiting for the debugger to settle...
[2016-02-02 12:00:13:902] DebugLaunchPlugin - Waiting for the debugger to settle...
[2016-02-02 12:00:13:914] DebugLaunchPlugin - Waiting for the debugger to settle...
[2016-02-02 12:00:13:926] DebugLaunchPlugin - Waiting for the debugger to settle...
[2016-02-02 12:00:13:939] DebugLaunchPlugin - Waiting for the debugger to settle...
[2016-02-02 12:00:13:952] DebugLaunchPlugin - Waiting for the debugger to settle...
[2016-02-02 12:00:13:963] DebugLaunchPlugin - Waiting for the debugger to settle...
[2016-02-02 12:00:13:974] DebugLaunchPlugin - Waiting for the debugger to settle...
[2016-02-02 12:00:13:986] DebugLaunchPlugin - Waiting for the debugger to settle...
[2016-02-02 12:00:13:998] DebugLaunchPlugin - Waiting for the debugger to settle...
[2016-02-02 12:00:14:008] DebugLaunchPlugin - Waiting for the debugger to settle...
[2016-02-02 12:00:14:022] DebugLaunchPlugin - Waiting for the debugger to settle...
[2016-02-02 12:00:14:033] DebugLaunchPlugin - Waiting for the debugger to settle...
[2016-02-02 12:00:14:045] DebugLaunchPlugin - Waiting for the debugger to settle...
[2016-02-02 12:00:14:057] DebugLaunchPlugin - Waiting for the debugger to settle...
[2016-02-02 12:00:14:068] DebugLaunchPlugin - Waiting for the debugger to settle...
[2016-02-02 12:00:14:079] DebugLaunchPlugin - Waiting for the debugger to settle...
[2016-02-02 12:00:14:091] DebugLaunchPlugin - Waiting for the debugger to settle...
[2016-02-02 12:00:14:104] DebugLaunchPlugin - Waiting for the debugger to settle...
[2016-02-02 12:00:14:116] DebugLaunchPlugin - Waiting for the debugger to settle...
[2016-02-02 12:00:14:126] DebugLaunchPlugin - Waiting for the debugger to settle...
[2016-02-02 12:00:14:138] DebugLaunchPlugin - Waiting for the debugger to settle...
[2016-02-02 12:00:14:148] DebugLaunchPlugin - Waiting for the debugger to settle...
[2016-02-02 12:00:14:161] DebugLaunchPlugin - Waiting for the debugger to settle...
[2016-02-02 12:00:14:171] DebugLaunchPlugin - Waiting for the debugger to settle...
[2016-02-02 12:00:14:182] DebugLaunchPlugin - Waiting for the debugger to settle...
[2016-02-02 12:00:14:192] DebugLaunchPlugin - Waiting for the debugger to settle...
[2016-02-02 12:00:14:203] DebugLaunchPlugin - Waiting for the debugger to settle...
[2016-02-02 12:00:14:209] JdwpDebugServer - Command: L(2 7) id = 3602 length = 8
[2016-02-02 12:00:14:214] DebugLaunchPlugin - Waiting for the debugger to settle...
[2016-02-02 12:00:14:227] DebugLaunchPlugin - Waiting for the debugger to settle...
[2016-02-02 12:00:14:238] DebugLaunchPlugin - Waiting for the debugger to settle...
[2016-02-02 12:00:14:249] DebugLaunchPlugin - Waiting for the debugger to settle...
[2016-02-02 12:00:14:259] DebugLaunchPlugin - Waiting for the debugger to settle...
[2016-02-02 12:00:14:271] DebugLaunchPlugin - Waiting for the debugger to settle...
[2016-02-02 12:00:14:282] DebugLaunchPlugin - Waiting for the debugger to settle...
[2016-02-02 12:00:14:292] DebugLaunchPlugin - Waiting for the debugger to settle...
[2016-02-02 12:00:14:297] JdwpDebugServer - Command: o(6 1) id = 3603 length = 16
[2016-02-02 12:00:14:298] SoftVmInterface - Reporting line numbers for method com/mob/demo/ShareSDKDemo.main: [40, 41, 42, 43]
[2016-02-02 12:00:14:299] JdwpDebugServer - Command: X(11 1) id = 3604 length = 8
[2016-02-02 12:00:14:301] JdwpDebugServer - Command: U(11 9) id = 3605 length = 8
[2016-02-02 12:00:14:302] JdwpDebugServer - Command: Y(11 8) id = 3606 length = 8
[2016-02-02 12:00:14:302] JdwpDebugServer - Command: X(11 1) id = 3607 length = 8
[2016-02-02 12:00:14:302] DebugLaunchPlugin - Waiting for the debugger to settle...
[2016-02-02 12:00:14:315] DebugLaunchPlugin - Waiting for the debugger to settle...
[2016-02-02 12:00:14:325] JdwpDebugServer - Command: D(2 14) id = 3608 length = 8
[2016-02-02 12:00:14:325] JdwpDebugServer - Command: F(2 10) id = 3609 length = 8
[2016-02-02 12:00:14:326] JdwpDebugServer - Command: j(3 1) id = 3610 length = 8
[2016-02-02 12:00:14:326] JdwpDebugServer - Command: D(2 14) id = 3611 length = 8
[2016-02-02 12:00:14:326] JdwpDebugServer - Command: F(2 10) id = 3612 length = 8
[2016-02-02 12:00:14:326] JdwpDebugServer - Command: D(2 14) id = 3613 length = 8
[2016-02-02 12:00:14:327] JdwpDebugServer - Command: F(2 10) id = 3614 length = 8
[2016-02-02 12:00:14:327] JdwpDebugServer - Command: D(2 14) id = 3615 length = 8
[2016-02-02 12:00:14:327] DebugLaunchPlugin - Waiting for the debugger to settle...
[2016-02-02 12:00:14:327] JdwpDebugServer - Command: F(2 10) id = 3616 length = 8
[2016-02-02 12:00:14:328] JdwpDebugServer - Command: D(2 14) id = 3617 length = 8
[2016-02-02 12:00:14:328] JdwpDebugServer - Command: F(2 10) id = 3618 length = 8
[2016-02-02 12:00:14:328] JdwpDebugServer - Command: j(3 1) id = 3619 length = 8
[2016-02-02 12:00:14:328] JdwpDebugServer - Command: D(2 14) id = 3620 length = 8
[2016-02-02 12:00:14:329] JdwpDebugServer - Command: F(2 10) id = 3621 length = 8
[2016-02-02 12:00:14:329] JdwpDebugServer - Command: j(3 1) id = 3622 length = 8
[2016-02-02 12:00:14:329] JdwpDebugServer - Command: D(2 14) id = 3623 length = 8
[2016-02-02 12:00:14:330] JdwpDebugServer - Command: F(2 10) id = 3624 length = 8
[2016-02-02 12:00:14:330] JdwpDebugServer - Command: j(3 1) id = 3625 length = 8
[2016-02-02 12:00:14:330] JdwpDebugServer - Command: D(2 14) id = 3626 length = 8
[2016-02-02 12:00:14:330] JdwpDebugServer - Command: F(2 10) id = 3627 length = 8
[2016-02-02 12:00:14:331] JdwpDebugServer - Command: j(3 1) id = 3628 length = 8
[2016-02-02 12:00:14:331] JdwpDebugServer - Command: j(3 1) id = 3629 length = 8
[2016-02-02 12:00:14:332] JdwpDebugServer - Command: q(6 5) id = 3630 length = 16
[2016-02-02 12:00:14:340] DebugLaunchPlugin - Waiting for the debugger to settle...
[2016-02-02 12:00:14:350] DebugLaunchPlugin - Waiting for the debugger to settle...
[2016-02-02 12:00:14:360] DebugLaunchPlugin - Waiting for the debugger to settle...
[2016-02-02 12:00:14:372] DebugLaunchPlugin - Waiting for the debugger to settle...
[2016-02-02 12:00:14:382] DebugLaunchPlugin - Waiting for the debugger to settle...
[2016-02-02 12:00:14:395] DebugLaunchPlugin - Waiting for the debugger to settle...
[2016-02-02 12:00:14:408] DebugLaunchPlugin - Waiting for the debugger to settle...
[2016-02-02 12:00:14:420] DebugLaunchPlugin - Waiting for the debugger to settle...
[2016-02-02 12:00:14:431] DebugLaunchPlugin - Waiting for the debugger to settle...
[2016-02-02 12:00:14:443] DebugLaunchPlugin - Waiting for the debugger to settle...
[2016-02-02 12:00:14:456] DebugLaunchPlugin - Waiting for the debugger to settle...
[2016-02-02 12:00:14:469] DebugLaunchPlugin - Waiting for the debugger to settle...
[2016-02-02 12:00:14:481] DebugLaunchPlugin - Waiting for the debugger to settle...
[2016-02-02 12:00:14:491] DebugLaunchPlugin - Waiting for the debugger to settle...
[2016-02-02 12:00:14:502] DebugLaunchPlugin - Waiting for the debugger to settle...
[2016-02-02 12:00:14:514] DebugLaunchPlugin - Waiting for the debugger to settle...
[2016-02-02 12:00:14:517] JdwpDebugServer - Command: V(11 7) id = 3631 length = 8
[2016-02-02 12:00:14:517] JdwpDebugServer - Command: Y(11 8) id = 3632 length = 8
[2016-02-02 12:00:14:517] JdwpDebugServer - Command: U(11 9) id = 3633 length = 8
[2016-02-02 12:00:14:519] JdwpDebugServer - Command: X(11 1) id = 3634 length = 8
[2016-02-02 12:00:14:520] JdwpDebugServer - Command: V(11 7) id = 3635 length = 8
[2016-02-02 12:00:14:520] JdwpDebugServer - Command: Y(11 8) id = 3636 length = 8
[2016-02-02 12:00:14:521] JdwpDebugServer - Command: X(11 1) id = 3637 length = 8
[2016-02-02 12:00:14:522] JdwpDebugServer - Command: U(11 9) id = 3638 length = 8
[2016-02-02 12:00:14:523] JdwpDebugServer - Command: U(11 9) id = 3639 length = 8
[2016-02-02 12:00:14:523] JdwpDebugServer - Command: X(11 1) id = 3640 length = 8
[2016-02-02 12:00:14:524] DebugLaunchPlugin - Waiting for the debugger to settle...
[2016-02-02 12:00:14:524] JdwpDebugServer - Command: Y(11 8) id = 3641 length = 8
[2016-02-02 12:00:14:525] JdwpDebugServer - Command: X(11 1) id = 3642 length = 8
[2016-02-02 12:00:14:526] JdwpDebugServer - Command: U(11 9) id = 3643 length = 8
[2016-02-02 12:00:14:526] JdwpDebugServer - Command: Y(11 8) id = 3644 length = 8
[2016-02-02 12:00:14:527] JdwpDebugServer - Command: U(11 9) id = 3645 length = 8
[2016-02-02 12:00:14:527] JdwpDebugServer - Command: Y(11 8) id = 3646 length = 8
[2016-02-02 12:00:14:534] DebugLaunchPlugin - Waiting for the debugger to settle...
[2016-02-02 12:00:14:547] DebugLaunchPlugin - Waiting for the debugger to settle...
[2016-02-02 12:00:14:559] DebugLaunchPlugin - Waiting for the debugger to settle...
[2016-02-02 12:00:14:571] DebugLaunchPlugin - Waiting for the debugger to settle...
[2016-02-02 12:00:14:584] DebugLaunchPlugin - Waiting for the debugger to settle...
[2016-02-02 12:00:14:596] DebugLaunchPlugin - Waiting for the debugger to settle...
[2016-02-02 12:00:14:609] DebugLaunchPlugin - Waiting for the debugger to settle...
[2016-02-02 12:00:14:621] DebugLaunchPlugin - Waiting for the debugger to settle...
[2016-02-02 12:00:14:631] DebugLaunchPlugin - Waiting for the debugger to settle...
[2016-02-02 12:00:14:643] DebugLaunchPlugin - Waiting for the debugger to settle...
[2016-02-02 12:00:14:656] DebugLaunchPlugin - Waiting for the debugger to settle...
[2016-02-02 12:00:14:668] DebugLaunchPlugin - Waiting for the debugger to settle...
[2016-02-02 12:00:14:680] DebugLaunchPlugin - Waiting for the debugger to settle...
[2016-02-02 12:00:14:691] DebugLaunchPlugin - Waiting for the debugger to settle...
[2016-02-02 12:00:14:704] DebugLaunchPlugin - Waiting for the debugger to settle...
[2016-02-02 12:00:14:715] DebugLaunchPlugin - Waiting for the debugger to settle...
[2016-02-02 12:00:14:728] DebugLaunchPlugin - Waiting for the debugger to settle...
[2016-02-02 12:00:14:740] DebugLaunchPlugin - Waiting for the debugger to settle...
[2016-02-02 12:00:14:751] DebugLaunchPlugin - Waiting for the debugger to settle...
[2016-02-02 12:00:14:762] DebugLaunchPlugin - Waiting for the debugger to settle...
[2016-02-02 12:00:14:774] DebugLaunchPlugin - Waiting for the debugger to settle...
[2016-02-02 12:00:14:786] DebugLaunchPlugin - Waiting for the debugger to settle...
[2016-02-02 12:00:14:799] DebugLaunchPlugin - Waiting for the debugger to settle...
[2016-02-02 12:00:14:811] DebugLaunchPlugin - Waiting for the debugger to settle...
[2016-02-02 12:00:14:823] DebugLaunchPlugin - Waiting for the debugger to settle...
[2016-02-02 12:00:14:835] DebugLaunchPlugin - Waiting for the debugger to settle...
[2016-02-02 12:00:14:848] DebugLaunchPlugin - Waiting for the debugger to settle...
[2016-02-02 12:00:14:859] DebugLaunchPlugin - Waiting for the debugger to settle...
[2016-02-02 12:00:14:870] DebugLaunchPlugin - Waiting for the debugger to settle...
[2016-02-02 12:00:14:883] DebugLaunchPlugin - Waiting for the debugger to settle...
[2016-02-02 12:00:14:896] DebugLaunchPlugin - Waiting for the debugger to settle...
[2016-02-02 12:00:14:907] DebugLaunchPlugin - Waiting for the debugger to settle...
[2016-02-02 12:00:14:918] DebugLaunchPlugin - Waiting for the debugger to settle...
[2016-02-02 12:00:14:931] DebugLaunchPlugin - Waiting for the debugger to settle...
[2016-02-02 12:00:14:944] DebugLaunchPlugin - Waiting for the debugger to settle...
[2016-02-02 12:00:14:955] DebugLaunchPlugin - Waiting for the debugger to settle...
[2016-02-02 12:00:14:967] DebugLaunchPlugin - Waiting for the debugger to settle...
[2016-02-02 12:00:14:977] DebugLaunchPlugin - Waiting for the debugger to settle...
[2016-02-02 12:00:14:990] DebugLaunchPlugin - Waiting for the debugger to settle...
[2016-02-02 12:00:15:003] DebugLaunchPlugin - Waiting for the debugger to settle...
[2016-02-02 12:00:15:016] DebugLaunchPlugin - Waiting for the debugger to settle...
[2016-02-02 12:00:15:029] DebugLaunchPlugin - Waiting for the debugger to settle...
[2016-02-02 12:00:15:041] DebugLaunchPlugin - Waiting for the debugger to settle...
[2016-02-02 12:00:15:054] DebugLaunchPlugin - Waiting for the debugger to settle...
[2016-02-02 12:00:15:065] DebugLaunchPlugin - Waiting for the debugger to settle...
[2016-02-02 12:00:15:078] DebugLaunchPlugin - Waiting for the debugger to settle...
[2016-02-02 12:00:15:091] DebugLaunchPlugin - Waiting for the debugger to settle...
[2016-02-02 12:00:15:103] DebugLaunchPlugin - Waiting for the debugger to settle...
[2016-02-02 12:00:15:115] DebugLaunchPlugin - Waiting for the debugger to settle...
[2016-02-02 12:00:15:128] DebugLaunchPlugin - Waiting for the debugger to settle...
[2016-02-02 12:00:15:139] DebugLaunchPlugin - Waiting for the debugger to settle...
[2016-02-02 12:00:15:152] DebugLaunchPlugin - Waiting for the debugger to settle...
[2016-02-02 12:00:15:163] DebugLaunchPlugin - Waiting for the debugger to settle...
[2016-02-02 12:00:15:176] DebugLaunchPlugin - Waiting for the debugger to settle...
[2016-02-02 12:00:15:187] DebugLaunchPlugin - Waiting for the debugger to settle...
[2016-02-02 12:00:15:197] DebugLaunchPlugin - Waiting for the debugger to settle...
[2016-02-02 12:00:15:210] DebugLaunchPlugin - Waiting for the debugger to settle...
[2016-02-02 12:00:15:221] DebugLaunchPlugin - Waiting for the debugger to settle...
[2016-02-02 12:00:15:233] DebugLaunchPlugin - Waiting for the debugger to settle...
[2016-02-02 12:00:15:246] DebugLaunchPlugin - Waiting for the debugger to settle...
[2016-02-02 12:00:15:256] DebugLaunchPlugin - Waiting for the debugger to settle...
[2016-02-02 12:00:15:269] DebugLaunchPlugin - Waiting for the debugger to settle...
[2016-02-02 12:00:15:282] DebugLaunchPlugin - Waiting for the debugger to settle...
[2016-02-02 12:00:15:293] DebugLaunchPlugin - Waiting for the debugger to settle...
[2016-02-02 12:00:15:306] DebugLaunchPlugin - Waiting for the debugger to settle...
[2016-02-02 12:00:15:319] DebugLaunchPlugin - Waiting for the debugger to settle...
[2016-02-02 12:00:15:329] DebugLaunchPlugin - Waiting for the debugger to settle...
[2016-02-02 12:00:15:342] DebugLaunchPlugin - Waiting for the debugger to settle...
[2016-02-02 12:00:15:355] DebugLaunchPlugin - Waiting for the debugger to settle...
[2016-02-02 12:00:15:368] DebugLaunchPlugin - Waiting for the debugger to settle...
[2016-02-02 12:00:15:379] DebugLaunchPlugin - Waiting for the debugger to settle...
[2016-02-02 12:00:15:392] DebugLaunchPlugin - Waiting for the debugger to settle...
[2016-02-02 12:00:15:403] DebugLaunchPlugin - Waiting for the debugger to settle...
[2016-02-02 12:00:15:416] DebugLaunchPlugin - Waiting for the debugger to settle...
[2016-02-02 12:00:15:426] DebugLaunchPlugin - Waiting for the debugger to settle...
[2016-02-02 12:00:15:439] DebugLaunchPlugin - Waiting for the debugger to settle...
[2016-02-02 12:00:15:449] DebugLaunchPlugin - Waiting for the debugger to settle...
[2016-02-02 12:00:15:461] DebugLaunchPlugin - Waiting for the debugger to settle...
[2016-02-02 12:00:15:474] DebugLaunchPlugin - Waiting for the debugger to settle...
[2016-02-02 12:00:15:487] DebugLaunchPlugin - Waiting for the debugger to settle...
[2016-02-02 12:00:15:498] DebugLaunchPlugin - Waiting for the debugger to settle...
[2016-02-02 12:00:15:510] DebugLaunchPlugin - Waiting for the debugger to settle...
[2016-02-02 12:00:15:523] DebugLaunchPlugin - Waiting for the debugger to settle...
[2016-02-02 12:00:15:534] DebugLaunchPlugin - Debugger has settled. Resuming inferior.
[2016-02-02 12:00:30:701] JdwpDebugServer - Command: Z(11 3) id = 3647 length = 8
[2016-02-02 12:00:30:702] DebugChannel - Event: Thread resumed, java obj: 0x116818f30, thread: 0x116817ee0
[2016-02-02 12:00:30:707] JdwpDebugServer - Command: U(11 9) id = 3648 length = 8
[2016-02-02 12:00:30:707] JdwpDebugServer - Command: Y(11 8) id = 3649 length = 8
[2016-02-02 12:00:30:707] DebugChannel - Event: Thread detached, java obj: 0x116818f30, thread: 0x116817ee0, exception: 0x0
[2016-02-02 12:00:30:709] JdwpDebugServer - Command: U(11 9) id = 3650 length = 8
[2016-02-02 12:00:30:720] DebugChannel - Error in debug channel thread: null
[2016-02-02 12:00:30:720] DebugChannel - Shutting down debug channel thread
[2016-02-02 12:00:30:722] SoftDebugger - com.robovm.debug.server.DebuggerException: Request interrupted
	at com.robovm.debug.server.d.i.a(Unknown.java:805)
	at com.robovm.debug.server.d.d.a(Unknown.java:203)
	at com.robovm.debug.server.d.t.e(Unknown.java:87)
	at com.robovm.debug.server.d.t.h(Unknown.java:114)
	at com.robovm.debug.server.e.b.j(Unknown.java:93)
	at com.robovm.debug.server.e.f.a(Unknown.java:33)
	at com.robovm.debug.server.e.c.a(Unknown.java:140)
	at com.robovm.debug.server.d.C.c(Unknown.java:1136)
	at com.robovm.debug.server.d.y.a(Unknown.java:247)
	at com.robovm.debug.server.d.y.a(Unknown.java:3150)
	at com.robovm.debug.server.d.z.run(Unknown.java:128)
	at java.lang.Thread.run(Thread.java:745)
Caused by: java.lang.InterruptedException
	at java.util.concurrent.locks.AbstractQueuedSynchronizer.doAcquireSharedNanos(AbstractQueuedSynchronizer.java:1038)
	at java.util.concurrent.locks.AbstractQueuedSynchronizer.tryAcquireSharedNanos(AbstractQueuedSynchronizer.java:1326)
	at java.util.concurrent.CountDownLatch.await(CountDownLatch.java:282)
	at com.robovm.debug.server.d.c.await(Unknown.java:31)
	at com.robovm.debug.server.d.i.a(Unknown.java:801)
	... 11 more
[2016-02-02 12:00:30:723] SoftJdwpEventProcessor - processing vm death event
[2016-02-02 12:00:30:723] SoftDebugger - Shutting down event loop thread
[2016-02-02 12:00:30:723] JdwpDebugServer - Command: Y(11 8) id = 3651 length = 8
[2016-02-02 12:00:30:724] JdwpDebugServer - Command: U(11 9) id = 3652 length = 8
[2016-02-02 12:00:30:724] JdwpDebugServer - Command: Y(11 8) id = 3653 length = 8
[2016-02-02 12:00:30:726] JdwpDebugServer - Command: U(11 9) id = 3654 length = 8
[2016-02-02 12:00:30:791] DebugLaunchPlugin - Shutting down JDWP server
