[2016-02-02 12:19:32:786] ExecutableMemoryAccess - Reading executable bytes took: 0.159146
[2016-02-02 12:19:33:475] ExecutableMemoryAccess - Dumped section __TEXT,__text, took: 0.666817
[2016-02-02 12:19:33:476] ExecutableMemoryAccess - Dumped section __TEXT,__const, took: 0.001159
[2016-02-02 12:19:33:477] ExecutableMemoryAccess - Dumped section __DATA,__const, took: 5.17E-4
[2016-02-02 12:19:33:478] ExecutableMemoryAccess - Dumped section __DATA,__data, took: 9.06E-4
[2016-02-02 12:19:33:478] ExecutableMemoryAccess - Parsing sections took: 0.854527
[2016-02-02 12:19:34:568] ExecutableSymbolLookup - Reading nm output took: 1.943766
[2016-02-02 12:19:34:674] ExecutableSymbolLookup - Parsing nm output took: 0.106308
[2016-02-02 12:19:34:674] ExecutableSymbolLookup - Parsing symbols took: 2.050633
[2016-02-02 12:19:38:757] DebugLaunchPlugin - Got port address in 2.938906secs
[2016-02-02 12:19:38:768] SoftDebugger - Established connection to app on port 63197
[2016-02-02 12:19:38:768] DebugChannel - Starting debug channel thread
[2016-02-02 12:19:38:768] ClassInfoParser - Reading boot classes info
[2016-02-02 12:19:38:770] ClassInfoParser - Took 0.001599
[2016-02-02 12:19:38:770] ClassInfoParser - Reading classes info
[2016-02-02 12:19:38:772] ClassInfoParser - Took 0.001381
[2016-02-02 12:19:38:841] SoftDebugger - Loading class infos took: 0.072412secs
[2016-02-02 12:19:38:843] SoftDebugger - Loading class infos and adjusting addresses took: 0.07476secs
[2016-02-02 12:19:38:845] DebugLaunchPlugin - Waiting for JDWP client to connect
[2016-02-02 12:19:38:845] SocketTransport - Listening for transport dt_socket at address: 63188
[2016-02-02 12:19:38:878] DebugChannel - Event: Thread attached, java obj: 0x116818f30, thread: 0x116817ee0
[2016-02-02 12:19:38:881] SoftDebugger - Thread main attached
[2016-02-02 12:19:39:398] DebugChannel - Event: Thread stopped, reason: Exception, java obj: 0x116818f30, thread: 0x116817ee0, frames: 15
[2016-02-02 12:19:39:405] SoftDebugger - Reconstructing frames took: 0.007165secs
[2016-02-02 12:19:39:406] DebugChannel - Event: Thread resumed, java obj: 0x116818f30, thread: 0x116817ee0
[2016-02-02 12:19:39:518] DebugChannel - Event: Thread stopped, reason: Exception, java obj: 0x116818f30, thread: 0x116817ee0, frames: 10
[2016-02-02 12:19:39:518] SoftDebugger - Reconstructing frames took: 4.5E-5secs
[2016-02-02 12:19:39:519] DebugChannel - Event: Thread resumed, java obj: 0x116818f30, thread: 0x116817ee0
[2016-02-02 12:19:39:522] DebugChannel - Event: Thread attached, java obj: 0x116818ea0, thread: 0x116817e00
[2016-02-02 12:19:39:522] DebugChannel - Event: Thread attached, java obj: 0x116818d80, thread: 0x116817d20
[2016-02-02 12:19:39:522] DebugChannel - Event: Thread attached, java obj: 0x116818c60, thread: 0x116817c40
[2016-02-02 12:19:39:523] SoftDebugger - Thread ReferenceQueueDaemon attached
[2016-02-02 12:19:39:525] SoftDebugger - Thread FinalizerDaemon attached
[2016-02-02 12:19:39:526] SoftDebugger - Thread FinalizerWatchdogDaemon attached
[2016-02-02 12:19:39:544] DebugChannel - Event: Thread stopped, reason: Exception, java obj: 0x116818f30, thread: 0x116817ee0, frames: 9
[2016-02-02 12:19:39:547] SoftDebugger - Reconstructing frames took: 0.003104secs
[2016-02-02 12:19:39:548] DebugChannel - Event: Thread resumed, java obj: 0x116818f30, thread: 0x116817ee0
[2016-02-02 12:19:39:548] DebugChannel - Event: Thread stopped, reason: Exception, java obj: 0x116818f30, thread: 0x116817ee0, frames: 9
[2016-02-02 12:19:39:548] SoftDebugger - Reconstructing frames took: 3.5E-5secs
[2016-02-02 12:19:39:549] DebugChannel - Event: Thread resumed, java obj: 0x116818f30, thread: 0x116817ee0
[2016-02-02 12:19:39:549] DebugChannel - Event: Thread stopped, reason: Exception, java obj: 0x116818f30, thread: 0x116817ee0, frames: 9
[2016-02-02 12:19:39:549] SoftDebugger - Reconstructing frames took: 2.1E-5secs
[2016-02-02 12:19:39:550] DebugChannel - Event: Thread resumed, java obj: 0x116818f30, thread: 0x116817ee0
[2016-02-02 12:19:39:550] DebugChannel - Event: Thread stopped, reason: Exception, java obj: 0x116818f30, thread: 0x116817ee0, frames: 9
[2016-02-02 12:19:39:550] SoftDebugger - Reconstructing frames took: 2.4E-5secs
[2016-02-02 12:19:39:550] DebugChannel - Event: Thread resumed, java obj: 0x116818f30, thread: 0x116817ee0
[2016-02-02 12:19:39:551] DebugChannel - Event: Thread stopped, reason: Exception, java obj: 0x116818f30, thread: 0x116817ee0, frames: 9
[2016-02-02 12:19:39:551] SoftDebugger - Reconstructing frames took: 2.7E-5secs
[2016-02-02 12:19:39:551] DebugChannel - Event: Thread resumed, java obj: 0x116818f30, thread: 0x116817ee0
[2016-02-02 12:19:39:552] DebugChannel - Event: Thread stopped, reason: Exception, java obj: 0x116818f30, thread: 0x116817ee0, frames: 9
[2016-02-02 12:19:39:552] SoftDebugger - Reconstructing frames took: 1.8E-5secs
[2016-02-02 12:19:39:552] DebugChannel - Event: Thread resumed, java obj: 0x116818f30, thread: 0x116817ee0
[2016-02-02 12:19:39:553] DebugChannel - Event: Thread stopped, reason: Exception, java obj: 0x116818f30, thread: 0x116817ee0, frames: 9
[2016-02-02 12:19:39:553] SoftDebugger - Reconstructing frames took: 2.0E-5secs
[2016-02-02 12:19:39:553] DebugChannel - Event: Thread resumed, java obj: 0x116818f30, thread: 0x116817ee0
[2016-02-02 12:19:39:553] DebugChannel - Event: Thread stopped, reason: Exception, java obj: 0x116818f30, thread: 0x116817ee0, frames: 9
[2016-02-02 12:19:39:554] SoftDebugger - Reconstructing frames took: 1.7E-5secs
[2016-02-02 12:19:39:554] DebugChannel - Event: Thread resumed, java obj: 0x116818f30, thread: 0x116817ee0
[2016-02-02 12:19:39:586] DebugChannel - Event: Thread stopped, reason: Exception, java obj: 0x116818f30, thread: 0x116817ee0, frames: 9
[2016-02-02 12:19:39:586] SoftDebugger - Reconstructing frames took: 4.3E-5secs
[2016-02-02 12:19:39:586] DebugChannel - Event: Thread resumed, java obj: 0x116818f30, thread: 0x116817ee0
[2016-02-02 12:19:39:587] DebugChannel - Event: Thread stopped, reason: Exception, java obj: 0x116818f30, thread: 0x116817ee0, frames: 9
[2016-02-02 12:19:39:587] SoftDebugger - Reconstructing frames took: 2.5E-5secs
[2016-02-02 12:19:39:587] DebugChannel - Event: Thread resumed, java obj: 0x116818f30, thread: 0x116817ee0
[2016-02-02 12:19:39:654] DebugChannel - Event: Thread stopped, reason: Exception, java obj: 0x116818f30, thread: 0x116817ee0, frames: 9
[2016-02-02 12:19:39:654] SoftDebugger - Reconstructing frames took: 4.3E-5secs
[2016-02-02 12:19:39:654] DebugChannel - Event: Thread resumed, java obj: 0x116818f30, thread: 0x116817ee0
[2016-02-02 12:19:39:720] DebugChannel - Event: Thread stopped, reason: Exception, java obj: 0x116818f30, thread: 0x116817ee0, frames: 15
[2016-02-02 12:19:40:448] SoftDebugger - Reconstructing frames took: 0.727546secs
[2016-02-02 12:19:40:449] DebugChannel - Event: Thread resumed, java obj: 0x116818f30, thread: 0x116817ee0
[2016-02-02 12:19:40:452] JdwpDebugServer - Command: aq(1 7) id = 3983 length = 0
[2016-02-02 12:19:40:453] JdwpDebugServer - Command: m(15 1) id = 3984 length = 6
[2016-02-02 12:19:40:453] JdwpDebugServer - Command: m(15 1) id = 3982 length = 6
[2016-02-02 12:19:40:453] JdwpDebugServer - Command: m(15 1) id = 3985 length = 6
[2016-02-02 12:19:40:454] JdwpDebugServer - Command: au(1 1) id = 3986 length = 0
[2016-02-02 12:19:40:454] DebugChannel - Event: Thread stopped, reason: Exception, java obj: 0x116818f30, thread: 0x116817ee0, frames: 10
[2016-02-02 12:19:40:454] JdwpDebugServer - Command: ah(1 4) id = 3987 length = 0
[2016-02-02 12:19:40:455] SoftDebugger - Reconstructing frames took: 5.0E-5secs
[2016-02-02 12:19:40:455] DebugChannel - Event: Thread resumed, java obj: 0x116818f30, thread: 0x116817ee0
[2016-02-02 12:19:40:455] JdwpDebugServer - Command: ad(11 5) id = 3988 length = 8
[2016-02-02 12:19:40:456] JdwpDebugServer - Command: S(12 1) id = 3989 length = 8
[2016-02-02 12:19:40:458] JdwpDebugServer - Command: T(12 2) id = 3990 length = 8
[2016-02-02 12:19:40:458] JdwpDebugServer - Command: y(9 1) id = 3991 length = 8
[2016-02-02 12:19:40:459] JdwpDebugServer - Command: D(2 14) id = 3992 length = 8
[2016-02-02 12:19:40:459] JdwpDebugServer - Command: F(2 10) id = 3993 length = 8
[2016-02-02 12:19:40:459] DebugLaunchPlugin - Waiting for the debugger to settle...
[2016-02-02 12:19:40:459] JdwpDebugServer - Command: D(2 14) id = 3994 length = 8
[2016-02-02 12:19:40:460] JdwpDebugServer - Command: F(2 10) id = 3995 length = 8
[2016-02-02 12:19:40:460] JdwpDebugServer - Command: j(3 1) id = 3996 length = 8
[2016-02-02 12:19:40:460] JdwpDebugServer - Command: D(2 14) id = 3997 length = 8
[2016-02-02 12:19:40:460] JdwpDebugServer - Command: F(2 10) id = 3998 length = 8
[2016-02-02 12:19:40:461] JdwpDebugServer - Command: j(3 1) id = 3999 length = 8
[2016-02-02 12:19:40:461] JdwpDebugServer - Command: u(9 2) id = 4000 length = 20
[2016-02-02 12:19:40:461] JdwpDebugServer - Command: aa(11 4) id = 4001 length = 8
[2016-02-02 12:19:40:462] JdwpDebugServer - Command: aa(11 4) id = 4002 length = 8
[2016-02-02 12:19:40:462] JdwpDebugServer - Command: ad(11 5) id = 4003 length = 8
[2016-02-02 12:19:40:463] JdwpDebugServer - Command: y(9 1) id = 4004 length = 8
[2016-02-02 12:19:40:464] JdwpDebugServer - Command: u(9 2) id = 4005 length = 20
[2016-02-02 12:19:40:464] JdwpDebugServer - Command: aa(11 4) id = 4006 length = 8
[2016-02-02 12:19:40:465] JdwpDebugServer - Command: aa(11 4) id = 4007 length = 8
[2016-02-02 12:19:40:465] JdwpDebugServer - Command: ad(11 5) id = 4008 length = 8
[2016-02-02 12:19:40:466] JdwpDebugServer - Command: y(9 1) id = 4009 length = 8
[2016-02-02 12:19:40:466] JdwpDebugServer - Command: u(9 2) id = 4010 length = 20
[2016-02-02 12:19:40:467] JdwpDebugServer - Command: aa(11 4) id = 4011 length = 8
[2016-02-02 12:19:40:467] JdwpDebugServer - Command: aa(11 4) id = 4012 length = 8
[2016-02-02 12:19:40:467] JdwpDebugServer - Command: ad(11 5) id = 4013 length = 8
[2016-02-02 12:19:40:468] JdwpDebugServer - Command: y(9 1) id = 4014 length = 8
[2016-02-02 12:19:40:468] JdwpDebugServer - Command: u(9 2) id = 4015 length = 20
[2016-02-02 12:19:40:468] JdwpDebugServer - Command: aa(11 4) id = 4016 length = 8
[2016-02-02 12:19:40:469] JdwpDebugServer - Command: aa(11 4) id = 4017 length = 8
[2016-02-02 12:19:40:469] JdwpDebugServer - Command: m(15 1) id = 4018 length = 40
[2016-02-02 12:19:40:469] SoftJdwpEventProcessor - Set up class load event with filter: com.mob.demo.MyViewController
[2016-02-02 12:19:40:470] DebugLaunchPlugin - Waiting for the debugger to settle...
[2016-02-02 12:19:40:470] JdwpDebugServer - Command: m(15 1) id = 4019 length = 42
[2016-02-02 12:19:40:470] SoftJdwpEventProcessor - Set up class load event with filter: com.mob.demo.MyViewController$*
[2016-02-02 12:19:40:472] JdwpDebugServer - Command: al(1 2) id = 4020 length = 35
[2016-02-02 12:19:40:472] JdwpDebugServer - Command: H(2 15) id = 4021 length = 8
[2016-02-02 12:19:40:472] SoftVmInterface - Reporting method: com/mob/demo/MyViewController.<init>
[2016-02-02 12:19:40:472] SoftVmInterface - Reporting method: com/mob/demo/MyViewController.excute
[2016-02-02 12:19:40:472] SoftVmInterface - Reporting method: com/mob/demo/MyViewController.initUI
[2016-02-02 12:19:40:472] SoftVmInterface - Reporting method: com/mob/demo/MyViewController.$cb$init
[2016-02-02 12:19:40:472] SoftVmInterface - Reporting method: com/mob/demo/MyViewController.$setHandle
[2016-02-02 12:19:40:472] SoftVmInterface - Reporting method: com/mob/demo/MyViewController.$cb$initWithNibName$bundle$
[2016-02-02 12:19:40:473] SoftVmInterface - Reporting method: com/mob/demo/MyViewController.$m$super$initWithNibName$bundle$
[2016-02-02 12:19:40:473] SoftVmInterface - Reporting method: com/mob/demo/MyViewController.$getSuper
[2016-02-02 12:19:40:473] SoftVmInterface - Reporting method: com/mob/demo/MyViewController.$initObject
[2016-02-02 12:19:40:473] SoftVmInterface - Reporting method: com/mob/demo/MyViewController.$cb$initWithCoder$
[2016-02-02 12:19:40:473] SoftVmInterface - Reporting method: com/mob/demo/MyViewController.$m$super$initWithCoder$
[2016-02-02 12:19:40:473] SoftVmInterface - Reporting method: com/mob/demo/MyViewController.<clinit>
[2016-02-02 12:19:40:473] JdwpDebugServer - Command: aj(1 17) id = 4022 length = 0
[2016-02-02 12:19:40:473] JdwpDebugServer - Command: o(6 1) id = 4023 length = 16
[2016-02-02 12:19:40:474] SoftVmInterface - Reporting line numbers for method com/mob/demo/MyViewController.<init>: [36, 38, 39, 41]
[2016-02-02 12:19:40:474] JdwpDebugServer - Command: o(6 1) id = 4024 length = 16
[2016-02-02 12:19:40:474] SoftVmInterface - Reporting line numbers for method com/mob/demo/MyViewController.excute: [46, 54, 57, 64, 67, 124, 127, 180, 183, 191, 193]
[2016-02-02 12:19:40:475] JdwpDebugServer - Command: o(6 1) id = 4025 length = 16
[2016-02-02 12:19:40:475] SoftVmInterface - Reporting line numbers for method com/mob/demo/MyViewController.initUI: [197, 198, 200, 201, 202, 203, 205, 206, 207, 208, 210, 211, 212, 213, 215, 216, 217, 218, 220, 221, 222, 223, 225]
[2016-02-02 12:19:40:475] JdwpDebugServer - Command: o(6 1) id = 4026 length = 16
[2016-02-02 12:19:40:475] SoftVmInterface - Reporting line numbers for method com/mob/demo/MyViewController.$cb$init: [1048579]
[2016-02-02 12:19:40:475] JdwpDebugServer - Command: o(6 1) id = 4027 length = 16
[2016-02-02 12:19:40:475] SoftVmInterface - Reporting line numbers for method com/mob/demo/MyViewController.$setHandle: [1048580]
[2016-02-02 12:19:40:476] JdwpDebugServer - Command: o(6 1) id = 4028 length = 16
[2016-02-02 12:19:40:476] SoftVmInterface - Reporting line numbers for method com/mob/demo/MyViewController.$cb$initWithNibName$bundle$: [1048581]
[2016-02-02 12:19:40:476] JdwpDebugServer - Command: o(6 1) id = 4029 length = 16
[2016-02-02 12:19:40:476] SoftVmInterface - Reporting line numbers for method com/mob/demo/MyViewController.$getSuper: [1048583]
[2016-02-02 12:19:40:476] JdwpDebugServer - Command: o(6 1) id = 4030 length = 16
[2016-02-02 12:19:40:476] SoftVmInterface - Reporting line numbers for method com/mob/demo/MyViewController.$initObject: [1048584]
[2016-02-02 12:19:40:477] JdwpDebugServer - Command: o(6 1) id = 4031 length = 16
[2016-02-02 12:19:40:477] SoftVmInterface - Reporting line numbers for method com/mob/demo/MyViewController.$cb$initWithCoder$: [1048585]
[2016-02-02 12:19:40:477] JdwpDebugServer - Command: o(6 1) id = 4032 length = 16
[2016-02-02 12:19:40:477] SoftVmInterface - Reporting line numbers for method com/mob/demo/MyViewController.<clinit>: [1048587]
[2016-02-02 12:19:40:477] JdwpDebugServer - Command: al(1 2) id = 4033 length = 35
[2016-02-02 12:19:40:478] JdwpDebugServer - Command: ag(1 20) id = 4034 length = 0
[2016-02-02 12:19:40:480] DebugLaunchPlugin - Waiting for the debugger to settle...
[2016-02-02 12:19:40:491] DebugLaunchPlugin - Waiting for the debugger to settle...
[2016-02-02 12:19:40:498] JdwpDebugServer - Command: H(2 15) id = 4035 length = 8
[2016-02-02 12:19:40:498] SoftVmInterface - Reporting method: com/mob/demo/MyViewController$4$1.<init>
[2016-02-02 12:19:40:498] SoftVmInterface - Reporting method: com/mob/demo/MyViewController$4$1.invoke
[2016-02-02 12:19:40:498] SoftVmInterface - Reporting method: com/mob/demo/MyViewController$4$1.$SWITCH_TABLE$com$mob$sharesdk$SSDKResponseState
[2016-02-02 12:19:40:498] JdwpDebugServer - Command: o(6 1) id = 4036 length = 16
[2016-02-02 12:19:40:499] SoftVmInterface - Reporting line numbers for method com/mob/demo/MyViewController$4$1.<init>: [1, 144]
[2016-02-02 12:19:40:499] JdwpDebugServer - Command: o(6 1) id = 4037 length = 16
[2016-02-02 12:19:40:500] SoftVmInterface - Reporting line numbers for method com/mob/demo/MyViewController$4$1.invoke: [151, 154, 157, 158, 159, 163, 164, 165, 169, 170, 175]
[2016-02-02 12:19:40:500] JdwpDebugServer - Command: o(6 1) id = 4038 length = 16
[2016-02-02 12:19:40:500] SoftVmInterface - Reporting line numbers for method com/mob/demo/MyViewController$4$1.$SWITCH_TABLE$com$mob$sharesdk$SSDKResponseState: [144]
[2016-02-02 12:19:40:500] JdwpDebugServer - Command: H(2 15) id = 4039 length = 8
[2016-02-02 12:19:40:500] SoftVmInterface - Reporting method: com/mob/demo/MyViewController$4.<init>
[2016-02-02 12:19:40:500] SoftVmInterface - Reporting method: com/mob/demo/MyViewController$4.onTouchUpInside
[2016-02-02 12:19:40:501] JdwpDebugServer - Command: o(6 1) id = 4040 length = 16
[2016-02-02 12:19:40:501] SoftVmInterface - Reporting line numbers for method com/mob/demo/MyViewController$4.<init>: [1, 127]
[2016-02-02 12:19:40:501] JdwpDebugServer - Command: o(6 1) id = 4041 length = 16
[2016-02-02 12:19:40:501] SoftVmInterface - Reporting line numbers for method com/mob/demo/MyViewController$4.onTouchUpInside: [131, 132, 134, 136, 138, 140, 141, 142, 144, 178]
[2016-02-02 12:19:40:502] JdwpDebugServer - Command: H(2 15) id = 4042 length = 8
[2016-02-02 12:19:40:502] SoftVmInterface - Reporting method: com/mob/demo/MyViewController$5.<init>
[2016-02-02 12:19:40:502] SoftVmInterface - Reporting method: com/mob/demo/MyViewController$5.onTouchUpInside
[2016-02-02 12:19:40:502] JdwpDebugServer - Command: o(6 1) id = 4043 length = 16
[2016-02-02 12:19:40:502] SoftVmInterface - Reporting line numbers for method com/mob/demo/MyViewController$5.<init>: [1, 183]
[2016-02-02 12:19:40:503] JdwpDebugServer - Command: o(6 1) id = 4044 length = 16
[2016-02-02 12:19:40:503] SoftVmInterface - Reporting line numbers for method com/mob/demo/MyViewController$5.onTouchUpInside: [189]
[2016-02-02 12:19:40:503] JdwpDebugServer - Command: H(2 15) id = 4045 length = 8
[2016-02-02 12:19:40:503] SoftVmInterface - Reporting method: com/mob/demo/MyViewController$1.<init>
[2016-02-02 12:19:40:503] SoftVmInterface - Reporting method: com/mob/demo/MyViewController$1.onTouchUpInside
[2016-02-02 12:19:40:503] JdwpDebugServer - Command: o(6 1) id = 4046 length = 16
[2016-02-02 12:19:40:504] SoftVmInterface - Reporting line numbers for method com/mob/demo/MyViewController$1.<init>: [1, 46]
[2016-02-02 12:19:40:504] JdwpDebugServer - Command: o(6 1) id = 4047 length = 16
[2016-02-02 12:19:40:504] SoftVmInterface - Reporting line numbers for method com/mob/demo/MyViewController$1.onTouchUpInside: [52]
[2016-02-02 12:19:40:504] DebugLaunchPlugin - Waiting for the debugger to settle...
[2016-02-02 12:19:40:504] JdwpDebugServer - Command: H(2 15) id = 4048 length = 8
[2016-02-02 12:19:40:504] SoftVmInterface - Reporting method: com/mob/demo/MyViewController$2.<init>
[2016-02-02 12:19:40:504] SoftVmInterface - Reporting method: com/mob/demo/MyViewController$2.onTouchUpInside
[2016-02-02 12:19:40:504] JdwpDebugServer - Command: o(6 1) id = 4049 length = 16
[2016-02-02 12:19:40:505] SoftVmInterface - Reporting line numbers for method com/mob/demo/MyViewController$2.<init>: [1, 57]
[2016-02-02 12:19:40:505] JdwpDebugServer - Command: o(6 1) id = 4050 length = 16
[2016-02-02 12:19:40:505] SoftVmInterface - Reporting line numbers for method com/mob/demo/MyViewController$2.onTouchUpInside: [62]
[2016-02-02 12:19:40:505] JdwpDebugServer - Command: H(2 15) id = 4051 length = 8
[2016-02-02 12:19:40:505] SoftVmInterface - Reporting method: com/mob/demo/MyViewController$3.<init>
[2016-02-02 12:19:40:505] SoftVmInterface - Reporting method: com/mob/demo/MyViewController$3.onTouchUpInside
[2016-02-02 12:19:40:506] JdwpDebugServer - Command: o(6 1) id = 4052 length = 16
[2016-02-02 12:19:40:506] SoftVmInterface - Reporting line numbers for method com/mob/demo/MyViewController$3.<init>: [1, 67]
[2016-02-02 12:19:40:506] JdwpDebugServer - Command: o(6 1) id = 4053 length = 16
[2016-02-02 12:19:40:506] SoftVmInterface - Reporting line numbers for method com/mob/demo/MyViewController$3.onTouchUpInside: [71, 72, 74, 76, 78, 80, 81, 82, 84, 122]
[2016-02-02 12:19:40:507] JdwpDebugServer - Command: H(2 15) id = 4054 length = 8
[2016-02-02 12:19:40:507] SoftVmInterface - Reporting method: com/mob/demo/MyViewController$3$1.<init>
[2016-02-02 12:19:40:507] SoftVmInterface - Reporting method: com/mob/demo/MyViewController$3$1.invoke
[2016-02-02 12:19:40:507] SoftVmInterface - Reporting method: com/mob/demo/MyViewController$3$1.$SWITCH_TABLE$com$mob$sharesdk$SSDKResponseState
[2016-02-02 12:19:40:507] JdwpDebugServer - Command: o(6 1) id = 4055 length = 16
[2016-02-02 12:19:40:507] SoftVmInterface - Reporting line numbers for method com/mob/demo/MyViewController$3$1.<init>: [1, 84]
[2016-02-02 12:19:40:507] JdwpDebugServer - Command: o(6 1) id = 4056 length = 16
[2016-02-02 12:19:40:508] SoftVmInterface - Reporting line numbers for method com/mob/demo/MyViewController$3$1.invoke: [90, 93, 96, 97, 98, 102, 103, 104, 108, 109, 114]
[2016-02-02 12:19:40:508] JdwpDebugServer - Command: o(6 1) id = 4057 length = 16
[2016-02-02 12:19:40:508] SoftVmInterface - Reporting line numbers for method com/mob/demo/MyViewController$3$1.$SWITCH_TABLE$com$mob$sharesdk$SSDKResponseState: [84]
[2016-02-02 12:19:40:508] JdwpDebugServer - Command: m(15 1) id = 4058 length = 32
[2016-02-02 12:19:40:508] SoftJdwpEventProcessor - Set breakpoint at com/mob/demo/MyViewController$3$1.invoke(Lcom/mob/sharesdk/SSDKResponseState;Lorg/robovm/apple/foundation/NSDictionary;Lcom/mob/sharesdk/SSDKContentEntity;Lorg/robovm/apple/foundation/NSError;)V:90
[2016-02-02 12:19:40:509] JdwpDebugServer - Command: m(15 1) id = 4059 length = 26
[2016-02-02 12:19:40:509] SoftJdwpEventProcessor - Set up class load event with filter: java.lang.Error
[2016-02-02 12:19:40:510] JdwpDebugServer - Command: m(15 1) id = 4060 length = 28
[2016-02-02 12:19:40:511] SoftJdwpEventProcessor - Set up class load event with filter: java.lang.Error$*
[2016-02-02 12:19:40:511] JdwpDebugServer - Command: al(1 2) id = 4061 length = 21
[2016-02-02 12:19:40:512] JdwpDebugServer - Command: m(15 1) id = 4062 length = 17
[2016-02-02 12:19:40:514] JdwpDebugServer - Command: m(15 1) id = 4063 length = 30
[2016-02-02 12:19:40:514] SoftJdwpEventProcessor - Set up class load event with filter: java.lang.Throwable
[2016-02-02 12:19:40:514] DebugLaunchPlugin - Waiting for the debugger to settle...
[2016-02-02 12:19:40:514] JdwpDebugServer - Command: m(15 1) id = 4064 length = 32
[2016-02-02 12:19:40:514] SoftJdwpEventProcessor - Set up class load event with filter: java.lang.Throwable$*
[2016-02-02 12:19:40:515] JdwpDebugServer - Command: al(1 2) id = 4065 length = 25
[2016-02-02 12:19:40:515] JdwpDebugServer - Command: m(15 1) id = 4066 length = 17
[2016-02-02 12:19:40:525] DebugLaunchPlugin - Waiting for the debugger to settle...
[2016-02-02 12:19:40:537] DebugLaunchPlugin - Waiting for the debugger to settle...
[2016-02-02 12:19:40:549] DebugLaunchPlugin - Waiting for the debugger to settle...
[2016-02-02 12:19:40:559] DebugLaunchPlugin - Waiting for the debugger to settle...
[2016-02-02 12:19:40:570] DebugLaunchPlugin - Waiting for the debugger to settle...
[2016-02-02 12:19:40:580] DebugLaunchPlugin - Waiting for the debugger to settle...
[2016-02-02 12:19:40:593] DebugLaunchPlugin - Waiting for the debugger to settle...
[2016-02-02 12:19:40:606] DebugLaunchPlugin - Waiting for the debugger to settle...
[2016-02-02 12:19:40:617] DebugLaunchPlugin - Waiting for the debugger to settle...
[2016-02-02 12:19:40:627] DebugLaunchPlugin - Waiting for the debugger to settle...
[2016-02-02 12:19:40:640] DebugLaunchPlugin - Waiting for the debugger to settle...
[2016-02-02 12:19:40:653] DebugLaunchPlugin - Waiting for the debugger to settle...
[2016-02-02 12:19:40:664] DebugLaunchPlugin - Waiting for the debugger to settle...
[2016-02-02 12:19:40:677] DebugLaunchPlugin - Waiting for the debugger to settle...
[2016-02-02 12:19:40:688] DebugLaunchPlugin - Waiting for the debugger to settle...
[2016-02-02 12:19:40:698] DebugLaunchPlugin - Waiting for the debugger to settle...
[2016-02-02 12:19:40:709] DebugLaunchPlugin - Waiting for the debugger to settle...
[2016-02-02 12:19:40:720] DebugLaunchPlugin - Waiting for the debugger to settle...
[2016-02-02 12:19:40:730] DebugLaunchPlugin - Waiting for the debugger to settle...
[2016-02-02 12:19:40:743] DebugLaunchPlugin - Waiting for the debugger to settle...
[2016-02-02 12:19:40:754] DebugLaunchPlugin - Waiting for the debugger to settle...
[2016-02-02 12:19:40:764] DebugLaunchPlugin - Waiting for the debugger to settle...
[2016-02-02 12:19:40:775] DebugLaunchPlugin - Waiting for the debugger to settle...
[2016-02-02 12:19:40:785] DebugLaunchPlugin - Waiting for the debugger to settle...
[2016-02-02 12:19:40:796] DebugLaunchPlugin - Waiting for the debugger to settle...
[2016-02-02 12:19:40:807] DebugLaunchPlugin - Waiting for the debugger to settle...
[2016-02-02 12:19:40:817] DebugLaunchPlugin - Waiting for the debugger to settle...
[2016-02-02 12:19:40:828] DebugLaunchPlugin - Waiting for the debugger to settle...
[2016-02-02 12:19:40:839] DebugLaunchPlugin - Waiting for the debugger to settle...
[2016-02-02 12:19:40:849] DebugLaunchPlugin - Waiting for the debugger to settle...
[2016-02-02 12:19:40:860] DebugLaunchPlugin - Waiting for the debugger to settle...
[2016-02-02 12:19:40:871] DebugLaunchPlugin - Waiting for the debugger to settle...
[2016-02-02 12:19:40:882] DebugLaunchPlugin - Waiting for the debugger to settle...
[2016-02-02 12:19:40:894] DebugLaunchPlugin - Waiting for the debugger to settle...
[2016-02-02 12:19:40:906] DebugLaunchPlugin - Waiting for the debugger to settle...
[2016-02-02 12:19:40:916] DebugLaunchPlugin - Waiting for the debugger to settle...
[2016-02-02 12:19:40:923] SoftJdwpEventProcessor - Reporting class prepare event EventRequest [id=4, eventKind=CLASS_PREPARE, suspendPolicy=EVENT_THREAD, constraints=[ClassMatchConstraint [classPattern=com.mob.demo.MyViewController$*]]] to JDWP client for class com/mob/demo/MyViewController$1
[2016-02-02 12:19:40:925] JdwpDebugServer - Command: Z(11 3) id = 4067 length = 8
[2016-02-02 12:19:40:925] DebugChannel - Event: Thread resumed, java obj: 0x116818f30, thread: 0x116817ee0
[2016-02-02 12:19:40:926] DebugLaunchPlugin - Waiting for the debugger to settle...
[2016-02-02 12:19:40:927] SoftJdwpEventProcessor - Reporting class prepare event EventRequest [id=4, eventKind=CLASS_PREPARE, suspendPolicy=EVENT_THREAD, constraints=[ClassMatchConstraint [classPattern=com.mob.demo.MyViewController$*]]] to JDWP client for class com/mob/demo/MyViewController$2
[2016-02-02 12:19:40:929] JdwpDebugServer - Command: Z(11 3) id = 4068 length = 8
[2016-02-02 12:19:40:930] DebugChannel - Event: Thread resumed, java obj: 0x116818f30, thread: 0x116817ee0
[2016-02-02 12:19:40:931] SoftJdwpEventProcessor - Reporting class prepare event EventRequest [id=4, eventKind=CLASS_PREPARE, suspendPolicy=EVENT_THREAD, constraints=[ClassMatchConstraint [classPattern=com.mob.demo.MyViewController$*]]] to JDWP client for class com/mob/demo/MyViewController$3
[2016-02-02 12:19:40:935] JdwpDebugServer - Command: Z(11 3) id = 4069 length = 8
[2016-02-02 12:19:40:935] DebugChannel - Event: Thread resumed, java obj: 0x116818f30, thread: 0x116817ee0
[2016-02-02 12:19:40:936] SoftJdwpEventProcessor - Reporting class prepare event EventRequest [id=4, eventKind=CLASS_PREPARE, suspendPolicy=EVENT_THREAD, constraints=[ClassMatchConstraint [classPattern=com.mob.demo.MyViewController$*]]] to JDWP client for class com/mob/demo/MyViewController$4
[2016-02-02 12:19:40:938] DebugLaunchPlugin - Waiting for the debugger to settle...
[2016-02-02 12:19:40:945] JdwpDebugServer - Command: Z(11 3) id = 4070 length = 8
[2016-02-02 12:19:40:946] DebugChannel - Event: Thread resumed, java obj: 0x116818f30, thread: 0x116817ee0
[2016-02-02 12:19:40:948] SoftJdwpEventProcessor - Reporting class prepare event EventRequest [id=4, eventKind=CLASS_PREPARE, suspendPolicy=EVENT_THREAD, constraints=[ClassMatchConstraint [classPattern=com.mob.demo.MyViewController$*]]] to JDWP client for class com/mob/demo/MyViewController$5
[2016-02-02 12:19:40:949] DebugLaunchPlugin - Waiting for the debugger to settle...
[2016-02-02 12:19:40:955] JdwpDebugServer - Command: Z(11 3) id = 4071 length = 8
[2016-02-02 12:19:40:962] DebugChannel - Event: Thread resumed, java obj: 0x116818f30, thread: 0x116817ee0
[2016-02-02 12:19:40:964] DebugLaunchPlugin - Waiting for the debugger to settle...
[2016-02-02 12:19:40:977] DebugLaunchPlugin - Waiting for the debugger to settle...
[2016-02-02 12:19:40:989] DebugLaunchPlugin - Waiting for the debugger to settle...
[2016-02-02 12:19:41:000] DebugLaunchPlugin - Waiting for the debugger to settle...
[2016-02-02 12:19:41:013] DebugLaunchPlugin - Waiting for the debugger to settle...
[2016-02-02 12:19:41:026] DebugLaunchPlugin - Waiting for the debugger to settle...
[2016-02-02 12:19:41:041] DebugLaunchPlugin - Waiting for the debugger to settle...
[2016-02-02 12:19:41:054] DebugLaunchPlugin - Waiting for the debugger to settle...
[2016-02-02 12:19:41:064] DebugLaunchPlugin - Waiting for the debugger to settle...
[2016-02-02 12:19:41:075] DebugLaunchPlugin - Waiting for the debugger to settle...
[2016-02-02 12:19:41:085] DebugLaunchPlugin - Waiting for the debugger to settle...
[2016-02-02 12:19:41:095] DebugLaunchPlugin - Waiting for the debugger to settle...
[2016-02-02 12:19:41:106] DebugLaunchPlugin - Waiting for the debugger to settle...
[2016-02-02 12:19:41:116] DebugLaunchPlugin - Waiting for the debugger to settle...
[2016-02-02 12:19:41:127] DebugLaunchPlugin - Waiting for the debugger to settle...
[2016-02-02 12:19:41:138] DebugLaunchPlugin - Waiting for the debugger to settle...
[2016-02-02 12:19:41:150] DebugLaunchPlugin - Waiting for the debugger to settle...
[2016-02-02 12:19:41:161] DebugLaunchPlugin - Waiting for the debugger to settle...
[2016-02-02 12:19:41:171] DebugLaunchPlugin - Waiting for the debugger to settle...
[2016-02-02 12:19:41:183] DebugLaunchPlugin - Waiting for the debugger to settle...
[2016-02-02 12:19:41:194] DebugLaunchPlugin - Waiting for the debugger to settle...
[2016-02-02 12:19:41:204] DebugLaunchPlugin - Waiting for the debugger to settle...
[2016-02-02 12:19:41:215] DebugLaunchPlugin - Waiting for the debugger to settle...
[2016-02-02 12:19:41:225] DebugLaunchPlugin - Waiting for the debugger to settle...
[2016-02-02 12:19:41:238] DebugLaunchPlugin - Waiting for the debugger to settle...
[2016-02-02 12:19:41:250] DebugLaunchPlugin - Waiting for the debugger to settle...
[2016-02-02 12:19:41:261] DebugLaunchPlugin - Waiting for the debugger to settle...
[2016-02-02 12:19:41:272] DebugLaunchPlugin - Waiting for the debugger to settle...
[2016-02-02 12:19:41:284] DebugLaunchPlugin - Waiting for the debugger to settle...
[2016-02-02 12:19:41:295] DebugLaunchPlugin - Waiting for the debugger to settle...
[2016-02-02 12:19:41:305] DebugLaunchPlugin - Waiting for the debugger to settle...
[2016-02-02 12:19:41:315] DebugLaunchPlugin - Waiting for the debugger to settle...
[2016-02-02 12:19:41:326] DebugLaunchPlugin - Waiting for the debugger to settle...
[2016-02-02 12:19:41:336] DebugLaunchPlugin - Waiting for the debugger to settle...
[2016-02-02 12:19:41:347] DebugLaunchPlugin - Waiting for the debugger to settle...
[2016-02-02 12:19:41:360] DebugLaunchPlugin - Waiting for the debugger to settle...
[2016-02-02 12:19:41:373] DebugLaunchPlugin - Waiting for the debugger to settle...
[2016-02-02 12:19:41:384] DebugLaunchPlugin - Waiting for the debugger to settle...
[2016-02-02 12:19:41:396] DebugLaunchPlugin - Waiting for the debugger to settle...
[2016-02-02 12:19:41:408] DebugLaunchPlugin - Waiting for the debugger to settle...
[2016-02-02 12:19:41:418] DebugLaunchPlugin - Waiting for the debugger to settle...
[2016-02-02 12:19:41:429] DebugLaunchPlugin - Waiting for the debugger to settle...
[2016-02-02 12:19:41:441] DebugLaunchPlugin - Waiting for the debugger to settle...
[2016-02-02 12:19:41:451] DebugLaunchPlugin - Waiting for the debugger to settle...
[2016-02-02 12:19:41:462] DebugLaunchPlugin - Waiting for the debugger to settle...
[2016-02-02 12:19:41:474] DebugLaunchPlugin - Waiting for the debugger to settle...
[2016-02-02 12:19:41:485] DebugLaunchPlugin - Waiting for the debugger to settle...
[2016-02-02 12:19:41:496] DebugLaunchPlugin - Waiting for the debugger to settle...
[2016-02-02 12:19:41:508] DebugLaunchPlugin - Waiting for the debugger to settle...
[2016-02-02 12:19:41:521] DebugLaunchPlugin - Waiting for the debugger to settle...
[2016-02-02 12:19:41:531] DebugLaunchPlugin - Waiting for the debugger to settle...
[2016-02-02 12:19:41:544] DebugLaunchPlugin - Waiting for the debugger to settle...
[2016-02-02 12:19:41:555] DebugLaunchPlugin - Waiting for the debugger to settle...
[2016-02-02 12:19:41:568] DebugLaunchPlugin - Waiting for the debugger to settle...
[2016-02-02 12:19:41:579] DebugLaunchPlugin - Waiting for the debugger to settle...
[2016-02-02 12:19:41:591] DebugLaunchPlugin - Waiting for the debugger to settle...
[2016-02-02 12:19:41:601] DebugLaunchPlugin - Waiting for the debugger to settle...
[2016-02-02 12:19:41:614] DebugLaunchPlugin - Waiting for the debugger to settle...
[2016-02-02 12:19:41:626] DebugLaunchPlugin - Waiting for the debugger to settle...
[2016-02-02 12:19:41:639] DebugLaunchPlugin - Waiting for the debugger to settle...
[2016-02-02 12:19:41:650] DebugLaunchPlugin - Waiting for the debugger to settle...
[2016-02-02 12:19:41:661] DebugLaunchPlugin - Waiting for the debugger to settle...
[2016-02-02 12:19:41:672] DebugLaunchPlugin - Waiting for the debugger to settle...
[2016-02-02 12:19:41:684] DebugLaunchPlugin - Waiting for the debugger to settle...
[2016-02-02 12:19:41:696] DebugLaunchPlugin - Waiting for the debugger to settle...
[2016-02-02 12:19:41:707] DebugLaunchPlugin - Waiting for the debugger to settle...
[2016-02-02 12:19:41:718] DebugLaunchPlugin - Waiting for the debugger to settle...
[2016-02-02 12:19:41:730] DebugLaunchPlugin - Waiting for the debugger to settle...
[2016-02-02 12:19:41:743] DebugLaunchPlugin - Waiting for the debugger to settle...
[2016-02-02 12:19:41:754] DebugLaunchPlugin - Waiting for the debugger to settle...
[2016-02-02 12:19:41:766] DebugLaunchPlugin - Waiting for the debugger to settle...
[2016-02-02 12:19:41:776] DebugLaunchPlugin - Waiting for the debugger to settle...
[2016-02-02 12:19:41:788] DebugLaunchPlugin - Waiting for the debugger to settle...
[2016-02-02 12:19:41:800] DebugLaunchPlugin - Waiting for the debugger to settle...
[2016-02-02 12:19:41:813] DebugLaunchPlugin - Waiting for the debugger to settle...
[2016-02-02 12:19:41:825] DebugLaunchPlugin - Waiting for the debugger to settle...
[2016-02-02 12:19:41:836] DebugLaunchPlugin - Waiting for the debugger to settle...
[2016-02-02 12:19:41:849] DebugLaunchPlugin - Waiting for the debugger to settle...
[2016-02-02 12:19:41:861] DebugLaunchPlugin - Waiting for the debugger to settle...
[2016-02-02 12:19:41:874] DebugLaunchPlugin - Waiting for the debugger to settle...
[2016-02-02 12:19:41:885] DebugLaunchPlugin - Waiting for the debugger to settle...
[2016-02-02 12:19:41:898] DebugLaunchPlugin - Waiting for the debugger to settle...
[2016-02-02 12:19:41:911] DebugLaunchPlugin - Waiting for the debugger to settle...
[2016-02-02 12:19:41:922] DebugLaunchPlugin - Waiting for the debugger to settle...
[2016-02-02 12:19:41:935] DebugLaunchPlugin - Waiting for the debugger to settle...
[2016-02-02 12:19:41:948] DebugLaunchPlugin - Waiting for the debugger to settle...
[2016-02-02 12:19:41:960] DebugLaunchPlugin - Waiting for the debugger to settle...
[2016-02-02 12:19:41:973] DebugLaunchPlugin - Waiting for the debugger to settle...
[2016-02-02 12:19:41:985] DebugLaunchPlugin - Debugger has settled. Resuming inferior.
[2016-02-02 12:20:19:580] JdwpDebugServer - Command: al(1 2) id = 4072 length = 33
[2016-02-02 12:20:19:583] JdwpDebugServer - Command: al(1 2) id = 4073 length = 33
[2016-02-02 12:20:19:584] JdwpDebugServer - Command: al(1 2) id = 4074 length = 31
[2016-02-02 12:20:21:917] JdwpDebugServer - Command: ap(1 10) id = 4075 length = 4
[2016-02-02 12:20:21:917] JdwpDebugServer - java.io.IOException: eof
	at com.robovm.debug.server.b.b.b.q(Unknown.java:161)
	at com.robovm.debug.server.b.b.b.e(Unknown.java:70)
	at com.robovm.debug.server.b.p.a(Unknown.java:7303)
	at com.robovm.debug.server.b.q.run(Unknown.java:207)
[2016-02-02 12:20:21:918] DebugLaunchPlugin - Shutting down JDWP server
[2016-02-02 12:20:21:918] SocketTransport - Listening for transport dt_socket at address: 63188
[2016-02-02 12:20:22:123] DebugChannel - Shutting down debug channel thread
[2016-02-02 12:20:22:123] SoftJdwpEventProcessor - processing vm death event
[2016-02-02 12:20:22:123] SoftDebugger - Shutting down event loop thread
