[2016-02-15 17:54:06:049] ExecutableMemoryAccess - Reading executable bytes took: 0.180948
[2016-02-15 17:54:06:095] ExecutableMemoryAccess - Dumped section __TEXT,__text, took: 0.007619
[2016-02-15 17:54:06:132] ExecutableMemoryAccess - Dumped section __TEXT,__const, took: 0.001023
[2016-02-15 17:54:06:133] ExecutableMemoryAccess - Dumped section __DATA,__const, took: 6.29E-4
[2016-02-15 17:54:06:134] ExecutableMemoryAccess - Dumped section __DATA,__data, took: 6.97E-4
[2016-02-15 17:54:06:134] ExecutableMemoryAccess - Parsing sections took: 0.268318
[2016-02-15 17:54:07:734] ExecutableSymbolLookup - Reading nm output took: 1.86911
[2016-02-15 17:54:09:365] ExecutableSymbolLookup - Parsing nm output took: 1.629646
[2016-02-15 17:54:09:365] ExecutableSymbolLookup - Parsing symbols took: 3.500222
[2016-02-15 17:54:11:038] DebugLaunchPlugin - Got port address in 2.527268secs
[2016-02-15 17:54:11:048] SoftDebugger - Established connection to app on port 60716
[2016-02-15 17:54:11:048] DebugChannel - Starting debug channel thread
[2016-02-15 17:54:11:051] ClassInfoParser - Reading boot classes info
[2016-02-15 17:54:11:599] DebugChannel - Event: Thread attached, java obj: 0x116818f30, thread: 0x116817ee0
[2016-02-15 17:54:11:602] DebugChannel - Event: Thread stopped, reason: Exception, java obj: 0x116818f30, thread: 0x116817ee0, frames: 15
[2016-02-15 17:54:11:737] ClassInfoParser - Took 0.685783
[2016-02-15 17:54:11:737] ClassInfoParser - Reading classes info
[2016-02-15 17:54:11:868] ClassInfoParser - Took 0.130443
[2016-02-15 17:54:13:432] SoftDebugger - Loading class infos took: 2.383828secs
[2016-02-15 17:54:13:450] SoftDebugger - Loading class infos and adjusting addresses took: 2.401646secs
[2016-02-15 17:54:13:462] SoftDebugger - Thread main attached
[2016-02-15 17:54:13:476] DebugLaunchPlugin - Waiting for JDWP client to connect
[2016-02-15 17:54:13:477] SocketTransport - Listening for transport dt_socket at address: 60702
[2016-02-15 17:54:13:512] SoftDebugger - Reconstructing frames took: 0.048416secs
[2016-02-15 17:54:13:522] DebugChannel - Event: Thread resumed, java obj: 0x116818f30, thread: 0x116817ee0
[2016-02-15 17:54:13:619] DebugChannel - Event: Thread stopped, reason: Exception, java obj: 0x116818f30, thread: 0x116817ee0, frames: 10
[2016-02-15 17:54:13:619] SoftDebugger - Reconstructing frames took: 2.33E-4secs
[2016-02-15 17:54:13:620] DebugChannel - Event: Thread resumed, java obj: 0x116818f30, thread: 0x116817ee0
[2016-02-15 17:54:13:622] DebugChannel - Event: Thread attached, java obj: 0x116818ea0, thread: 0x116817e00
[2016-02-15 17:54:13:623] DebugChannel - Event: Thread attached, java obj: 0x116818d80, thread: 0x116817d20
[2016-02-15 17:54:13:623] DebugChannel - Event: Thread attached, java obj: 0x116818c60, thread: 0x116817c40
[2016-02-15 17:54:13:624] SoftDebugger - Thread ReferenceQueueDaemon attached
[2016-02-15 17:54:13:626] SoftDebugger - Thread FinalizerDaemon attached
[2016-02-15 17:54:13:628] SoftDebugger - Thread FinalizerWatchdogDaemon attached
[2016-02-15 17:54:13:643] DebugChannel - Event: Thread stopped, reason: Exception, java obj: 0x116818f30, thread: 0x116817ee0, frames: 9
[2016-02-15 17:54:13:647] SoftDebugger - Reconstructing frames took: 0.004106secs
[2016-02-15 17:54:13:647] DebugChannel - Event: Thread resumed, java obj: 0x116818f30, thread: 0x116817ee0
[2016-02-15 17:54:13:648] DebugChannel - Event: Thread stopped, reason: Exception, java obj: 0x116818f30, thread: 0x116817ee0, frames: 9
[2016-02-15 17:54:13:648] SoftDebugger - Reconstructing frames took: 1.84E-4secs
[2016-02-15 17:54:13:648] DebugChannel - Event: Thread resumed, java obj: 0x116818f30, thread: 0x116817ee0
[2016-02-15 17:54:13:649] DebugChannel - Event: Thread stopped, reason: Exception, java obj: 0x116818f30, thread: 0x116817ee0, frames: 9
[2016-02-15 17:54:13:649] SoftDebugger - Reconstructing frames took: 1.57E-4secs
[2016-02-15 17:54:13:649] DebugChannel - Event: Thread resumed, java obj: 0x116818f30, thread: 0x116817ee0
[2016-02-15 17:54:13:650] DebugChannel - Event: Thread stopped, reason: Exception, java obj: 0x116818f30, thread: 0x116817ee0, frames: 9
[2016-02-15 17:54:13:650] SoftDebugger - Reconstructing frames took: 1.73E-4secs
[2016-02-15 17:54:13:650] DebugChannel - Event: Thread resumed, java obj: 0x116818f30, thread: 0x116817ee0
[2016-02-15 17:54:13:651] DebugChannel - Event: Thread stopped, reason: Exception, java obj: 0x116818f30, thread: 0x116817ee0, frames: 9
[2016-02-15 17:54:13:651] SoftDebugger - Reconstructing frames took: 1.51E-4secs
[2016-02-15 17:54:13:651] DebugChannel - Event: Thread resumed, java obj: 0x116818f30, thread: 0x116817ee0
[2016-02-15 17:54:13:652] DebugChannel - Event: Thread stopped, reason: Exception, java obj: 0x116818f30, thread: 0x116817ee0, frames: 9
[2016-02-15 17:54:13:652] SoftDebugger - Reconstructing frames took: 1.79E-4secs
[2016-02-15 17:54:13:653] DebugChannel - Event: Thread resumed, java obj: 0x116818f30, thread: 0x116817ee0
[2016-02-15 17:54:13:653] DebugChannel - Event: Thread stopped, reason: Exception, java obj: 0x116818f30, thread: 0x116817ee0, frames: 9
[2016-02-15 17:54:13:653] SoftDebugger - Reconstructing frames took: 1.88E-4secs
[2016-02-15 17:54:13:654] DebugChannel - Event: Thread resumed, java obj: 0x116818f30, thread: 0x116817ee0
[2016-02-15 17:54:13:654] DebugChannel - Event: Thread stopped, reason: Exception, java obj: 0x116818f30, thread: 0x116817ee0, frames: 9
[2016-02-15 17:54:13:655] SoftDebugger - Reconstructing frames took: 2.02E-4secs
[2016-02-15 17:54:13:655] DebugChannel - Event: Thread resumed, java obj: 0x116818f30, thread: 0x116817ee0
[2016-02-15 17:54:13:702] DebugChannel - Event: Thread stopped, reason: Exception, java obj: 0x116818f30, thread: 0x116817ee0, frames: 9
[2016-02-15 17:54:13:703] SoftDebugger - Reconstructing frames took: 2.17E-4secs
[2016-02-15 17:54:13:703] DebugChannel - Event: Thread resumed, java obj: 0x116818f30, thread: 0x116817ee0
[2016-02-15 17:54:13:704] DebugChannel - Event: Thread stopped, reason: Exception, java obj: 0x116818f30, thread: 0x116817ee0, frames: 9
[2016-02-15 17:54:13:704] SoftDebugger - Reconstructing frames took: 1.59E-4secs
[2016-02-15 17:54:13:704] DebugChannel - Event: Thread resumed, java obj: 0x116818f30, thread: 0x116817ee0
[2016-02-15 17:54:13:712] DebugLaunchPlugin - Waiting for the debugger to settle...
[2016-02-15 17:54:13:722] DebugLaunchPlugin - Waiting for the debugger to settle...
[2016-02-15 17:54:13:733] DebugLaunchPlugin - Waiting for the debugger to settle...
[2016-02-15 17:54:13:744] DebugLaunchPlugin - Waiting for the debugger to settle...
[2016-02-15 17:54:13:755] DebugLaunchPlugin - Waiting for the debugger to settle...
[2016-02-15 17:54:13:765] JdwpDebugServer - Command: aq(1 7) id = 2 length = 0
[2016-02-15 17:54:13:767] DebugLaunchPlugin - Waiting for the debugger to settle...
[2016-02-15 17:54:13:767] JdwpDebugServer - Command: m(15 1) id = 3 length = 6
[2016-02-15 17:54:13:768] JdwpDebugServer - Command: m(15 1) id = 1 length = 6
[2016-02-15 17:54:13:769] JdwpDebugServer - Command: m(15 1) id = 4 length = 6
[2016-02-15 17:54:13:770] JdwpDebugServer - Command: au(1 1) id = 5 length = 0
[2016-02-15 17:54:13:771] JdwpDebugServer - Command: ah(1 4) id = 6 length = 0
[2016-02-15 17:54:13:773] DebugChannel - Event: Thread stopped, reason: Exception, java obj: 0x116818f30, thread: 0x116817ee0, frames: 9
[2016-02-15 17:54:13:774] SoftDebugger - Reconstructing frames took: 1.59E-4secs
[2016-02-15 17:54:13:775] DebugChannel - Event: Thread resumed, java obj: 0x116818f30, thread: 0x116817ee0
[2016-02-15 17:54:13:778] DebugLaunchPlugin - Waiting for the debugger to settle...
[2016-02-15 17:54:13:783] JdwpDebugServer - Command: ad(11 5) id = 7 length = 8
[2016-02-15 17:54:13:785] JdwpDebugServer - Command: S(12 1) id = 8 length = 8
[2016-02-15 17:54:13:787] JdwpDebugServer - Command: T(12 2) id = 9 length = 8
[2016-02-15 17:54:13:788] JdwpDebugServer - Command: y(9 1) id = 10 length = 8
[2016-02-15 17:54:13:789] DebugLaunchPlugin - Waiting for the debugger to settle...
[2016-02-15 17:54:13:798] JdwpDebugServer - Command: D(2 14) id = 11 length = 8
[2016-02-15 17:54:13:800] JdwpDebugServer - Command: F(2 10) id = 12 length = 8
[2016-02-15 17:54:13:801] DebugLaunchPlugin - Waiting for the debugger to settle...
[2016-02-15 17:54:13:801] JdwpDebugServer - Command: D(2 14) id = 13 length = 8
[2016-02-15 17:54:13:801] JdwpDebugServer - Command: F(2 10) id = 14 length = 8
[2016-02-15 17:54:13:802] JdwpDebugServer - Command: j(3 1) id = 15 length = 8
[2016-02-15 17:54:13:802] JdwpDebugServer - Command: D(2 14) id = 16 length = 8
[2016-02-15 17:54:13:802] JdwpDebugServer - Command: F(2 10) id = 17 length = 8
[2016-02-15 17:54:13:803] JdwpDebugServer - Command: j(3 1) id = 18 length = 8
[2016-02-15 17:54:13:803] JdwpDebugServer - Command: u(9 2) id = 19 length = 20
[2016-02-15 17:54:13:805] JdwpDebugServer - Command: aa(11 4) id = 20 length = 8
[2016-02-15 17:54:13:806] JdwpDebugServer - Command: aa(11 4) id = 21 length = 8
[2016-02-15 17:54:13:806] JdwpDebugServer - Command: ad(11 5) id = 22 length = 8
[2016-02-15 17:54:13:807] JdwpDebugServer - Command: y(9 1) id = 23 length = 8
[2016-02-15 17:54:13:807] JdwpDebugServer - Command: u(9 2) id = 24 length = 20
[2016-02-15 17:54:13:807] JdwpDebugServer - Command: aa(11 4) id = 25 length = 8
[2016-02-15 17:54:13:808] JdwpDebugServer - Command: aa(11 4) id = 26 length = 8
[2016-02-15 17:54:13:808] JdwpDebugServer - Command: ad(11 5) id = 27 length = 8
[2016-02-15 17:54:13:809] JdwpDebugServer - Command: y(9 1) id = 28 length = 8
[2016-02-15 17:54:13:809] JdwpDebugServer - Command: u(9 2) id = 29 length = 20
[2016-02-15 17:54:13:810] JdwpDebugServer - Command: aa(11 4) id = 30 length = 8
[2016-02-15 17:54:13:810] JdwpDebugServer - Command: aa(11 4) id = 31 length = 8
[2016-02-15 17:54:13:810] JdwpDebugServer - Command: ad(11 5) id = 32 length = 8
[2016-02-15 17:54:13:811] DebugLaunchPlugin - Waiting for the debugger to settle...
[2016-02-15 17:54:13:811] JdwpDebugServer - Command: y(9 1) id = 33 length = 8
[2016-02-15 17:54:13:811] JdwpDebugServer - Command: u(9 2) id = 34 length = 20
[2016-02-15 17:54:13:812] JdwpDebugServer - Command: aa(11 4) id = 35 length = 8
[2016-02-15 17:54:13:812] JdwpDebugServer - Command: aa(11 4) id = 36 length = 8
[2016-02-15 17:54:13:815] JdwpDebugServer - Command: m(15 1) id = 37 length = 40
[2016-02-15 17:54:13:816] SoftJdwpEventProcessor - Set up class load event with filter: com.mob.demo.MyViewController
[2016-02-15 17:54:13:816] JdwpDebugServer - Command: m(15 1) id = 38 length = 42
[2016-02-15 17:54:13:817] SoftJdwpEventProcessor - Set up class load event with filter: com.mob.demo.MyViewController$*
[2016-02-15 17:54:13:820] JdwpDebugServer - Command: al(1 2) id = 39 length = 35
[2016-02-15 17:54:13:821] JdwpDebugServer - Command: aj(1 17) id = 40 length = 0
[2016-02-15 17:54:13:822] DebugLaunchPlugin - Waiting for the debugger to settle...
[2016-02-15 17:54:13:823] JdwpDebugServer - Command: m(15 1) id = 41 length = 26
[2016-02-15 17:54:13:823] SoftJdwpEventProcessor - Set up class load event with filter: java.lang.Error
[2016-02-15 17:54:13:824] JdwpDebugServer - Command: m(15 1) id = 42 length = 28
[2016-02-15 17:54:13:825] SoftJdwpEventProcessor - Set up class load event with filter: java.lang.Error$*
[2016-02-15 17:54:13:826] JdwpDebugServer - Command: al(1 2) id = 43 length = 21
[2016-02-15 17:54:13:829] JdwpDebugServer - Command: m(15 1) id = 44 length = 17
[2016-02-15 17:54:13:831] JdwpDebugServer - Command: J(2 1) id = 45 length = 8
[2016-02-15 17:54:13:833] DebugLaunchPlugin - Waiting for the debugger to settle...
[2016-02-15 17:54:13:837] JdwpDebugServer - Command: m(15 1) id = 46 length = 30
[2016-02-15 17:54:13:837] SoftJdwpEventProcessor - Set up class load event with filter: java.lang.Throwable
[2016-02-15 17:54:13:838] JdwpDebugServer - Command: m(15 1) id = 47 length = 32
[2016-02-15 17:54:13:838] SoftJdwpEventProcessor - Set up class load event with filter: java.lang.Throwable$*
[2016-02-15 17:54:13:840] JdwpDebugServer - Command: al(1 2) id = 48 length = 25
[2016-02-15 17:54:13:840] JdwpDebugServer - Command: m(15 1) id = 49 length = 17
[2016-02-15 17:54:13:841] JdwpDebugServer - Command: J(2 1) id = 50 length = 8
[2016-02-15 17:54:13:846] DebugLaunchPlugin - Waiting for the debugger to settle...
[2016-02-15 17:54:13:858] DebugLaunchPlugin - Waiting for the debugger to settle...
[2016-02-15 17:54:13:869] DebugLaunchPlugin - Waiting for the debugger to settle...
[2016-02-15 17:54:13:882] DebugLaunchPlugin - Waiting for the debugger to settle...
[2016-02-15 17:54:13:893] DebugLaunchPlugin - Waiting for the debugger to settle...
[2016-02-15 17:54:13:904] DebugLaunchPlugin - Waiting for the debugger to settle...
[2016-02-15 17:54:13:916] DebugLaunchPlugin - Waiting for the debugger to settle...
[2016-02-15 17:54:13:927] DebugLaunchPlugin - Waiting for the debugger to settle...
[2016-02-15 17:54:13:939] DebugLaunchPlugin - Waiting for the debugger to settle...
[2016-02-15 17:54:13:951] DebugLaunchPlugin - Waiting for the debugger to settle...
[2016-02-15 17:54:13:961] DebugLaunchPlugin - Waiting for the debugger to settle...
[2016-02-15 17:54:13:971] DebugLaunchPlugin - Waiting for the debugger to settle...
[2016-02-15 17:54:13:975] SoftJdwpEventProcessor - Reporting class prepare event EventRequest [id=3, eventKind=CLASS_PREPARE, suspendPolicy=EVENT_THREAD, constraints=[ClassMatchConstraint [classPattern=com.mob.demo.MyViewController]]] to JDWP client for class com/mob/demo/MyViewController
[2016-02-15 17:54:13:982] DebugLaunchPlugin - Waiting for the debugger to settle...
[2016-02-15 17:54:13:985] JdwpDebugServer - Command: H(2 15) id = 51 length = 8
[2016-02-15 17:54:13:985] SoftVmInterface - Reporting method: com/mob/demo/MyViewController.<init>
[2016-02-15 17:54:13:986] SoftVmInterface - Reporting method: com/mob/demo/MyViewController.excute
[2016-02-15 17:54:13:986] SoftVmInterface - Reporting method: com/mob/demo/MyViewController.initUI
[2016-02-15 17:54:13:986] SoftVmInterface - Reporting method: com/mob/demo/MyViewController.$cb$init
[2016-02-15 17:54:13:986] SoftVmInterface - Reporting method: com/mob/demo/MyViewController.$setHandle
[2016-02-15 17:54:13:986] SoftVmInterface - Reporting method: com/mob/demo/MyViewController.$cb$initWithNibName$bundle$
[2016-02-15 17:54:13:986] SoftVmInterface - Reporting method: com/mob/demo/MyViewController.$m$super$initWithNibName$bundle$
[2016-02-15 17:54:13:987] SoftVmInterface - Reporting method: com/mob/demo/MyViewController.$getSuper
[2016-02-15 17:54:13:987] SoftVmInterface - Reporting method: com/mob/demo/MyViewController.$initObject
[2016-02-15 17:54:13:987] SoftVmInterface - Reporting method: com/mob/demo/MyViewController.$cb$initWithCoder$
[2016-02-15 17:54:13:987] SoftVmInterface - Reporting method: com/mob/demo/MyViewController.$m$super$initWithCoder$
[2016-02-15 17:54:13:987] SoftVmInterface - Reporting method: com/mob/demo/MyViewController.<clinit>
[2016-02-15 17:54:13:990] JdwpDebugServer - Command: o(6 1) id = 52 length = 16
[2016-02-15 17:54:13:991] SoftVmInterface - Reporting line numbers for method com/mob/demo/MyViewController.<init>: [37, 39, 40, 42]
[2016-02-15 17:54:13:992] JdwpDebugServer - Command: o(6 1) id = 53 length = 16
[2016-02-15 17:54:13:992] SoftVmInterface - Reporting line numbers for method com/mob/demo/MyViewController.excute: [47, 88, 91, 133, 136, 193, 196, 249, 252, 308, 310]
[2016-02-15 17:54:13:992] DebugLaunchPlugin - Waiting for the debugger to settle...
[2016-02-15 17:54:13:992] JdwpDebugServer - Command: o(6 1) id = 54 length = 16
[2016-02-15 17:54:13:993] SoftVmInterface - Reporting line numbers for method com/mob/demo/MyViewController.initUI: [314, 315, 317, 318, 319, 320, 322, 323, 324, 325, 327, 328, 329, 330, 332, 333, 334, 335, 337, 338, 339, 340, 342]
[2016-02-15 17:54:13:993] JdwpDebugServer - Command: o(6 1) id = 55 length = 16
[2016-02-15 17:54:13:993] SoftVmInterface - Reporting line numbers for method com/mob/demo/MyViewController.$cb$init: [1048579]
[2016-02-15 17:54:13:993] JdwpDebugServer - Command: o(6 1) id = 56 length = 16
[2016-02-15 17:54:13:994] SoftVmInterface - Reporting line numbers for method com/mob/demo/MyViewController.$setHandle: [1048580]
[2016-02-15 17:54:13:994] JdwpDebugServer - Command: o(6 1) id = 57 length = 16
[2016-02-15 17:54:13:994] SoftVmInterface - Reporting line numbers for method com/mob/demo/MyViewController.$cb$initWithNibName$bundle$: [1048581]
[2016-02-15 17:54:13:994] JdwpDebugServer - Command: o(6 1) id = 58 length = 16
[2016-02-15 17:54:13:995] SoftVmInterface - Reporting line numbers for method com/mob/demo/MyViewController.$getSuper: [1048583]
[2016-02-15 17:54:13:995] JdwpDebugServer - Command: o(6 1) id = 59 length = 16
[2016-02-15 17:54:13:995] SoftVmInterface - Reporting line numbers for method com/mob/demo/MyViewController.$initObject: [1048584]
[2016-02-15 17:54:13:995] JdwpDebugServer - Command: o(6 1) id = 60 length = 16
[2016-02-15 17:54:13:995] SoftVmInterface - Reporting line numbers for method com/mob/demo/MyViewController.$cb$initWithCoder$: [1048585]
[2016-02-15 17:54:13:996] JdwpDebugServer - Command: o(6 1) id = 61 length = 16
[2016-02-15 17:54:13:996] SoftVmInterface - Reporting line numbers for method com/mob/demo/MyViewController.<clinit>: [1048587]
[2016-02-15 17:54:13:996] JdwpDebugServer - Command: Z(11 3) id = 62 length = 8
[2016-02-15 17:54:13:997] DebugChannel - Event: Thread resumed, java obj: 0x116818f30, thread: 0x116817ee0
[2016-02-15 17:54:14:002] DebugLaunchPlugin - Waiting for the debugger to settle...
[2016-02-15 17:54:14:015] DebugLaunchPlugin - Waiting for the debugger to settle...
[2016-02-15 17:54:14:027] DebugLaunchPlugin - Waiting for the debugger to settle...
[2016-02-15 17:54:14:037] DebugLaunchPlugin - Waiting for the debugger to settle...
[2016-02-15 17:54:14:049] DebugLaunchPlugin - Waiting for the debugger to settle...
[2016-02-15 17:54:14:061] DebugLaunchPlugin - Waiting for the debugger to settle...
[2016-02-15 17:54:14:072] DebugLaunchPlugin - Waiting for the debugger to settle...
[2016-02-15 17:54:14:083] DebugLaunchPlugin - Waiting for the debugger to settle...
[2016-02-15 17:54:14:094] DebugLaunchPlugin - Waiting for the debugger to settle...
[2016-02-15 17:54:14:105] DebugLaunchPlugin - Waiting for the debugger to settle...
[2016-02-15 17:54:14:117] DebugLaunchPlugin - Waiting for the debugger to settle...
[2016-02-15 17:54:14:128] DebugChannel - Event: Thread stopped, reason: Exception, java obj: 0x116818f30, thread: 0x116817ee0, frames: 15
[2016-02-15 17:54:14:128] DebugLaunchPlugin - Waiting for the debugger to settle...
[2016-02-15 17:54:14:131] SoftDebugger - Reconstructing frames took: 0.003047secs
[2016-02-15 17:54:14:131] DebugChannel - Event: Thread resumed, java obj: 0x116818f30, thread: 0x116817ee0
[2016-02-15 17:54:14:134] DebugChannel - Event: Thread stopped, reason: Exception, java obj: 0x116818f30, thread: 0x116817ee0, frames: 10
[2016-02-15 17:54:14:134] SoftDebugger - Reconstructing frames took: 1.31E-4secs
[2016-02-15 17:54:14:135] DebugChannel - Event: Thread resumed, java obj: 0x116818f30, thread: 0x116817ee0
[2016-02-15 17:54:14:140] DebugLaunchPlugin - Waiting for the debugger to settle...
[2016-02-15 17:54:14:151] DebugLaunchPlugin - Waiting for the debugger to settle...
[2016-02-15 17:54:14:164] DebugLaunchPlugin - Waiting for the debugger to settle...
[2016-02-15 17:54:14:175] DebugLaunchPlugin - Waiting for the debugger to settle...
[2016-02-15 17:54:14:186] DebugLaunchPlugin - Waiting for the debugger to settle...
[2016-02-15 17:54:14:199] DebugLaunchPlugin - Waiting for the debugger to settle...
[2016-02-15 17:54:14:209] DebugLaunchPlugin - Waiting for the debugger to settle...
[2016-02-15 17:54:14:222] DebugLaunchPlugin - Waiting for the debugger to settle...
[2016-02-15 17:54:14:233] DebugLaunchPlugin - Waiting for the debugger to settle...
[2016-02-15 17:54:14:244] DebugLaunchPlugin - Waiting for the debugger to settle...
[2016-02-15 17:54:14:255] DebugLaunchPlugin - Waiting for the debugger to settle...
[2016-02-15 17:54:14:266] DebugLaunchPlugin - Waiting for the debugger to settle...
[2016-02-15 17:54:14:277] DebugLaunchPlugin - Waiting for the debugger to settle...
[2016-02-15 17:54:14:289] DebugLaunchPlugin - Waiting for the debugger to settle...
[2016-02-15 17:54:14:300] DebugLaunchPlugin - Waiting for the debugger to settle...
[2016-02-15 17:54:14:311] DebugLaunchPlugin - Waiting for the debugger to settle...
[2016-02-15 17:54:14:324] DebugLaunchPlugin - Waiting for the debugger to settle...
[2016-02-15 17:54:14:336] DebugLaunchPlugin - Waiting for the debugger to settle...
[2016-02-15 17:54:14:346] DebugLaunchPlugin - Waiting for the debugger to settle...
[2016-02-15 17:54:14:357] DebugLaunchPlugin - Waiting for the debugger to settle...
[2016-02-15 17:54:14:368] DebugLaunchPlugin - Waiting for the debugger to settle...
[2016-02-15 17:54:14:381] DebugLaunchPlugin - Waiting for the debugger to settle...
[2016-02-15 17:54:14:392] DebugLaunchPlugin - Waiting for the debugger to settle...
[2016-02-15 17:54:14:403] DebugLaunchPlugin - Waiting for the debugger to settle...
[2016-02-15 17:54:14:413] DebugLaunchPlugin - Waiting for the debugger to settle...
[2016-02-15 17:54:14:425] DebugLaunchPlugin - Waiting for the debugger to settle...
[2016-02-15 17:54:14:437] DebugLaunchPlugin - Waiting for the debugger to settle...
[2016-02-15 17:54:14:448] DebugLaunchPlugin - Waiting for the debugger to settle...
[2016-02-15 17:54:14:458] DebugLaunchPlugin - Waiting for the debugger to settle...
[2016-02-15 17:54:14:468] DebugLaunchPlugin - Waiting for the debugger to settle...
[2016-02-15 17:54:14:474] SoftJdwpEventProcessor - Reporting class prepare event EventRequest [id=4, eventKind=CLASS_PREPARE, suspendPolicy=EVENT_THREAD, constraints=[ClassMatchConstraint [classPattern=com.mob.demo.MyViewController$*]]] to JDWP client for class com/mob/demo/MyViewController$1
[2016-02-15 17:54:14:475] JdwpDebugServer - Command: H(2 15) id = 63 length = 8
[2016-02-15 17:54:14:475] SoftVmInterface - Reporting method: com/mob/demo/MyViewController$1.<init>
[2016-02-15 17:54:14:475] SoftVmInterface - Reporting method: com/mob/demo/MyViewController$1.onTouchUpInside
[2016-02-15 17:54:14:476] JdwpDebugServer - Command: o(6 1) id = 64 length = 16
[2016-02-15 17:54:14:476] SoftVmInterface - Reporting line numbers for method com/mob/demo/MyViewController$1.<init>: [1, 47]
[2016-02-15 17:54:14:476] JdwpDebugServer - Command: o(6 1) id = 65 length = 16
[2016-02-15 17:54:14:477] SoftVmInterface - Reporting line numbers for method com/mob/demo/MyViewController$1.onTouchUpInside: [51, 86]
[2016-02-15 17:54:14:477] JdwpDebugServer - Command: Z(11 3) id = 66 length = 8
[2016-02-15 17:54:14:478] DebugChannel - Event: Thread resumed, java obj: 0x116818f30, thread: 0x116817ee0
[2016-02-15 17:54:14:480] DebugLaunchPlugin - Waiting for the debugger to settle...
[2016-02-15 17:54:14:481] SoftJdwpEventProcessor - Reporting class prepare event EventRequest [id=4, eventKind=CLASS_PREPARE, suspendPolicy=EVENT_THREAD, constraints=[ClassMatchConstraint [classPattern=com.mob.demo.MyViewController$*]]] to JDWP client for class com/mob/demo/MyViewController$2
[2016-02-15 17:54:14:482] JdwpDebugServer - Command: H(2 15) id = 67 length = 8
[2016-02-15 17:54:14:482] SoftVmInterface - Reporting method: com/mob/demo/MyViewController$2.<init>
[2016-02-15 17:54:14:482] SoftVmInterface - Reporting method: com/mob/demo/MyViewController$2.onTouchUpInside
[2016-02-15 17:54:14:482] JdwpDebugServer - Command: o(6 1) id = 68 length = 16
[2016-02-15 17:54:14:484] SoftVmInterface - Reporting line numbers for method com/mob/demo/MyViewController$2.<init>: [1, 91]
[2016-02-15 17:54:14:485] JdwpDebugServer - Command: o(6 1) id = 69 length = 16
[2016-02-15 17:54:14:485] SoftVmInterface - Reporting line numbers for method com/mob/demo/MyViewController$2.onTouchUpInside: [95, 131]
[2016-02-15 17:54:14:485] JdwpDebugServer - Command: Z(11 3) id = 70 length = 8
[2016-02-15 17:54:14:486] DebugChannel - Event: Thread resumed, java obj: 0x116818f30, thread: 0x116817ee0
[2016-02-15 17:54:14:487] SoftJdwpEventProcessor - Reporting class prepare event EventRequest [id=4, eventKind=CLASS_PREPARE, suspendPolicy=EVENT_THREAD, constraints=[ClassMatchConstraint [classPattern=com.mob.demo.MyViewController$*]]] to JDWP client for class com/mob/demo/MyViewController$3
[2016-02-15 17:54:14:490] JdwpDebugServer - Command: H(2 15) id = 71 length = 8
[2016-02-15 17:54:14:490] SoftVmInterface - Reporting method: com/mob/demo/MyViewController$3.<init>
[2016-02-15 17:54:14:490] SoftVmInterface - Reporting method: com/mob/demo/MyViewController$3.onTouchUpInside
[2016-02-15 17:54:14:490] DebugLaunchPlugin - Waiting for the debugger to settle...
[2016-02-15 17:54:14:491] JdwpDebugServer - Command: o(6 1) id = 72 length = 16
[2016-02-15 17:54:14:492] SoftVmInterface - Reporting line numbers for method com/mob/demo/MyViewController$3.<init>: [1, 136]
[2016-02-15 17:54:14:492] JdwpDebugServer - Command: o(6 1) id = 73 length = 16
[2016-02-15 17:54:14:492] SoftVmInterface - Reporting line numbers for method com/mob/demo/MyViewController$3.onTouchUpInside: [140, 141, 143, 145, 147, 149, 150, 151, 153, 191]
[2016-02-15 17:54:14:493] JdwpDebugServer - Command: Z(11 3) id = 74 length = 8
[2016-02-15 17:54:14:493] DebugChannel - Event: Thread resumed, java obj: 0x116818f30, thread: 0x116817ee0
[2016-02-15 17:54:14:494] SoftJdwpEventProcessor - Reporting class prepare event EventRequest [id=4, eventKind=CLASS_PREPARE, suspendPolicy=EVENT_THREAD, constraints=[ClassMatchConstraint [classPattern=com.mob.demo.MyViewController$*]]] to JDWP client for class com/mob/demo/MyViewController$4
[2016-02-15 17:54:14:499] JdwpDebugServer - Command: H(2 15) id = 75 length = 8
[2016-02-15 17:54:14:499] SoftVmInterface - Reporting method: com/mob/demo/MyViewController$4.<init>
[2016-02-15 17:54:14:499] SoftVmInterface - Reporting method: com/mob/demo/MyViewController$4.onTouchUpInside
[2016-02-15 17:54:14:500] JdwpDebugServer - Command: o(6 1) id = 76 length = 16
[2016-02-15 17:54:14:501] SoftVmInterface - Reporting line numbers for method com/mob/demo/MyViewController$4.<init>: [1, 196]
[2016-02-15 17:54:14:501] JdwpDebugServer - Command: o(6 1) id = 77 length = 16
[2016-02-15 17:54:14:501] SoftVmInterface - Reporting line numbers for method com/mob/demo/MyViewController$4.onTouchUpInside: [200, 201, 203, 205, 207, 209, 210, 211, 213, 247]
[2016-02-15 17:54:14:502] DebugLaunchPlugin - Waiting for the debugger to settle...
[2016-02-15 17:54:14:502] JdwpDebugServer - Command: Z(11 3) id = 78 length = 8
[2016-02-15 17:54:14:504] DebugChannel - Event: Thread resumed, java obj: 0x116818f30, thread: 0x116817ee0
[2016-02-15 17:54:14:505] SoftJdwpEventProcessor - Reporting class prepare event EventRequest [id=4, eventKind=CLASS_PREPARE, suspendPolicy=EVENT_THREAD, constraints=[ClassMatchConstraint [classPattern=com.mob.demo.MyViewController$*]]] to JDWP client for class com/mob/demo/MyViewController$5
[2016-02-15 17:54:14:511] JdwpDebugServer - Command: H(2 15) id = 79 length = 8
[2016-02-15 17:54:14:511] SoftVmInterface - Reporting method: com/mob/demo/MyViewController$5.<init>
[2016-02-15 17:54:14:511] SoftVmInterface - Reporting method: com/mob/demo/MyViewController$5.onTouchUpInside
[2016-02-15 17:54:14:512] JdwpDebugServer - Command: o(6 1) id = 80 length = 16
[2016-02-15 17:54:14:512] SoftVmInterface - Reporting line numbers for method com/mob/demo/MyViewController$5.<init>: [1, 252]
[2016-02-15 17:54:14:513] DebugLaunchPlugin - Waiting for the debugger to settle...
[2016-02-15 17:54:14:513] JdwpDebugServer - Command: o(6 1) id = 81 length = 16
[2016-02-15 17:54:14:513] SoftVmInterface - Reporting line numbers for method com/mob/demo/MyViewController$5.onTouchUpInside: [256, 257, 259, 261, 263, 265, 266, 267, 269, 306]
[2016-02-15 17:54:14:514] JdwpDebugServer - Command: Z(11 3) id = 82 length = 8
[2016-02-15 17:54:14:517] DebugChannel - Event: Thread resumed, java obj: 0x116818f30, thread: 0x116817ee0
[2016-02-15 17:54:14:525] DebugLaunchPlugin - Waiting for the debugger to settle...
[2016-02-15 17:54:14:535] DebugLaunchPlugin - Waiting for the debugger to settle...
[2016-02-15 17:54:14:547] DebugLaunchPlugin - Waiting for the debugger to settle...
[2016-02-15 17:54:14:559] DebugLaunchPlugin - Waiting for the debugger to settle...
[2016-02-15 17:54:14:570] DebugLaunchPlugin - Waiting for the debugger to settle...
[2016-02-15 17:54:14:581] DebugLaunchPlugin - Waiting for the debugger to settle...
[2016-02-15 17:54:14:592] DebugLaunchPlugin - Waiting for the debugger to settle...
[2016-02-15 17:54:14:603] DebugLaunchPlugin - Waiting for the debugger to settle...
[2016-02-15 17:54:14:613] DebugLaunchPlugin - Waiting for the debugger to settle...
[2016-02-15 17:54:14:625] DebugLaunchPlugin - Waiting for the debugger to settle...
[2016-02-15 17:54:14:635] DebugLaunchPlugin - Waiting for the debugger to settle...
[2016-02-15 17:54:14:646] DebugLaunchPlugin - Waiting for the debugger to settle...
[2016-02-15 17:54:14:657] DebugLaunchPlugin - Waiting for the debugger to settle...
[2016-02-15 17:54:14:669] DebugLaunchPlugin - Waiting for the debugger to settle...
[2016-02-15 17:54:14:679] DebugLaunchPlugin - Waiting for the debugger to settle...
[2016-02-15 17:54:14:690] DebugLaunchPlugin - Waiting for the debugger to settle...
[2016-02-15 17:54:14:700] DebugLaunchPlugin - Waiting for the debugger to settle...
[2016-02-15 17:54:14:713] DebugLaunchPlugin - Waiting for the debugger to settle...
[2016-02-15 17:54:14:723] DebugLaunchPlugin - Waiting for the debugger to settle...
[2016-02-15 17:54:14:734] DebugLaunchPlugin - Waiting for the debugger to settle...
[2016-02-15 17:54:14:746] DebugLaunchPlugin - Waiting for the debugger to settle...
[2016-02-15 17:54:14:758] DebugLaunchPlugin - Waiting for the debugger to settle...
[2016-02-15 17:54:14:769] DebugLaunchPlugin - Waiting for the debugger to settle...
[2016-02-15 17:54:14:777] DebugChannel - Event: Thread stopped, reason: Exception, java obj: 0x116818f30, thread: 0x116817ee0, frames: 14
[2016-02-15 17:54:14:779] SoftDebugger - Reconstructing frames took: 0.001575secs
[2016-02-15 17:54:14:780] DebugChannel - Event: Thread resumed, java obj: 0x116818f30, thread: 0x116817ee0
[2016-02-15 17:54:14:780] DebugChannel - Event: Thread stopped, reason: Exception, java obj: 0x116818f30, thread: 0x116817ee0, frames: 14
[2016-02-15 17:54:14:780] DebugLaunchPlugin - Waiting for the debugger to settle...
[2016-02-15 17:54:14:781] SoftDebugger - Reconstructing frames took: 2.32E-4secs
[2016-02-15 17:54:14:781] DebugChannel - Event: Thread resumed, java obj: 0x116818f30, thread: 0x116817ee0
[2016-02-15 17:54:14:781] DebugChannel - Event: Thread stopped, reason: Exception, java obj: 0x116818f30, thread: 0x116817ee0, frames: 12
[2016-02-15 17:54:14:782] SoftDebugger - Reconstructing frames took: 1.22E-4secs
[2016-02-15 17:54:14:782] DebugChannel - Event: Thread resumed, java obj: 0x116818f30, thread: 0x116817ee0
[2016-02-15 17:54:14:792] DebugLaunchPlugin - Waiting for the debugger to settle...
[2016-02-15 17:54:14:805] DebugLaunchPlugin - Waiting for the debugger to settle...
[2016-02-15 17:54:14:817] DebugLaunchPlugin - Waiting for the debugger to settle...
[2016-02-15 17:54:14:828] DebugLaunchPlugin - Waiting for the debugger to settle...
[2016-02-15 17:54:14:839] DebugLaunchPlugin - Waiting for the debugger to settle...
[2016-02-15 17:54:14:850] DebugLaunchPlugin - Waiting for the debugger to settle...
[2016-02-15 17:54:14:860] DebugLaunchPlugin - Waiting for the debugger to settle...
[2016-02-15 17:54:14:871] DebugLaunchPlugin - Waiting for the debugger to settle...
[2016-02-15 17:54:14:883] DebugLaunchPlugin - Waiting for the debugger to settle...
[2016-02-15 17:54:14:893] DebugLaunchPlugin - Waiting for the debugger to settle...
[2016-02-15 17:54:14:905] DebugLaunchPlugin - Waiting for the debugger to settle...
[2016-02-15 17:54:14:918] DebugLaunchPlugin - Waiting for the debugger to settle...
[2016-02-15 17:54:14:929] DebugLaunchPlugin - Waiting for the debugger to settle...
[2016-02-15 17:54:14:940] DebugLaunchPlugin - Waiting for the debugger to settle...
[2016-02-15 17:54:14:951] DebugLaunchPlugin - Waiting for the debugger to settle...
[2016-02-15 17:54:14:961] DebugLaunchPlugin - Waiting for the debugger to settle...
[2016-02-15 17:54:14:972] DebugLaunchPlugin - Waiting for the debugger to settle...
[2016-02-15 17:54:14:984] DebugLaunchPlugin - Waiting for the debugger to settle...
[2016-02-15 17:54:14:997] DebugLaunchPlugin - Waiting for the debugger to settle...
[2016-02-15 17:54:15:008] DebugLaunchPlugin - Waiting for the debugger to settle...
[2016-02-15 17:54:15:020] DebugLaunchPlugin - Waiting for the debugger to settle...
[2016-02-15 17:54:15:031] DebugLaunchPlugin - Waiting for the debugger to settle...
[2016-02-15 17:54:15:043] DebugLaunchPlugin - Waiting for the debugger to settle...
[2016-02-15 17:54:15:053] DebugLaunchPlugin - Waiting for the debugger to settle...
[2016-02-15 17:54:15:064] DebugLaunchPlugin - Waiting for the debugger to settle...
[2016-02-15 17:54:15:074] DebugLaunchPlugin - Waiting for the debugger to settle...
[2016-02-15 17:54:15:085] DebugLaunchPlugin - Waiting for the debugger to settle...
[2016-02-15 17:54:15:097] DebugLaunchPlugin - Waiting for the debugger to settle...
[2016-02-15 17:54:15:109] DebugLaunchPlugin - Waiting for the debugger to settle...
[2016-02-15 17:54:15:120] DebugLaunchPlugin - Waiting for the debugger to settle...
[2016-02-15 17:54:15:132] DebugLaunchPlugin - Waiting for the debugger to settle...
[2016-02-15 17:54:15:144] DebugLaunchPlugin - Waiting for the debugger to settle...
[2016-02-15 17:54:15:155] DebugLaunchPlugin - Waiting for the debugger to settle...
[2016-02-15 17:54:15:168] DebugLaunchPlugin - Waiting for the debugger to settle...
[2016-02-15 17:54:15:180] DebugLaunchPlugin - Waiting for the debugger to settle...
[2016-02-15 17:54:15:192] DebugLaunchPlugin - Waiting for the debugger to settle...
[2016-02-15 17:54:15:204] DebugLaunchPlugin - Waiting for the debugger to settle...
[2016-02-15 17:54:15:216] DebugLaunchPlugin - Waiting for the debugger to settle...
[2016-02-15 17:54:15:228] DebugLaunchPlugin - Waiting for the debugger to settle...
[2016-02-15 17:54:15:241] DebugLaunchPlugin - Waiting for the debugger to settle...
[2016-02-15 17:54:15:253] DebugLaunchPlugin - Waiting for the debugger to settle...
[2016-02-15 17:54:15:264] DebugLaunchPlugin - Waiting for the debugger to settle...
[2016-02-15 17:54:15:277] DebugLaunchPlugin - Waiting for the debugger to settle...
[2016-02-15 17:54:15:289] DebugLaunchPlugin - Waiting for the debugger to settle...
[2016-02-15 17:54:15:302] DebugLaunchPlugin - Waiting for the debugger to settle...
[2016-02-15 17:54:15:314] DebugLaunchPlugin - Waiting for the debugger to settle...
[2016-02-15 17:54:15:327] DebugLaunchPlugin - Waiting for the debugger to settle...
[2016-02-15 17:54:15:337] DebugLaunchPlugin - Waiting for the debugger to settle...
[2016-02-15 17:54:15:350] DebugLaunchPlugin - Waiting for the debugger to settle...
[2016-02-15 17:54:15:362] DebugLaunchPlugin - Waiting for the debugger to settle...
[2016-02-15 17:54:15:374] DebugLaunchPlugin - Waiting for the debugger to settle...
[2016-02-15 17:54:15:387] DebugLaunchPlugin - Waiting for the debugger to settle...
[2016-02-15 17:54:15:399] DebugLaunchPlugin - Waiting for the debugger to settle...
[2016-02-15 17:54:15:411] DebugLaunchPlugin - Waiting for the debugger to settle...
[2016-02-15 17:54:15:423] DebugLaunchPlugin - Waiting for the debugger to settle...
[2016-02-15 17:54:15:436] DebugLaunchPlugin - Waiting for the debugger to settle...
[2016-02-15 17:54:15:447] DebugLaunchPlugin - Waiting for the debugger to settle...
[2016-02-15 17:54:15:459] DebugLaunchPlugin - Waiting for the debugger to settle...
[2016-02-15 17:54:15:471] DebugLaunchPlugin - Waiting for the debugger to settle...
[2016-02-15 17:54:15:482] DebugLaunchPlugin - Waiting for the debugger to settle...
[2016-02-15 17:54:15:495] DebugLaunchPlugin - Waiting for the debugger to settle...
[2016-02-15 17:54:15:507] DebugLaunchPlugin - Waiting for the debugger to settle...
[2016-02-15 17:54:15:519] DebugLaunchPlugin - Waiting for the debugger to settle...
[2016-02-15 17:54:15:531] DebugLaunchPlugin - Debugger has settled. Resuming inferior.
[2016-02-15 17:54:17:431] SoftJdwpEventProcessor - Reporting class prepare event EventRequest [id=4, eventKind=CLASS_PREPARE, suspendPolicy=EVENT_THREAD, constraints=[ClassMatchConstraint [classPattern=com.mob.demo.MyViewController$*]]] to JDWP client for class com/mob/demo/MyViewController$2$1
[2016-02-15 17:54:17:431] JdwpDebugServer - Command: H(2 15) id = 83 length = 8
[2016-02-15 17:54:17:432] SoftVmInterface - Reporting method: com/mob/demo/MyViewController$2$1.<init>
[2016-02-15 17:54:17:432] SoftVmInterface - Reporting method: com/mob/demo/MyViewController$2$1.invoke
[2016-02-15 17:54:17:432] SoftVmInterface - Reporting method: com/mob/demo/MyViewController$2$1.$SWITCH_TABLE$com$mob$sharesdk$SSDKResponseState
[2016-02-15 17:54:17:432] JdwpDebugServer - Command: o(6 1) id = 84 length = 16
[2016-02-15 17:54:17:433] SoftVmInterface - Reporting line numbers for method com/mob/demo/MyViewController$2$1.<init>: [1, 95]
[2016-02-15 17:54:17:433] JdwpDebugServer - Command: o(6 1) id = 85 length = 16
[2016-02-15 17:54:17:433] SoftVmInterface - Reporting line numbers for method com/mob/demo/MyViewController$2$1.invoke: [100, 103, 106, 108, 109, 110, 111, 115, 116, 117, 121, 122, 128]
[2016-02-15 17:54:17:434] JdwpDebugServer - Command: o(6 1) id = 86 length = 16
[2016-02-15 17:54:17:434] SoftVmInterface - Reporting line numbers for method com/mob/demo/MyViewController$2$1.$SWITCH_TABLE$com$mob$sharesdk$SSDKResponseState: [95]
[2016-02-15 17:54:17:434] JdwpDebugServer - Command: Z(11 3) id = 87 length = 8
[2016-02-15 17:54:17:434] DebugChannel - Event: Thread resumed, java obj: 0x116818f30, thread: 0x116817ee0
[2016-02-15 17:54:17:441] DebugChannel - Event: Thread stopped, reason: Exception, java obj: 0x116818f30, thread: 0x116817ee0, frames: 7
[2016-02-15 17:54:17:442] SoftDebugger - Reconstructing frames took: 0.00161secs
[2016-02-15 17:54:17:445] JdwpDebugServer - Command: H(2 15) id = 88 length = 8
[2016-02-15 17:54:17:446] SoftVmInterface - Reporting method: org/robovm/rt/bro/Runtime.<init>
[2016-02-15 17:54:17:446] SoftVmInterface - Reporting method: org/robovm/rt/bro/Runtime.setupDyLdPaths
[2016-02-15 17:54:17:446] SoftVmInterface - Reporting method: org/robovm/rt/bro/Runtime.uniq
[2016-02-15 17:54:17:446] SoftVmInterface - Reporting method: org/robovm/rt/bro/Runtime.readLdSoConf
[2016-02-15 17:54:17:446] SoftVmInterface - Reporting method: org/robovm/rt/bro/Runtime.addSearchPath
[2016-02-15 17:54:17:446] SoftVmInterface - Reporting method: org/robovm/rt/bro/Runtime.loadLibrary
[2016-02-15 17:54:17:446] SoftVmInterface - Reporting method: org/robovm/rt/bro/Runtime.loadLibrary
[2016-02-15 17:54:17:447] SoftVmInterface - Reporting method: org/robovm/rt/bro/Runtime.resolveBridge
[2016-02-15 17:54:17:447] SoftVmInterface - Reporting method: org/robovm/rt/bro/Runtime.resolveGlobalValue
[2016-02-15 17:54:17:447] SoftVmInterface - Reporting method: org/robovm/rt/bro/Runtime.resolveBridge
[2016-02-15 17:54:17:447] SoftVmInterface - Reporting method: org/robovm/rt/bro/Runtime.getHandle
[2016-02-15 17:54:17:447] SoftVmInterface - Reporting method: org/robovm/rt/bro/Runtime.<clinit>
[2016-02-15 17:54:17:448] JdwpDebugServer - Command: y(9 1) id = 89 length = 8
[2016-02-15 17:54:17:448] JdwpDebugServer - Command: J(2 1) id = 90 length = 8
[2016-02-15 17:54:17:449] JdwpDebugServer - Command: j(3 1) id = 91 length = 8
[2016-02-15 17:54:17:449] JdwpDebugServer - Command: J(2 1) id = 92 length = 8
[2016-02-15 17:54:17:449] JdwpDebugServer - Command: j(3 1) id = 93 length = 8
[2016-02-15 17:54:17:450] JdwpDebugServer - Command: Z(11 3) id = 94 length = 8
[2016-02-15 17:54:17:450] DebugChannel - Event: Thread resumed, java obj: 0x116818f30, thread: 0x116817ee0
[2016-02-15 17:56:48:987] DebugChannel - Error in debug channel thread: null
[2016-02-15 17:56:48:987] DebugChannel - Shutting down debug channel thread
[2016-02-15 17:56:52:572] SoftJdwpEventProcessor - processing vm death event
[2016-02-15 17:56:52:572] SoftDebugger - Shutting down event loop thread
[2016-02-15 17:56:52:600] DebugLaunchPlugin - Shutting down JDWP server
