[2016-02-01 17:13:28:413] ExecutableMemoryAccess - Reading executable bytes took: 0.158895
[2016-02-01 17:13:28:460] ExecutableMemoryAccess - Dumped section __TEXT,__text, took: 0.029455
[2016-02-01 17:13:28:461] ExecutableMemoryAccess - Dumped section __TEXT,__const, took: 9.7E-4
[2016-02-01 17:13:28:462] ExecutableMemoryAccess - Dumped section __DATA,__const, took: 5.31E-4
[2016-02-01 17:13:28:463] ExecutableMemoryAccess - Dumped section __DATA,__data, took: 6.26E-4
[2016-02-01 17:13:28:463] ExecutableMemoryAccess - Parsing sections took: 0.209018
[2016-02-01 17:13:29:753] ExecutableSymbolLookup - Reading nm output took: 1.498439
[2016-02-01 17:13:29:877] ExecutableSymbolLookup - Parsing nm output took: 0.124095
[2016-02-01 17:13:29:877] ExecutableSymbolLookup - Parsing symbols took: 1.623325
[2016-02-01 17:13:32:193] DebugLaunchPlugin - Got port address in 2.298159secs
[2016-02-01 17:13:32:195] SoftDebugger - Established connection to app on port 65266
[2016-02-01 17:13:32:195] ClassInfoParser - Reading boot classes info
[2016-02-01 17:13:32:195] DebugChannel - Starting debug channel thread
[2016-02-01 17:13:32:197] ClassInfoParser - Took 0.002114
[2016-02-01 17:13:32:197] ClassInfoParser - Reading classes info
[2016-02-01 17:13:32:199] ClassInfoParser - Took 0.001623
[2016-02-01 17:13:32:333] SoftDebugger - Loading class infos took: 0.138209secs
[2016-02-01 17:13:32:338] SoftDebugger - Loading class infos and adjusting addresses took: 0.142957secs
[2016-02-01 17:13:32:349] SocketTransport - Listening for transport dt_socket at address: 65258
[2016-02-01 17:13:32:350] DebugLaunchPlugin - Waiting for JDWP client to connect
[2016-02-01 17:13:32:651] DebugChannel - Event: Thread attached, java obj: 0x116018f30, thread: 0x116017ee0
[2016-02-01 17:13:32:654] SoftDebugger - Thread main attached
[2016-02-01 17:13:32:908] JdwpDebugServer - Command: aq(1 7) id = 2280 length = 0
[2016-02-01 17:13:32:909] JdwpDebugServer - Command: m(15 1) id = 2281 length = 6
[2016-02-01 17:13:32:909] DebugLaunchPlugin - Waiting for the debugger to settle...
[2016-02-01 17:13:32:909] JdwpDebugServer - Command: m(15 1) id = 2279 length = 6
[2016-02-01 17:13:32:909] JdwpDebugServer - Command: m(15 1) id = 2282 length = 6
[2016-02-01 17:13:32:909] JdwpDebugServer - Command: au(1 1) id = 2283 length = 0
[2016-02-01 17:13:32:909] JdwpDebugServer - Command: ah(1 4) id = 2284 length = 0
[2016-02-01 17:13:32:910] JdwpDebugServer - Command: ad(11 5) id = 2285 length = 8
[2016-02-01 17:13:32:911] JdwpDebugServer - Command: S(12 1) id = 2286 length = 8
[2016-02-01 17:13:32:912] JdwpDebugServer - Command: T(12 2) id = 2287 length = 8
[2016-02-01 17:13:32:913] JdwpDebugServer - Command: y(9 1) id = 2288 length = 8
[2016-02-01 17:13:32:913] JdwpDebugServer - Command: D(2 14) id = 2289 length = 8
[2016-02-01 17:13:32:913] JdwpDebugServer - Command: F(2 10) id = 2290 length = 8
[2016-02-01 17:13:32:914] JdwpDebugServer - Command: D(2 14) id = 2291 length = 8
[2016-02-01 17:13:32:914] JdwpDebugServer - Command: F(2 10) id = 2292 length = 8
[2016-02-01 17:13:32:914] JdwpDebugServer - Command: j(3 1) id = 2293 length = 8
[2016-02-01 17:13:32:914] JdwpDebugServer - Command: D(2 14) id = 2294 length = 8
[2016-02-01 17:13:32:915] JdwpDebugServer - Command: F(2 10) id = 2295 length = 8
[2016-02-01 17:13:32:915] JdwpDebugServer - Command: j(3 1) id = 2296 length = 8
[2016-02-01 17:13:32:915] JdwpDebugServer - Command: u(9 2) id = 2297 length = 20
[2016-02-01 17:13:32:916] JdwpDebugServer - Command: aa(11 4) id = 2298 length = 8
[2016-02-01 17:13:32:916] JdwpDebugServer - Command: aa(11 4) id = 2299 length = 8
[2016-02-01 17:13:32:916] JdwpDebugServer - Command: m(15 1) id = 2300 length = 39
[2016-02-01 17:13:32:916] SoftJdwpEventProcessor - Set up class load event with filter: mob.sharesdk.MobShareSDKDemo
[2016-02-01 17:13:32:916] ClassInfos - Couldn't find class info for mob/sharesdk/MobShareSDKDemo
[2016-02-01 17:13:32:917] ClassInfos - com.robovm.debug.server.DebuggerException: Unknown primitive type: mob/sharesdk/MobShareSDKDemo
	at com.robovm.debug.server.a.c.a(Unknown.java:3147)
	at com.robovm.debug.server.a.c.a(Unknown.java:57)
	at com.robovm.debug.server.d.y.a(Unknown.java:626)
	at com.robovm.debug.server.d.y.a(Unknown.java:597)
	at com.robovm.debug.server.b.c.a.a(Unknown.java:4118)
	at com.robovm.debug.server.b.c.b.a(Unknown.java:1693)
	at com.robovm.debug.server.b.a.m.a(Unknown.java:106)
	at com.robovm.debug.server.b.a.ae.b(Unknown.java:26)
	at com.robovm.debug.server.b.p.a(Unknown.java:7320)
	at com.robovm.debug.server.b.q.run(Unknown.java:207)
[2016-02-01 17:13:32:917] JdwpDebugServer - Command: m(15 1) id = 2301 length = 41
[2016-02-01 17:13:32:917] SoftJdwpEventProcessor - Set up class load event with filter: mob.sharesdk.MobShareSDKDemo$*
[2016-02-01 17:13:32:918] JdwpDebugServer - Command: al(1 2) id = 2302 length = 34
[2016-02-01 17:13:32:918] ClassInfos - Couldn't find class info for mob/sharesdk/MobShareSDKDemo
[2016-02-01 17:13:32:918] ClassInfos - com.robovm.debug.server.DebuggerException: Unknown primitive type: mob/sharesdk/MobShareSDKDemo
	at com.robovm.debug.server.a.c.a(Unknown.java:3147)
	at com.robovm.debug.server.a.c.a(Unknown.java:57)
	at com.robovm.debug.server.b.c.b.a(Unknown.java:281)
	at com.robovm.debug.server.b.a.al.a(Unknown.java:22)
	at com.robovm.debug.server.b.a.ae.b(Unknown.java:26)
	at com.robovm.debug.server.b.p.a(Unknown.java:7320)
	at com.robovm.debug.server.b.q.run(Unknown.java:207)
[2016-02-01 17:13:32:918] JdwpDebugServer - Command: m(15 1) id = 2303 length = 40
[2016-02-01 17:13:32:918] SoftJdwpEventProcessor - Set up class load event with filter: com.mob.demo.MyViewController
[2016-02-01 17:13:32:919] JdwpDebugServer - Command: m(15 1) id = 2304 length = 42
[2016-02-01 17:13:32:919] DebugLaunchPlugin - Waiting for the debugger to settle...
[2016-02-01 17:13:32:919] SoftJdwpEventProcessor - Set up class load event with filter: com.mob.demo.MyViewController$*
[2016-02-01 17:13:32:920] JdwpDebugServer - Command: al(1 2) id = 2305 length = 35
[2016-02-01 17:13:32:921] JdwpDebugServer - Command: aj(1 17) id = 2306 length = 0
[2016-02-01 17:13:32:921] JdwpDebugServer - Command: m(15 1) id = 2307 length = 26
[2016-02-01 17:13:32:922] SoftJdwpEventProcessor - Set up class load event with filter: java.lang.Error
[2016-02-01 17:13:32:923] JdwpDebugServer - Command: m(15 1) id = 2308 length = 28
[2016-02-01 17:13:32:923] SoftJdwpEventProcessor - Set up class load event with filter: java.lang.Error$*
[2016-02-01 17:13:32:923] JdwpDebugServer - Command: al(1 2) id = 2309 length = 21
[2016-02-01 17:13:32:924] JdwpDebugServer - Command: m(15 1) id = 2310 length = 17
[2016-02-01 17:13:32:925] JdwpDebugServer - Command: J(2 1) id = 2311 length = 8
[2016-02-01 17:13:32:926] JdwpDebugServer - Command: m(15 1) id = 2312 length = 30
[2016-02-01 17:13:32:926] SoftJdwpEventProcessor - Set up class load event with filter: java.lang.Throwable
[2016-02-01 17:13:32:927] JdwpDebugServer - Command: m(15 1) id = 2313 length = 32
[2016-02-01 17:13:32:927] SoftJdwpEventProcessor - Set up class load event with filter: java.lang.Throwable$*
[2016-02-01 17:13:32:928] JdwpDebugServer - Command: al(1 2) id = 2314 length = 25
[2016-02-01 17:13:32:928] JdwpDebugServer - Command: m(15 1) id = 2315 length = 17
[2016-02-01 17:13:32:929] JdwpDebugServer - Command: J(2 1) id = 2316 length = 8
[2016-02-01 17:13:32:929] DebugLaunchPlugin - Waiting for the debugger to settle...
[2016-02-01 17:13:32:940] DebugLaunchPlugin - Waiting for the debugger to settle...
[2016-02-01 17:13:32:952] DebugLaunchPlugin - Waiting for the debugger to settle...
[2016-02-01 17:13:32:954] DebugChannel - Event: Thread stopped, reason: Exception, java obj: 0x116018f30, thread: 0x116017ee0, frames: 15
[2016-02-01 17:13:32:960] SoftDebugger - Reconstructing frames took: 0.005951secs
[2016-02-01 17:13:32:962] DebugChannel - Event: Thread resumed, java obj: 0x116018f30, thread: 0x116017ee0
[2016-02-01 17:13:32:964] DebugLaunchPlugin - Waiting for the debugger to settle...
[2016-02-01 17:13:32:975] DebugLaunchPlugin - Waiting for the debugger to settle...
[2016-02-01 17:13:32:988] DebugLaunchPlugin - Waiting for the debugger to settle...
[2016-02-01 17:13:32:999] DebugLaunchPlugin - Waiting for the debugger to settle...
[2016-02-01 17:13:33:009] DebugLaunchPlugin - Waiting for the debugger to settle...
[2016-02-01 17:13:33:019] DebugLaunchPlugin - Waiting for the debugger to settle...
[2016-02-01 17:13:33:030] DebugLaunchPlugin - Waiting for the debugger to settle...
[2016-02-01 17:13:33:041] DebugLaunchPlugin - Waiting for the debugger to settle...
[2016-02-01 17:13:33:052] DebugLaunchPlugin - Waiting for the debugger to settle...
[2016-02-01 17:13:33:065] DebugLaunchPlugin - Waiting for the debugger to settle...
[2016-02-01 17:13:33:075] DebugLaunchPlugin - Waiting for the debugger to settle...
[2016-02-01 17:13:33:086] DebugLaunchPlugin - Waiting for the debugger to settle...
[2016-02-01 17:13:33:090] DebugChannel - Event: Thread stopped, reason: Exception, java obj: 0x116018f30, thread: 0x116017ee0, frames: 10
[2016-02-01 17:13:33:091] SoftDebugger - Reconstructing frames took: 6.2E-5secs
[2016-02-01 17:13:33:092] DebugChannel - Event: Thread resumed, java obj: 0x116018f30, thread: 0x116017ee0
[2016-02-01 17:13:33:097] DebugLaunchPlugin - Waiting for the debugger to settle...
[2016-02-01 17:13:33:109] DebugLaunchPlugin - Waiting for the debugger to settle...
[2016-02-01 17:13:33:122] DebugLaunchPlugin - Waiting for the debugger to settle...
[2016-02-01 17:13:33:126] DebugChannel - Event: Thread attached, java obj: 0x116018ea0, thread: 0x116017e00
[2016-02-01 17:13:33:127] DebugChannel - Event: Thread attached, java obj: 0x116018d80, thread: 0x116017d20
[2016-02-01 17:13:33:128] DebugChannel - Event: Thread attached, java obj: 0x116018c60, thread: 0x116017c40
[2016-02-01 17:13:33:129] SoftDebugger - Thread ReferenceQueueDaemon attached
[2016-02-01 17:13:33:129] SoftJdwpEventProcessor - processing thread start event
[2016-02-01 17:13:33:130] JdwpDebugServer - Command: w(9 9) id = 2317 length = 8
[2016-02-01 17:13:33:131] JdwpDebugServer - Command: ad(11 5) id = 2318 length = 8
[2016-02-01 17:13:33:131] JdwpDebugServer - Command: y(9 1) id = 2319 length = 8
[2016-02-01 17:13:33:131] SoftDebugger - Thread FinalizerDaemon attached
[2016-02-01 17:13:33:131] SoftJdwpEventProcessor - processing thread start event
[2016-02-01 17:13:33:132] JdwpDebugServer - Command: u(9 2) id = 2320 length = 20
[2016-02-01 17:13:33:132] JdwpDebugServer - Command: w(9 9) id = 2321 length = 8
[2016-02-01 17:13:33:132] JdwpDebugServer - Command: aa(11 4) id = 2322 length = 8
[2016-02-01 17:13:33:132] DebugLaunchPlugin - Waiting for the debugger to settle...
[2016-02-01 17:13:33:132] JdwpDebugServer - Command: ad(11 5) id = 2323 length = 8
[2016-02-01 17:13:33:133] JdwpDebugServer - Command: aa(11 4) id = 2324 length = 8
[2016-02-01 17:13:33:134] JdwpDebugServer - Command: y(9 1) id = 2325 length = 8
[2016-02-01 17:13:33:134] SoftDebugger - Thread FinalizerWatchdogDaemon attached
[2016-02-01 17:13:33:134] JdwpDebugServer - Command: u(9 2) id = 2326 length = 20
[2016-02-01 17:13:33:134] SoftJdwpEventProcessor - processing thread start event
[2016-02-01 17:13:33:134] JdwpDebugServer - Command: aa(11 4) id = 2327 length = 8
[2016-02-01 17:13:33:135] JdwpDebugServer - Command: w(9 9) id = 2328 length = 8
[2016-02-01 17:13:33:135] JdwpDebugServer - Command: aa(11 4) id = 2329 length = 8
[2016-02-01 17:13:33:135] JdwpDebugServer - Command: ad(11 5) id = 2330 length = 8
[2016-02-01 17:13:33:136] JdwpDebugServer - Command: y(9 1) id = 2331 length = 8
[2016-02-01 17:13:33:136] JdwpDebugServer - Command: u(9 2) id = 2332 length = 20
[2016-02-01 17:13:33:136] JdwpDebugServer - Command: aa(11 4) id = 2333 length = 8
[2016-02-01 17:13:33:136] JdwpDebugServer - Command: aa(11 4) id = 2334 length = 8
[2016-02-01 17:13:33:143] DebugLaunchPlugin - Waiting for the debugger to settle...
[2016-02-01 17:13:33:155] DebugLaunchPlugin - Waiting for the debugger to settle...
[2016-02-01 17:13:33:168] DebugLaunchPlugin - Waiting for the debugger to settle...
[2016-02-01 17:13:33:179] DebugLaunchPlugin - Waiting for the debugger to settle...
[2016-02-01 17:13:33:191] DebugLaunchPlugin - Waiting for the debugger to settle...
[2016-02-01 17:13:33:203] DebugLaunchPlugin - Waiting for the debugger to settle...
[2016-02-01 17:13:33:215] DebugLaunchPlugin - Waiting for the debugger to settle...
[2016-02-01 17:13:33:225] DebugLaunchPlugin - Waiting for the debugger to settle...
[2016-02-01 17:13:33:238] DebugLaunchPlugin - Waiting for the debugger to settle...
[2016-02-01 17:13:33:248] DebugLaunchPlugin - Waiting for the debugger to settle...
[2016-02-01 17:13:33:258] DebugLaunchPlugin - Waiting for the debugger to settle...
[2016-02-01 17:13:33:270] DebugLaunchPlugin - Waiting for the debugger to settle...
[2016-02-01 17:13:33:282] DebugLaunchPlugin - Waiting for the debugger to settle...
[2016-02-01 17:13:33:294] DebugLaunchPlugin - Waiting for the debugger to settle...
[2016-02-01 17:13:33:305] DebugLaunchPlugin - Waiting for the debugger to settle...
[2016-02-01 17:13:33:305] DebugChannel - Event: Thread stopped, reason: Exception, java obj: 0x116018f30, thread: 0x116017ee0, frames: 9
[2016-02-01 17:13:33:312] SoftDebugger - Reconstructing frames took: 0.006665secs
[2016-02-01 17:13:33:312] DebugChannel - Event: Thread resumed, java obj: 0x116018f30, thread: 0x116017ee0
[2016-02-01 17:13:33:313] DebugChannel - Event: Thread stopped, reason: Exception, java obj: 0x116018f30, thread: 0x116017ee0, frames: 9
[2016-02-01 17:13:33:313] SoftDebugger - Reconstructing frames took: 3.5E-5secs
[2016-02-01 17:13:33:313] DebugChannel - Event: Thread resumed, java obj: 0x116018f30, thread: 0x116017ee0
[2016-02-01 17:13:33:314] DebugChannel - Event: Thread stopped, reason: Exception, java obj: 0x116018f30, thread: 0x116017ee0, frames: 9
[2016-02-01 17:13:33:314] SoftDebugger - Reconstructing frames took: 2.0E-5secs
[2016-02-01 17:13:33:314] DebugChannel - Event: Thread resumed, java obj: 0x116018f30, thread: 0x116017ee0
[2016-02-01 17:13:33:315] DebugChannel - Event: Thread stopped, reason: Exception, java obj: 0x116018f30, thread: 0x116017ee0, frames: 9
[2016-02-01 17:13:33:315] SoftDebugger - Reconstructing frames took: 1.9E-5secs
[2016-02-01 17:13:33:315] DebugChannel - Event: Thread resumed, java obj: 0x116018f30, thread: 0x116017ee0
[2016-02-01 17:13:33:315] DebugChannel - Event: Thread stopped, reason: Exception, java obj: 0x116018f30, thread: 0x116017ee0, frames: 9
[2016-02-01 17:13:33:316] SoftDebugger - Reconstructing frames took: 2.0E-5secs
[2016-02-01 17:13:33:316] DebugLaunchPlugin - Waiting for the debugger to settle...
[2016-02-01 17:13:33:316] DebugChannel - Event: Thread resumed, java obj: 0x116018f30, thread: 0x116017ee0
[2016-02-01 17:13:33:317] DebugChannel - Event: Thread stopped, reason: Exception, java obj: 0x116018f30, thread: 0x116017ee0, frames: 9
[2016-02-01 17:13:33:317] SoftDebugger - Reconstructing frames took: 3.0E-5secs
[2016-02-01 17:13:33:317] DebugChannel - Event: Thread resumed, java obj: 0x116018f30, thread: 0x116017ee0
[2016-02-01 17:13:33:318] DebugChannel - Event: Thread stopped, reason: Exception, java obj: 0x116018f30, thread: 0x116017ee0, frames: 9
[2016-02-01 17:13:33:318] SoftDebugger - Reconstructing frames took: 2.1E-5secs
[2016-02-01 17:13:33:318] DebugChannel - Event: Thread resumed, java obj: 0x116018f30, thread: 0x116017ee0
[2016-02-01 17:13:33:318] DebugChannel - Event: Thread stopped, reason: Exception, java obj: 0x116018f30, thread: 0x116017ee0, frames: 9
[2016-02-01 17:13:33:319] SoftDebugger - Reconstructing frames took: 2.1E-5secs
[2016-02-01 17:13:33:319] DebugChannel - Event: Thread resumed, java obj: 0x116018f30, thread: 0x116017ee0
[2016-02-01 17:13:33:328] DebugLaunchPlugin - Waiting for the debugger to settle...
[2016-02-01 17:13:33:341] DebugLaunchPlugin - Waiting for the debugger to settle...
[2016-02-01 17:13:33:354] DebugLaunchPlugin - Waiting for the debugger to settle...
[2016-02-01 17:13:33:366] DebugLaunchPlugin - Waiting for the debugger to settle...
[2016-02-01 17:13:33:367] DebugChannel - Event: Thread stopped, reason: Exception, java obj: 0x116018f30, thread: 0x116017ee0, frames: 9
[2016-02-01 17:13:33:367] SoftDebugger - Reconstructing frames took: 4.3E-5secs
[2016-02-01 17:13:33:368] DebugChannel - Event: Thread resumed, java obj: 0x116018f30, thread: 0x116017ee0
[2016-02-01 17:13:33:368] DebugChannel - Event: Thread stopped, reason: Exception, java obj: 0x116018f30, thread: 0x116017ee0, frames: 9
[2016-02-01 17:13:33:368] SoftDebugger - Reconstructing frames took: 2.1E-5secs
[2016-02-01 17:13:33:368] DebugChannel - Event: Thread resumed, java obj: 0x116018f30, thread: 0x116017ee0
[2016-02-01 17:13:33:379] DebugLaunchPlugin - Waiting for the debugger to settle...
[2016-02-01 17:13:33:392] DebugLaunchPlugin - Waiting for the debugger to settle...
[2016-02-01 17:13:33:402] DebugLaunchPlugin - Waiting for the debugger to settle...
[2016-02-01 17:13:33:414] DebugLaunchPlugin - Waiting for the debugger to settle...
[2016-02-01 17:13:33:421] DebugChannel - Event: Thread stopped, reason: Exception, java obj: 0x116018f30, thread: 0x116017ee0, frames: 9
[2016-02-01 17:13:33:421] SoftDebugger - Reconstructing frames took: 3.8E-5secs
[2016-02-01 17:13:33:421] DebugChannel - Event: Thread resumed, java obj: 0x116018f30, thread: 0x116017ee0
[2016-02-01 17:13:33:425] DebugLaunchPlugin - Waiting for the debugger to settle...
[2016-02-01 17:13:33:435] DebugLaunchPlugin - Waiting for the debugger to settle...
[2016-02-01 17:13:33:448] DebugLaunchPlugin - Waiting for the debugger to settle...
[2016-02-01 17:13:33:458] DebugLaunchPlugin - Waiting for the debugger to settle...
[2016-02-01 17:13:33:468] DebugLaunchPlugin - Waiting for the debugger to settle...
[2016-02-01 17:13:33:479] DebugLaunchPlugin - Waiting for the debugger to settle...
[2016-02-01 17:13:33:490] SoftJdwpEventProcessor - Reporting class prepare event EventRequest [id=5, eventKind=CLASS_PREPARE, suspendPolicy=EVENT_THREAD, constraints=[ClassMatchConstraint [classPattern=com.mob.demo.MyViewController]]] to JDWP client for class com/mob/demo/MyViewController
[2016-02-01 17:13:33:490] JdwpDebugServer - Command: H(2 15) id = 2335 length = 8
[2016-02-01 17:13:33:490] SoftVmInterface - Reporting method: com/mob/demo/MyViewController.<init>
[2016-02-01 17:13:33:491] SoftVmInterface - Reporting method: com/mob/demo/MyViewController.excute
[2016-02-01 17:13:33:491] SoftVmInterface - Reporting method: com/mob/demo/MyViewController.initUI
[2016-02-01 17:13:33:491] SoftVmInterface - Reporting method: com/mob/demo/MyViewController.$cb$init
[2016-02-01 17:13:33:491] SoftVmInterface - Reporting method: com/mob/demo/MyViewController.$setHandle
[2016-02-01 17:13:33:491] SoftVmInterface - Reporting method: com/mob/demo/MyViewController.$cb$initWithNibName$bundle$
[2016-02-01 17:13:33:491] SoftVmInterface - Reporting method: com/mob/demo/MyViewController.$m$super$initWithNibName$bundle$
[2016-02-01 17:13:33:491] SoftVmInterface - Reporting method: com/mob/demo/MyViewController.$getSuper
[2016-02-01 17:13:33:491] SoftVmInterface - Reporting method: com/mob/demo/MyViewController.$initObject
[2016-02-01 17:13:33:491] SoftVmInterface - Reporting method: com/mob/demo/MyViewController.$cb$initWithCoder$
[2016-02-01 17:13:33:491] SoftVmInterface - Reporting method: com/mob/demo/MyViewController.$m$super$initWithCoder$
[2016-02-01 17:13:33:491] SoftVmInterface - Reporting method: com/mob/demo/MyViewController.<clinit>
[2016-02-01 17:13:33:492] JdwpDebugServer - Command: o(6 1) id = 2336 length = 16
[2016-02-01 17:13:33:492] DebugLaunchPlugin - Waiting for the debugger to settle...
[2016-02-01 17:13:33:492] SoftVmInterface - Reporting line numbers for method com/mob/demo/MyViewController.<init>: [36, 38, 39, 41]
[2016-02-01 17:13:33:493] JdwpDebugServer - Command: o(6 1) id = 2337 length = 16
[2016-02-01 17:13:33:493] SoftVmInterface - Reporting line numbers for method com/mob/demo/MyViewController.excute: [46, 54, 57, 64, 67, 118, 121, 153, 156, 164, 166]
[2016-02-01 17:13:33:494] JdwpDebugServer - Command: o(6 1) id = 2338 length = 16
[2016-02-01 17:13:33:494] SoftVmInterface - Reporting line numbers for method com/mob/demo/MyViewController.initUI: [170, 171, 173, 174, 175, 176, 178, 179, 180, 181, 183, 184, 185, 186, 188, 189, 190, 191, 193, 194, 195, 196, 198]
[2016-02-01 17:13:33:494] JdwpDebugServer - Command: o(6 1) id = 2339 length = 16
[2016-02-01 17:13:33:495] SoftVmInterface - Reporting line numbers for method com/mob/demo/MyViewController.$cb$init: [1048579]
[2016-02-01 17:13:33:495] JdwpDebugServer - Command: o(6 1) id = 2340 length = 16
[2016-02-01 17:13:33:495] SoftVmInterface - Reporting line numbers for method com/mob/demo/MyViewController.$setHandle: [1048580]
[2016-02-01 17:13:33:495] JdwpDebugServer - Command: o(6 1) id = 2341 length = 16
[2016-02-01 17:13:33:495] SoftVmInterface - Reporting line numbers for method com/mob/demo/MyViewController.$cb$initWithNibName$bundle$: [1048581]
[2016-02-01 17:13:33:495] JdwpDebugServer - Command: o(6 1) id = 2342 length = 16
[2016-02-01 17:13:33:496] SoftVmInterface - Reporting line numbers for method com/mob/demo/MyViewController.$getSuper: [1048583]
[2016-02-01 17:13:33:496] JdwpDebugServer - Command: o(6 1) id = 2343 length = 16
[2016-02-01 17:13:33:496] SoftVmInterface - Reporting line numbers for method com/mob/demo/MyViewController.$initObject: [1048584]
[2016-02-01 17:13:33:496] JdwpDebugServer - Command: o(6 1) id = 2344 length = 16
[2016-02-01 17:13:33:496] SoftVmInterface - Reporting line numbers for method com/mob/demo/MyViewController.$cb$initWithCoder$: [1048585]
[2016-02-01 17:13:33:496] JdwpDebugServer - Command: o(6 1) id = 2345 length = 16
[2016-02-01 17:13:33:496] SoftVmInterface - Reporting line numbers for method com/mob/demo/MyViewController.<clinit>: [1048587]
[2016-02-01 17:13:33:497] JdwpDebugServer - Command: Z(11 3) id = 2346 length = 8
[2016-02-01 17:13:33:497] DebugChannel - Event: Thread resumed, java obj: 0x116018f30, thread: 0x116017ee0
[2016-02-01 17:13:33:503] DebugLaunchPlugin - Waiting for the debugger to settle...
[2016-02-01 17:13:33:514] DebugLaunchPlugin - Waiting for the debugger to settle...
[2016-02-01 17:13:33:525] DebugLaunchPlugin - Waiting for the debugger to settle...
[2016-02-01 17:13:33:537] DebugLaunchPlugin - Waiting for the debugger to settle...
[2016-02-01 17:13:33:547] DebugLaunchPlugin - Waiting for the debugger to settle...
[2016-02-01 17:13:33:557] DebugLaunchPlugin - Waiting for the debugger to settle...
[2016-02-01 17:13:33:568] DebugLaunchPlugin - Waiting for the debugger to settle...
[2016-02-01 17:13:33:578] DebugLaunchPlugin - Waiting for the debugger to settle...
[2016-02-01 17:13:33:589] DebugLaunchPlugin - Waiting for the debugger to settle...
[2016-02-01 17:13:33:599] DebugLaunchPlugin - Waiting for the debugger to settle...
[2016-02-01 17:13:33:612] DebugLaunchPlugin - Waiting for the debugger to settle...
[2016-02-01 17:13:33:623] DebugLaunchPlugin - Waiting for the debugger to settle...
[2016-02-01 17:13:33:634] DebugLaunchPlugin - Waiting for the debugger to settle...
[2016-02-01 17:13:33:645] DebugLaunchPlugin - Waiting for the debugger to settle...
[2016-02-01 17:13:33:661] DebugLaunchPlugin - Waiting for the debugger to settle...
[2016-02-01 17:13:33:661] JdwpDebugServer - Command: X(11 1) id = 2347 length = 8
[2016-02-01 17:13:33:664] JdwpDebugServer - Command: U(11 9) id = 2348 length = 8
[2016-02-01 17:13:33:664] JdwpDebugServer - Command: X(11 1) id = 2349 length = 8
[2016-02-01 17:13:33:666] JdwpDebugServer - Command: Y(11 8) id = 2350 length = 8
[2016-02-01 17:13:33:666] JdwpDebugServer - Command: X(11 1) id = 2351 length = 8
[2016-02-01 17:13:33:668] JdwpDebugServer - Command: U(11 9) id = 2352 length = 8
[2016-02-01 17:13:33:668] JdwpDebugServer - Command: X(11 1) id = 2353 length = 8
[2016-02-01 17:13:33:670] JdwpDebugServer - Command: Y(11 8) id = 2354 length = 8
[2016-02-01 17:13:33:670] JdwpDebugServer - Command: U(11 9) id = 2355 length = 8
[2016-02-01 17:13:33:670] JdwpDebugServer - Command: Y(11 8) id = 2356 length = 8
[2016-02-01 17:13:33:670] JdwpDebugServer - Command: U(11 9) id = 2357 length = 8
[2016-02-01 17:13:33:671] JdwpDebugServer - Command: Y(11 8) id = 2358 length = 8
[2016-02-01 17:13:33:673] DebugLaunchPlugin - Waiting for the debugger to settle...
[2016-02-01 17:13:33:686] DebugLaunchPlugin - Waiting for the debugger to settle...
[2016-02-01 17:13:33:698] DebugLaunchPlugin - Waiting for the debugger to settle...
[2016-02-01 17:13:33:708] DebugLaunchPlugin - Waiting for the debugger to settle...
[2016-02-01 17:13:33:720] DebugLaunchPlugin - Waiting for the debugger to settle...
[2016-02-01 17:13:33:731] DebugLaunchPlugin - Waiting for the debugger to settle...
[2016-02-01 17:13:33:741] DebugLaunchPlugin - Waiting for the debugger to settle...
[2016-02-01 17:13:33:753] DebugLaunchPlugin - Waiting for the debugger to settle...
[2016-02-01 17:13:33:764] DebugLaunchPlugin - Waiting for the debugger to settle...
[2016-02-01 17:13:33:771] DebugChannel - Event: Thread stopped, reason: Exception, java obj: 0x116018f30, thread: 0x116017ee0, frames: 15
[2016-02-01 17:13:33:796] DebugLaunchPlugin - Waiting for the debugger to settle...
[2016-02-01 17:13:33:796] SoftDebugger - Reconstructing frames took: 0.02528secs
[2016-02-01 17:13:33:797] DebugChannel - Event: Thread resumed, java obj: 0x116018f30, thread: 0x116017ee0
[2016-02-01 17:13:33:800] DebugChannel - Event: Thread stopped, reason: Exception, java obj: 0x116018f30, thread: 0x116017ee0, frames: 10
[2016-02-01 17:13:33:801] SoftDebugger - Reconstructing frames took: 6.7E-5secs
[2016-02-01 17:13:33:801] DebugChannel - Event: Thread resumed, java obj: 0x116018f30, thread: 0x116017ee0
[2016-02-01 17:13:33:807] DebugLaunchPlugin - Waiting for the debugger to settle...
[2016-02-01 17:13:33:817] DebugLaunchPlugin - Waiting for the debugger to settle...
[2016-02-01 17:13:33:828] DebugLaunchPlugin - Waiting for the debugger to settle...
[2016-02-01 17:13:33:841] DebugLaunchPlugin - Waiting for the debugger to settle...
[2016-02-01 17:13:33:851] DebugLaunchPlugin - Waiting for the debugger to settle...
[2016-02-01 17:13:33:864] DebugLaunchPlugin - Waiting for the debugger to settle...
[2016-02-01 17:13:33:874] DebugLaunchPlugin - Waiting for the debugger to settle...
[2016-02-01 17:13:33:885] DebugLaunchPlugin - Waiting for the debugger to settle...
[2016-02-01 17:13:33:895] DebugLaunchPlugin - Waiting for the debugger to settle...
[2016-02-01 17:13:33:905] DebugLaunchPlugin - Waiting for the debugger to settle...
[2016-02-01 17:13:33:916] DebugLaunchPlugin - Waiting for the debugger to settle...
[2016-02-01 17:13:33:926] DebugLaunchPlugin - Waiting for the debugger to settle...
[2016-02-01 17:13:33:937] DebugLaunchPlugin - Waiting for the debugger to settle...
[2016-02-01 17:13:33:948] DebugLaunchPlugin - Waiting for the debugger to settle...
[2016-02-01 17:13:33:960] DebugLaunchPlugin - Waiting for the debugger to settle...
[2016-02-01 17:13:33:971] DebugLaunchPlugin - Waiting for the debugger to settle...
[2016-02-01 17:13:33:983] DebugLaunchPlugin - Waiting for the debugger to settle...
[2016-02-01 17:13:33:996] DebugLaunchPlugin - Waiting for the debugger to settle...
[2016-02-01 17:13:34:008] DebugLaunchPlugin - Waiting for the debugger to settle...
[2016-02-01 17:13:34:018] DebugLaunchPlugin - Waiting for the debugger to settle...
[2016-02-01 17:13:34:030] DebugLaunchPlugin - Waiting for the debugger to settle...
[2016-02-01 17:13:34:041] DebugLaunchPlugin - Waiting for the debugger to settle...
[2016-02-01 17:13:34:052] DebugLaunchPlugin - Waiting for the debugger to settle...
[2016-02-01 17:13:34:062] DebugLaunchPlugin - Waiting for the debugger to settle...
[2016-02-01 17:13:34:072] DebugLaunchPlugin - Waiting for the debugger to settle...
[2016-02-01 17:13:34:082] DebugLaunchPlugin - Waiting for the debugger to settle...
[2016-02-01 17:13:34:092] SoftJdwpEventProcessor - Reporting class prepare event EventRequest [id=6, eventKind=CLASS_PREPARE, suspendPolicy=EVENT_THREAD, constraints=[ClassMatchConstraint [classPattern=com.mob.demo.MyViewController$*]]] to JDWP client for class com/mob/demo/MyViewController$1
[2016-02-01 17:13:34:092] DebugLaunchPlugin - Waiting for the debugger to settle...
[2016-02-01 17:13:34:093] JdwpDebugServer - Command: H(2 15) id = 2359 length = 8
[2016-02-01 17:13:34:093] SoftVmInterface - Reporting method: com/mob/demo/MyViewController$1.<init>
[2016-02-01 17:13:34:093] SoftVmInterface - Reporting method: com/mob/demo/MyViewController$1.onTouchUpInside
[2016-02-01 17:13:34:094] JdwpDebugServer - Command: o(6 1) id = 2360 length = 16
[2016-02-01 17:13:34:094] SoftVmInterface - Reporting line numbers for method com/mob/demo/MyViewController$1.<init>: [1, 46]
[2016-02-01 17:13:34:095] JdwpDebugServer - Command: o(6 1) id = 2361 length = 16
[2016-02-01 17:13:34:095] SoftVmInterface - Reporting line numbers for method com/mob/demo/MyViewController$1.onTouchUpInside: [52]
[2016-02-01 17:13:34:095] JdwpDebugServer - Command: Z(11 3) id = 2362 length = 8
[2016-02-01 17:13:34:095] DebugChannel - Event: Thread resumed, java obj: 0x116018f30, thread: 0x116017ee0
[2016-02-01 17:13:34:099] SoftJdwpEventProcessor - Reporting class prepare event EventRequest [id=6, eventKind=CLASS_PREPARE, suspendPolicy=EVENT_THREAD, constraints=[ClassMatchConstraint [classPattern=com.mob.demo.MyViewController$*]]] to JDWP client for class com/mob/demo/MyViewController$2
[2016-02-01 17:13:34:100] JdwpDebugServer - Command: H(2 15) id = 2363 length = 8
[2016-02-01 17:13:34:100] SoftVmInterface - Reporting method: com/mob/demo/MyViewController$2.<init>
[2016-02-01 17:13:34:100] SoftVmInterface - Reporting method: com/mob/demo/MyViewController$2.onTouchUpInside
[2016-02-01 17:13:34:100] JdwpDebugServer - Command: o(6 1) id = 2364 length = 16
[2016-02-01 17:13:34:101] SoftVmInterface - Reporting line numbers for method com/mob/demo/MyViewController$2.<init>: [1, 57]
[2016-02-01 17:13:34:101] JdwpDebugServer - Command: o(6 1) id = 2365 length = 16
[2016-02-01 17:13:34:101] SoftVmInterface - Reporting line numbers for method com/mob/demo/MyViewController$2.onTouchUpInside: [62]
[2016-02-01 17:13:34:101] JdwpDebugServer - Command: Z(11 3) id = 2366 length = 8
[2016-02-01 17:13:34:102] DebugChannel - Event: Thread resumed, java obj: 0x116018f30, thread: 0x116017ee0
[2016-02-01 17:13:34:102] SoftJdwpEventProcessor - Reporting class prepare event EventRequest [id=6, eventKind=CLASS_PREPARE, suspendPolicy=EVENT_THREAD, constraints=[ClassMatchConstraint [classPattern=com.mob.demo.MyViewController$*]]] to JDWP client for class com/mob/demo/MyViewController$3
[2016-02-01 17:13:34:103] DebugLaunchPlugin - Waiting for the debugger to settle...
[2016-02-01 17:13:34:106] JdwpDebugServer - Command: H(2 15) id = 2367 length = 8
[2016-02-01 17:13:34:106] SoftVmInterface - Reporting method: com/mob/demo/MyViewController$3.<init>
[2016-02-01 17:13:34:106] SoftVmInterface - Reporting method: com/mob/demo/MyViewController$3.onTouchUpInside
[2016-02-01 17:13:34:106] JdwpDebugServer - Command: o(6 1) id = 2368 length = 16
[2016-02-01 17:13:34:107] SoftVmInterface - Reporting line numbers for method com/mob/demo/MyViewController$3.<init>: [1, 67]
[2016-02-01 17:13:34:107] JdwpDebugServer - Command: o(6 1) id = 2369 length = 16
[2016-02-01 17:13:34:108] SoftVmInterface - Reporting line numbers for method com/mob/demo/MyViewController$3.onTouchUpInside: [71, 72, 74, 76, 78, 80, 81, 82, 84, 116]
[2016-02-01 17:13:34:108] JdwpDebugServer - Command: Z(11 3) id = 2370 length = 8
[2016-02-01 17:13:34:110] DebugChannel - Event: Thread resumed, java obj: 0x116018f30, thread: 0x116017ee0
[2016-02-01 17:13:34:110] SoftJdwpEventProcessor - Reporting class prepare event EventRequest [id=6, eventKind=CLASS_PREPARE, suspendPolicy=EVENT_THREAD, constraints=[ClassMatchConstraint [classPattern=com.mob.demo.MyViewController$*]]] to JDWP client for class com/mob/demo/MyViewController$4
[2016-02-01 17:13:34:115] JdwpDebugServer - Command: H(2 15) id = 2371 length = 8
[2016-02-01 17:13:34:115] SoftVmInterface - Reporting method: com/mob/demo/MyViewController$4.<init>
[2016-02-01 17:13:34:115] SoftVmInterface - Reporting method: com/mob/demo/MyViewController$4.onTouchUpInside
[2016-02-01 17:13:34:115] DebugLaunchPlugin - Waiting for the debugger to settle...
[2016-02-01 17:13:34:116] JdwpDebugServer - Command: o(6 1) id = 2372 length = 16
[2016-02-01 17:13:34:116] SoftVmInterface - Reporting line numbers for method com/mob/demo/MyViewController$4.<init>: [1, 121]
[2016-02-01 17:13:34:117] JdwpDebugServer - Command: o(6 1) id = 2373 length = 16
[2016-02-01 17:13:34:117] SoftVmInterface - Reporting line numbers for method com/mob/demo/MyViewController$4.onTouchUpInside: [125, 126, 128, 130, 132, 134, 135, 136, 138, 151]
[2016-02-01 17:13:34:117] JdwpDebugServer - Command: Z(11 3) id = 2374 length = 8
[2016-02-01 17:13:34:118] DebugChannel - Event: Thread resumed, java obj: 0x116018f30, thread: 0x116017ee0
[2016-02-01 17:13:34:119] SoftJdwpEventProcessor - Reporting class prepare event EventRequest [id=6, eventKind=CLASS_PREPARE, suspendPolicy=EVENT_THREAD, constraints=[ClassMatchConstraint [classPattern=com.mob.demo.MyViewController$*]]] to JDWP client for class com/mob/demo/MyViewController$5
[2016-02-01 17:13:34:124] JdwpDebugServer - Command: H(2 15) id = 2375 length = 8
[2016-02-01 17:13:34:125] SoftVmInterface - Reporting method: com/mob/demo/MyViewController$5.<init>
[2016-02-01 17:13:34:125] SoftVmInterface - Reporting method: com/mob/demo/MyViewController$5.onTouchUpInside
[2016-02-01 17:13:34:125] JdwpDebugServer - Command: o(6 1) id = 2376 length = 16
[2016-02-01 17:13:34:126] SoftVmInterface - Reporting line numbers for method com/mob/demo/MyViewController$5.<init>: [1, 156]
[2016-02-01 17:13:34:126] DebugLaunchPlugin - Waiting for the debugger to settle...
[2016-02-01 17:13:34:126] JdwpDebugServer - Command: o(6 1) id = 2377 length = 16
[2016-02-01 17:13:34:126] SoftVmInterface - Reporting line numbers for method com/mob/demo/MyViewController$5.onTouchUpInside: [162]
[2016-02-01 17:13:34:127] JdwpDebugServer - Command: Z(11 3) id = 2378 length = 8
[2016-02-01 17:13:34:130] DebugChannel - Event: Thread resumed, java obj: 0x116018f30, thread: 0x116017ee0
[2016-02-01 17:13:34:136] DebugLaunchPlugin - Waiting for the debugger to settle...
[2016-02-01 17:13:34:149] DebugLaunchPlugin - Waiting for the debugger to settle...
[2016-02-01 17:13:34:160] DebugLaunchPlugin - Waiting for the debugger to settle...
[2016-02-01 17:13:34:173] DebugLaunchPlugin - Waiting for the debugger to settle...
[2016-02-01 17:13:34:185] DebugLaunchPlugin - Waiting for the debugger to settle...
[2016-02-01 17:13:34:197] DebugLaunchPlugin - Waiting for the debugger to settle...
[2016-02-01 17:13:34:208] DebugLaunchPlugin - Waiting for the debugger to settle...
[2016-02-01 17:13:34:218] DebugLaunchPlugin - Waiting for the debugger to settle...
[2016-02-01 17:13:34:230] DebugLaunchPlugin - Waiting for the debugger to settle...
[2016-02-01 17:13:34:241] DebugLaunchPlugin - Waiting for the debugger to settle...
[2016-02-01 17:13:34:252] DebugLaunchPlugin - Waiting for the debugger to settle...
[2016-02-01 17:13:34:263] DebugLaunchPlugin - Waiting for the debugger to settle...
[2016-02-01 17:13:34:274] DebugLaunchPlugin - Waiting for the debugger to settle...
[2016-02-01 17:13:34:285] DebugLaunchPlugin - Waiting for the debugger to settle...
[2016-02-01 17:13:34:296] DebugLaunchPlugin - Waiting for the debugger to settle...
[2016-02-01 17:13:34:308] DebugLaunchPlugin - Waiting for the debugger to settle...
[2016-02-01 17:13:34:320] DebugLaunchPlugin - Waiting for the debugger to settle...
[2016-02-01 17:13:34:331] DebugLaunchPlugin - Waiting for the debugger to settle...
[2016-02-01 17:13:34:342] DebugLaunchPlugin - Waiting for the debugger to settle...
[2016-02-01 17:13:34:352] DebugLaunchPlugin - Waiting for the debugger to settle...
[2016-02-01 17:13:34:363] DebugLaunchPlugin - Waiting for the debugger to settle...
[2016-02-01 17:13:34:374] DebugLaunchPlugin - Waiting for the debugger to settle...
[2016-02-01 17:13:34:385] DebugLaunchPlugin - Waiting for the debugger to settle...
[2016-02-01 17:13:34:397] DebugLaunchPlugin - Waiting for the debugger to settle...
[2016-02-01 17:13:34:408] DebugLaunchPlugin - Waiting for the debugger to settle...
[2016-02-01 17:13:34:418] DebugLaunchPlugin - Waiting for the debugger to settle...
[2016-02-01 17:13:34:428] DebugLaunchPlugin - Waiting for the debugger to settle...
[2016-02-01 17:13:34:439] DebugLaunchPlugin - Waiting for the debugger to settle...
[2016-02-01 17:13:34:450] DebugLaunchPlugin - Waiting for the debugger to settle...
[2016-02-01 17:13:34:461] DebugLaunchPlugin - Waiting for the debugger to settle...
[2016-02-01 17:13:34:471] DebugLaunchPlugin - Waiting for the debugger to settle...
[2016-02-01 17:13:34:482] DebugLaunchPlugin - Waiting for the debugger to settle...
[2016-02-01 17:13:34:493] DebugLaunchPlugin - Waiting for the debugger to settle...
[2016-02-01 17:13:34:505] DebugLaunchPlugin - Waiting for the debugger to settle...
[2016-02-01 17:13:34:516] DebugLaunchPlugin - Waiting for the debugger to settle...
[2016-02-01 17:13:34:528] DebugLaunchPlugin - Waiting for the debugger to settle...
[2016-02-01 17:13:34:538] DebugLaunchPlugin - Waiting for the debugger to settle...
[2016-02-01 17:13:34:551] DebugLaunchPlugin - Waiting for the debugger to settle...
[2016-02-01 17:13:34:563] DebugLaunchPlugin - Waiting for the debugger to settle...
[2016-02-01 17:13:34:576] DebugLaunchPlugin - Waiting for the debugger to settle...
[2016-02-01 17:13:34:587] DebugLaunchPlugin - Waiting for the debugger to settle...
[2016-02-01 17:13:34:598] DebugLaunchPlugin - Waiting for the debugger to settle...
[2016-02-01 17:13:34:610] DebugLaunchPlugin - Waiting for the debugger to settle...
[2016-02-01 17:13:34:622] DebugLaunchPlugin - Waiting for the debugger to settle...
[2016-02-01 17:13:34:635] DebugLaunchPlugin - Waiting for the debugger to settle...
[2016-02-01 17:13:34:646] DebugLaunchPlugin - Waiting for the debugger to settle...
[2016-02-01 17:13:34:656] DebugLaunchPlugin - Waiting for the debugger to settle...
[2016-02-01 17:13:34:669] DebugLaunchPlugin - Waiting for the debugger to settle...
[2016-02-01 17:13:34:681] DebugLaunchPlugin - Waiting for the debugger to settle...
[2016-02-01 17:13:34:692] DebugLaunchPlugin - Waiting for the debugger to settle...
[2016-02-01 17:13:34:703] DebugLaunchPlugin - Waiting for the debugger to settle...
[2016-02-01 17:13:34:713] DebugLaunchPlugin - Waiting for the debugger to settle...
[2016-02-01 17:13:34:724] DebugLaunchPlugin - Waiting for the debugger to settle...
[2016-02-01 17:13:34:734] DebugLaunchPlugin - Waiting for the debugger to settle...
[2016-02-01 17:13:34:747] DebugLaunchPlugin - Waiting for the debugger to settle...
[2016-02-01 17:13:34:758] DebugLaunchPlugin - Waiting for the debugger to settle...
[2016-02-01 17:13:34:771] DebugLaunchPlugin - Waiting for the debugger to settle...
[2016-02-01 17:13:34:782] DebugLaunchPlugin - Waiting for the debugger to settle...
[2016-02-01 17:13:34:793] DebugLaunchPlugin - Waiting for the debugger to settle...
[2016-02-01 17:13:34:806] DebugLaunchPlugin - Waiting for the debugger to settle...
[2016-02-01 17:13:34:816] DebugLaunchPlugin - Waiting for the debugger to settle...
[2016-02-01 17:13:34:829] DebugLaunchPlugin - Waiting for the debugger to settle...
[2016-02-01 17:13:34:840] DebugLaunchPlugin - Waiting for the debugger to settle...
[2016-02-01 17:13:34:852] DebugLaunchPlugin - Waiting for the debugger to settle...
[2016-02-01 17:13:34:862] DebugLaunchPlugin - Waiting for the debugger to settle...
[2016-02-01 17:13:34:873] DebugLaunchPlugin - Waiting for the debugger to settle...
[2016-02-01 17:13:34:884] DebugLaunchPlugin - Waiting for the debugger to settle...
[2016-02-01 17:13:34:896] DebugLaunchPlugin - Waiting for the debugger to settle...
[2016-02-01 17:13:34:909] DebugLaunchPlugin - Waiting for the debugger to settle...
[2016-02-01 17:13:34:920] DebugLaunchPlugin - Waiting for the debugger to settle...
[2016-02-01 17:13:34:930] DebugLaunchPlugin - Waiting for the debugger to settle...
[2016-02-01 17:13:34:943] DebugLaunchPlugin - Waiting for the debugger to settle...
[2016-02-01 17:13:34:956] DebugLaunchPlugin - Waiting for the debugger to settle...
[2016-02-01 17:13:34:968] DebugLaunchPlugin - Waiting for the debugger to settle...
[2016-02-01 17:13:34:981] DebugLaunchPlugin - Waiting for the debugger to settle...
[2016-02-01 17:13:34:991] DebugLaunchPlugin - Waiting for the debugger to settle...
[2016-02-01 17:13:35:004] DebugLaunchPlugin - Waiting for the debugger to settle...
[2016-02-01 17:13:35:014] DebugLaunchPlugin - Waiting for the debugger to settle...
[2016-02-01 17:13:35:026] DebugLaunchPlugin - Waiting for the debugger to settle...
[2016-02-01 17:13:35:039] DebugLaunchPlugin - Waiting for the debugger to settle...
[2016-02-01 17:13:35:049] DebugLaunchPlugin - Waiting for the debugger to settle...
[2016-02-01 17:13:35:060] DebugLaunchPlugin - Waiting for the debugger to settle...
[2016-02-01 17:13:35:073] DebugLaunchPlugin - Waiting for the debugger to settle...
[2016-02-01 17:13:35:086] DebugLaunchPlugin - Waiting for the debugger to settle...
[2016-02-01 17:13:35:099] DebugLaunchPlugin - Waiting for the debugger to settle...
[2016-02-01 17:13:35:110] DebugLaunchPlugin - Waiting for the debugger to settle...
[2016-02-01 17:13:35:120] DebugLaunchPlugin - Waiting for the debugger to settle...
[2016-02-01 17:13:35:130] DebugLaunchPlugin - Waiting for the debugger to settle...
[2016-02-01 17:13:35:143] DebugLaunchPlugin - Waiting for the debugger to settle...
[2016-02-01 17:13:35:154] DebugLaunchPlugin - Debugger has settled. Resuming inferior.
[2016-02-01 17:13:36:407] SoftJdwpEventProcessor - Reporting class prepare event EventRequest [id=6, eventKind=CLASS_PREPARE, suspendPolicy=EVENT_THREAD, constraints=[ClassMatchConstraint [classPattern=com.mob.demo.MyViewController$*]]] to JDWP client for class com/mob/demo/MyViewController$3$1
[2016-02-01 17:13:36:408] JdwpDebugServer - Command: H(2 15) id = 2379 length = 8
[2016-02-01 17:13:36:408] SoftVmInterface - Reporting method: com/mob/demo/MyViewController$3$1.<init>
[2016-02-01 17:13:36:409] SoftVmInterface - Reporting method: com/mob/demo/MyViewController$3$1.invoke
[2016-02-01 17:13:36:409] SoftVmInterface - Reporting method: com/mob/demo/MyViewController$3$1.$SWITCH_TABLE$com$mob$sharesdk$SSDKResponseState
[2016-02-01 17:13:36:409] JdwpDebugServer - Command: o(6 1) id = 2380 length = 16
[2016-02-01 17:13:36:409] SoftVmInterface - Reporting line numbers for method com/mob/demo/MyViewController$3$1.<init>: [1, 84]
[2016-02-01 17:13:36:410] JdwpDebugServer - Command: o(6 1) id = 2381 length = 16
[2016-02-01 17:13:36:410] SoftVmInterface - Reporting line numbers for method com/mob/demo/MyViewController$3$1.invoke: [90, 93, 96, 97, 98, 100, 106, 108]
[2016-02-01 17:13:36:410] JdwpDebugServer - Command: o(6 1) id = 2382 length = 16
[2016-02-01 17:13:36:410] SoftVmInterface - Reporting line numbers for method com/mob/demo/MyViewController$3$1.$SWITCH_TABLE$com$mob$sharesdk$SSDKResponseState: [84]
[2016-02-01 17:13:36:411] JdwpDebugServer - Command: m(15 1) id = 2383 length = 32
[2016-02-01 17:13:36:411] SoftJdwpEventProcessor - Set breakpoint at com/mob/demo/MyViewController$3$1.invoke(Lcom/mob/sharesdk/SSDKResponseState;Lorg/robovm/apple/foundation/NSDictionary;Lcom/mob/sharesdk/SSDKContentEntity;Lorg/robovm/apple/foundation/NSError;)V:90
[2016-02-01 17:13:36:414] JdwpDebugServer - Command: Z(11 3) id = 2384 length = 8
[2016-02-01 17:13:36:414] DebugChannel - Event: Thread resumed, java obj: 0x116018f30, thread: 0x116017ee0
[2016-02-01 17:13:41:646] DebugChannel - Event: Thread stopped, reason: Breakpoint, java obj: 0x116018f30, thread: 0x116017ee0, frames: 5
[2016-02-01 17:13:41:646] SoftDebugger - Reconstructing frames took: 3.73E-4secs
[2016-02-01 17:13:41:647] SoftJdwpEventProcessor - processing breakpoint event
[2016-02-01 17:13:41:648] JdwpDebugServer - Command: W(11 6) id = 2385 length = 16
[2016-02-01 17:13:41:649] JdwpDebugServer - Command: H(2 15) id = 2386 length = 8
[2016-02-01 17:13:41:649] SoftVmInterface - Reporting method: com/mob/sharesdk/ShareSDK$$BlockMarshaler2.invoke
[2016-02-01 17:13:41:649] SoftVmInterface - Reporting method: com/mob/sharesdk/ShareSDK$$BlockMarshaler2.invoke
[2016-02-01 17:13:41:649] SoftVmInterface - Reporting method: com/mob/sharesdk/ShareSDK$$BlockMarshaler2.invoked
[2016-02-01 17:13:41:649] SoftVmInterface - Reporting method: com/mob/sharesdk/ShareSDK$$BlockMarshaler2.<init>
[2016-02-01 17:13:41:649] SoftVmInterface - Reporting method: com/mob/sharesdk/ShareSDK$$BlockMarshaler2.finalize
[2016-02-01 17:13:41:649] SoftVmInterface - Reporting method: com/mob/sharesdk/ShareSDK$$BlockMarshaler2.toObject
[2016-02-01 17:13:41:649] SoftVmInterface - Reporting method: com/mob/sharesdk/ShareSDK$$BlockMarshaler2.toNative
[2016-02-01 17:13:41:649] SoftVmInterface - Reporting method: com/mob/sharesdk/ShareSDK$$BlockMarshaler2.<clinit>
[2016-02-01 17:13:41:650] JdwpDebugServer - Command: H(2 15) id = 2387 length = 8
[2016-02-01 17:13:41:650] SoftVmInterface - Reporting method: org/robovm/apple/uikit/UIApplication.<init>
[2016-02-01 17:13:41:650] SoftVmInterface - Reporting method: org/robovm/apple/uikit/UIApplication.<init>
[2016-02-01 17:13:41:650] SoftVmInterface - Reporting method: org/robovm/apple/uikit/UIApplication.<init>
[2016-02-01 17:13:41:650] SoftVmInterface - Reporting method: org/robovm/apple/uikit/UIApplication.getDelegate
[2016-02-01 17:13:41:650] SoftVmInterface - Reporting method: org/robovm/apple/uikit/UIApplication.setDelegate
[2016-02-01 17:13:41:650] SoftVmInterface - Reporting method: org/robovm/apple/uikit/UIApplication.isIdleTimerDisabled
[2016-02-01 17:13:41:650] SoftVmInterface - Reporting method: org/robovm/apple/uikit/UIApplication.setIdleTimerDisabled
[2016-02-01 17:13:41:650] SoftVmInterface - Reporting method: org/robovm/apple/uikit/UIApplication.getKeyWindow
[2016-02-01 17:13:41:650] SoftVmInterface - Reporting method: org/robovm/apple/uikit/UIApplication.getWindows
[2016-02-01 17:13:41:650] SoftVmInterface - Reporting method: org/robovm/apple/uikit/UIApplication.isNetworkActivityIndicatorVisible
[2016-02-01 17:13:41:650] SoftVmInterface - Reporting method: org/robovm/apple/uikit/UIApplication.setNetworkActivityIndicatorVisible
[2016-02-01 17:13:41:650] SoftVmInterface - Reporting method: org/robovm/apple/uikit/UIApplication.getStatusBarStyle
[2016-02-01 17:13:41:650] SoftVmInterface - Reporting method: org/robovm/apple/uikit/UIApplication.isStatusBarHidden
[2016-02-01 17:13:41:650] SoftVmInterface - Reporting method: org/robovm/apple/uikit/UIApplication.getStatusBarOrientation
[2016-02-01 17:13:41:650] SoftVmInterface - Reporting method: org/robovm/apple/uikit/UIApplication.getStatusBarOrientationAnimationDuration
[2016-02-01 17:13:41:650] SoftVmInterface - Reporting method: org/robovm/apple/uikit/UIApplication.getStatusBarFrame
[2016-02-01 17:13:41:650] SoftVmInterface - Reporting method: org/robovm/apple/uikit/UIApplication.getApplicationIconBadgeNumber
[2016-02-01 17:13:41:650] SoftVmInterface - Reporting method: org/robovm/apple/uikit/UIApplication.setApplicationIconBadgeNumber
[2016-02-01 17:13:41:651] SoftVmInterface - Reporting method: org/robovm/apple/uikit/UIApplication.supportsShakeToEdit
[2016-02-01 17:13:41:651] SoftVmInterface - Reporting method: org/robovm/apple/uikit/UIApplication.setSupportsShakeToEdit
[2016-02-01 17:13:41:651] SoftVmInterface - Reporting method: org/robovm/apple/uikit/UIApplication.getApplicationState
[2016-02-01 17:13:41:651] SoftVmInterface - Reporting method: org/robovm/apple/uikit/UIApplication.getBackgroundTimeRemaining
[2016-02-01 17:13:41:651] SoftVmInterface - Reporting method: org/robovm/apple/uikit/UIApplication.getBackgroundRefreshStatus
[2016-02-01 17:13:41:651] SoftVmInterface - Reporting method: org/robovm/apple/uikit/UIApplication.isProtectedDataAvailable
[2016-02-01 17:13:41:651] SoftVmInterface - Reporting method: org/robovm/apple/uikit/UIApplication.getUserInterfaceLayoutDirection
[2016-02-01 17:13:41:651] SoftVmInterface - Reporting method: org/robovm/apple/uikit/UIApplication.getPreferredContentSizeCategory
[2016-02-01 17:13:41:651] SoftVmInterface - Reporting method: org/robovm/apple/uikit/UIApplication.getScheduledLocalNotifications
[2016-02-01 17:13:41:651] SoftVmInterface - Reporting method: org/robovm/apple/uikit/UIApplication.setScheduledLocalNotifications
[2016-02-01 17:13:41:651] SoftVmInterface - Reporting method: org/robovm/apple/uikit/UIApplication.getShortcutItems
[2016-02-01 17:13:41:651] SoftVmInterface - Reporting method: org/robovm/apple/uikit/UIApplication.setShortcutItems
[2016-02-01 17:13:41:651] SoftVmInterface - Reporting method: org/robovm/apple/uikit/UIApplication.setStatusBarOrientation
[2016-02-01 17:13:41:651] SoftVmInterface - Reporting method: org/robovm/apple/uikit/UIApplication.setStatusBarStyle
[2016-02-01 17:13:41:651] SoftVmInterface - Reporting method: org/robovm/apple/uikit/UIApplication.setStatusBarHidden
[2016-02-01 17:13:41:651] SoftVmInterface - Reporting method: org/robovm/apple/uikit/UIApplication.main
[2016-02-01 17:13:41:651] SoftVmInterface - Reporting method: org/robovm/apple/uikit/UIApplication.preloadClasses
[2016-02-01 17:13:41:651] SoftVmInterface - Reporting method: org/robovm/apple/uikit/UIApplication.getInvalidBackgroundTask
[2016-02-01 17:13:41:651] SoftVmInterface - Reporting method: org/robovm/apple/uikit/UIApplication.getMinimumKeepAliveTimeout
[2016-02-01 17:13:41:652] SoftVmInterface - Reporting method: org/robovm/apple/uikit/UIApplication.getBackgroundFetchIntervalMinimum
[2016-02-01 17:13:41:652] SoftVmInterface - Reporting method: org/robovm/apple/uikit/UIApplication.getBackgroundFetchIntervalNever
[2016-02-01 17:13:41:652] SoftVmInterface - Reporting method: org/robovm/apple/uikit/UIApplication.DidEnterBackgroundNotification
[2016-02-01 17:13:41:652] SoftVmInterface - Reporting method: org/robovm/apple/uikit/UIApplication.WillEnterForegroundNotification
[2016-02-01 17:13:41:652] SoftVmInterface - Reporting method: org/robovm/apple/uikit/UIApplication.DidFinishLaunchingNotification
[2016-02-01 17:13:41:652] SoftVmInterface - Reporting method: org/robovm/apple/uikit/UIApplication.DidBecomeActiveNotification
[2016-02-01 17:13:41:652] SoftVmInterface - Reporting method: org/robovm/apple/uikit/UIApplication.WillResignActiveNotification
[2016-02-01 17:13:41:652] SoftVmInterface - Reporting method: org/robovm/apple/uikit/UIApplication.DidReceiveMemoryWarningNotification
[2016-02-01 17:13:41:652] SoftVmInterface - Reporting method: org/robovm/apple/uikit/UIApplication.WillTerminateNotification
[2016-02-01 17:13:41:652] SoftVmInterface - Reporting method: org/robovm/apple/uikit/UIApplication.SignificantTimeChangeNotification
[2016-02-01 17:13:41:652] SoftVmInterface - Reporting method: org/robovm/apple/uikit/UIApplication.WillChangeStatusBarOrientationNotification
[2016-02-01 17:13:41:652] SoftVmInterface - Reporting method: org/robovm/apple/uikit/UIApplication.DidChangeStatusBarOrientationNotification
[2016-02-01 17:13:41:652] SoftVmInterface - Reporting method: org/robovm/apple/uikit/UIApplication.StatusBarOrientationUserInfoKey
[2016-02-01 17:13:41:652] SoftVmInterface - Reporting method: org/robovm/apple/uikit/UIApplication.WillChangeStatusBarFrameNotification
[2016-02-01 17:13:41:652] SoftVmInterface - Reporting method: org/robovm/apple/uikit/UIApplication.DidChangeStatusBarFrameNotification
[2016-02-01 17:13:41:652] SoftVmInterface - Reporting method: org/robovm/apple/uikit/UIApplication.StatusBarFrameUserInfoKey
[2016-02-01 17:13:41:652] SoftVmInterface - Reporting method: org/robovm/apple/uikit/UIApplication.BackgroundRefreshStatusDidChangeNotification
[2016-02-01 17:13:41:653] SoftVmInterface - Reporting method: org/robovm/apple/uikit/UIApplication.ProtectedDataWillBecomeUnavailableNotification
[2016-02-01 17:13:41:653] SoftVmInterface - Reporting method: org/robovm/apple/uikit/UIApplication.ProtectedDataDidBecomeAvailableNotification
[2016-02-01 17:13:41:653] SoftVmInterface - Reporting method: org/robovm/apple/uikit/UIApplication.getOpenSettingsURLString
[2016-02-01 17:13:41:653] SoftVmInterface - Reporting method: org/robovm/apple/uikit/UIApplication.ContentSizeCategoryDidChangeNotification
[2016-02-01 17:13:41:653] SoftVmInterface - Reporting method: org/robovm/apple/uikit/UIApplication.ContentSizeCategoryNewValueKey
[2016-02-01 17:13:41:653] SoftVmInterface - Reporting method: org/robovm/apple/uikit/UIApplication.UserDidTakeScreenshotNotification
[2016-02-01 17:13:41:653] SoftVmInterface - Reporting method: org/robovm/apple/uikit/UIApplication.main
[2016-02-01 17:13:41:653] SoftVmInterface - Reporting method: org/robovm/apple/uikit/UIApplication.beginIgnoringInteractionEvents
[2016-02-01 17:13:41:653] SoftVmInterface - Reporting method: org/robovm/apple/uikit/UIApplication.endIgnoringInteractionEvents
[2016-02-01 17:13:41:653] SoftVmInterface - Reporting method: org/robovm/apple/uikit/UIApplication.isIgnoringInteractionEvents
[2016-02-01 17:13:41:653] SoftVmInterface - Reporting method: org/robovm/apple/uikit/UIApplication.openURL
[2016-02-01 17:13:41:653] SoftVmInterface - Reporting method: org/robovm/apple/uikit/UIApplication.canOpenURL
[2016-02-01 17:13:41:653] SoftVmInterface - Reporting method: org/robovm/apple/uikit/UIApplication.sendEvent
[2016-02-01 17:13:41:653] SoftVmInterface - Reporting method: org/robovm/apple/uikit/UIApplication.sendAction
[2016-02-01 17:13:41:653] SoftVmInterface - Reporting method: org/robovm/apple/uikit/UIApplication.getSupportedInterfaceOrientations
[2016-02-01 17:13:41:653] SoftVmInterface - Reporting method: org/robovm/apple/uikit/UIApplication.beginBackgroundTask
[2016-02-01 17:13:41:653] SoftVmInterface - Reporting method: org/robovm/apple/uikit/UIApplication.beginBackgroundTask
[2016-02-01 17:13:41:653] SoftVmInterface - Reporting method: org/robovm/apple/uikit/UIApplication.endBackgroundTask
[2016-02-01 17:13:41:654] SoftVmInterface - Reporting method: org/robovm/apple/uikit/UIApplication.setMinimumBackgroundFetchInterval
[2016-02-01 17:13:41:654] SoftVmInterface - Reporting method: org/robovm/apple/uikit/UIApplication.getSharedApplication
[2016-02-01 17:13:41:654] SoftVmInterface - Reporting method: org/robovm/apple/uikit/UIApplication.registerForRemoteNotifications
[2016-02-01 17:13:41:654] SoftVmInterface - Reporting method: org/robovm/apple/uikit/UIApplication.unregisterForRemoteNotifications
[2016-02-01 17:13:41:654] SoftVmInterface - Reporting method: org/robovm/apple/uikit/UIApplication.isRegisteredForRemoteNotifications
[2016-02-01 17:13:41:654] SoftVmInterface - Reporting method: org/robovm/apple/uikit/UIApplication.registerForRemoteNotificationTypes
[2016-02-01 17:13:41:654] SoftVmInterface - Reporting method: org/robovm/apple/uikit/UIApplication.getEnabledRemoteNotificationTypes
[2016-02-01 17:13:41:654] SoftVmInterface - Reporting method: org/robovm/apple/uikit/UIApplication.presentLocalNotificationNow
[2016-02-01 17:13:41:654] SoftVmInterface - Reporting method: org/robovm/apple/uikit/UIApplication.scheduleLocalNotification
[2016-02-01 17:13:41:654] SoftVmInterface - Reporting method: org/robovm/apple/uikit/UIApplication.cancelLocalNotification
[2016-02-01 17:13:41:654] SoftVmInterface - Reporting method: org/robovm/apple/uikit/UIApplication.cancelAllLocalNotifications
[2016-02-01 17:13:41:654] SoftVmInterface - Reporting method: org/robovm/apple/uikit/UIApplication.registerUserNotificationSettings
[2016-02-01 17:13:41:654] SoftVmInterface - Reporting method: org/robovm/apple/uikit/UIApplication.getCurrentUserNotificationSettings
[2016-02-01 17:13:41:654] SoftVmInterface - Reporting method: org/robovm/apple/uikit/UIApplication.beginReceivingRemoteControlEvents
[2016-02-01 17:13:41:654] SoftVmInterface - Reporting method: org/robovm/apple/uikit/UIApplication.endReceivingRemoteControlEvents
[2016-02-01 17:13:41:654] SoftVmInterface - Reporting method: org/robovm/apple/uikit/UIApplication.setNewsstandIconImage
[2016-02-01 17:13:41:654] SoftVmInterface - Reporting method: org/robovm/apple/uikit/UIApplication.extendStateRestoration
[2016-02-01 17:13:41:654] SoftVmInterface - Reporting method: org/robovm/apple/uikit/UIApplication.completeStateRestoration
[2016-02-01 17:13:41:654] SoftVmInterface - Reporting method: org/robovm/apple/uikit/UIApplication.ignoreSnapshotOnNextApplicationLaunch
[2016-02-01 17:13:41:655] SoftVmInterface - Reporting method: org/robovm/apple/uikit/UIApplication.registerObjectForStateRestoration
[2016-02-01 17:13:41:655] SoftVmInterface - Reporting method: org/robovm/apple/uikit/UIApplication.setStatusBarOrientation
[2016-02-01 17:13:41:655] SoftVmInterface - Reporting method: org/robovm/apple/uikit/UIApplication.setStatusBarStyle
[2016-02-01 17:13:41:655] SoftVmInterface - Reporting method: org/robovm/apple/uikit/UIApplication.setStatusBarHidden
[2016-02-01 17:13:41:655] SoftVmInterface - Reporting method: org/robovm/apple/uikit/UIApplication.setKeepAliveTimeout
[2016-02-01 17:13:41:655] SoftVmInterface - Reporting method: org/robovm/apple/uikit/UIApplication.clearKeepAliveTimeout
[2016-02-01 17:13:41:655] SoftVmInterface - Reporting method: org/robovm/apple/uikit/UIApplication.access$002
[2016-02-01 17:13:41:655] SoftVmInterface - Reporting method: org/robovm/apple/uikit/UIApplication.access$000
[2016-02-01 17:13:41:655] SoftVmInterface - Reporting method: org/robovm/apple/uikit/UIApplication.<clinit>
[2016-02-01 17:13:41:655] SoftVmInterface - Reporting method: org/robovm/apple/uikit/UIApplication.$m$delegate
[2016-02-01 17:13:41:655] SoftVmInterface - Reporting method: org/robovm/apple/uikit/UIApplication.$m$super$delegate
[2016-02-01 17:13:41:655] SoftVmInterface - Reporting method: org/robovm/apple/uikit/UIApplication.$m$setDelegate$
[2016-02-01 17:13:41:655] SoftVmInterface - Reporting method: org/robovm/apple/uikit/UIApplication.$m$super$setDelegate$
[2016-02-01 17:13:41:655] SoftVmInterface - Reporting method: org/robovm/apple/uikit/UIApplication.$m$windows
[2016-02-01 17:13:41:655] SoftVmInterface - Reporting method: org/robovm/apple/uikit/UIApplication.$m$super$windows
[2016-02-01 17:13:41:655] SoftVmInterface - Reporting method: org/robovm/apple/uikit/UIApplication.$m$statusBarStyle
[2016-02-01 17:13:41:655] SoftVmInterface - Reporting method: org/robovm/apple/uikit/UIApplication.$m$super$statusBarStyle
[2016-02-01 17:13:41:655] SoftVmInterface - Reporting method: org/robovm/apple/uikit/UIApplication.$m$statusBarOrientation
[2016-02-01 17:13:41:655] SoftVmInterface - Reporting method: org/robovm/apple/uikit/UIApplication.$m$super$statusBarOrientation
[2016-02-01 17:13:41:656] SoftVmInterface - Reporting method: org/robovm/apple/uikit/UIApplication.$m$statusBarFrame
[2016-02-01 17:13:41:656] SoftVmInterface - Reporting method: org/robovm/apple/uikit/UIApplication.$m$super$statusBarFrame
[2016-02-01 17:13:41:656] SoftVmInterface - Reporting method: org/robovm/apple/uikit/UIApplication.$m$applicationState
[2016-02-01 17:13:41:656] SoftVmInterface - Reporting method: org/robovm/apple/uikit/UIApplication.$m$super$applicationState
[2016-02-01 17:13:41:656] SoftVmInterface - Reporting method: org/robovm/apple/uikit/UIApplication.$m$backgroundRefreshStatus
[2016-02-01 17:13:41:656] SoftVmInterface - Reporting method: org/robovm/apple/uikit/UIApplication.$m$super$backgroundRefreshStatus
[2016-02-01 17:13:41:656] SoftVmInterface - Reporting method: org/robovm/apple/uikit/UIApplication.$m$userInterfaceLayoutDirection
[2016-02-01 17:13:41:656] SoftVmInterface - Reporting method: org/robovm/apple/uikit/UIApplication.$m$super$userInterfaceLayoutDirection
[2016-02-01 17:13:41:656] SoftVmInterface - Reporting method: org/robovm/apple/uikit/UIApplication.$m$scheduledLocalNotifications
[2016-02-01 17:13:41:656] SoftVmInterface - Reporting method: org/robovm/apple/uikit/UIApplication.$m$super$scheduledLocalNotifications
[2016-02-01 17:13:41:656] SoftVmInterface - Reporting method: org/robovm/apple/uikit/UIApplication.$m$setScheduledLocalNotifications$
[2016-02-01 17:13:41:656] SoftVmInterface - Reporting method: org/robovm/apple/uikit/UIApplication.$m$super$setScheduledLocalNotifications$
[2016-02-01 17:13:41:656] SoftVmInterface - Reporting method: org/robovm/apple/uikit/UIApplication.$m$shortcutItems
[2016-02-01 17:13:41:656] SoftVmInterface - Reporting method: org/robovm/apple/uikit/UIApplication.$m$super$shortcutItems
[2016-02-01 17:13:41:656] SoftVmInterface - Reporting method: org/robovm/apple/uikit/UIApplication.$m$setShortcutItems$
[2016-02-01 17:13:41:656] SoftVmInterface - Reporting method: org/robovm/apple/uikit/UIApplication.$m$super$setShortcutItems$
[2016-02-01 17:13:41:656] SoftVmInterface - Reporting method: org/robovm/apple/uikit/UIApplication.$m$setStatusBarOrientation$
[2016-02-01 17:13:41:656] SoftVmInterface - Reporting method: org/robovm/apple/uikit/UIApplication.$m$super$setStatusBarOrientation$
[2016-02-01 17:13:41:657] SoftVmInterface - Reporting method: org/robovm/apple/uikit/UIApplication.$m$setStatusBarStyle$
[2016-02-01 17:13:41:657] SoftVmInterface - Reporting method: org/robovm/apple/uikit/UIApplication.$m$super$setStatusBarStyle$
[2016-02-01 17:13:41:657] SoftVmInterface - Reporting method: org/robovm/apple/uikit/UIApplication.$m$openURL$
[2016-02-01 17:13:41:657] SoftVmInterface - Reporting method: org/robovm/apple/uikit/UIApplication.$m$super$openURL$
[2016-02-01 17:13:41:657] SoftVmInterface - Reporting method: org/robovm/apple/uikit/UIApplication.$m$canOpenURL$
[2016-02-01 17:13:41:657] SoftVmInterface - Reporting method: org/robovm/apple/uikit/UIApplication.$m$super$canOpenURL$
[2016-02-01 17:13:41:657] SoftVmInterface - Reporting method: org/robovm/apple/uikit/UIApplication.$m$sendAction$to$from$forEvent$
[2016-02-01 17:13:41:657] SoftVmInterface - Reporting method: org/robovm/apple/uikit/UIApplication.$m$super$sendAction$to$from$forEvent$
[2016-02-01 17:13:41:657] SoftVmInterface - Reporting method: org/robovm/apple/uikit/UIApplication.$m$supportedInterfaceOrientationsForWindow$
[2016-02-01 17:13:41:657] SoftVmInterface - Reporting method: org/robovm/apple/uikit/UIApplication.$m$super$supportedInterfaceOrientationsForWindow$
[2016-02-01 17:13:41:657] SoftVmInterface - Reporting method: org/robovm/apple/uikit/UIApplication.$m$beginBackgroundTaskWithExpirationHandler$
[2016-02-01 17:13:41:657] SoftVmInterface - Reporting method: org/robovm/apple/uikit/UIApplication.$m$super$beginBackgroundTaskWithExpirationHandler$
[2016-02-01 17:13:41:657] SoftVmInterface - Reporting method: org/robovm/apple/uikit/UIApplication.$m$beginBackgroundTaskWithName$expirationHandler$
[2016-02-01 17:13:41:657] SoftVmInterface - Reporting method: org/robovm/apple/uikit/UIApplication.$m$super$beginBackgroundTaskWithName$expirationHandler$
[2016-02-01 17:13:41:657] SoftVmInterface - Reporting method: org/robovm/apple/uikit/UIApplication.$m$sharedApplication
[2016-02-01 17:13:41:657] SoftVmInterface - Reporting method: org/robovm/apple/uikit/UIApplication.$m$registerForRemoteNotificationTypes$
[2016-02-01 17:13:41:657] SoftVmInterface - Reporting method: org/robovm/apple/uikit/UIApplication.$m$super$registerForRemoteNotificationTypes$
[2016-02-01 17:13:41:657] SoftVmInterface - Reporting method: org/robovm/apple/uikit/UIApplication.$m$enabledRemoteNotificationTypes
[2016-02-01 17:13:41:657] SoftVmInterface - Reporting method: org/robovm/apple/uikit/UIApplication.$m$super$enabledRemoteNotificationTypes
[2016-02-01 17:13:41:658] SoftVmInterface - Reporting method: org/robovm/apple/uikit/UIApplication.$m$registerObjectForStateRestoration$restorationIdentifier$
[2016-02-01 17:13:41:658] SoftVmInterface - Reporting method: org/robovm/apple/uikit/UIApplication.$m$setStatusBarOrientation$animated$
[2016-02-01 17:13:41:658] SoftVmInterface - Reporting method: org/robovm/apple/uikit/UIApplication.$m$super$setStatusBarOrientation$animated$
[2016-02-01 17:13:41:658] SoftVmInterface - Reporting method: org/robovm/apple/uikit/UIApplication.$m$setStatusBarStyle$animated$
[2016-02-01 17:13:41:658] SoftVmInterface - Reporting method: org/robovm/apple/uikit/UIApplication.$m$super$setStatusBarStyle$animated$
[2016-02-01 17:13:41:658] SoftVmInterface - Reporting method: org/robovm/apple/uikit/UIApplication.$m$setStatusBarHidden$withAnimation$
[2016-02-01 17:13:41:658] SoftVmInterface - Reporting method: org/robovm/apple/uikit/UIApplication.$m$super$setStatusBarHidden$withAnimation$
[2016-02-01 17:13:41:658] SoftVmInterface - Reporting method: org/robovm/apple/uikit/UIApplication.$m$setKeepAliveTimeout$handler$
[2016-02-01 17:13:41:658] SoftVmInterface - Reporting method: org/robovm/apple/uikit/UIApplication.$m$super$setKeepAliveTimeout$handler$
[2016-02-01 17:13:41:659] JdwpDebugServer - Command: H(2 15) id = 2388 length = 8
[2016-02-01 17:13:41:659] SoftVmInterface - Reporting method: com/mob/demo/ShareSDKDemo.<init>
[2016-02-01 17:13:41:659] SoftVmInterface - Reporting method: com/mob/demo/ShareSDKDemo.didFinishLaunching
[2016-02-01 17:13:41:659] SoftVmInterface - Reporting method: com/mob/demo/ShareSDKDemo.main
[2016-02-01 17:13:41:659] SoftVmInterface - Reporting method: com/mob/demo/ShareSDKDemo.initShareSDK
[2016-02-01 17:13:41:659] SoftVmInterface - Reporting method: com/mob/demo/ShareSDKDemo.$cb$application$didFinishLaunchingWithOptions$
[2016-02-01 17:13:41:659] SoftVmInterface - Reporting method: com/mob/demo/ShareSDKDemo.$cb$init
[2016-02-01 17:13:41:660] SoftVmInterface - Reporting method: com/mob/demo/ShareSDKDemo.$setHandle
[2016-02-01 17:13:41:660] SoftVmInterface - Reporting method: com/mob/demo/ShareSDKDemo.$cb$initWithCoder$
[2016-02-01 17:13:41:660] SoftVmInterface - Reporting method: com/mob/demo/ShareSDKDemo.$m$super$initWithCoder$
[2016-02-01 17:13:41:660] SoftVmInterface - Reporting method: com/mob/demo/ShareSDKDemo.$getSuper
[2016-02-01 17:13:41:660] SoftVmInterface - Reporting method: com/mob/demo/ShareSDKDemo.$initObject
[2016-02-01 17:13:41:660] SoftVmInterface - Reporting method: com/mob/demo/ShareSDKDemo.<clinit>
[2016-02-01 17:13:41:660] JdwpDebugServer - Command: V(11 7) id = 2389 length = 8
[2016-02-01 17:13:41:661] JdwpDebugServer - Command: Y(11 8) id = 2390 length = 8
[2016-02-01 17:13:41:661] JdwpDebugServer - Command: U(11 9) id = 2391 length = 8
[2016-02-01 17:13:41:663] JdwpDebugServer - Command: Y(11 8) id = 2392 length = 8
[2016-02-01 17:13:41:663] JdwpDebugServer - Command: U(11 9) id = 2393 length = 8
[2016-02-01 17:13:41:665] JdwpDebugServer - Command: U(11 9) id = 2394 length = 8
[2016-02-01 17:13:41:665] JdwpDebugServer - Command: Y(11 8) id = 2395 length = 8
[2016-02-01 17:13:41:666] JdwpDebugServer - Command: U(11 9) id = 2396 length = 8
[2016-02-01 17:13:41:667] JdwpDebugServer - Command: Y(11 8) id = 2397 length = 8
[2016-02-01 17:13:41:667] JdwpDebugServer - Command: U(11 9) id = 2398 length = 8
[2016-02-01 17:13:41:668] JdwpDebugServer - Command: Y(11 8) id = 2399 length = 8
[2016-02-01 17:13:41:668] JdwpDebugServer - Command: U(11 9) id = 2400 length = 8
[2016-02-01 17:13:41:668] JdwpDebugServer - Command: Y(11 8) id = 2401 length = 8
[2016-02-01 17:13:41:802] JdwpDebugServer - Command: L(2 7) id = 2402 length = 8
[2016-02-01 17:13:41:929] JdwpDebugServer - Command: X(11 1) id = 2403 length = 8
[2016-02-01 17:13:41:930] JdwpDebugServer - Command: K(2 13) id = 2404 length = 8
[2016-02-01 17:13:41:930] JdwpDebugServer - Command: P(16 3) id = 2405 length = 16
[2016-02-01 17:13:41:931] JdwpDebugServer - Command: y(9 1) id = 2406 length = 8
[2016-02-01 17:13:41:932] JdwpDebugServer - Command: X(11 1) id = 2407 length = 8
[2016-02-01 17:13:41:934] JdwpDebugServer - Command: X(11 1) id = 2408 length = 8
[2016-02-01 17:13:42:092] JdwpDebugServer - Command: q(6 5) id = 2409 length = 16
[2016-02-01 17:13:42:092] JdwpDebugServer - Command: V(11 7) id = 2410 length = 8
[2016-02-01 17:13:42:092] JdwpDebugServer - Command: Y(11 8) id = 2411 length = 8
[2016-02-01 17:13:42:092] JdwpDebugServer - Command: U(11 9) id = 2412 length = 8
[2016-02-01 17:13:42:227] JdwpDebugServer - Command: J(2 1) id = 2413 length = 8
[2016-02-01 17:13:42:227] JdwpDebugServer - Command: K(2 13) id = 2414 length = 8
[2016-02-01 17:13:42:227] JdwpDebugServer - Command: o(6 1) id = 2415 length = 16
[2016-02-01 17:13:42:228] SoftVmInterface - Reporting line numbers for method com/mob/sharesdk/ShareSDK$$BlockMarshaler2.invoked: [1048578]
[2016-02-01 17:13:42:228] JdwpDebugServer - Command: J(2 1) id = 2416 length = 8
[2016-02-01 17:13:42:228] JdwpDebugServer - Command: K(2 13) id = 2417 length = 8
[2016-02-01 17:13:42:229] JdwpDebugServer - Command: o(6 1) id = 2418 length = 16
[2016-02-01 17:13:42:229] SoftVmInterface - Reporting line numbers for method org/robovm/apple/uikit/UIApplication.main: [365, 366, 367, 368, 369, 371, 372, 375, 376, 377, 379, 380, 381, 384, 385, 386, 388, 389, 394, 400, 408, 409, 410, 411, 413, 414]
[2016-02-01 17:13:42:230] JdwpDebugServer - Command: J(2 1) id = 2419 length = 8
[2016-02-01 17:13:42:230] JdwpDebugServer - Command: K(2 13) id = 2420 length = 8
[2016-02-01 17:13:42:230] JdwpDebugServer - Command: o(6 1) id = 2421 length = 16
[2016-02-01 17:13:42:231] SoftVmInterface - Reporting line numbers for method com/mob/demo/ShareSDKDemo.main: [40, 41, 42, 43]
[2016-02-01 17:13:44:924] JdwpDebugServer - Command: Z(11 3) id = 2422 length = 8
[2016-02-01 17:13:44:925] DebugChannel - Event: Thread resumed, java obj: 0x116018f30, thread: 0x116017ee0
[2016-02-01 17:13:44:930] JdwpDebugServer - Command: U(11 9) id = 2423 length = 8
[2016-02-01 17:13:44:931] JdwpDebugServer - Command: Y(11 8) id = 2424 length = 8
[2016-02-01 17:13:44:933] JdwpDebugServer - Command: U(11 9) id = 2425 length = 8
[2016-02-01 17:13:44:934] JdwpDebugServer - Command: Y(11 8) id = 2426 length = 8
[2016-02-01 17:13:44:934] JdwpDebugServer - Command: U(11 9) id = 2427 length = 8
[2016-02-01 17:13:44:934] JdwpDebugServer - Command: Y(11 8) id = 2428 length = 8
[2016-02-01 17:13:44:935] JdwpDebugServer - Command: U(11 9) id = 2429 length = 8
[2016-02-01 17:13:44:935] JdwpDebugServer - Command: Y(11 8) id = 2430 length = 8
[2016-02-01 17:13:45:159] JdwpDebugServer - Command: X(11 1) id = 2431 length = 8
[2016-02-01 17:13:45:161] JdwpDebugServer - Command: X(11 1) id = 2432 length = 8
[2016-02-01 17:13:45:163] JdwpDebugServer - Command: X(11 1) id = 2433 length = 8
[2016-02-01 17:13:45:391] JdwpDebugServer - Command: X(11 1) id = 2434 length = 8
[2016-02-01 17:19:13:271] JdwpDebugServer - Command: ap(1 10) id = 2435 length = 4
[2016-02-01 17:19:13:271] JdwpDebugServer - java.io.IOException: eof
	at com.robovm.debug.server.b.b.b.q(Unknown.java:161)
	at com.robovm.debug.server.b.b.b.e(Unknown.java:70)
	at com.robovm.debug.server.b.p.a(Unknown.java:7303)
	at com.robovm.debug.server.b.q.run(Unknown.java:207)
[2016-02-01 17:19:13:272] DebugLaunchPlugin - Shutting down JDWP server
[2016-02-01 17:19:13:272] SocketTransport - Listening for transport dt_socket at address: 65258
[2016-02-01 17:19:13:476] DebugChannel - Shutting down debug channel thread
[2016-02-01 17:19:13:476] SoftJdwpEventProcessor - processing vm death event
[2016-02-01 17:19:13:476] SoftDebugger - Shutting down event loop thread
