[2016-02-01 14:44:12:135] ExecutableMemoryAccess - Reading executable bytes took: 0.162791
[2016-02-01 14:44:12:231] ExecutableMemoryAccess - Dumped section __TEXT,__text, took: 0.072101
[2016-02-01 14:44:12:233] ExecutableMemoryAccess - Dumped section __TEXT,__const, took: 0.001034
[2016-02-01 14:44:12:234] ExecutableMemoryAccess - Dumped section __DATA,__const, took: 6.16E-4
[2016-02-01 14:44:12:235] ExecutableMemoryAccess - Dumped section __DATA,__data, took: 9.76E-4
[2016-02-01 14:44:12:235] ExecutableMemoryAccess - Parsing sections took: 0.263629
[2016-02-01 14:44:13:902] ExecutableSymbolLookup - Reading nm output took: 1.93085
[2016-02-01 14:44:14:005] ExecutableSymbolLookup - Parsing nm output took: 0.10153
[2016-02-01 14:44:14:005] ExecutableSymbolLookup - Parsing symbols took: 2.03345
[2016-02-01 14:44:21:271] DebugLaunchPlugin - Got port address in 7.044295secs
[2016-02-01 14:44:21:273] SoftDebugger - Established connection to app on port 57019
[2016-02-01 14:44:21:274] DebugChannel - Starting debug channel thread
[2016-02-01 14:44:21:274] ClassInfoParser - Reading boot classes info
[2016-02-01 14:44:21:276] ClassInfoParser - Took 0.001822
[2016-02-01 14:44:21:276] ClassInfoParser - Reading classes info
[2016-02-01 14:44:21:277] ClassInfoParser - Took 0.001407
[2016-02-01 14:44:22:022] DebugChannel - Event: Thread attached, java obj: 0x110b24f30, thread: 0x110b23ee0
[2016-02-01 14:44:22:023] DebugChannel - Event: Thread stopped, reason: Exception, java obj: 0x110b24f30, thread: 0x110b23ee0, frames: 15
[2016-02-01 14:44:22:070] SoftDebugger - Loading class infos took: 0.796815secs
[2016-02-01 14:44:22:072] SoftDebugger - Loading class infos and adjusting addresses took: 0.798821secs
[2016-02-01 14:44:22:074] DebugLaunchPlugin - Waiting for JDWP client to connect
[2016-02-01 14:44:22:074] SocketTransport - Listening for transport dt_socket at address: 56991
[2016-02-01 14:44:22:076] SoftDebugger - Thread main attached
[2016-02-01 14:44:22:083] SoftDebugger - Reconstructing frames took: 0.007414secs
[2016-02-01 14:44:22:084] DebugChannel - Event: Thread resumed, java obj: 0x110b24f30, thread: 0x110b23ee0
[2016-02-01 14:44:22:261] DebugChannel - Event: Thread stopped, reason: Exception, java obj: 0x110b24f30, thread: 0x110b23ee0, frames: 10
[2016-02-01 14:44:22:261] SoftDebugger - Reconstructing frames took: 5.2E-5secs
[2016-02-01 14:44:22:262] DebugChannel - Event: Thread resumed, java obj: 0x110b24f30, thread: 0x110b23ee0
[2016-02-01 14:44:22:262] JdwpDebugServer - Command: aq(1 7) id = 1645 length = 0
[2016-02-01 14:44:22:262] JdwpDebugServer - Command: m(15 1) id = 1646 length = 6
[2016-02-01 14:44:22:262] JdwpDebugServer - Command: m(15 1) id = 1644 length = 6
[2016-02-01 14:44:22:263] JdwpDebugServer - Command: m(15 1) id = 1647 length = 6
[2016-02-01 14:44:22:263] JdwpDebugServer - Command: au(1 1) id = 1648 length = 0
[2016-02-01 14:44:22:264] JdwpDebugServer - Command: ah(1 4) id = 1649 length = 0
[2016-02-01 14:44:22:264] JdwpDebugServer - Command: ad(11 5) id = 1650 length = 8
[2016-02-01 14:44:22:266] JdwpDebugServer - Command: S(12 1) id = 1651 length = 8
[2016-02-01 14:44:22:267] JdwpDebugServer - Command: T(12 2) id = 1652 length = 8
[2016-02-01 14:44:22:268] JdwpDebugServer - Command: y(9 1) id = 1653 length = 8
[2016-02-01 14:44:22:268] JdwpDebugServer - Command: D(2 14) id = 1654 length = 8
[2016-02-01 14:44:22:268] JdwpDebugServer - Command: F(2 10) id = 1655 length = 8
[2016-02-01 14:44:22:268] JdwpDebugServer - Command: D(2 14) id = 1656 length = 8
[2016-02-01 14:44:22:269] JdwpDebugServer - Command: F(2 10) id = 1657 length = 8
[2016-02-01 14:44:22:269] JdwpDebugServer - Command: j(3 1) id = 1658 length = 8
[2016-02-01 14:44:22:269] JdwpDebugServer - Command: D(2 14) id = 1659 length = 8
[2016-02-01 14:44:22:269] JdwpDebugServer - Command: F(2 10) id = 1660 length = 8
[2016-02-01 14:44:22:270] JdwpDebugServer - Command: j(3 1) id = 1661 length = 8
[2016-02-01 14:44:22:270] DebugLaunchPlugin - Waiting for the debugger to settle...
[2016-02-01 14:44:22:270] JdwpDebugServer - Command: u(9 2) id = 1662 length = 20
[2016-02-01 14:44:22:270] JdwpDebugServer - Command: aa(11 4) id = 1663 length = 8
[2016-02-01 14:44:22:271] JdwpDebugServer - Command: aa(11 4) id = 1664 length = 8
[2016-02-01 14:44:22:271] JdwpDebugServer - Command: m(15 1) id = 1665 length = 39
[2016-02-01 14:44:22:271] SoftJdwpEventProcessor - Set up class load event with filter: mob.sharesdk.MobShareSDKDemo
[2016-02-01 14:44:22:271] ClassInfos - Couldn't find class info for mob/sharesdk/MobShareSDKDemo
[2016-02-01 14:44:22:272] ClassInfos - com.robovm.debug.server.DebuggerException: Unknown primitive type: mob/sharesdk/MobShareSDKDemo
	at com.robovm.debug.server.a.c.a(Unknown.java:3147)
	at com.robovm.debug.server.a.c.a(Unknown.java:57)
	at com.robovm.debug.server.d.y.a(Unknown.java:626)
	at com.robovm.debug.server.d.y.a(Unknown.java:597)
	at com.robovm.debug.server.b.c.a.a(Unknown.java:4118)
	at com.robovm.debug.server.b.c.b.a(Unknown.java:1693)
	at com.robovm.debug.server.b.a.m.a(Unknown.java:106)
	at com.robovm.debug.server.b.a.ae.b(Unknown.java:26)
	at com.robovm.debug.server.b.p.a(Unknown.java:7320)
	at com.robovm.debug.server.b.q.run(Unknown.java:207)
[2016-02-01 14:44:22:272] JdwpDebugServer - Command: m(15 1) id = 1666 length = 41
[2016-02-01 14:44:22:272] SoftJdwpEventProcessor - Set up class load event with filter: mob.sharesdk.MobShareSDKDemo$*
[2016-02-01 14:44:22:273] JdwpDebugServer - Command: al(1 2) id = 1667 length = 34
[2016-02-01 14:44:22:273] ClassInfos - Couldn't find class info for mob/sharesdk/MobShareSDKDemo
[2016-02-01 14:44:22:273] ClassInfos - com.robovm.debug.server.DebuggerException: Unknown primitive type: mob/sharesdk/MobShareSDKDemo
	at com.robovm.debug.server.a.c.a(Unknown.java:3147)
	at com.robovm.debug.server.a.c.a(Unknown.java:57)
	at com.robovm.debug.server.b.c.b.a(Unknown.java:281)
	at com.robovm.debug.server.b.a.al.a(Unknown.java:22)
	at com.robovm.debug.server.b.a.ae.b(Unknown.java:26)
	at com.robovm.debug.server.b.p.a(Unknown.java:7320)
	at com.robovm.debug.server.b.q.run(Unknown.java:207)
[2016-02-01 14:44:22:274] JdwpDebugServer - Command: aj(1 17) id = 1668 length = 0
[2016-02-01 14:44:22:274] JdwpDebugServer - Command: m(15 1) id = 1669 length = 26
[2016-02-01 14:44:22:274] SoftJdwpEventProcessor - Set up class load event with filter: java.lang.Error
[2016-02-01 14:44:22:275] JdwpDebugServer - Command: m(15 1) id = 1670 length = 28
[2016-02-01 14:44:22:275] SoftJdwpEventProcessor - Set up class load event with filter: java.lang.Error$*
[2016-02-01 14:44:22:277] JdwpDebugServer - Command: al(1 2) id = 1671 length = 21
[2016-02-01 14:44:22:278] JdwpDebugServer - Command: m(15 1) id = 1672 length = 17
[2016-02-01 14:44:22:278] JdwpDebugServer - Command: J(2 1) id = 1673 length = 8
[2016-02-01 14:44:22:279] JdwpDebugServer - Command: m(15 1) id = 1674 length = 30
[2016-02-01 14:44:22:279] SoftJdwpEventProcessor - Set up class load event with filter: java.lang.Throwable
[2016-02-01 14:44:22:280] JdwpDebugServer - Command: m(15 1) id = 1675 length = 32
[2016-02-01 14:44:22:280] SoftJdwpEventProcessor - Set up class load event with filter: java.lang.Throwable$*
[2016-02-01 14:44:22:280] DebugLaunchPlugin - Waiting for the debugger to settle...
[2016-02-01 14:44:22:281] JdwpDebugServer - Command: al(1 2) id = 1676 length = 25
[2016-02-01 14:44:22:281] JdwpDebugServer - Command: m(15 1) id = 1677 length = 17
[2016-02-01 14:44:22:281] JdwpDebugServer - Command: J(2 1) id = 1678 length = 8
[2016-02-01 14:44:22:292] DebugLaunchPlugin - Waiting for the debugger to settle...
[2016-02-01 14:44:22:303] DebugLaunchPlugin - Waiting for the debugger to settle...
[2016-02-01 14:44:22:316] DebugLaunchPlugin - Waiting for the debugger to settle...
[2016-02-01 14:44:22:326] DebugChannel - Event: Thread attached, java obj: 0x110b24ea0, thread: 0x110b23e00
[2016-02-01 14:44:22:327] DebugLaunchPlugin - Waiting for the debugger to settle...
[2016-02-01 14:44:22:328] SoftDebugger - Thread ReferenceQueueDaemon attached
[2016-02-01 14:44:22:328] SoftJdwpEventProcessor - processing thread start event
[2016-02-01 14:44:22:329] JdwpDebugServer - Command: w(9 9) id = 1679 length = 8
[2016-02-01 14:44:22:329] JdwpDebugServer - Command: ad(11 5) id = 1680 length = 8
[2016-02-01 14:44:22:330] JdwpDebugServer - Command: y(9 1) id = 1681 length = 8
[2016-02-01 14:44:22:330] JdwpDebugServer - Command: u(9 2) id = 1682 length = 20
[2016-02-01 14:44:22:331] JdwpDebugServer - Command: aa(11 4) id = 1683 length = 8
[2016-02-01 14:44:22:331] JdwpDebugServer - Command: aa(11 4) id = 1684 length = 8
[2016-02-01 14:44:22:339] DebugLaunchPlugin - Waiting for the debugger to settle...
[2016-02-01 14:44:22:351] DebugLaunchPlugin - Waiting for the debugger to settle...
[2016-02-01 14:44:22:357] DebugChannel - Event: Thread attached, java obj: 0x110b24d80, thread: 0x110b23d20
[2016-02-01 14:44:22:358] DebugChannel - Event: Thread attached, java obj: 0x110b24c60, thread: 0x110b23c40
[2016-02-01 14:44:22:359] SoftDebugger - Thread FinalizerDaemon attached
[2016-02-01 14:44:22:359] SoftJdwpEventProcessor - processing thread start event
[2016-02-01 14:44:22:359] JdwpDebugServer - Command: w(9 9) id = 1685 length = 8
[2016-02-01 14:44:22:360] JdwpDebugServer - Command: ad(11 5) id = 1686 length = 8
[2016-02-01 14:44:22:360] SoftDebugger - Thread FinalizerWatchdogDaemon attached
[2016-02-01 14:44:22:361] SoftJdwpEventProcessor - processing thread start event
[2016-02-01 14:44:22:361] JdwpDebugServer - Command: y(9 1) id = 1687 length = 8
[2016-02-01 14:44:22:361] JdwpDebugServer - Command: w(9 9) id = 1688 length = 8
[2016-02-01 14:44:22:361] JdwpDebugServer - Command: u(9 2) id = 1689 length = 20
[2016-02-01 14:44:22:361] DebugLaunchPlugin - Waiting for the debugger to settle...
[2016-02-01 14:44:22:362] JdwpDebugServer - Command: ad(11 5) id = 1690 length = 8
[2016-02-01 14:44:22:362] JdwpDebugServer - Command: aa(11 4) id = 1691 length = 8
[2016-02-01 14:44:22:362] JdwpDebugServer - Command: y(9 1) id = 1692 length = 8
[2016-02-01 14:44:22:362] JdwpDebugServer - Command: aa(11 4) id = 1693 length = 8
[2016-02-01 14:44:22:363] JdwpDebugServer - Command: u(9 2) id = 1694 length = 20
[2016-02-01 14:44:22:363] JdwpDebugServer - Command: aa(11 4) id = 1695 length = 8
[2016-02-01 14:44:22:364] JdwpDebugServer - Command: aa(11 4) id = 1696 length = 8
[2016-02-01 14:44:22:373] DebugLaunchPlugin - Waiting for the debugger to settle...
[2016-02-01 14:44:22:384] DebugLaunchPlugin - Waiting for the debugger to settle...
[2016-02-01 14:44:22:395] DebugLaunchPlugin - Waiting for the debugger to settle...
[2016-02-01 14:44:22:398] DebugChannel - Event: Thread stopped, reason: Exception, java obj: 0x110b24f30, thread: 0x110b23ee0, frames: 9
[2016-02-01 14:44:22:401] SoftDebugger - Reconstructing frames took: 0.003376secs
[2016-02-01 14:44:22:402] DebugChannel - Event: Thread resumed, java obj: 0x110b24f30, thread: 0x110b23ee0
[2016-02-01 14:44:22:402] DebugChannel - Event: Thread stopped, reason: Exception, java obj: 0x110b24f30, thread: 0x110b23ee0, frames: 9
[2016-02-01 14:44:22:402] SoftDebugger - Reconstructing frames took: 3.4E-5secs
[2016-02-01 14:44:22:403] DebugChannel - Event: Thread resumed, java obj: 0x110b24f30, thread: 0x110b23ee0
[2016-02-01 14:44:22:403] DebugChannel - Event: Thread stopped, reason: Exception, java obj: 0x110b24f30, thread: 0x110b23ee0, frames: 9
[2016-02-01 14:44:22:403] SoftDebugger - Reconstructing frames took: 2.0E-5secs
[2016-02-01 14:44:22:404] DebugChannel - Event: Thread resumed, java obj: 0x110b24f30, thread: 0x110b23ee0
[2016-02-01 14:44:22:404] DebugChannel - Event: Thread stopped, reason: Exception, java obj: 0x110b24f30, thread: 0x110b23ee0, frames: 9
[2016-02-01 14:44:22:404] SoftDebugger - Reconstructing frames took: 2.2E-5secs
[2016-02-01 14:44:22:404] DebugChannel - Event: Thread resumed, java obj: 0x110b24f30, thread: 0x110b23ee0
[2016-02-01 14:44:22:405] DebugChannel - Event: Thread stopped, reason: Exception, java obj: 0x110b24f30, thread: 0x110b23ee0, frames: 9
[2016-02-01 14:44:22:405] SoftDebugger - Reconstructing frames took: 2.0E-5secs
[2016-02-01 14:44:22:405] DebugLaunchPlugin - Waiting for the debugger to settle...
[2016-02-01 14:44:22:406] DebugChannel - Event: Thread resumed, java obj: 0x110b24f30, thread: 0x110b23ee0
[2016-02-01 14:44:22:406] DebugChannel - Event: Thread stopped, reason: Exception, java obj: 0x110b24f30, thread: 0x110b23ee0, frames: 9
[2016-02-01 14:44:22:406] SoftDebugger - Reconstructing frames took: 1.8E-5secs
[2016-02-01 14:44:22:406] DebugChannel - Event: Thread resumed, java obj: 0x110b24f30, thread: 0x110b23ee0
[2016-02-01 14:44:22:407] DebugChannel - Event: Thread stopped, reason: Exception, java obj: 0x110b24f30, thread: 0x110b23ee0, frames: 9
[2016-02-01 14:44:22:407] SoftDebugger - Reconstructing frames took: 1.6E-5secs
[2016-02-01 14:44:22:407] DebugChannel - Event: Thread resumed, java obj: 0x110b24f30, thread: 0x110b23ee0
[2016-02-01 14:44:22:408] DebugChannel - Event: Thread stopped, reason: Exception, java obj: 0x110b24f30, thread: 0x110b23ee0, frames: 9
[2016-02-01 14:44:22:408] SoftDebugger - Reconstructing frames took: 1.8E-5secs
[2016-02-01 14:44:22:408] DebugChannel - Event: Thread resumed, java obj: 0x110b24f30, thread: 0x110b23ee0
[2016-02-01 14:44:22:416] DebugLaunchPlugin - Waiting for the debugger to settle...
[2016-02-01 14:44:22:429] DebugLaunchPlugin - Waiting for the debugger to settle...
[2016-02-01 14:44:22:440] DebugLaunchPlugin - Waiting for the debugger to settle...
[2016-02-01 14:44:22:452] DebugLaunchPlugin - Waiting for the debugger to settle...
[2016-02-01 14:44:22:463] DebugLaunchPlugin - Waiting for the debugger to settle...
[2016-02-01 14:44:22:472] DebugChannel - Event: Thread stopped, reason: Exception, java obj: 0x110b24f30, thread: 0x110b23ee0, frames: 9
[2016-02-01 14:44:22:472] SoftDebugger - Reconstructing frames took: 4.2E-5secs
[2016-02-01 14:44:22:472] DebugChannel - Event: Thread resumed, java obj: 0x110b24f30, thread: 0x110b23ee0
[2016-02-01 14:44:22:473] DebugChannel - Event: Thread stopped, reason: Exception, java obj: 0x110b24f30, thread: 0x110b23ee0, frames: 9
[2016-02-01 14:44:22:473] SoftDebugger - Reconstructing frames took: 2.3E-5secs
[2016-02-01 14:44:22:473] DebugChannel - Event: Thread resumed, java obj: 0x110b24f30, thread: 0x110b23ee0
[2016-02-01 14:44:22:475] DebugLaunchPlugin - Waiting for the debugger to settle...
[2016-02-01 14:44:22:487] DebugLaunchPlugin - Waiting for the debugger to settle...
[2016-02-01 14:44:22:500] DebugLaunchPlugin - Waiting for the debugger to settle...
[2016-02-01 14:44:22:509] DebugChannel - Event: Thread stopped, reason: Exception, java obj: 0x110b24f30, thread: 0x110b23ee0, frames: 9
[2016-02-01 14:44:22:509] SoftDebugger - Reconstructing frames took: 3.7E-5secs
[2016-02-01 14:44:22:509] DebugChannel - Event: Thread resumed, java obj: 0x110b24f30, thread: 0x110b23ee0
[2016-02-01 14:44:22:510] DebugLaunchPlugin - Waiting for the debugger to settle...
[2016-02-01 14:44:22:520] DebugLaunchPlugin - Waiting for the debugger to settle...
[2016-02-01 14:44:22:531] DebugLaunchPlugin - Waiting for the debugger to settle...
[2016-02-01 14:44:22:541] DebugLaunchPlugin - Waiting for the debugger to settle...
[2016-02-01 14:44:22:552] DebugLaunchPlugin - Waiting for the debugger to settle...
[2016-02-01 14:44:22:564] DebugLaunchPlugin - Waiting for the debugger to settle...
[2016-02-01 14:44:22:575] DebugLaunchPlugin - Waiting for the debugger to settle...
[2016-02-01 14:44:22:585] DebugLaunchPlugin - Waiting for the debugger to settle...
[2016-02-01 14:44:22:587] DebugChannel - Event: Thread stopped, reason: Exception, java obj: 0x110b24f30, thread: 0x110b23ee0, frames: 15
[2016-02-01 14:44:22:590] SoftDebugger - Reconstructing frames took: 0.003435secs
[2016-02-01 14:44:22:591] DebugChannel - Event: Thread resumed, java obj: 0x110b24f30, thread: 0x110b23ee0
[2016-02-01 14:44:22:596] DebugLaunchPlugin - Waiting for the debugger to settle...
[2016-02-01 14:44:22:607] DebugLaunchPlugin - Waiting for the debugger to settle...
[2016-02-01 14:44:22:609] DebugChannel - Event: Thread stopped, reason: Exception, java obj: 0x110b24f30, thread: 0x110b23ee0, frames: 10
[2016-02-01 14:44:22:609] SoftDebugger - Reconstructing frames took: 4.0E-5secs
[2016-02-01 14:44:22:610] DebugChannel - Event: Thread resumed, java obj: 0x110b24f30, thread: 0x110b23ee0
[2016-02-01 14:44:22:620] DebugLaunchPlugin - Waiting for the debugger to settle...
[2016-02-01 14:44:22:632] DebugLaunchPlugin - Waiting for the debugger to settle...
[2016-02-01 14:44:22:644] DebugLaunchPlugin - Waiting for the debugger to settle...
[2016-02-01 14:44:22:657] DebugLaunchPlugin - Waiting for the debugger to settle...
[2016-02-01 14:44:22:669] DebugLaunchPlugin - Waiting for the debugger to settle...
[2016-02-01 14:44:22:680] DebugLaunchPlugin - Waiting for the debugger to settle...
[2016-02-01 14:44:22:692] DebugLaunchPlugin - Waiting for the debugger to settle...
[2016-02-01 14:44:22:704] DebugLaunchPlugin - Waiting for the debugger to settle...
[2016-02-01 14:44:22:716] DebugLaunchPlugin - Waiting for the debugger to settle...
[2016-02-01 14:44:22:727] DebugLaunchPlugin - Waiting for the debugger to settle...
[2016-02-01 14:44:22:737] DebugLaunchPlugin - Waiting for the debugger to settle...
[2016-02-01 14:44:22:748] DebugLaunchPlugin - Waiting for the debugger to settle...
[2016-02-01 14:44:22:760] DebugLaunchPlugin - Waiting for the debugger to settle...
[2016-02-01 14:44:22:770] DebugLaunchPlugin - Waiting for the debugger to settle...
[2016-02-01 14:44:22:782] DebugLaunchPlugin - Waiting for the debugger to settle...
[2016-02-01 14:44:22:795] DebugLaunchPlugin - Waiting for the debugger to settle...
[2016-02-01 14:44:22:806] DebugLaunchPlugin - Waiting for the debugger to settle...
[2016-02-01 14:44:22:817] DebugLaunchPlugin - Waiting for the debugger to settle...
[2016-02-01 14:44:22:827] DebugLaunchPlugin - Waiting for the debugger to settle...
[2016-02-01 14:44:22:838] DebugLaunchPlugin - Waiting for the debugger to settle...
[2016-02-01 14:44:22:845] DebugChannel - Event: Thread stopped, reason: Exception, java obj: 0x110b24f30, thread: 0x110b23ee0, frames: 8
[2016-02-01 14:44:22:848] SoftDebugger - Reconstructing frames took: 0.003143secs
[2016-02-01 14:44:22:848] DebugLaunchPlugin - Waiting for the debugger to settle...
[2016-02-01 14:44:22:849] DebugChannel - Event: Thread resumed, java obj: 0x110b24f30, thread: 0x110b23ee0
[2016-02-01 14:44:22:849] DebugChannel - Event: Thread stopped, reason: Exception, java obj: 0x110b24f30, thread: 0x110b23ee0, frames: 8
[2016-02-01 14:44:22:849] SoftDebugger - Reconstructing frames took: 3.9E-5secs
[2016-02-01 14:44:22:849] DebugChannel - Event: Thread resumed, java obj: 0x110b24f30, thread: 0x110b23ee0
[2016-02-01 14:44:22:850] DebugChannel - Event: Thread stopped, reason: Exception, java obj: 0x110b24f30, thread: 0x110b23ee0, frames: 6
[2016-02-01 14:44:22:850] SoftDebugger - Reconstructing frames took: 3.1E-5secs
[2016-02-01 14:44:22:852] JdwpDebugServer - Command: H(2 15) id = 1697 length = 8
[2016-02-01 14:44:22:852] SoftVmInterface - Reporting method: com/mob/demo/ShareSDKDemo.<init>
[2016-02-01 14:44:22:852] SoftVmInterface - Reporting method: com/mob/demo/ShareSDKDemo.didFinishLaunching
[2016-02-01 14:44:22:852] SoftVmInterface - Reporting method: com/mob/demo/ShareSDKDemo.main
[2016-02-01 14:44:22:852] SoftVmInterface - Reporting method: com/mob/demo/ShareSDKDemo.initShareSDK
[2016-02-01 14:44:22:852] SoftVmInterface - Reporting method: com/mob/demo/ShareSDKDemo.$cb$application$didFinishLaunchingWithOptions$
[2016-02-01 14:44:22:852] SoftVmInterface - Reporting method: com/mob/demo/ShareSDKDemo.$cb$init
[2016-02-01 14:44:22:852] SoftVmInterface - Reporting method: com/mob/demo/ShareSDKDemo.$setHandle
[2016-02-01 14:44:22:852] SoftVmInterface - Reporting method: com/mob/demo/ShareSDKDemo.$cb$initWithCoder$
[2016-02-01 14:44:22:852] SoftVmInterface - Reporting method: com/mob/demo/ShareSDKDemo.$m$super$initWithCoder$
[2016-02-01 14:44:22:853] SoftVmInterface - Reporting method: com/mob/demo/ShareSDKDemo.$getSuper
[2016-02-01 14:44:22:853] SoftVmInterface - Reporting method: com/mob/demo/ShareSDKDemo.$initObject
[2016-02-01 14:44:22:853] SoftVmInterface - Reporting method: com/mob/demo/ShareSDKDemo.<clinit>
[2016-02-01 14:44:22:853] JdwpDebugServer - Command: y(9 1) id = 1698 length = 8
[2016-02-01 14:44:22:854] JdwpDebugServer - Command: J(2 1) id = 1699 length = 8
[2016-02-01 14:44:22:854] JdwpDebugServer - Command: j(3 1) id = 1700 length = 8
[2016-02-01 14:44:22:854] JdwpDebugServer - Command: J(2 1) id = 1701 length = 8
[2016-02-01 14:44:22:855] JdwpDebugServer - Command: j(3 1) id = 1702 length = 8
[2016-02-01 14:44:22:855] JdwpDebugServer - Command: Z(11 3) id = 1703 length = 8
[2016-02-01 14:44:22:855] DebugChannel - Event: Thread resumed, java obj: 0x110b24f30, thread: 0x110b23ee0
[2016-02-01 14:44:22:855] DebugChannel - Event: Thread stopped, reason: Exception, java obj: 0x110b24f30, thread: 0x110b23ee0, frames: 3
[2016-02-01 14:44:22:855] SoftDebugger - Reconstructing frames took: 2.7E-5secs
[2016-02-01 14:44:22:858] DebugLaunchPlugin - Waiting for the debugger to settle...
[2016-02-01 14:44:22:859] JdwpDebugServer - Command: H(2 15) id = 1704 length = 8
[2016-02-01 14:44:22:859] SoftVmInterface - Reporting method: org/robovm/apple/uikit/UIApplication.<init>
[2016-02-01 14:44:22:859] SoftVmInterface - Reporting method: org/robovm/apple/uikit/UIApplication.<init>
[2016-02-01 14:44:22:859] SoftVmInterface - Reporting method: org/robovm/apple/uikit/UIApplication.<init>
[2016-02-01 14:44:22:859] SoftVmInterface - Reporting method: org/robovm/apple/uikit/UIApplication.getDelegate
[2016-02-01 14:44:22:859] SoftVmInterface - Reporting method: org/robovm/apple/uikit/UIApplication.setDelegate
[2016-02-01 14:44:22:859] SoftVmInterface - Reporting method: org/robovm/apple/uikit/UIApplication.isIdleTimerDisabled
[2016-02-01 14:44:22:860] SoftVmInterface - Reporting method: org/robovm/apple/uikit/UIApplication.setIdleTimerDisabled
[2016-02-01 14:44:22:860] SoftVmInterface - Reporting method: org/robovm/apple/uikit/UIApplication.getKeyWindow
[2016-02-01 14:44:22:860] SoftVmInterface - Reporting method: org/robovm/apple/uikit/UIApplication.getWindows
[2016-02-01 14:44:22:860] SoftVmInterface - Reporting method: org/robovm/apple/uikit/UIApplication.isNetworkActivityIndicatorVisible
[2016-02-01 14:44:22:860] SoftVmInterface - Reporting method: org/robovm/apple/uikit/UIApplication.setNetworkActivityIndicatorVisible
[2016-02-01 14:44:22:860] SoftVmInterface - Reporting method: org/robovm/apple/uikit/UIApplication.getStatusBarStyle
[2016-02-01 14:44:22:860] SoftVmInterface - Reporting method: org/robovm/apple/uikit/UIApplication.isStatusBarHidden
[2016-02-01 14:44:22:860] SoftVmInterface - Reporting method: org/robovm/apple/uikit/UIApplication.getStatusBarOrientation
[2016-02-01 14:44:22:860] SoftVmInterface - Reporting method: org/robovm/apple/uikit/UIApplication.getStatusBarOrientationAnimationDuration
[2016-02-01 14:44:22:860] SoftVmInterface - Reporting method: org/robovm/apple/uikit/UIApplication.getStatusBarFrame
[2016-02-01 14:44:22:860] SoftVmInterface - Reporting method: org/robovm/apple/uikit/UIApplication.getApplicationIconBadgeNumber
[2016-02-01 14:44:22:860] SoftVmInterface - Reporting method: org/robovm/apple/uikit/UIApplication.setApplicationIconBadgeNumber
[2016-02-01 14:44:22:860] SoftVmInterface - Reporting method: org/robovm/apple/uikit/UIApplication.supportsShakeToEdit
[2016-02-01 14:44:22:860] SoftVmInterface - Reporting method: org/robovm/apple/uikit/UIApplication.setSupportsShakeToEdit
[2016-02-01 14:44:22:861] SoftVmInterface - Reporting method: org/robovm/apple/uikit/UIApplication.getApplicationState
[2016-02-01 14:44:22:861] SoftVmInterface - Reporting method: org/robovm/apple/uikit/UIApplication.getBackgroundTimeRemaining
[2016-02-01 14:44:22:861] SoftVmInterface - Reporting method: org/robovm/apple/uikit/UIApplication.getBackgroundRefreshStatus
[2016-02-01 14:44:22:861] SoftVmInterface - Reporting method: org/robovm/apple/uikit/UIApplication.isProtectedDataAvailable
[2016-02-01 14:44:22:861] SoftVmInterface - Reporting method: org/robovm/apple/uikit/UIApplication.getUserInterfaceLayoutDirection
[2016-02-01 14:44:22:861] SoftVmInterface - Reporting method: org/robovm/apple/uikit/UIApplication.getPreferredContentSizeCategory
[2016-02-01 14:44:22:861] SoftVmInterface - Reporting method: org/robovm/apple/uikit/UIApplication.getScheduledLocalNotifications
[2016-02-01 14:44:22:861] SoftVmInterface - Reporting method: org/robovm/apple/uikit/UIApplication.setScheduledLocalNotifications
[2016-02-01 14:44:22:861] SoftVmInterface - Reporting method: org/robovm/apple/uikit/UIApplication.getShortcutItems
[2016-02-01 14:44:22:861] SoftVmInterface - Reporting method: org/robovm/apple/uikit/UIApplication.setShortcutItems
[2016-02-01 14:44:22:861] SoftVmInterface - Reporting method: org/robovm/apple/uikit/UIApplication.setStatusBarOrientation
[2016-02-01 14:44:22:861] SoftVmInterface - Reporting method: org/robovm/apple/uikit/UIApplication.setStatusBarStyle
[2016-02-01 14:44:22:861] SoftVmInterface - Reporting method: org/robovm/apple/uikit/UIApplication.setStatusBarHidden
[2016-02-01 14:44:22:861] SoftVmInterface - Reporting method: org/robovm/apple/uikit/UIApplication.main
[2016-02-01 14:44:22:862] SoftVmInterface - Reporting method: org/robovm/apple/uikit/UIApplication.preloadClasses
[2016-02-01 14:44:22:862] SoftVmInterface - Reporting method: org/robovm/apple/uikit/UIApplication.getInvalidBackgroundTask
[2016-02-01 14:44:22:862] SoftVmInterface - Reporting method: org/robovm/apple/uikit/UIApplication.getMinimumKeepAliveTimeout
[2016-02-01 14:44:22:862] SoftVmInterface - Reporting method: org/robovm/apple/uikit/UIApplication.getBackgroundFetchIntervalMinimum
[2016-02-01 14:44:22:862] SoftVmInterface - Reporting method: org/robovm/apple/uikit/UIApplication.getBackgroundFetchIntervalNever
[2016-02-01 14:44:22:862] SoftVmInterface - Reporting method: org/robovm/apple/uikit/UIApplication.DidEnterBackgroundNotification
[2016-02-01 14:44:22:862] SoftVmInterface - Reporting method: org/robovm/apple/uikit/UIApplication.WillEnterForegroundNotification
[2016-02-01 14:44:22:862] SoftVmInterface - Reporting method: org/robovm/apple/uikit/UIApplication.DidFinishLaunchingNotification
[2016-02-01 14:44:22:862] SoftVmInterface - Reporting method: org/robovm/apple/uikit/UIApplication.DidBecomeActiveNotification
[2016-02-01 14:44:22:862] SoftVmInterface - Reporting method: org/robovm/apple/uikit/UIApplication.WillResignActiveNotification
[2016-02-01 14:44:22:862] SoftVmInterface - Reporting method: org/robovm/apple/uikit/UIApplication.DidReceiveMemoryWarningNotification
[2016-02-01 14:44:22:862] SoftVmInterface - Reporting method: org/robovm/apple/uikit/UIApplication.WillTerminateNotification
[2016-02-01 14:44:22:862] SoftVmInterface - Reporting method: org/robovm/apple/uikit/UIApplication.SignificantTimeChangeNotification
[2016-02-01 14:44:22:862] SoftVmInterface - Reporting method: org/robovm/apple/uikit/UIApplication.WillChangeStatusBarOrientationNotification
[2016-02-01 14:44:22:862] SoftVmInterface - Reporting method: org/robovm/apple/uikit/UIApplication.DidChangeStatusBarOrientationNotification
[2016-02-01 14:44:22:863] SoftVmInterface - Reporting method: org/robovm/apple/uikit/UIApplication.StatusBarOrientationUserInfoKey
[2016-02-01 14:44:22:863] SoftVmInterface - Reporting method: org/robovm/apple/uikit/UIApplication.WillChangeStatusBarFrameNotification
[2016-02-01 14:44:22:863] SoftVmInterface - Reporting method: org/robovm/apple/uikit/UIApplication.DidChangeStatusBarFrameNotification
[2016-02-01 14:44:22:863] SoftVmInterface - Reporting method: org/robovm/apple/uikit/UIApplication.StatusBarFrameUserInfoKey
[2016-02-01 14:44:22:863] SoftVmInterface - Reporting method: org/robovm/apple/uikit/UIApplication.BackgroundRefreshStatusDidChangeNotification
[2016-02-01 14:44:22:863] SoftVmInterface - Reporting method: org/robovm/apple/uikit/UIApplication.ProtectedDataWillBecomeUnavailableNotification
[2016-02-01 14:44:22:863] SoftVmInterface - Reporting method: org/robovm/apple/uikit/UIApplication.ProtectedDataDidBecomeAvailableNotification
[2016-02-01 14:44:22:864] SoftVmInterface - Reporting method: org/robovm/apple/uikit/UIApplication.getOpenSettingsURLString
[2016-02-01 14:44:22:864] SoftVmInterface - Reporting method: org/robovm/apple/uikit/UIApplication.ContentSizeCategoryDidChangeNotification
[2016-02-01 14:44:22:864] SoftVmInterface - Reporting method: org/robovm/apple/uikit/UIApplication.ContentSizeCategoryNewValueKey
[2016-02-01 14:44:22:864] SoftVmInterface - Reporting method: org/robovm/apple/uikit/UIApplication.UserDidTakeScreenshotNotification
[2016-02-01 14:44:22:864] SoftVmInterface - Reporting method: org/robovm/apple/uikit/UIApplication.main
[2016-02-01 14:44:22:864] SoftVmInterface - Reporting method: org/robovm/apple/uikit/UIApplication.beginIgnoringInteractionEvents
[2016-02-01 14:44:22:864] SoftVmInterface - Reporting method: org/robovm/apple/uikit/UIApplication.endIgnoringInteractionEvents
[2016-02-01 14:44:22:864] SoftVmInterface - Reporting method: org/robovm/apple/uikit/UIApplication.isIgnoringInteractionEvents
[2016-02-01 14:44:22:864] SoftVmInterface - Reporting method: org/robovm/apple/uikit/UIApplication.openURL
[2016-02-01 14:44:22:864] SoftVmInterface - Reporting method: org/robovm/apple/uikit/UIApplication.canOpenURL
[2016-02-01 14:44:22:864] SoftVmInterface - Reporting method: org/robovm/apple/uikit/UIApplication.sendEvent
[2016-02-01 14:44:22:864] SoftVmInterface - Reporting method: org/robovm/apple/uikit/UIApplication.sendAction
[2016-02-01 14:44:22:864] SoftVmInterface - Reporting method: org/robovm/apple/uikit/UIApplication.getSupportedInterfaceOrientations
[2016-02-01 14:44:22:865] SoftVmInterface - Reporting method: org/robovm/apple/uikit/UIApplication.beginBackgroundTask
[2016-02-01 14:44:22:865] SoftVmInterface - Reporting method: org/robovm/apple/uikit/UIApplication.beginBackgroundTask
[2016-02-01 14:44:22:865] SoftVmInterface - Reporting method: org/robovm/apple/uikit/UIApplication.endBackgroundTask
[2016-02-01 14:44:22:865] SoftVmInterface - Reporting method: org/robovm/apple/uikit/UIApplication.setMinimumBackgroundFetchInterval
[2016-02-01 14:44:22:865] SoftVmInterface - Reporting method: org/robovm/apple/uikit/UIApplication.getSharedApplication
[2016-02-01 14:44:22:865] SoftVmInterface - Reporting method: org/robovm/apple/uikit/UIApplication.registerForRemoteNotifications
[2016-02-01 14:44:22:865] SoftVmInterface - Reporting method: org/robovm/apple/uikit/UIApplication.unregisterForRemoteNotifications
[2016-02-01 14:44:22:865] SoftVmInterface - Reporting method: org/robovm/apple/uikit/UIApplication.isRegisteredForRemoteNotifications
[2016-02-01 14:44:22:865] SoftVmInterface - Reporting method: org/robovm/apple/uikit/UIApplication.registerForRemoteNotificationTypes
[2016-02-01 14:44:22:865] SoftVmInterface - Reporting method: org/robovm/apple/uikit/UIApplication.getEnabledRemoteNotificationTypes
[2016-02-01 14:44:22:865] SoftVmInterface - Reporting method: org/robovm/apple/uikit/UIApplication.presentLocalNotificationNow
[2016-02-01 14:44:22:865] SoftVmInterface - Reporting method: org/robovm/apple/uikit/UIApplication.scheduleLocalNotification
[2016-02-01 14:44:22:865] SoftVmInterface - Reporting method: org/robovm/apple/uikit/UIApplication.cancelLocalNotification
[2016-02-01 14:44:22:865] SoftVmInterface - Reporting method: org/robovm/apple/uikit/UIApplication.cancelAllLocalNotifications
[2016-02-01 14:44:22:866] SoftVmInterface - Reporting method: org/robovm/apple/uikit/UIApplication.registerUserNotificationSettings
[2016-02-01 14:44:22:866] SoftVmInterface - Reporting method: org/robovm/apple/uikit/UIApplication.getCurrentUserNotificationSettings
[2016-02-01 14:44:22:866] SoftVmInterface - Reporting method: org/robovm/apple/uikit/UIApplication.beginReceivingRemoteControlEvents
[2016-02-01 14:44:22:866] SoftVmInterface - Reporting method: org/robovm/apple/uikit/UIApplication.endReceivingRemoteControlEvents
[2016-02-01 14:44:22:866] SoftVmInterface - Reporting method: org/robovm/apple/uikit/UIApplication.setNewsstandIconImage
[2016-02-01 14:44:22:866] SoftVmInterface - Reporting method: org/robovm/apple/uikit/UIApplication.extendStateRestoration
[2016-02-01 14:44:22:866] SoftVmInterface - Reporting method: org/robovm/apple/uikit/UIApplication.completeStateRestoration
[2016-02-01 14:44:22:866] SoftVmInterface - Reporting method: org/robovm/apple/uikit/UIApplication.ignoreSnapshotOnNextApplicationLaunch
[2016-02-01 14:44:22:866] SoftVmInterface - Reporting method: org/robovm/apple/uikit/UIApplication.registerObjectForStateRestoration
[2016-02-01 14:44:22:866] SoftVmInterface - Reporting method: org/robovm/apple/uikit/UIApplication.setStatusBarOrientation
[2016-02-01 14:44:22:866] SoftVmInterface - Reporting method: org/robovm/apple/uikit/UIApplication.setStatusBarStyle
[2016-02-01 14:44:22:866] SoftVmInterface - Reporting method: org/robovm/apple/uikit/UIApplication.setStatusBarHidden
[2016-02-01 14:44:22:866] SoftVmInterface - Reporting method: org/robovm/apple/uikit/UIApplication.setKeepAliveTimeout
[2016-02-01 14:44:22:867] SoftVmInterface - Reporting method: org/robovm/apple/uikit/UIApplication.clearKeepAliveTimeout
[2016-02-01 14:44:22:867] SoftVmInterface - Reporting method: org/robovm/apple/uikit/UIApplication.access$002
[2016-02-01 14:44:22:867] SoftVmInterface - Reporting method: org/robovm/apple/uikit/UIApplication.access$000
[2016-02-01 14:44:22:867] SoftVmInterface - Reporting method: org/robovm/apple/uikit/UIApplication.<clinit>
[2016-02-01 14:44:22:867] SoftVmInterface - Reporting method: org/robovm/apple/uikit/UIApplication.$m$delegate
[2016-02-01 14:44:22:867] SoftVmInterface - Reporting method: org/robovm/apple/uikit/UIApplication.$m$super$delegate
[2016-02-01 14:44:22:867] SoftVmInterface - Reporting method: org/robovm/apple/uikit/UIApplication.$m$setDelegate$
[2016-02-01 14:44:22:867] SoftVmInterface - Reporting method: org/robovm/apple/uikit/UIApplication.$m$super$setDelegate$
[2016-02-01 14:44:22:867] SoftVmInterface - Reporting method: org/robovm/apple/uikit/UIApplication.$m$windows
[2016-02-01 14:44:22:867] SoftVmInterface - Reporting method: org/robovm/apple/uikit/UIApplication.$m$super$windows
[2016-02-01 14:44:22:867] SoftVmInterface - Reporting method: org/robovm/apple/uikit/UIApplication.$m$statusBarStyle
[2016-02-01 14:44:22:868] SoftVmInterface - Reporting method: org/robovm/apple/uikit/UIApplication.$m$super$statusBarStyle
[2016-02-01 14:44:22:868] SoftVmInterface - Reporting method: org/robovm/apple/uikit/UIApplication.$m$statusBarOrientation
[2016-02-01 14:44:22:868] SoftVmInterface - Reporting method: org/robovm/apple/uikit/UIApplication.$m$super$statusBarOrientation
[2016-02-01 14:44:22:868] SoftVmInterface - Reporting method: org/robovm/apple/uikit/UIApplication.$m$statusBarFrame
[2016-02-01 14:44:22:868] SoftVmInterface - Reporting method: org/robovm/apple/uikit/UIApplication.$m$super$statusBarFrame
[2016-02-01 14:44:22:868] SoftVmInterface - Reporting method: org/robovm/apple/uikit/UIApplication.$m$applicationState
[2016-02-01 14:44:22:868] SoftVmInterface - Reporting method: org/robovm/apple/uikit/UIApplication.$m$super$applicationState
[2016-02-01 14:44:22:868] SoftVmInterface - Reporting method: org/robovm/apple/uikit/UIApplication.$m$backgroundRefreshStatus
[2016-02-01 14:44:22:868] SoftVmInterface - Reporting method: org/robovm/apple/uikit/UIApplication.$m$super$backgroundRefreshStatus
[2016-02-01 14:44:22:868] SoftVmInterface - Reporting method: org/robovm/apple/uikit/UIApplication.$m$userInterfaceLayoutDirection
[2016-02-01 14:44:22:868] SoftVmInterface - Reporting method: org/robovm/apple/uikit/UIApplication.$m$super$userInterfaceLayoutDirection
[2016-02-01 14:44:22:868] SoftVmInterface - Reporting method: org/robovm/apple/uikit/UIApplication.$m$scheduledLocalNotifications
[2016-02-01 14:44:22:868] SoftVmInterface - Reporting method: org/robovm/apple/uikit/UIApplication.$m$super$scheduledLocalNotifications
[2016-02-01 14:44:22:868] SoftVmInterface - Reporting method: org/robovm/apple/uikit/UIApplication.$m$setScheduledLocalNotifications$
[2016-02-01 14:44:22:868] SoftVmInterface - Reporting method: org/robovm/apple/uikit/UIApplication.$m$super$setScheduledLocalNotifications$
[2016-02-01 14:44:22:869] SoftVmInterface - Reporting method: org/robovm/apple/uikit/UIApplication.$m$shortcutItems
[2016-02-01 14:44:22:869] SoftVmInterface - Reporting method: org/robovm/apple/uikit/UIApplication.$m$super$shortcutItems
[2016-02-01 14:44:22:869] SoftVmInterface - Reporting method: org/robovm/apple/uikit/UIApplication.$m$setShortcutItems$
[2016-02-01 14:44:22:869] SoftVmInterface - Reporting method: org/robovm/apple/uikit/UIApplication.$m$super$setShortcutItems$
[2016-02-01 14:44:22:869] SoftVmInterface - Reporting method: org/robovm/apple/uikit/UIApplication.$m$setStatusBarOrientation$
[2016-02-01 14:44:22:869] SoftVmInterface - Reporting method: org/robovm/apple/uikit/UIApplication.$m$super$setStatusBarOrientation$
[2016-02-01 14:44:22:869] SoftVmInterface - Reporting method: org/robovm/apple/uikit/UIApplication.$m$setStatusBarStyle$
[2016-02-01 14:44:22:869] SoftVmInterface - Reporting method: org/robovm/apple/uikit/UIApplication.$m$super$setStatusBarStyle$
[2016-02-01 14:44:22:869] SoftVmInterface - Reporting method: org/robovm/apple/uikit/UIApplication.$m$openURL$
[2016-02-01 14:44:22:869] SoftVmInterface - Reporting method: org/robovm/apple/uikit/UIApplication.$m$super$openURL$
[2016-02-01 14:44:22:869] SoftVmInterface - Reporting method: org/robovm/apple/uikit/UIApplication.$m$canOpenURL$
[2016-02-01 14:44:22:869] SoftVmInterface - Reporting method: org/robovm/apple/uikit/UIApplication.$m$super$canOpenURL$
[2016-02-01 14:44:22:869] SoftVmInterface - Reporting method: org/robovm/apple/uikit/UIApplication.$m$sendAction$to$from$forEvent$
[2016-02-01 14:44:22:869] SoftVmInterface - Reporting method: org/robovm/apple/uikit/UIApplication.$m$super$sendAction$to$from$forEvent$
[2016-02-01 14:44:22:869] SoftVmInterface - Reporting method: org/robovm/apple/uikit/UIApplication.$m$supportedInterfaceOrientationsForWindow$
[2016-02-01 14:44:22:870] SoftVmInterface - Reporting method: org/robovm/apple/uikit/UIApplication.$m$super$supportedInterfaceOrientationsForWindow$
[2016-02-01 14:44:22:870] DebugLaunchPlugin - Waiting for the debugger to settle...
[2016-02-01 14:44:22:870] SoftVmInterface - Reporting method: org/robovm/apple/uikit/UIApplication.$m$beginBackgroundTaskWithExpirationHandler$
[2016-02-01 14:44:22:870] SoftVmInterface - Reporting method: org/robovm/apple/uikit/UIApplication.$m$super$beginBackgroundTaskWithExpirationHandler$
[2016-02-01 14:44:22:870] SoftVmInterface - Reporting method: org/robovm/apple/uikit/UIApplication.$m$beginBackgroundTaskWithName$expirationHandler$
[2016-02-01 14:44:22:870] SoftVmInterface - Reporting method: org/robovm/apple/uikit/UIApplication.$m$super$beginBackgroundTaskWithName$expirationHandler$
[2016-02-01 14:44:22:870] SoftVmInterface - Reporting method: org/robovm/apple/uikit/UIApplication.$m$sharedApplication
[2016-02-01 14:44:22:870] SoftVmInterface - Reporting method: org/robovm/apple/uikit/UIApplication.$m$registerForRemoteNotificationTypes$
[2016-02-01 14:44:22:870] SoftVmInterface - Reporting method: org/robovm/apple/uikit/UIApplication.$m$super$registerForRemoteNotificationTypes$
[2016-02-01 14:44:22:870] SoftVmInterface - Reporting method: org/robovm/apple/uikit/UIApplication.$m$enabledRemoteNotificationTypes
[2016-02-01 14:44:22:870] SoftVmInterface - Reporting method: org/robovm/apple/uikit/UIApplication.$m$super$enabledRemoteNotificationTypes
[2016-02-01 14:44:22:870] SoftVmInterface - Reporting method: org/robovm/apple/uikit/UIApplication.$m$registerObjectForStateRestoration$restorationIdentifier$
[2016-02-01 14:44:22:871] SoftVmInterface - Reporting method: org/robovm/apple/uikit/UIApplication.$m$setStatusBarOrientation$animated$
[2016-02-01 14:44:22:871] SoftVmInterface - Reporting method: org/robovm/apple/uikit/UIApplication.$m$super$setStatusBarOrientation$animated$
[2016-02-01 14:44:22:871] SoftVmInterface - Reporting method: org/robovm/apple/uikit/UIApplication.$m$setStatusBarStyle$animated$
[2016-02-01 14:44:22:871] SoftVmInterface - Reporting method: org/robovm/apple/uikit/UIApplication.$m$super$setStatusBarStyle$animated$
[2016-02-01 14:44:22:871] SoftVmInterface - Reporting method: org/robovm/apple/uikit/UIApplication.$m$setStatusBarHidden$withAnimation$
[2016-02-01 14:44:22:871] SoftVmInterface - Reporting method: org/robovm/apple/uikit/UIApplication.$m$super$setStatusBarHidden$withAnimation$
[2016-02-01 14:44:22:871] SoftVmInterface - Reporting method: org/robovm/apple/uikit/UIApplication.$m$setKeepAliveTimeout$handler$
[2016-02-01 14:44:22:871] SoftVmInterface - Reporting method: org/robovm/apple/uikit/UIApplication.$m$super$setKeepAliveTimeout$handler$
[2016-02-01 14:44:22:872] JdwpDebugServer - Command: y(9 1) id = 1705 length = 8
[2016-02-01 14:44:22:872] JdwpDebugServer - Command: Z(11 3) id = 1706 length = 8
[2016-02-01 14:44:22:873] DebugChannel - Event: Thread resumed, java obj: 0x110b24f30, thread: 0x110b23ee0
[2016-02-01 14:44:22:873] DebugChannel - Event: Thread stopped, reason: Exception, java obj: 0x110b24f30, thread: 0x110b23ee0, frames: 3
[2016-02-01 14:44:22:873] SoftDebugger - Reconstructing frames took: 2.6E-5secs
[2016-02-01 14:44:22:879] JdwpDebugServer - Command: y(9 1) id = 1707 length = 8
[2016-02-01 14:44:22:879] JdwpDebugServer - Command: Z(11 3) id = 1708 length = 8
[2016-02-01 14:44:22:880] DebugChannel - Event: Thread resumed, java obj: 0x110b24f30, thread: 0x110b23ee0
[2016-02-01 14:44:22:880] DebugChannel - Event: Thread stopped, reason: Exception, java obj: 0x110b24f30, thread: 0x110b23ee0, frames: 1
[2016-02-01 14:44:22:880] SoftDebugger - Reconstructing frames took: 1.5E-5secs
[2016-02-01 14:44:22:880] DebugLaunchPlugin - Waiting for the debugger to settle...
[2016-02-01 14:44:22:887] JdwpDebugServer - Command: y(9 1) id = 1709 length = 8
[2016-02-01 14:44:22:888] JdwpDebugServer - Command: Z(11 3) id = 1710 length = 8
[2016-02-01 14:44:22:888] DebugChannel - Event: Thread resumed, java obj: 0x110b24f30, thread: 0x110b23ee0
[2016-02-01 14:44:22:888] DebugChannel - Event: Thread stopped, reason: Exception, java obj: 0x110b24f30, thread: 0x110b23ee0, frames: 1
[2016-02-01 14:44:22:889] SoftDebugger - Reconstructing frames took: 1.3E-5secs
[2016-02-01 14:44:22:893] DebugLaunchPlugin - Waiting for the debugger to settle...
[2016-02-01 14:44:22:896] JdwpDebugServer - Command: y(9 1) id = 1711 length = 8
[2016-02-01 14:44:22:897] JdwpDebugServer - Command: j(3 1) id = 1712 length = 8
[2016-02-01 14:44:22:898] JdwpDebugServer - Command: W(11 6) id = 1713 length = 16
[2016-02-01 14:44:22:901] JdwpDebugServer - Command: V(11 7) id = 1714 length = 8
[2016-02-01 14:44:22:902] JdwpDebugServer - Command: Y(11 8) id = 1715 length = 8
[2016-02-01 14:44:22:903] JdwpDebugServer - Command: U(11 9) id = 1716 length = 8
[2016-02-01 14:44:22:903] JdwpDebugServer - Command: Y(11 8) id = 1717 length = 8
[2016-02-01 14:44:22:904] JdwpDebugServer - Command: U(11 9) id = 1718 length = 8
[2016-02-01 14:44:22:905] DebugLaunchPlugin - Waiting for the debugger to settle...
[2016-02-01 14:44:22:917] DebugLaunchPlugin - Waiting for the debugger to settle...
[2016-02-01 14:44:22:928] DebugLaunchPlugin - Waiting for the debugger to settle...
[2016-02-01 14:44:22:941] DebugLaunchPlugin - Waiting for the debugger to settle...
[2016-02-01 14:44:22:952] DebugLaunchPlugin - Waiting for the debugger to settle...
[2016-02-01 14:44:22:964] DebugLaunchPlugin - Waiting for the debugger to settle...
[2016-02-01 14:44:22:974] DebugLaunchPlugin - Waiting for the debugger to settle...
[2016-02-01 14:44:22:987] DebugLaunchPlugin - Waiting for the debugger to settle...
[2016-02-01 14:44:22:997] DebugLaunchPlugin - Waiting for the debugger to settle...
[2016-02-01 14:44:23:008] DebugLaunchPlugin - Waiting for the debugger to settle...
[2016-02-01 14:44:23:019] DebugLaunchPlugin - Waiting for the debugger to settle...
[2016-02-01 14:44:23:030] DebugLaunchPlugin - Waiting for the debugger to settle...
[2016-02-01 14:44:23:043] DebugLaunchPlugin - Waiting for the debugger to settle...
[2016-02-01 14:44:23:054] DebugLaunchPlugin - Waiting for the debugger to settle...
[2016-02-01 14:44:23:066] DebugLaunchPlugin - Waiting for the debugger to settle...
[2016-02-01 14:44:23:077] DebugLaunchPlugin - Waiting for the debugger to settle...
[2016-02-01 14:44:23:087] DebugLaunchPlugin - Waiting for the debugger to settle...
[2016-02-01 14:44:23:102] DebugLaunchPlugin - Waiting for the debugger to settle...
[2016-02-01 14:44:23:115] DebugLaunchPlugin - Waiting for the debugger to settle...
[2016-02-01 14:44:23:127] DebugLaunchPlugin - Waiting for the debugger to settle...
[2016-02-01 14:44:23:139] DebugLaunchPlugin - Waiting for the debugger to settle...
[2016-02-01 14:44:23:151] DebugLaunchPlugin - Waiting for the debugger to settle...
[2016-02-01 14:44:23:163] DebugLaunchPlugin - Waiting for the debugger to settle...
[2016-02-01 14:44:23:175] DebugLaunchPlugin - Waiting for the debugger to settle...
[2016-02-01 14:44:23:187] DebugLaunchPlugin - Waiting for the debugger to settle...
[2016-02-01 14:44:23:199] DebugLaunchPlugin - Waiting for the debugger to settle...
[2016-02-01 14:44:23:212] DebugLaunchPlugin - Waiting for the debugger to settle...
[2016-02-01 14:44:23:224] DebugLaunchPlugin - Waiting for the debugger to settle...
[2016-02-01 14:44:23:236] DebugLaunchPlugin - Waiting for the debugger to settle...
[2016-02-01 14:44:23:248] DebugLaunchPlugin - Waiting for the debugger to settle...
[2016-02-01 14:44:23:258] DebugLaunchPlugin - Waiting for the debugger to settle...
[2016-02-01 14:44:23:269] DebugLaunchPlugin - Waiting for the debugger to settle...
[2016-02-01 14:44:23:280] DebugLaunchPlugin - Waiting for the debugger to settle...
[2016-02-01 14:44:23:292] DebugLaunchPlugin - Waiting for the debugger to settle...
[2016-02-01 14:44:23:304] DebugLaunchPlugin - Waiting for the debugger to settle...
[2016-02-01 14:44:23:317] DebugLaunchPlugin - Waiting for the debugger to settle...
[2016-02-01 14:44:23:318] JdwpDebugServer - Command: L(2 7) id = 1719 length = 8
[2016-02-01 14:44:23:318] JdwpDebugServer - Command: J(2 1) id = 1720 length = 8
[2016-02-01 14:44:23:330] DebugLaunchPlugin - Waiting for the debugger to settle...
[2016-02-01 14:44:23:342] DebugLaunchPlugin - Waiting for the debugger to settle...
[2016-02-01 14:44:23:353] DebugLaunchPlugin - Waiting for the debugger to settle...
[2016-02-01 14:44:23:364] DebugLaunchPlugin - Waiting for the debugger to settle...
[2016-02-01 14:44:23:374] DebugLaunchPlugin - Waiting for the debugger to settle...
[2016-02-01 14:44:23:387] DebugLaunchPlugin - Waiting for the debugger to settle...
[2016-02-01 14:44:23:400] DebugLaunchPlugin - Waiting for the debugger to settle...
[2016-02-01 14:44:23:405] JdwpDebugServer - Command: K(2 13) id = 1721 length = 8
[2016-02-01 14:44:23:406] JdwpDebugServer - Command: o(6 1) id = 1722 length = 16
[2016-02-01 14:44:23:406] SoftVmInterface - Reporting line numbers for method com/mob/demo/ShareSDKDemo.main: [40, 41, 42, 43]
[2016-02-01 14:44:23:408] JdwpDebugServer - Command: X(11 1) id = 1723 length = 8
[2016-02-01 14:44:23:410] JdwpDebugServer - Command: U(11 9) id = 1724 length = 8
[2016-02-01 14:44:23:410] JdwpDebugServer - Command: Y(11 8) id = 1725 length = 8
[2016-02-01 14:44:23:410] DebugLaunchPlugin - Waiting for the debugger to settle...
[2016-02-01 14:44:23:410] JdwpDebugServer - Command: X(11 1) id = 1726 length = 8
[2016-02-01 14:44:23:423] DebugLaunchPlugin - Waiting for the debugger to settle...
[2016-02-01 14:44:23:434] DebugLaunchPlugin - Waiting for the debugger to settle...
[2016-02-01 14:44:23:447] DebugLaunchPlugin - Waiting for the debugger to settle...
[2016-02-01 14:44:23:457] DebugLaunchPlugin - Waiting for the debugger to settle...
[2016-02-01 14:44:23:987] DebugLaunchPlugin - Waiting for the debugger to settle...
[2016-02-01 14:44:23:999] DebugLaunchPlugin - Waiting for the debugger to settle...
[2016-02-01 14:44:24:011] DebugLaunchPlugin - Waiting for the debugger to settle...
[2016-02-01 14:44:24:024] DebugLaunchPlugin - Waiting for the debugger to settle...
[2016-02-01 14:44:24:037] DebugLaunchPlugin - Waiting for the debugger to settle...
[2016-02-01 14:44:24:049] DebugLaunchPlugin - Waiting for the debugger to settle...
[2016-02-01 14:44:24:062] DebugLaunchPlugin - Waiting for the debugger to settle...
[2016-02-01 14:44:24:075] DebugLaunchPlugin - Waiting for the debugger to settle...
[2016-02-01 14:44:24:086] DebugLaunchPlugin - Waiting for the debugger to settle...
[2016-02-01 14:44:24:097] DebugLaunchPlugin - Waiting for the debugger to settle...
[2016-02-01 14:44:24:110] DebugLaunchPlugin - Waiting for the debugger to settle...
[2016-02-01 14:44:24:123] DebugLaunchPlugin - Waiting for the debugger to settle...
[2016-02-01 14:44:24:134] DebugLaunchPlugin - Waiting for the debugger to settle...
[2016-02-01 14:44:24:146] DebugLaunchPlugin - Waiting for the debugger to settle...
[2016-02-01 14:44:24:158] DebugLaunchPlugin - Waiting for the debugger to settle...
[2016-02-01 14:44:24:170] DebugLaunchPlugin - Waiting for the debugger to settle...
[2016-02-01 14:44:24:183] DebugLaunchPlugin - Waiting for the debugger to settle...
[2016-02-01 14:44:24:195] DebugLaunchPlugin - Waiting for the debugger to settle...
[2016-02-01 14:44:24:208] DebugLaunchPlugin - Waiting for the debugger to settle...
[2016-02-01 14:44:24:218] DebugLaunchPlugin - Waiting for the debugger to settle...
[2016-02-01 14:44:24:231] DebugLaunchPlugin - Waiting for the debugger to settle...
[2016-02-01 14:44:24:242] DebugLaunchPlugin - Waiting for the debugger to settle...
[2016-02-01 14:44:24:252] DebugLaunchPlugin - Waiting for the debugger to settle...
[2016-02-01 14:44:24:263] DebugLaunchPlugin - Waiting for the debugger to settle...
[2016-02-01 14:44:24:267] JdwpDebugServer - Command: D(2 14) id = 1727 length = 8
[2016-02-01 14:44:24:267] JdwpDebugServer - Command: F(2 10) id = 1728 length = 8
[2016-02-01 14:44:24:268] JdwpDebugServer - Command: j(3 1) id = 1729 length = 8
[2016-02-01 14:44:24:268] JdwpDebugServer - Command: D(2 14) id = 1730 length = 8
[2016-02-01 14:44:24:268] JdwpDebugServer - Command: F(2 10) id = 1731 length = 8
[2016-02-01 14:44:24:268] JdwpDebugServer - Command: D(2 14) id = 1732 length = 8
[2016-02-01 14:44:24:269] JdwpDebugServer - Command: F(2 10) id = 1733 length = 8
[2016-02-01 14:44:24:269] JdwpDebugServer - Command: D(2 14) id = 1734 length = 8
[2016-02-01 14:44:24:269] JdwpDebugServer - Command: F(2 10) id = 1735 length = 8
[2016-02-01 14:44:24:269] JdwpDebugServer - Command: D(2 14) id = 1736 length = 8
[2016-02-01 14:44:24:269] JdwpDebugServer - Command: F(2 10) id = 1737 length = 8
[2016-02-01 14:44:24:270] JdwpDebugServer - Command: j(3 1) id = 1738 length = 8
[2016-02-01 14:44:24:270] JdwpDebugServer - Command: D(2 14) id = 1739 length = 8
[2016-02-01 14:44:24:270] JdwpDebugServer - Command: F(2 10) id = 1740 length = 8
[2016-02-01 14:44:24:271] JdwpDebugServer - Command: j(3 1) id = 1741 length = 8
[2016-02-01 14:44:24:271] JdwpDebugServer - Command: D(2 14) id = 1742 length = 8
[2016-02-01 14:44:24:271] JdwpDebugServer - Command: F(2 10) id = 1743 length = 8
[2016-02-01 14:44:24:271] JdwpDebugServer - Command: j(3 1) id = 1744 length = 8
[2016-02-01 14:44:24:271] JdwpDebugServer - Command: D(2 14) id = 1745 length = 8
[2016-02-01 14:44:24:272] JdwpDebugServer - Command: F(2 10) id = 1746 length = 8
[2016-02-01 14:44:24:272] JdwpDebugServer - Command: j(3 1) id = 1747 length = 8
[2016-02-01 14:44:24:272] JdwpDebugServer - Command: j(3 1) id = 1748 length = 8
[2016-02-01 14:44:24:275] DebugLaunchPlugin - Waiting for the debugger to settle...
[2016-02-01 14:44:24:276] JdwpDebugServer - Command: q(6 5) id = 1749 length = 16
[2016-02-01 14:44:24:285] DebugLaunchPlugin - Waiting for the debugger to settle...
[2016-02-01 14:44:24:296] DebugLaunchPlugin - Waiting for the debugger to settle...
[2016-02-01 14:44:24:309] DebugLaunchPlugin - Waiting for the debugger to settle...
[2016-02-01 14:44:24:320] DebugLaunchPlugin - Waiting for the debugger to settle...
[2016-02-01 14:44:24:331] DebugLaunchPlugin - Waiting for the debugger to settle...
[2016-02-01 14:44:24:343] DebugLaunchPlugin - Waiting for the debugger to settle...
[2016-02-01 14:44:24:356] DebugLaunchPlugin - Waiting for the debugger to settle...
[2016-02-01 14:44:24:368] DebugLaunchPlugin - Waiting for the debugger to settle...
[2016-02-01 14:44:24:380] DebugLaunchPlugin - Waiting for the debugger to settle...
[2016-02-01 14:44:24:392] DebugLaunchPlugin - Waiting for the debugger to settle...
[2016-02-01 14:44:24:404] DebugLaunchPlugin - Waiting for the debugger to settle...
[2016-02-01 14:44:24:415] DebugLaunchPlugin - Waiting for the debugger to settle...
[2016-02-01 14:44:24:428] DebugLaunchPlugin - Waiting for the debugger to settle...
[2016-02-01 14:44:24:440] DebugLaunchPlugin - Waiting for the debugger to settle...
[2016-02-01 14:44:24:452] DebugLaunchPlugin - Waiting for the debugger to settle...
[2016-02-01 14:44:24:464] DebugLaunchPlugin - Waiting for the debugger to settle...
[2016-02-01 14:44:24:476] DebugLaunchPlugin - Waiting for the debugger to settle...
[2016-02-01 14:44:24:489] DebugLaunchPlugin - Waiting for the debugger to settle...
[2016-02-01 14:44:24:499] JdwpDebugServer - Command: V(11 7) id = 1750 length = 8
[2016-02-01 14:44:24:499] JdwpDebugServer - Command: Y(11 8) id = 1751 length = 8
[2016-02-01 14:44:24:499] JdwpDebugServer - Command: U(11 9) id = 1752 length = 8
[2016-02-01 14:44:24:500] DebugLaunchPlugin - Waiting for the debugger to settle...
[2016-02-01 14:44:24:502] JdwpDebugServer - Command: X(11 1) id = 1753 length = 8
[2016-02-01 14:44:24:503] JdwpDebugServer - Command: V(11 7) id = 1754 length = 8
[2016-02-01 14:44:24:503] JdwpDebugServer - Command: Y(11 8) id = 1755 length = 8
[2016-02-01 14:44:24:503] JdwpDebugServer - Command: X(11 1) id = 1756 length = 8
[2016-02-01 14:44:24:505] JdwpDebugServer - Command: U(11 9) id = 1757 length = 8
[2016-02-01 14:44:24:506] JdwpDebugServer - Command: X(11 1) id = 1758 length = 8
[2016-02-01 14:44:24:507] JdwpDebugServer - Command: U(11 9) id = 1759 length = 8
[2016-02-01 14:44:24:508] JdwpDebugServer - Command: X(11 1) id = 1760 length = 8
[2016-02-01 14:44:24:510] JdwpDebugServer - Command: Y(11 8) id = 1761 length = 8
[2016-02-01 14:44:24:510] JdwpDebugServer - Command: U(11 9) id = 1762 length = 8
[2016-02-01 14:44:24:510] JdwpDebugServer - Command: Y(11 8) id = 1763 length = 8
[2016-02-01 14:44:24:511] DebugLaunchPlugin - Waiting for the debugger to settle...
[2016-02-01 14:44:24:511] JdwpDebugServer - Command: U(11 9) id = 1764 length = 8
[2016-02-01 14:44:24:511] JdwpDebugServer - Command: Y(11 8) id = 1765 length = 8
[2016-02-01 14:44:24:521] DebugLaunchPlugin - Waiting for the debugger to settle...
[2016-02-01 14:44:24:531] DebugLaunchPlugin - Waiting for the debugger to settle...
[2016-02-01 14:44:24:544] DebugLaunchPlugin - Waiting for the debugger to settle...
[2016-02-01 14:44:24:555] DebugLaunchPlugin - Waiting for the debugger to settle...
[2016-02-01 14:44:24:566] DebugLaunchPlugin - Waiting for the debugger to settle...
[2016-02-01 14:44:24:579] DebugLaunchPlugin - Waiting for the debugger to settle...
[2016-02-01 14:44:24:591] DebugLaunchPlugin - Waiting for the debugger to settle...
[2016-02-01 14:44:24:604] DebugLaunchPlugin - Waiting for the debugger to settle...
[2016-02-01 14:44:24:615] DebugLaunchPlugin - Waiting for the debugger to settle...
[2016-02-01 14:44:24:626] DebugLaunchPlugin - Waiting for the debugger to settle...
[2016-02-01 14:44:24:638] DebugLaunchPlugin - Waiting for the debugger to settle...
[2016-02-01 14:44:24:648] DebugLaunchPlugin - Waiting for the debugger to settle...
[2016-02-01 14:44:24:661] DebugLaunchPlugin - Waiting for the debugger to settle...
[2016-02-01 14:44:24:674] DebugLaunchPlugin - Waiting for the debugger to settle...
[2016-02-01 14:44:24:686] DebugLaunchPlugin - Waiting for the debugger to settle...
[2016-02-01 14:44:24:698] DebugLaunchPlugin - Waiting for the debugger to settle...
[2016-02-01 14:44:24:711] DebugLaunchPlugin - Waiting for the debugger to settle...
[2016-02-01 14:44:24:723] DebugLaunchPlugin - Waiting for the debugger to settle...
[2016-02-01 14:44:24:735] DebugLaunchPlugin - Waiting for the debugger to settle...
[2016-02-01 14:44:24:746] DebugLaunchPlugin - Waiting for the debugger to settle...
[2016-02-01 14:44:24:759] DebugLaunchPlugin - Waiting for the debugger to settle...
[2016-02-01 14:44:24:771] DebugLaunchPlugin - Waiting for the debugger to settle...
[2016-02-01 14:44:24:784] DebugLaunchPlugin - Waiting for the debugger to settle...
[2016-02-01 14:44:24:796] DebugLaunchPlugin - Waiting for the debugger to settle...
[2016-02-01 14:44:24:809] DebugLaunchPlugin - Waiting for the debugger to settle...
[2016-02-01 14:44:24:821] DebugLaunchPlugin - Waiting for the debugger to settle...
[2016-02-01 14:44:24:834] DebugLaunchPlugin - Waiting for the debugger to settle...
[2016-02-01 14:44:24:847] DebugLaunchPlugin - Waiting for the debugger to settle...
[2016-02-01 14:44:24:860] DebugLaunchPlugin - Waiting for the debugger to settle...
[2016-02-01 14:44:24:870] DebugLaunchPlugin - Waiting for the debugger to settle...
[2016-02-01 14:44:24:881] DebugLaunchPlugin - Waiting for the debugger to settle...
[2016-02-01 14:44:24:893] DebugLaunchPlugin - Waiting for the debugger to settle...
[2016-02-01 14:44:24:904] DebugLaunchPlugin - Waiting for the debugger to settle...
[2016-02-01 14:44:24:917] DebugLaunchPlugin - Waiting for the debugger to settle...
[2016-02-01 14:44:24:930] DebugLaunchPlugin - Waiting for the debugger to settle...
[2016-02-01 14:44:24:943] DebugLaunchPlugin - Waiting for the debugger to settle...
[2016-02-01 14:44:24:953] DebugLaunchPlugin - Waiting for the debugger to settle...
[2016-02-01 14:44:24:965] DebugLaunchPlugin - Waiting for the debugger to settle...
[2016-02-01 14:44:24:978] DebugLaunchPlugin - Waiting for the debugger to settle...
[2016-02-01 14:44:24:991] DebugLaunchPlugin - Waiting for the debugger to settle...
[2016-02-01 14:44:25:004] DebugLaunchPlugin - Waiting for the debugger to settle...
[2016-02-01 14:44:25:015] DebugLaunchPlugin - Waiting for the debugger to settle...
[2016-02-01 14:44:25:028] DebugLaunchPlugin - Waiting for the debugger to settle...
[2016-02-01 14:44:25:041] DebugLaunchPlugin - Waiting for the debugger to settle...
[2016-02-01 14:44:25:052] DebugLaunchPlugin - Waiting for the debugger to settle...
[2016-02-01 14:44:25:065] DebugLaunchPlugin - Waiting for the debugger to settle...
[2016-02-01 14:44:25:077] DebugLaunchPlugin - Waiting for the debugger to settle...
[2016-02-01 14:44:25:090] DebugLaunchPlugin - Waiting for the debugger to settle...
[2016-02-01 14:44:25:101] DebugLaunchPlugin - Waiting for the debugger to settle...
[2016-02-01 14:44:25:113] DebugLaunchPlugin - Waiting for the debugger to settle...
[2016-02-01 14:44:25:125] DebugLaunchPlugin - Waiting for the debugger to settle...
[2016-02-01 14:44:25:137] DebugLaunchPlugin - Waiting for the debugger to settle...
[2016-02-01 14:44:25:150] DebugLaunchPlugin - Waiting for the debugger to settle...
[2016-02-01 14:44:25:161] DebugLaunchPlugin - Waiting for the debugger to settle...
[2016-02-01 14:44:25:171] DebugLaunchPlugin - Waiting for the debugger to settle...
[2016-02-01 14:44:25:184] DebugLaunchPlugin - Waiting for the debugger to settle...
[2016-02-01 14:44:25:197] DebugLaunchPlugin - Waiting for the debugger to settle...
[2016-02-01 14:44:25:210] DebugLaunchPlugin - Waiting for the debugger to settle...
[2016-02-01 14:44:25:220] DebugLaunchPlugin - Waiting for the debugger to settle...
[2016-02-01 14:44:25:233] DebugLaunchPlugin - Waiting for the debugger to settle...
[2016-02-01 14:44:25:246] DebugLaunchPlugin - Waiting for the debugger to settle...
[2016-02-01 14:44:25:259] DebugLaunchPlugin - Waiting for the debugger to settle...
[2016-02-01 14:44:25:271] DebugLaunchPlugin - Waiting for the debugger to settle...
[2016-02-01 14:44:25:284] DebugLaunchPlugin - Waiting for the debugger to settle...
[2016-02-01 14:44:25:297] DebugLaunchPlugin - Waiting for the debugger to settle...
[2016-02-01 14:44:25:309] DebugLaunchPlugin - Waiting for the debugger to settle...
[2016-02-01 14:44:25:321] DebugLaunchPlugin - Waiting for the debugger to settle...
[2016-02-01 14:44:25:333] DebugLaunchPlugin - Waiting for the debugger to settle...
[2016-02-01 14:44:25:344] DebugLaunchPlugin - Waiting for the debugger to settle...
[2016-02-01 14:44:25:355] DebugLaunchPlugin - Waiting for the debugger to settle...
[2016-02-01 14:44:25:368] DebugLaunchPlugin - Waiting for the debugger to settle...
[2016-02-01 14:44:25:381] DebugLaunchPlugin - Waiting for the debugger to settle...
[2016-02-01 14:44:25:394] DebugLaunchPlugin - Waiting for the debugger to settle...
[2016-02-01 14:44:25:406] DebugLaunchPlugin - Waiting for the debugger to settle...
[2016-02-01 14:44:25:419] DebugLaunchPlugin - Waiting for the debugger to settle...
[2016-02-01 14:44:25:431] DebugLaunchPlugin - Waiting for the debugger to settle...
[2016-02-01 14:44:25:443] DebugLaunchPlugin - Waiting for the debugger to settle...
[2016-02-01 14:44:25:454] DebugLaunchPlugin - Waiting for the debugger to settle...
[2016-02-01 14:44:25:466] DebugLaunchPlugin - Waiting for the debugger to settle...
[2016-02-01 14:44:25:479] DebugLaunchPlugin - Waiting for the debugger to settle...
[2016-02-01 14:44:25:491] DebugLaunchPlugin - Waiting for the debugger to settle...
[2016-02-01 14:44:25:503] DebugLaunchPlugin - Waiting for the debugger to settle...
[2016-02-01 14:44:25:516] DebugLaunchPlugin - Debugger has settled. Resuming inferior.
[2016-02-01 14:44:28:402] JdwpDebugServer - Command: Z(11 3) id = 1766 length = 8
[2016-02-01 14:44:28:402] DebugChannel - Event: Thread resumed, java obj: 0x110b24f30, thread: 0x110b23ee0
[2016-02-01 14:44:28:409] DebugChannel - Event: Thread detached, java obj: 0x110b24f30, thread: 0x110b23ee0, exception: 0x0
[2016-02-01 14:44:28:410] JdwpDebugServer - Command: U(11 9) id = 1767 length = 8
[2016-02-01 14:44:28:413] DebugChannel - Error in debug channel thread: null
[2016-02-01 14:44:28:414] DebugChannel - Shutting down debug channel thread
[2016-02-01 14:44:28:416] SoftDebugger - com.robovm.debug.server.DebuggerException: Request interrupted
	at com.robovm.debug.server.d.i.a(Unknown.java:805)
	at com.robovm.debug.server.d.d.a(Unknown.java:203)
	at com.robovm.debug.server.d.t.e(Unknown.java:87)
	at com.robovm.debug.server.d.t.h(Unknown.java:114)
	at com.robovm.debug.server.e.b.j(Unknown.java:93)
	at com.robovm.debug.server.e.f.a(Unknown.java:33)
	at com.robovm.debug.server.e.c.a(Unknown.java:140)
	at com.robovm.debug.server.d.C.c(Unknown.java:1136)
	at com.robovm.debug.server.d.y.a(Unknown.java:247)
	at com.robovm.debug.server.d.y.a(Unknown.java:3150)
	at com.robovm.debug.server.d.z.run(Unknown.java:128)
	at java.lang.Thread.run(Thread.java:745)
Caused by: java.lang.InterruptedException
	at java.util.concurrent.locks.AbstractQueuedSynchronizer.doAcquireSharedNanos(AbstractQueuedSynchronizer.java:1038)
	at java.util.concurrent.locks.AbstractQueuedSynchronizer.tryAcquireSharedNanos(AbstractQueuedSynchronizer.java:1326)
	at java.util.concurrent.CountDownLatch.await(CountDownLatch.java:282)
	at com.robovm.debug.server.d.c.await(Unknown.java:31)
	at com.robovm.debug.server.d.i.a(Unknown.java:801)
	... 11 more
[2016-02-01 14:44:28:416] SoftJdwpEventProcessor - processing vm death event
[2016-02-01 14:44:28:416] SoftDebugger - Shutting down event loop thread
[2016-02-01 14:44:28:419] JdwpDebugServer - Command: Y(11 8) id = 1768 length = 8
[2016-02-01 14:44:28:420] JdwpDebugServer - Command: U(11 9) id = 1769 length = 8
[2016-02-01 14:44:28:422] JdwpDebugServer - Command: U(11 9) id = 1770 length = 8
[2016-02-01 14:44:28:422] JdwpDebugServer - Command: Y(11 8) id = 1771 length = 8
[2016-02-01 14:44:28:423] JdwpDebugServer - Command: U(11 9) id = 1772 length = 8
[2016-02-01 14:44:28:423] JdwpDebugServer - Command: Y(11 8) id = 1773 length = 8
[2016-02-01 14:44:28:491] DebugLaunchPlugin - Shutting down JDWP server
