[2016-02-01 17:09:33:927] ExecutableMemoryAccess - Reading executable bytes took: 0.167371
[2016-02-01 17:09:34:698] ExecutableMemoryAccess - Dumped section __TEXT,__text, took: 0.743399
[2016-02-01 17:09:34:699] ExecutableMemoryAccess - Dumped section __TEXT,__const, took: 0.001006
[2016-02-01 17:09:34:700] ExecutableMemoryAccess - Dumped section __DATA,__const, took: 5.16E-4
[2016-02-01 17:09:34:701] ExecutableMemoryAccess - Dumped section __DATA,__data, took: 5.57E-4
[2016-02-01 17:09:34:701] ExecutableMemoryAccess - Parsing sections took: 0.941782
[2016-02-01 17:09:36:396] ExecutableSymbolLookup - Reading nm output took: 2.636747
[2016-02-01 17:09:37:192] ExecutableSymbolLookup - Parsing nm output took: 0.796019
[2016-02-01 17:09:37:193] ExecutableSymbolLookup - Parsing symbols took: 3.433297
[2016-02-01 17:09:39:673] DebugLaunchPlugin - Got port address in 2.261244secs
[2016-02-01 17:09:39:675] SoftDebugger - Established connection to app on port 65126
[2016-02-01 17:09:39:675] DebugChannel - Starting debug channel thread
[2016-02-01 17:09:39:675] ClassInfoParser - Reading boot classes info
[2016-02-01 17:09:39:677] ClassInfoParser - Took 0.001596
[2016-02-01 17:09:39:677] ClassInfoParser - Reading classes info
[2016-02-01 17:09:39:678] ClassInfoParser - Took 0.001371
[2016-02-01 17:09:40:386] DebugChannel - Event: Thread attached, java obj: 0x116818f30, thread: 0x116817ee0
[2016-02-01 17:09:40:387] DebugChannel - Event: Thread stopped, reason: Exception, java obj: 0x116818f30, thread: 0x116817ee0, frames: 15
[2016-02-01 17:09:40:406] SoftDebugger - Loading class infos took: 0.730898secs
[2016-02-01 17:09:40:409] SoftDebugger - Loading class infos and adjusting addresses took: 0.73352secs
[2016-02-01 17:09:40:411] DebugLaunchPlugin - Waiting for JDWP client to connect
[2016-02-01 17:09:40:411] SocketTransport - Listening for transport dt_socket at address: 65103
[2016-02-01 17:09:40:413] SoftDebugger - Thread main attached
[2016-02-01 17:09:40:426] SoftDebugger - Reconstructing frames took: 0.012922secs
[2016-02-01 17:09:40:429] DebugChannel - Event: Thread resumed, java obj: 0x116818f30, thread: 0x116817ee0
[2016-02-01 17:09:40:444] DebugLaunchPlugin - Waiting for the debugger to settle...
[2016-02-01 17:09:40:446] JdwpDebugServer - Command: aq(1 7) id = 1943 length = 0
[2016-02-01 17:09:40:447] JdwpDebugServer - Command: m(15 1) id = 1944 length = 6
[2016-02-01 17:09:40:447] JdwpDebugServer - Command: m(15 1) id = 1942 length = 6
[2016-02-01 17:09:40:447] JdwpDebugServer - Command: m(15 1) id = 1945 length = 6
[2016-02-01 17:09:40:448] JdwpDebugServer - Command: au(1 1) id = 1946 length = 0
[2016-02-01 17:09:40:448] JdwpDebugServer - Command: ah(1 4) id = 1947 length = 0
[2016-02-01 17:09:40:449] JdwpDebugServer - Command: ad(11 5) id = 1948 length = 8
[2016-02-01 17:09:40:453] JdwpDebugServer - Command: S(12 1) id = 1949 length = 8
[2016-02-01 17:09:40:456] DebugLaunchPlugin - Waiting for the debugger to settle...
[2016-02-01 17:09:40:459] JdwpDebugServer - Command: T(12 2) id = 1950 length = 8
[2016-02-01 17:09:40:459] JdwpDebugServer - Command: y(9 1) id = 1951 length = 8
[2016-02-01 17:09:40:460] JdwpDebugServer - Command: D(2 14) id = 1952 length = 8
[2016-02-01 17:09:40:460] JdwpDebugServer - Command: F(2 10) id = 1953 length = 8
[2016-02-01 17:09:40:460] JdwpDebugServer - Command: D(2 14) id = 1954 length = 8
[2016-02-01 17:09:40:461] JdwpDebugServer - Command: F(2 10) id = 1955 length = 8
[2016-02-01 17:09:40:461] JdwpDebugServer - Command: j(3 1) id = 1956 length = 8
[2016-02-01 17:09:40:461] JdwpDebugServer - Command: D(2 14) id = 1957 length = 8
[2016-02-01 17:09:40:461] JdwpDebugServer - Command: F(2 10) id = 1958 length = 8
[2016-02-01 17:09:40:461] JdwpDebugServer - Command: j(3 1) id = 1959 length = 8
[2016-02-01 17:09:40:462] JdwpDebugServer - Command: u(9 2) id = 1960 length = 20
[2016-02-01 17:09:40:462] JdwpDebugServer - Command: aa(11 4) id = 1961 length = 8
[2016-02-01 17:09:40:463] JdwpDebugServer - Command: aa(11 4) id = 1962 length = 8
[2016-02-01 17:09:40:464] JdwpDebugServer - Command: m(15 1) id = 1963 length = 39
[2016-02-01 17:09:40:464] SoftJdwpEventProcessor - Set up class load event with filter: mob.sharesdk.MobShareSDKDemo
[2016-02-01 17:09:40:464] ClassInfos - Couldn't find class info for mob/sharesdk/MobShareSDKDemo
[2016-02-01 17:09:40:464] ClassInfos - com.robovm.debug.server.DebuggerException: Unknown primitive type: mob/sharesdk/MobShareSDKDemo
	at com.robovm.debug.server.a.c.a(Unknown.java:3147)
	at com.robovm.debug.server.a.c.a(Unknown.java:57)
	at com.robovm.debug.server.d.y.a(Unknown.java:626)
	at com.robovm.debug.server.d.y.a(Unknown.java:597)
	at com.robovm.debug.server.b.c.a.a(Unknown.java:4118)
	at com.robovm.debug.server.b.c.b.a(Unknown.java:1693)
	at com.robovm.debug.server.b.a.m.a(Unknown.java:106)
	at com.robovm.debug.server.b.a.ae.b(Unknown.java:26)
	at com.robovm.debug.server.b.p.a(Unknown.java:7320)
	at com.robovm.debug.server.b.q.run(Unknown.java:207)
[2016-02-01 17:09:40:465] JdwpDebugServer - Command: m(15 1) id = 1964 length = 41
[2016-02-01 17:09:40:465] SoftJdwpEventProcessor - Set up class load event with filter: mob.sharesdk.MobShareSDKDemo$*
[2016-02-01 17:09:40:466] JdwpDebugServer - Command: al(1 2) id = 1965 length = 34
[2016-02-01 17:09:40:467] ClassInfos - Couldn't find class info for mob/sharesdk/MobShareSDKDemo
[2016-02-01 17:09:40:467] ClassInfos - com.robovm.debug.server.DebuggerException: Unknown primitive type: mob/sharesdk/MobShareSDKDemo
	at com.robovm.debug.server.a.c.a(Unknown.java:3147)
	at com.robovm.debug.server.a.c.a(Unknown.java:57)
	at com.robovm.debug.server.b.c.b.a(Unknown.java:281)
	at com.robovm.debug.server.b.a.al.a(Unknown.java:22)
	at com.robovm.debug.server.b.a.ae.b(Unknown.java:26)
	at com.robovm.debug.server.b.p.a(Unknown.java:7320)
	at com.robovm.debug.server.b.q.run(Unknown.java:207)
[2016-02-01 17:09:40:467] JdwpDebugServer - Command: aj(1 17) id = 1966 length = 0
[2016-02-01 17:09:40:468] JdwpDebugServer - Command: m(15 1) id = 1967 length = 26
[2016-02-01 17:09:40:468] SoftJdwpEventProcessor - Set up class load event with filter: java.lang.Error
[2016-02-01 17:09:40:469] JdwpDebugServer - Command: m(15 1) id = 1968 length = 28
[2016-02-01 17:09:40:469] DebugLaunchPlugin - Waiting for the debugger to settle...
[2016-02-01 17:09:40:469] SoftJdwpEventProcessor - Set up class load event with filter: java.lang.Error$*
[2016-02-01 17:09:40:470] JdwpDebugServer - Command: al(1 2) id = 1969 length = 21
[2016-02-01 17:09:40:471] JdwpDebugServer - Command: m(15 1) id = 1970 length = 17
[2016-02-01 17:09:40:471] JdwpDebugServer - Command: J(2 1) id = 1971 length = 8
[2016-02-01 17:09:40:473] JdwpDebugServer - Command: m(15 1) id = 1972 length = 30
[2016-02-01 17:09:40:473] SoftJdwpEventProcessor - Set up class load event with filter: java.lang.Throwable
[2016-02-01 17:09:40:474] JdwpDebugServer - Command: m(15 1) id = 1973 length = 32
[2016-02-01 17:09:40:474] SoftJdwpEventProcessor - Set up class load event with filter: java.lang.Throwable$*
[2016-02-01 17:09:40:475] JdwpDebugServer - Command: al(1 2) id = 1974 length = 25
[2016-02-01 17:09:40:475] JdwpDebugServer - Command: m(15 1) id = 1975 length = 17
[2016-02-01 17:09:40:476] JdwpDebugServer - Command: J(2 1) id = 1976 length = 8
[2016-02-01 17:09:40:482] DebugLaunchPlugin - Waiting for the debugger to settle...
[2016-02-01 17:09:40:493] DebugLaunchPlugin - Waiting for the debugger to settle...
[2016-02-01 17:09:40:505] DebugLaunchPlugin - Waiting for the debugger to settle...
[2016-02-01 17:09:40:516] DebugLaunchPlugin - Waiting for the debugger to settle...
[2016-02-01 17:09:40:526] DebugLaunchPlugin - Waiting for the debugger to settle...
[2016-02-01 17:09:40:537] DebugLaunchPlugin - Waiting for the debugger to settle...
[2016-02-01 17:09:40:547] DebugLaunchPlugin - Waiting for the debugger to settle...
[2016-02-01 17:09:40:551] DebugChannel - Event: Thread stopped, reason: Exception, java obj: 0x116818f30, thread: 0x116817ee0, frames: 10
[2016-02-01 17:09:40:551] SoftDebugger - Reconstructing frames took: 6.2E-5secs
[2016-02-01 17:09:40:552] DebugChannel - Event: Thread resumed, java obj: 0x116818f30, thread: 0x116817ee0
[2016-02-01 17:09:40:557] DebugChannel - Event: Thread attached, java obj: 0x116818ea0, thread: 0x116817e00
[2016-02-01 17:09:40:560] DebugLaunchPlugin - Waiting for the debugger to settle...
[2016-02-01 17:09:40:561] DebugChannel - Event: Thread attached, java obj: 0x116818d80, thread: 0x116817d20
[2016-02-01 17:09:40:562] DebugChannel - Event: Thread attached, java obj: 0x116818c60, thread: 0x116817c40
[2016-02-01 17:09:40:562] SoftDebugger - Thread ReferenceQueueDaemon attached
[2016-02-01 17:09:40:562] SoftJdwpEventProcessor - processing thread start event
[2016-02-01 17:09:40:564] JdwpDebugServer - Command: w(9 9) id = 1977 length = 8
[2016-02-01 17:09:40:565] JdwpDebugServer - Command: ad(11 5) id = 1978 length = 8
[2016-02-01 17:09:40:565] JdwpDebugServer - Command: y(9 1) id = 1979 length = 8
[2016-02-01 17:09:40:566] JdwpDebugServer - Command: u(9 2) id = 1980 length = 20
[2016-02-01 17:09:40:566] SoftDebugger - Thread FinalizerDaemon attached
[2016-02-01 17:09:40:566] SoftJdwpEventProcessor - processing thread start event
[2016-02-01 17:09:40:567] JdwpDebugServer - Command: aa(11 4) id = 1981 length = 8
[2016-02-01 17:09:40:567] JdwpDebugServer - Command: w(9 9) id = 1982 length = 8
[2016-02-01 17:09:40:567] JdwpDebugServer - Command: aa(11 4) id = 1983 length = 8
[2016-02-01 17:09:40:567] JdwpDebugServer - Command: ad(11 5) id = 1984 length = 8
[2016-02-01 17:09:40:569] JdwpDebugServer - Command: y(9 1) id = 1985 length = 8
[2016-02-01 17:09:40:570] JdwpDebugServer - Command: u(9 2) id = 1986 length = 20
[2016-02-01 17:09:40:570] SoftDebugger - Thread FinalizerWatchdogDaemon attached
[2016-02-01 17:09:40:570] SoftJdwpEventProcessor - processing thread start event
[2016-02-01 17:09:40:571] JdwpDebugServer - Command: aa(11 4) id = 1987 length = 8
[2016-02-01 17:09:40:571] JdwpDebugServer - Command: w(9 9) id = 1988 length = 8
[2016-02-01 17:09:40:571] DebugLaunchPlugin - Waiting for the debugger to settle...
[2016-02-01 17:09:40:571] JdwpDebugServer - Command: aa(11 4) id = 1989 length = 8
[2016-02-01 17:09:40:572] JdwpDebugServer - Command: ad(11 5) id = 1990 length = 8
[2016-02-01 17:09:40:573] JdwpDebugServer - Command: y(9 1) id = 1991 length = 8
[2016-02-01 17:09:40:573] JdwpDebugServer - Command: u(9 2) id = 1992 length = 20
[2016-02-01 17:09:40:574] JdwpDebugServer - Command: aa(11 4) id = 1993 length = 8
[2016-02-01 17:09:40:574] JdwpDebugServer - Command: aa(11 4) id = 1994 length = 8
[2016-02-01 17:09:40:582] DebugLaunchPlugin - Waiting for the debugger to settle...
[2016-02-01 17:09:40:595] DebugLaunchPlugin - Waiting for the debugger to settle...
[2016-02-01 17:09:40:606] DebugLaunchPlugin - Waiting for the debugger to settle...
[2016-02-01 17:09:40:617] DebugLaunchPlugin - Waiting for the debugger to settle...
[2016-02-01 17:09:40:629] DebugLaunchPlugin - Waiting for the debugger to settle...
[2016-02-01 17:09:40:641] DebugLaunchPlugin - Waiting for the debugger to settle...
[2016-02-01 17:09:40:651] DebugLaunchPlugin - Waiting for the debugger to settle...
[2016-02-01 17:09:40:663] DebugLaunchPlugin - Waiting for the debugger to settle...
[2016-02-01 17:09:40:674] DebugLaunchPlugin - Waiting for the debugger to settle...
[2016-02-01 17:09:40:686] DebugLaunchPlugin - Waiting for the debugger to settle...
[2016-02-01 17:09:40:697] DebugLaunchPlugin - Waiting for the debugger to settle...
[2016-02-01 17:09:40:709] DebugLaunchPlugin - Waiting for the debugger to settle...
[2016-02-01 17:09:40:721] DebugLaunchPlugin - Waiting for the debugger to settle...
[2016-02-01 17:09:40:732] DebugLaunchPlugin - Waiting for the debugger to settle...
[2016-02-01 17:09:40:744] DebugLaunchPlugin - Waiting for the debugger to settle...
[2016-02-01 17:09:40:755] DebugLaunchPlugin - Waiting for the debugger to settle...
[2016-02-01 17:09:40:768] DebugLaunchPlugin - Waiting for the debugger to settle...
[2016-02-01 17:09:40:778] DebugLaunchPlugin - Waiting for the debugger to settle...
[2016-02-01 17:09:40:790] DebugLaunchPlugin - Waiting for the debugger to settle...
[2016-02-01 17:09:40:791] DebugChannel - Event: Thread stopped, reason: Exception, java obj: 0x116818f30, thread: 0x116817ee0, frames: 9
[2016-02-01 17:09:40:798] SoftDebugger - Reconstructing frames took: 0.006417secs
[2016-02-01 17:09:40:799] DebugChannel - Event: Thread resumed, java obj: 0x116818f30, thread: 0x116817ee0
[2016-02-01 17:09:40:800] DebugChannel - Event: Thread stopped, reason: Exception, java obj: 0x116818f30, thread: 0x116817ee0, frames: 9
[2016-02-01 17:09:40:800] SoftDebugger - Reconstructing frames took: 5.8E-5secs
[2016-02-01 17:09:40:800] DebugChannel - Event: Thread resumed, java obj: 0x116818f30, thread: 0x116817ee0
[2016-02-01 17:09:40:801] DebugLaunchPlugin - Waiting for the debugger to settle...
[2016-02-01 17:09:40:812] DebugLaunchPlugin - Waiting for the debugger to settle...
[2016-02-01 17:09:40:816] DebugChannel - Event: Thread stopped, reason: Exception, java obj: 0x116818f30, thread: 0x116817ee0, frames: 9
[2016-02-01 17:09:40:816] SoftDebugger - Reconstructing frames took: 4.6E-5secs
[2016-02-01 17:09:40:817] DebugChannel - Event: Thread resumed, java obj: 0x116818f30, thread: 0x116817ee0
[2016-02-01 17:09:40:817] DebugChannel - Event: Thread stopped, reason: Exception, java obj: 0x116818f30, thread: 0x116817ee0, frames: 9
[2016-02-01 17:09:40:817] SoftDebugger - Reconstructing frames took: 2.7E-5secs
[2016-02-01 17:09:40:818] DebugChannel - Event: Thread resumed, java obj: 0x116818f30, thread: 0x116817ee0
[2016-02-01 17:09:40:818] DebugChannel - Event: Thread stopped, reason: Exception, java obj: 0x116818f30, thread: 0x116817ee0, frames: 9
[2016-02-01 17:09:40:818] SoftDebugger - Reconstructing frames took: 2.3E-5secs
[2016-02-01 17:09:40:818] DebugChannel - Event: Thread resumed, java obj: 0x116818f30, thread: 0x116817ee0
[2016-02-01 17:09:40:819] DebugChannel - Event: Thread stopped, reason: Exception, java obj: 0x116818f30, thread: 0x116817ee0, frames: 9
[2016-02-01 17:09:40:819] SoftDebugger - Reconstructing frames took: 2.0E-5secs
[2016-02-01 17:09:40:819] DebugChannel - Event: Thread resumed, java obj: 0x116818f30, thread: 0x116817ee0
[2016-02-01 17:09:40:820] DebugChannel - Event: Thread stopped, reason: Exception, java obj: 0x116818f30, thread: 0x116817ee0, frames: 9
[2016-02-01 17:09:40:820] SoftDebugger - Reconstructing frames took: 2.1E-5secs
[2016-02-01 17:09:40:820] DebugChannel - Event: Thread resumed, java obj: 0x116818f30, thread: 0x116817ee0
[2016-02-01 17:09:40:821] DebugChannel - Event: Thread stopped, reason: Exception, java obj: 0x116818f30, thread: 0x116817ee0, frames: 9
[2016-02-01 17:09:40:821] SoftDebugger - Reconstructing frames took: 2.1E-5secs
[2016-02-01 17:09:40:821] DebugChannel - Event: Thread resumed, java obj: 0x116818f30, thread: 0x116817ee0
[2016-02-01 17:09:40:822] DebugChannel - Event: Thread stopped, reason: Exception, java obj: 0x116818f30, thread: 0x116817ee0, frames: 9
[2016-02-01 17:09:40:822] SoftDebugger - Reconstructing frames took: 2.6E-5secs
[2016-02-01 17:09:40:822] DebugChannel - Event: Thread resumed, java obj: 0x116818f30, thread: 0x116817ee0
[2016-02-01 17:09:40:823] DebugLaunchPlugin - Waiting for the debugger to settle...
[2016-02-01 17:09:40:823] DebugChannel - Event: Thread stopped, reason: Exception, java obj: 0x116818f30, thread: 0x116817ee0, frames: 9
[2016-02-01 17:09:40:823] SoftDebugger - Reconstructing frames took: 3.6E-5secs
[2016-02-01 17:09:40:823] DebugChannel - Event: Thread resumed, java obj: 0x116818f30, thread: 0x116817ee0
[2016-02-01 17:09:40:835] DebugLaunchPlugin - Waiting for the debugger to settle...
[2016-02-01 17:09:40:848] DebugLaunchPlugin - Waiting for the debugger to settle...
[2016-02-01 17:09:40:858] DebugLaunchPlugin - Waiting for the debugger to settle...
[2016-02-01 17:09:40:869] DebugLaunchPlugin - Waiting for the debugger to settle...
[2016-02-01 17:09:40:880] DebugLaunchPlugin - Waiting for the debugger to settle...
[2016-02-01 17:09:40:891] DebugLaunchPlugin - Waiting for the debugger to settle...
[2016-02-01 17:09:40:902] DebugLaunchPlugin - Waiting for the debugger to settle...
[2016-02-01 17:09:40:914] DebugLaunchPlugin - Waiting for the debugger to settle...
[2016-02-01 17:09:40:925] DebugLaunchPlugin - Waiting for the debugger to settle...
[2016-02-01 17:09:40:935] DebugLaunchPlugin - Waiting for the debugger to settle...
[2016-02-01 17:09:40:946] DebugLaunchPlugin - Waiting for the debugger to settle...
[2016-02-01 17:09:40:958] DebugLaunchPlugin - Waiting for the debugger to settle...
[2016-02-01 17:09:40:968] DebugLaunchPlugin - Waiting for the debugger to settle...
[2016-02-01 17:09:40:969] DebugChannel - Event: Thread stopped, reason: Exception, java obj: 0x116818f30, thread: 0x116817ee0, frames: 9
[2016-02-01 17:09:40:969] SoftDebugger - Reconstructing frames took: 5.7E-5secs
[2016-02-01 17:09:40:970] DebugChannel - Event: Thread resumed, java obj: 0x116818f30, thread: 0x116817ee0
[2016-02-01 17:09:40:980] DebugLaunchPlugin - Waiting for the debugger to settle...
[2016-02-01 17:09:40:991] DebugLaunchPlugin - Waiting for the debugger to settle...
[2016-02-01 17:09:41:002] DebugLaunchPlugin - Waiting for the debugger to settle...
[2016-02-01 17:09:41:013] DebugLaunchPlugin - Waiting for the debugger to settle...
[2016-02-01 17:09:41:023] DebugLaunchPlugin - Waiting for the debugger to settle...
[2016-02-01 17:09:41:033] DebugLaunchPlugin - Waiting for the debugger to settle...
[2016-02-01 17:09:41:044] DebugLaunchPlugin - Waiting for the debugger to settle...
[2016-02-01 17:09:41:055] DebugLaunchPlugin - Waiting for the debugger to settle...
[2016-02-01 17:09:41:065] DebugLaunchPlugin - Waiting for the debugger to settle...
[2016-02-01 17:09:41:078] DebugLaunchPlugin - Waiting for the debugger to settle...
[2016-02-01 17:09:41:090] DebugLaunchPlugin - Waiting for the debugger to settle...
[2016-02-01 17:09:41:103] DebugLaunchPlugin - Waiting for the debugger to settle...
[2016-02-01 17:09:41:114] DebugLaunchPlugin - Waiting for the debugger to settle...
[2016-02-01 17:09:41:126] DebugLaunchPlugin - Waiting for the debugger to settle...
[2016-02-01 17:09:41:139] DebugLaunchPlugin - Waiting for the debugger to settle...
[2016-02-01 17:09:41:149] DebugLaunchPlugin - Waiting for the debugger to settle...
[2016-02-01 17:09:41:161] DebugLaunchPlugin - Waiting for the debugger to settle...
[2016-02-01 17:09:41:174] DebugLaunchPlugin - Waiting for the debugger to settle...
[2016-02-01 17:09:41:187] DebugLaunchPlugin - Waiting for the debugger to settle...
[2016-02-01 17:09:41:197] DebugLaunchPlugin - Waiting for the debugger to settle...
[2016-02-01 17:09:41:207] DebugLaunchPlugin - Waiting for the debugger to settle...
[2016-02-01 17:09:41:217] DebugLaunchPlugin - Waiting for the debugger to settle...
[2016-02-01 17:09:41:228] DebugLaunchPlugin - Waiting for the debugger to settle...
[2016-02-01 17:09:41:239] DebugLaunchPlugin - Waiting for the debugger to settle...
[2016-02-01 17:09:41:249] DebugLaunchPlugin - Waiting for the debugger to settle...
[2016-02-01 17:09:41:252] DebugChannel - Event: Thread stopped, reason: Exception, java obj: 0x116818f30, thread: 0x116817ee0, frames: 15
[2016-02-01 17:09:41:256] SoftDebugger - Reconstructing frames took: 0.003451secs
[2016-02-01 17:09:41:256] DebugChannel - Event: Thread resumed, java obj: 0x116818f30, thread: 0x116817ee0
[2016-02-01 17:09:41:260] DebugLaunchPlugin - Waiting for the debugger to settle...
[2016-02-01 17:09:41:273] DebugLaunchPlugin - Waiting for the debugger to settle...
[2016-02-01 17:09:41:275] DebugChannel - Event: Thread stopped, reason: Exception, java obj: 0x116818f30, thread: 0x116817ee0, frames: 10
[2016-02-01 17:09:41:275] SoftDebugger - Reconstructing frames took: 4.2E-5secs
[2016-02-01 17:09:41:275] DebugChannel - Event: Thread resumed, java obj: 0x116818f30, thread: 0x116817ee0
[2016-02-01 17:09:41:283] DebugLaunchPlugin - Waiting for the debugger to settle...
[2016-02-01 17:09:41:294] DebugLaunchPlugin - Waiting for the debugger to settle...
[2016-02-01 17:09:41:306] DebugLaunchPlugin - Waiting for the debugger to settle...
[2016-02-01 17:09:41:318] DebugLaunchPlugin - Waiting for the debugger to settle...
[2016-02-01 17:09:41:330] DebugLaunchPlugin - Waiting for the debugger to settle...
[2016-02-01 17:09:41:342] DebugLaunchPlugin - Waiting for the debugger to settle...
[2016-02-01 17:09:41:354] DebugLaunchPlugin - Waiting for the debugger to settle...
[2016-02-01 17:09:41:364] DebugLaunchPlugin - Waiting for the debugger to settle...
[2016-02-01 17:09:41:375] DebugLaunchPlugin - Waiting for the debugger to settle...
[2016-02-01 17:09:41:387] DebugLaunchPlugin - Waiting for the debugger to settle...
[2016-02-01 17:09:41:397] DebugLaunchPlugin - Waiting for the debugger to settle...
[2016-02-01 17:09:41:409] DebugLaunchPlugin - Waiting for the debugger to settle...
[2016-02-01 17:09:41:419] DebugLaunchPlugin - Waiting for the debugger to settle...
[2016-02-01 17:09:41:430] DebugLaunchPlugin - Waiting for the debugger to settle...
[2016-02-01 17:09:41:441] DebugLaunchPlugin - Waiting for the debugger to settle...
[2016-02-01 17:09:41:452] DebugLaunchPlugin - Waiting for the debugger to settle...
[2016-02-01 17:09:41:463] DebugLaunchPlugin - Waiting for the debugger to settle...
[2016-02-01 17:09:41:474] DebugLaunchPlugin - Waiting for the debugger to settle...
[2016-02-01 17:09:41:485] DebugLaunchPlugin - Waiting for the debugger to settle...
[2016-02-01 17:09:41:496] DebugLaunchPlugin - Waiting for the debugger to settle...
[2016-02-01 17:09:41:506] DebugLaunchPlugin - Waiting for the debugger to settle...
[2016-02-01 17:09:41:519] DebugLaunchPlugin - Waiting for the debugger to settle...
[2016-02-01 17:09:41:531] DebugLaunchPlugin - Waiting for the debugger to settle...
[2016-02-01 17:09:41:542] DebugLaunchPlugin - Waiting for the debugger to settle...
[2016-02-01 17:09:41:554] DebugLaunchPlugin - Waiting for the debugger to settle...
[2016-02-01 17:09:41:565] DebugLaunchPlugin - Waiting for the debugger to settle...
[2016-02-01 17:09:41:577] DebugLaunchPlugin - Debugger has settled. Resuming inferior.
[2016-02-01 17:10:57:371] DebugChannel - Event: Thread stopped, reason: Exception, java obj: 0x116818f30, thread: 0x116817ee0, frames: 5
[2016-02-01 17:10:57:374] SoftDebugger - Reconstructing frames took: 0.002694secs
[2016-02-01 17:10:57:375] DebugChannel - Event: Thread resumed, java obj: 0x116818f30, thread: 0x116817ee0
[2016-02-01 17:10:57:375] DebugChannel - Event: Thread stopped, reason: Exception, java obj: 0x116818f30, thread: 0x116817ee0, frames: 3
[2016-02-01 17:10:57:375] SoftDebugger - Reconstructing frames took: 1.1E-5secs
[2016-02-01 17:10:57:375] DebugChannel - Event: Thread resumed, java obj: 0x116818f30, thread: 0x116817ee0
[2016-02-01 17:10:57:375] DebugChannel - Event: Thread stopped, reason: Exception, java obj: 0x116818f30, thread: 0x116817ee0, frames: 3
[2016-02-01 17:10:57:375] SoftDebugger - Reconstructing frames took: 9.0E-6secs
[2016-02-01 17:10:57:376] DebugChannel - Event: Thread resumed, java obj: 0x116818f30, thread: 0x116817ee0
[2016-02-01 17:10:57:376] DebugChannel - Event: Thread stopped, reason: Exception, java obj: 0x116818f30, thread: 0x116817ee0, frames: 1
[2016-02-01 17:10:57:376] SoftDebugger - Reconstructing frames took: 5.0E-6secs
[2016-02-01 17:10:57:376] DebugChannel - Event: Thread resumed, java obj: 0x116818f30, thread: 0x116817ee0
[2016-02-01 17:10:57:377] DebugChannel - Event: Thread stopped, reason: Exception, java obj: 0x116818f30, thread: 0x116817ee0, frames: 1
[2016-02-01 17:10:57:377] SoftDebugger - Reconstructing frames took: 6.0E-6secs
[2016-02-01 17:10:57:377] JdwpDebugServer - Command: H(2 15) id = 1995 length = 8
[2016-02-01 17:10:57:378] SoftVmInterface - Reporting method: com/mob/demo/ShareSDKDemo.<init>
[2016-02-01 17:10:57:378] SoftVmInterface - Reporting method: com/mob/demo/ShareSDKDemo.didFinishLaunching
[2016-02-01 17:10:57:378] SoftVmInterface - Reporting method: com/mob/demo/ShareSDKDemo.main
[2016-02-01 17:10:57:378] SoftVmInterface - Reporting method: com/mob/demo/ShareSDKDemo.initShareSDK
[2016-02-01 17:10:57:378] SoftVmInterface - Reporting method: com/mob/demo/ShareSDKDemo.$cb$application$didFinishLaunchingWithOptions$
[2016-02-01 17:10:57:378] SoftVmInterface - Reporting method: com/mob/demo/ShareSDKDemo.$cb$init
[2016-02-01 17:10:57:378] SoftVmInterface - Reporting method: com/mob/demo/ShareSDKDemo.$setHandle
[2016-02-01 17:10:57:378] SoftVmInterface - Reporting method: com/mob/demo/ShareSDKDemo.$cb$initWithCoder$
[2016-02-01 17:10:57:378] SoftVmInterface - Reporting method: com/mob/demo/ShareSDKDemo.$m$super$initWithCoder$
[2016-02-01 17:10:57:378] SoftVmInterface - Reporting method: com/mob/demo/ShareSDKDemo.$getSuper
[2016-02-01 17:10:57:378] SoftVmInterface - Reporting method: com/mob/demo/ShareSDKDemo.$initObject
[2016-02-01 17:10:57:379] SoftVmInterface - Reporting method: com/mob/demo/ShareSDKDemo.<clinit>
[2016-02-01 17:10:57:379] JdwpDebugServer - Command: y(9 1) id = 1996 length = 8
[2016-02-01 17:10:57:379] JdwpDebugServer - Command: J(2 1) id = 1997 length = 8
[2016-02-01 17:10:57:379] JdwpDebugServer - Command: j(3 1) id = 1998 length = 8
[2016-02-01 17:10:57:380] JdwpDebugServer - Command: J(2 1) id = 1999 length = 8
[2016-02-01 17:10:57:380] JdwpDebugServer - Command: j(3 1) id = 2000 length = 8
[2016-02-01 17:10:57:380] JdwpDebugServer - Command: J(2 1) id = 2001 length = 8
[2016-02-01 17:10:57:380] JdwpDebugServer - Command: j(3 1) id = 2002 length = 8
[2016-02-01 17:10:57:381] JdwpDebugServer - Command: W(11 6) id = 2003 length = 16
[2016-02-01 17:10:57:381] JdwpDebugServer - Command: V(11 7) id = 2004 length = 8
[2016-02-01 17:10:57:381] JdwpDebugServer - Command: Y(11 8) id = 2005 length = 8
[2016-02-01 17:10:57:382] JdwpDebugServer - Command: U(11 9) id = 2006 length = 8
[2016-02-01 17:10:57:382] JdwpDebugServer - Command: Y(11 8) id = 2007 length = 8
[2016-02-01 17:10:57:382] JdwpDebugServer - Command: U(11 9) id = 2008 length = 8
[2016-02-01 17:10:57:739] JdwpDebugServer - Command: L(2 7) id = 2009 length = 8
[2016-02-01 17:10:57:748] JdwpDebugServer - Command: J(2 1) id = 2010 length = 8
[2016-02-01 17:10:57:830] JdwpDebugServer - Command: K(2 13) id = 2011 length = 8
[2016-02-01 17:10:57:831] JdwpDebugServer - Command: o(6 1) id = 2012 length = 16
[2016-02-01 17:10:57:831] SoftVmInterface - Reporting line numbers for method com/mob/demo/ShareSDKDemo.main: [40, 41, 42, 43]
[2016-02-01 17:10:57:832] JdwpDebugServer - Command: X(11 1) id = 2013 length = 8
[2016-02-01 17:10:57:835] JdwpDebugServer - Command: U(11 9) id = 2014 length = 8
[2016-02-01 17:10:57:835] JdwpDebugServer - Command: X(11 1) id = 2015 length = 8
[2016-02-01 17:10:57:837] JdwpDebugServer - Command: Y(11 8) id = 2016 length = 8
[2016-02-01 17:10:58:073] JdwpDebugServer - Command: D(2 14) id = 2017 length = 8
[2016-02-01 17:10:58:073] JdwpDebugServer - Command: F(2 10) id = 2018 length = 8
[2016-02-01 17:10:58:074] JdwpDebugServer - Command: j(3 1) id = 2019 length = 8
[2016-02-01 17:10:58:074] JdwpDebugServer - Command: D(2 14) id = 2020 length = 8
[2016-02-01 17:10:58:075] JdwpDebugServer - Command: F(2 10) id = 2021 length = 8
[2016-02-01 17:10:58:075] JdwpDebugServer - Command: D(2 14) id = 2022 length = 8
[2016-02-01 17:10:58:075] JdwpDebugServer - Command: F(2 10) id = 2023 length = 8
[2016-02-01 17:10:58:075] JdwpDebugServer - Command: D(2 14) id = 2024 length = 8
[2016-02-01 17:10:58:075] JdwpDebugServer - Command: F(2 10) id = 2025 length = 8
[2016-02-01 17:10:58:076] JdwpDebugServer - Command: D(2 14) id = 2026 length = 8
[2016-02-01 17:10:58:076] JdwpDebugServer - Command: F(2 10) id = 2027 length = 8
[2016-02-01 17:10:58:076] JdwpDebugServer - Command: j(3 1) id = 2028 length = 8
[2016-02-01 17:10:58:076] JdwpDebugServer - Command: D(2 14) id = 2029 length = 8
[2016-02-01 17:10:58:077] JdwpDebugServer - Command: F(2 10) id = 2030 length = 8
[2016-02-01 17:10:58:077] JdwpDebugServer - Command: j(3 1) id = 2031 length = 8
[2016-02-01 17:10:58:077] JdwpDebugServer - Command: D(2 14) id = 2032 length = 8
[2016-02-01 17:10:58:078] JdwpDebugServer - Command: F(2 10) id = 2033 length = 8
[2016-02-01 17:10:58:078] JdwpDebugServer - Command: j(3 1) id = 2034 length = 8
[2016-02-01 17:10:58:078] JdwpDebugServer - Command: D(2 14) id = 2035 length = 8
[2016-02-01 17:10:58:078] JdwpDebugServer - Command: F(2 10) id = 2036 length = 8
[2016-02-01 17:10:58:078] JdwpDebugServer - Command: j(3 1) id = 2037 length = 8
[2016-02-01 17:10:58:079] JdwpDebugServer - Command: j(3 1) id = 2038 length = 8
[2016-02-01 17:10:58:079] JdwpDebugServer - Command: q(6 5) id = 2039 length = 16
[2016-02-01 17:10:58:251] JdwpDebugServer - Command: V(11 7) id = 2040 length = 8
[2016-02-01 17:10:58:251] JdwpDebugServer - Command: Y(11 8) id = 2041 length = 8
[2016-02-01 17:10:58:251] JdwpDebugServer - Command: U(11 9) id = 2042 length = 8
[2016-02-01 17:10:58:253] JdwpDebugServer - Command: X(11 1) id = 2043 length = 8
[2016-02-01 17:10:58:254] JdwpDebugServer - Command: V(11 7) id = 2044 length = 8
[2016-02-01 17:10:58:255] JdwpDebugServer - Command: Y(11 8) id = 2045 length = 8
[2016-02-01 17:10:58:255] JdwpDebugServer - Command: X(11 1) id = 2046 length = 8
[2016-02-01 17:10:58:256] JdwpDebugServer - Command: U(11 9) id = 2047 length = 8
[2016-02-01 17:10:58:257] JdwpDebugServer - Command: X(11 1) id = 2048 length = 8
[2016-02-01 17:10:58:258] JdwpDebugServer - Command: U(11 9) id = 2049 length = 8
[2016-02-01 17:10:58:259] JdwpDebugServer - Command: X(11 1) id = 2050 length = 8
[2016-02-01 17:10:58:260] JdwpDebugServer - Command: Y(11 8) id = 2051 length = 8
[2016-02-01 17:10:58:261] JdwpDebugServer - Command: U(11 9) id = 2052 length = 8
[2016-02-01 17:10:58:261] JdwpDebugServer - Command: Y(11 8) id = 2053 length = 8
[2016-02-01 17:10:58:261] JdwpDebugServer - Command: U(11 9) id = 2054 length = 8
[2016-02-01 17:10:58:261] JdwpDebugServer - Command: Y(11 8) id = 2055 length = 8
[2016-02-01 17:11:03:335] JdwpDebugServer - Command: Z(11 3) id = 2056 length = 8
[2016-02-01 17:11:03:335] DebugChannel - Event: Thread resumed, java obj: 0x116818f30, thread: 0x116817ee0
[2016-02-01 17:11:03:340] JdwpDebugServer - Command: U(11 9) id = 2057 length = 8
[2016-02-01 17:11:03:340] JdwpDebugServer - Command: Y(11 8) id = 2058 length = 8
[2016-02-01 17:11:03:341] JdwpDebugServer - Command: U(11 9) id = 2059 length = 8
[2016-02-01 17:11:03:341] JdwpDebugServer - Command: Y(11 8) id = 2060 length = 8
[2016-02-01 17:11:03:341] JdwpDebugServer - Command: U(11 9) id = 2061 length = 8
[2016-02-01 17:11:03:341] JdwpDebugServer - Command: Y(11 8) id = 2062 length = 8
[2016-02-01 17:11:03:341] DebugChannel - Event: Thread detached, java obj: 0x116818f30, thread: 0x116817ee0, exception: 0x0
[2016-02-01 17:11:03:342] JdwpDebugServer - Command: U(11 9) id = 2063 length = 8
[2016-02-01 17:11:03:360] DebugChannel - Error in debug channel thread: null
[2016-02-01 17:11:03:360] DebugChannel - Shutting down debug channel thread
[2016-02-01 17:11:03:360] SoftDebugger - com.robovm.debug.server.DebuggerException: Request interrupted
	at com.robovm.debug.server.d.i.a(Unknown.java:805)
	at com.robovm.debug.server.d.d.a(Unknown.java:203)
	at com.robovm.debug.server.d.t.e(Unknown.java:87)
	at com.robovm.debug.server.d.t.h(Unknown.java:114)
	at com.robovm.debug.server.e.b.j(Unknown.java:93)
	at com.robovm.debug.server.e.f.a(Unknown.java:33)
	at com.robovm.debug.server.e.c.a(Unknown.java:147)
	at com.robovm.debug.server.d.C.c(Unknown.java:1136)
	at com.robovm.debug.server.d.y.a(Unknown.java:247)
	at com.robovm.debug.server.d.y.a(Unknown.java:3150)
	at com.robovm.debug.server.d.z.run(Unknown.java:128)
	at java.lang.Thread.run(Thread.java:745)
Caused by: java.lang.InterruptedException
	at java.util.concurrent.locks.AbstractQueuedSynchronizer.doAcquireSharedNanos(AbstractQueuedSynchronizer.java:1038)
	at java.util.concurrent.locks.AbstractQueuedSynchronizer.tryAcquireSharedNanos(AbstractQueuedSynchronizer.java:1326)
	at java.util.concurrent.CountDownLatch.await(CountDownLatch.java:282)
	at com.robovm.debug.server.d.c.await(Unknown.java:31)
	at com.robovm.debug.server.d.i.a(Unknown.java:801)
	... 11 more
[2016-02-01 17:11:03:360] JdwpDebugServer - Command: Y(11 8) id = 2064 length = 8
[2016-02-01 17:11:03:360] SoftJdwpEventProcessor - processing vm death event
[2016-02-01 17:11:03:361] SoftDebugger - Shutting down event loop thread
[2016-02-01 17:11:03:417] DebugLaunchPlugin - Shutting down JDWP server
