[2016-02-01 17:19:23:758] ExecutableMemoryAccess - Reading executable bytes took: 0.158592
[2016-02-01 17:19:24:413] ExecutableMemoryAccess - Dumped section __TEXT,__text, took: 0.637508
[2016-02-01 17:19:24:414] ExecutableMemoryAccess - Dumped section __TEXT,__const, took: 0.001142
[2016-02-01 17:19:24:415] ExecutableMemoryAccess - Dumped section __DATA,__const, took: 5.64E-4
[2016-02-01 17:19:24:416] ExecutableMemoryAccess - Dumped section __DATA,__data, took: 7.18E-4
[2016-02-01 17:19:24:416] ExecutableMemoryAccess - Parsing sections took: 0.817161
[2016-02-01 17:19:25:481] ExecutableSymbolLookup - Reading nm output took: 1.882374
[2016-02-01 17:19:25:584] ExecutableSymbolLookup - Parsing nm output took: 0.101836
[2016-02-01 17:19:25:584] ExecutableSymbolLookup - Parsing symbols took: 1.984727
[2016-02-01 17:19:29:390] DebugLaunchPlugin - Got port address in 2.926994secs
[2016-02-01 17:19:29:402] SoftDebugger - Established connection to app on port 65490
[2016-02-01 17:19:29:402] ClassInfoParser - Reading boot classes info
[2016-02-01 17:19:29:402] DebugChannel - Starting debug channel thread
[2016-02-01 17:19:29:403] ClassInfoParser - Took 0.001142
[2016-02-01 17:19:29:403] ClassInfoParser - Reading classes info
[2016-02-01 17:19:29:404] ClassInfoParser - Took 0.001156
[2016-02-01 17:19:29:466] SoftDebugger - Loading class infos took: 0.063841secs
[2016-02-01 17:19:29:468] SoftDebugger - Loading class infos and adjusting addresses took: 0.06667secs
[2016-02-01 17:19:29:470] DebugLaunchPlugin - Waiting for JDWP client to connect
[2016-02-01 17:19:29:470] SocketTransport - Listening for transport dt_socket at address: 65474
[2016-02-01 17:19:29:483] JdwpDebugServer - Command: aq(1 7) id = 2437 length = 0
[2016-02-01 17:19:29:484] JdwpDebugServer - Command: m(15 1) id = 2438 length = 6
[2016-02-01 17:19:29:484] JdwpDebugServer - Command: m(15 1) id = 2436 length = 6
[2016-02-01 17:19:29:484] JdwpDebugServer - Command: m(15 1) id = 2439 length = 6
[2016-02-01 17:19:29:484] JdwpDebugServer - Command: au(1 1) id = 2440 length = 0
[2016-02-01 17:19:29:485] JdwpDebugServer - Command: ah(1 4) id = 2441 length = 0
[2016-02-01 17:19:29:485] JdwpDebugServer - Command: m(15 1) id = 2442 length = 39
[2016-02-01 17:19:29:485] SoftJdwpEventProcessor - Set up class load event with filter: mob.sharesdk.MobShareSDKDemo
[2016-02-01 17:19:29:485] ClassInfos - Couldn't find class info for mob/sharesdk/MobShareSDKDemo
[2016-02-01 17:19:29:485] ClassInfos - com.robovm.debug.server.DebuggerException: Unknown primitive type: mob/sharesdk/MobShareSDKDemo
	at com.robovm.debug.server.a.c.a(Unknown.java:3147)
	at com.robovm.debug.server.a.c.a(Unknown.java:57)
	at com.robovm.debug.server.d.y.a(Unknown.java:626)
	at com.robovm.debug.server.d.y.a(Unknown.java:597)
	at com.robovm.debug.server.b.c.a.a(Unknown.java:4118)
	at com.robovm.debug.server.b.c.b.a(Unknown.java:1693)
	at com.robovm.debug.server.b.a.m.a(Unknown.java:106)
	at com.robovm.debug.server.b.a.ae.b(Unknown.java:26)
	at com.robovm.debug.server.b.p.a(Unknown.java:7320)
	at com.robovm.debug.server.b.q.run(Unknown.java:207)
[2016-02-01 17:19:29:486] JdwpDebugServer - Command: m(15 1) id = 2443 length = 41
[2016-02-01 17:19:29:486] SoftJdwpEventProcessor - Set up class load event with filter: mob.sharesdk.MobShareSDKDemo$*
[2016-02-01 17:19:29:486] JdwpDebugServer - Command: al(1 2) id = 2444 length = 34
[2016-02-01 17:19:29:486] ClassInfos - Couldn't find class info for mob/sharesdk/MobShareSDKDemo
[2016-02-01 17:19:29:487] ClassInfos - com.robovm.debug.server.DebuggerException: Unknown primitive type: mob/sharesdk/MobShareSDKDemo
	at com.robovm.debug.server.a.c.a(Unknown.java:3147)
	at com.robovm.debug.server.a.c.a(Unknown.java:57)
	at com.robovm.debug.server.b.c.b.a(Unknown.java:281)
	at com.robovm.debug.server.b.a.al.a(Unknown.java:22)
	at com.robovm.debug.server.b.a.ae.b(Unknown.java:26)
	at com.robovm.debug.server.b.p.a(Unknown.java:7320)
	at com.robovm.debug.server.b.q.run(Unknown.java:207)
[2016-02-01 17:19:29:487] JdwpDebugServer - Command: m(15 1) id = 2445 length = 40
[2016-02-01 17:19:29:487] SoftJdwpEventProcessor - Set up class load event with filter: com.mob.demo.MyViewController
[2016-02-01 17:19:29:488] JdwpDebugServer - Command: m(15 1) id = 2446 length = 42
[2016-02-01 17:19:29:488] SoftJdwpEventProcessor - Set up class load event with filter: com.mob.demo.MyViewController$*
[2016-02-01 17:19:29:490] JdwpDebugServer - Command: al(1 2) id = 2447 length = 35
[2016-02-01 17:19:29:491] DebugLaunchPlugin - Waiting for the debugger to settle...
[2016-02-01 17:19:29:504] DebugLaunchPlugin - Waiting for the debugger to settle...
[2016-02-01 17:19:29:514] DebugLaunchPlugin - Waiting for the debugger to settle...
[2016-02-01 17:19:29:522] JdwpDebugServer - Command: aj(1 17) id = 2448 length = 0
[2016-02-01 17:19:29:524] JdwpDebugServer - Command: m(15 1) id = 2449 length = 26
[2016-02-01 17:19:29:524] SoftJdwpEventProcessor - Set up class load event with filter: java.lang.Error
[2016-02-01 17:19:29:525] DebugLaunchPlugin - Waiting for the debugger to settle...
[2016-02-01 17:19:29:526] JdwpDebugServer - Command: m(15 1) id = 2450 length = 28
[2016-02-01 17:19:29:526] SoftJdwpEventProcessor - Set up class load event with filter: java.lang.Error$*
[2016-02-01 17:19:29:527] JdwpDebugServer - Command: al(1 2) id = 2451 length = 21
[2016-02-01 17:19:29:537] DebugLaunchPlugin - Waiting for the debugger to settle...
[2016-02-01 17:19:29:549] DebugLaunchPlugin - Waiting for the debugger to settle...
[2016-02-01 17:19:29:554] JdwpDebugServer - Command: m(15 1) id = 2452 length = 30
[2016-02-01 17:19:29:554] SoftJdwpEventProcessor - Set up class load event with filter: java.lang.Throwable
[2016-02-01 17:19:29:555] JdwpDebugServer - Command: m(15 1) id = 2453 length = 32
[2016-02-01 17:19:29:555] SoftJdwpEventProcessor - Set up class load event with filter: java.lang.Throwable$*
[2016-02-01 17:19:29:556] JdwpDebugServer - Command: al(1 2) id = 2454 length = 25
[2016-02-01 17:19:29:560] DebugLaunchPlugin - Waiting for the debugger to settle...
[2016-02-01 17:19:29:570] DebugLaunchPlugin - Waiting for the debugger to settle...
[2016-02-01 17:19:29:583] DebugLaunchPlugin - Waiting for the debugger to settle...
[2016-02-01 17:19:29:594] DebugLaunchPlugin - Waiting for the debugger to settle...
[2016-02-01 17:19:29:606] DebugLaunchPlugin - Waiting for the debugger to settle...
[2016-02-01 17:19:29:617] DebugLaunchPlugin - Waiting for the debugger to settle...
[2016-02-01 17:19:29:630] DebugLaunchPlugin - Waiting for the debugger to settle...
[2016-02-01 17:19:29:634] SoftJdwpEventProcessor - Reporting class prepare event EventRequest [id=9, eventKind=CLASS_PREPARE, suspendPolicy=EVENT_THREAD, constraints=[ClassMatchConstraint [classPattern=java.lang.Throwable]]] to JDWP client for class java/lang/Throwable
[2016-02-01 17:19:29:634] SoftDebugger - java.lang.NullPointerException
	at com.robovm.debug.server.b.c.a.a(Unknown.java:821)
	at com.robovm.debug.server.b.c.c.a(Unknown.java:158)
	at com.robovm.debug.server.d.y.a(Unknown.java:214)
	at com.robovm.debug.server.d.y.a(Unknown.java:3156)
	at com.robovm.debug.server.d.z.run(Unknown.java:128)
	at java.lang.Thread.run(Thread.java:745)
[2016-02-01 17:19:29:634] SoftJdwpEventProcessor - processing vm death event
[2016-02-01 17:19:29:634] SoftDebugger - Shutting down event loop thread
[2016-02-01 17:19:29:640] DebugLaunchPlugin - Waiting for the debugger to settle...
[2016-02-01 17:19:29:650] DebugLaunchPlugin - Waiting for the debugger to settle...
[2016-02-01 17:19:29:661] DebugLaunchPlugin - Waiting for the debugger to settle...
[2016-02-01 17:19:29:672] DebugLaunchPlugin - Waiting for the debugger to settle...
[2016-02-01 17:19:29:684] DebugLaunchPlugin - Waiting for the debugger to settle...
[2016-02-01 17:19:29:694] DebugLaunchPlugin - Waiting for the debugger to settle...
[2016-02-01 17:19:29:706] DebugLaunchPlugin - Waiting for the debugger to settle...
[2016-02-01 17:19:29:717] DebugLaunchPlugin - Waiting for the debugger to settle...
[2016-02-01 17:19:29:724] DebugChannel - Event: Thread attached, java obj: 0x116818f30, thread: 0x116817ee0
[2016-02-01 17:19:29:728] DebugLaunchPlugin - Waiting for the debugger to settle...
[2016-02-01 17:19:29:739] DebugLaunchPlugin - Waiting for the debugger to settle...
[2016-02-01 17:19:29:752] DebugLaunchPlugin - Waiting for the debugger to settle...
[2016-02-01 17:19:29:763] DebugLaunchPlugin - Waiting for the debugger to settle...
[2016-02-01 17:19:29:775] DebugLaunchPlugin - Waiting for the debugger to settle...
[2016-02-01 17:19:29:787] DebugLaunchPlugin - Waiting for the debugger to settle...
[2016-02-01 17:19:29:798] DebugLaunchPlugin - Waiting for the debugger to settle...
[2016-02-01 17:19:29:810] DebugLaunchPlugin - Waiting for the debugger to settle...
[2016-02-01 17:19:29:823] DebugLaunchPlugin - Waiting for the debugger to settle...
[2016-02-01 17:19:29:835] DebugLaunchPlugin - Waiting for the debugger to settle...
[2016-02-01 17:19:29:847] DebugLaunchPlugin - Waiting for the debugger to settle...
[2016-02-01 17:19:29:859] DebugLaunchPlugin - Waiting for the debugger to settle...
[2016-02-01 17:19:29:870] DebugLaunchPlugin - Waiting for the debugger to settle...
[2016-02-01 17:19:29:882] DebugLaunchPlugin - Waiting for the debugger to settle...
[2016-02-01 17:19:29:893] DebugLaunchPlugin - Waiting for the debugger to settle...
[2016-02-01 17:19:29:905] DebugLaunchPlugin - Waiting for the debugger to settle...
[2016-02-01 17:19:29:907] DebugChannel - Event: Thread stopped, reason: Exception, java obj: 0x116818f30, thread: 0x116817ee0, frames: 15
[2016-02-01 17:19:29:917] DebugLaunchPlugin - Waiting for the debugger to settle...
[2016-02-01 17:19:29:929] DebugLaunchPlugin - Waiting for the debugger to settle...
[2016-02-01 17:19:29:941] DebugLaunchPlugin - Waiting for the debugger to settle...
[2016-02-01 17:19:29:954] DebugLaunchPlugin - Waiting for the debugger to settle...
[2016-02-01 17:19:29:966] DebugLaunchPlugin - Waiting for the debugger to settle...
[2016-02-01 17:19:29:979] DebugLaunchPlugin - Waiting for the debugger to settle...
[2016-02-01 17:19:29:991] DebugLaunchPlugin - Waiting for the debugger to settle...
[2016-02-01 17:19:30:003] DebugLaunchPlugin - Waiting for the debugger to settle...
[2016-02-01 17:19:30:015] DebugLaunchPlugin - Waiting for the debugger to settle...
[2016-02-01 17:19:30:027] DebugLaunchPlugin - Waiting for the debugger to settle...
[2016-02-01 17:19:30:038] DebugLaunchPlugin - Waiting for the debugger to settle...
[2016-02-01 17:19:30:051] DebugLaunchPlugin - Waiting for the debugger to settle...
[2016-02-01 17:19:30:064] DebugLaunchPlugin - Waiting for the debugger to settle...
[2016-02-01 17:19:30:075] DebugLaunchPlugin - Waiting for the debugger to settle...
[2016-02-01 17:19:30:086] DebugLaunchPlugin - Waiting for the debugger to settle...
[2016-02-01 17:19:30:098] DebugLaunchPlugin - Waiting for the debugger to settle...
[2016-02-01 17:19:30:111] DebugLaunchPlugin - Waiting for the debugger to settle...
[2016-02-01 17:19:30:123] DebugLaunchPlugin - Waiting for the debugger to settle...
[2016-02-01 17:19:30:135] DebugLaunchPlugin - Waiting for the debugger to settle...
[2016-02-01 17:19:30:148] DebugLaunchPlugin - Waiting for the debugger to settle...
[2016-02-01 17:19:30:160] DebugLaunchPlugin - Waiting for the debugger to settle...
[2016-02-01 17:19:30:172] DebugLaunchPlugin - Waiting for the debugger to settle...
[2016-02-01 17:19:30:182] DebugLaunchPlugin - Waiting for the debugger to settle...
[2016-02-01 17:19:30:195] DebugLaunchPlugin - Waiting for the debugger to settle...
[2016-02-01 17:19:30:208] DebugLaunchPlugin - Waiting for the debugger to settle...
[2016-02-01 17:19:30:220] DebugLaunchPlugin - Waiting for the debugger to settle...
[2016-02-01 17:19:30:232] DebugLaunchPlugin - Waiting for the debugger to settle...
[2016-02-01 17:19:30:245] DebugLaunchPlugin - Waiting for the debugger to settle...
[2016-02-01 17:19:30:256] DebugLaunchPlugin - Waiting for the debugger to settle...
[2016-02-01 17:19:30:269] DebugLaunchPlugin - Waiting for the debugger to settle...
[2016-02-01 17:19:30:281] DebugLaunchPlugin - Waiting for the debugger to settle...
[2016-02-01 17:19:30:293] DebugLaunchPlugin - Waiting for the debugger to settle...
[2016-02-01 17:19:30:305] DebugLaunchPlugin - Waiting for the debugger to settle...
[2016-02-01 17:19:30:317] DebugLaunchPlugin - Waiting for the debugger to settle...
[2016-02-01 17:19:30:330] DebugLaunchPlugin - Waiting for the debugger to settle...
[2016-02-01 17:19:30:342] DebugLaunchPlugin - Waiting for the debugger to settle...
[2016-02-01 17:19:30:355] DebugLaunchPlugin - Waiting for the debugger to settle...
[2016-02-01 17:19:30:366] DebugLaunchPlugin - Waiting for the debugger to settle...
[2016-02-01 17:19:30:379] DebugLaunchPlugin - Waiting for the debugger to settle...
[2016-02-01 17:19:30:391] DebugLaunchPlugin - Waiting for the debugger to settle...
[2016-02-01 17:19:30:402] DebugLaunchPlugin - Waiting for the debugger to settle...
[2016-02-01 17:19:30:414] DebugLaunchPlugin - Waiting for the debugger to settle...
[2016-02-01 17:19:30:427] DebugLaunchPlugin - Waiting for the debugger to settle...
[2016-02-01 17:19:30:440] DebugLaunchPlugin - Waiting for the debugger to settle...
[2016-02-01 17:19:30:451] DebugLaunchPlugin - Waiting for the debugger to settle...
[2016-02-01 17:19:30:463] DebugLaunchPlugin - Waiting for the debugger to settle...
[2016-02-01 17:19:30:475] DebugLaunchPlugin - Waiting for the debugger to settle...
[2016-02-01 17:19:30:487] DebugLaunchPlugin - Waiting for the debugger to settle...
[2016-02-01 17:19:30:499] DebugLaunchPlugin - Waiting for the debugger to settle...
[2016-02-01 17:19:30:512] DebugLaunchPlugin - Waiting for the debugger to settle...
[2016-02-01 17:19:30:523] DebugLaunchPlugin - Waiting for the debugger to settle...
[2016-02-01 17:19:30:535] DebugLaunchPlugin - Waiting for the debugger to settle...
[2016-02-01 17:19:30:548] DebugLaunchPlugin - Waiting for the debugger to settle...
[2016-02-01 17:19:30:560] DebugLaunchPlugin - Waiting for the debugger to settle...
[2016-02-01 17:19:30:572] DebugLaunchPlugin - Waiting for the debugger to settle...
[2016-02-01 17:19:30:585] DebugLaunchPlugin - Waiting for the debugger to settle...
[2016-02-01 17:19:30:597] DebugLaunchPlugin - Shutting down JDWP server
[2016-02-01 17:19:30:598] DebugChannel - Shutting down debug channel thread
