[2016-02-02 11:59:08:282] ExecutableMemoryAccess - Reading executable bytes took: 0.166437
[2016-02-02 11:59:09:022] ExecutableMemoryAccess - Dumped section __TEXT,__text, took: 0.724668
[2016-02-02 11:59:09:024] ExecutableMemoryAccess - Dumped section __TEXT,__const, took: 0.001138
[2016-02-02 11:59:09:025] ExecutableMemoryAccess - Dumped section __DATA,__const, took: 5.71E-4
[2016-02-02 11:59:09:025] ExecutableMemoryAccess - Dumped section __DATA,__data, took: 5.34E-4
[2016-02-02 11:59:09:025] ExecutableMemoryAccess - Parsing sections took: 0.910025
[2016-02-02 11:59:10:009] ExecutableSymbolLookup - Reading nm output took: 1.894336
[2016-02-02 11:59:10:126] ExecutableSymbolLookup - Parsing nm output took: 0.115937
[2016-02-02 11:59:10:126] ExecutableSymbolLookup - Parsing symbols took: 2.011113
[2016-02-02 11:59:12:778] DebugLaunchPlugin - Got port address in 1.976227secs
[2016-02-02 11:59:12:780] DebugChannel - Starting debug channel thread
[2016-02-02 11:59:12:780] SoftDebugger - Established connection to app on port 62423
[2016-02-02 11:59:12:780] ClassInfoParser - Reading boot classes info
[2016-02-02 11:59:12:782] ClassInfoParser - Took 0.001837
[2016-02-02 11:59:12:782] ClassInfoParser - Reading classes info
[2016-02-02 11:59:12:784] ClassInfoParser - Took 0.001473
[2016-02-02 11:59:12:842] DebugChannel - Event: Thread attached, java obj: 0x116818f30, thread: 0x116817ee0
[2016-02-02 11:59:12:877] SoftDebugger - Loading class infos took: 0.096657secs
[2016-02-02 11:59:12:880] SoftDebugger - Loading class infos and adjusting addresses took: 0.099548secs
[2016-02-02 11:59:12:883] DebugLaunchPlugin - Waiting for JDWP client to connect
[2016-02-02 11:59:12:883] SocketTransport - Listening for transport dt_socket at address: 62418
[2016-02-02 11:59:12:886] SoftDebugger - Thread main attached
[2016-02-02 11:59:13:055] DebugChannel - Event: Thread stopped, reason: Exception, java obj: 0x116818f30, thread: 0x116817ee0, frames: 15
[2016-02-02 11:59:13:063] SoftDebugger - Reconstructing frames took: 0.007962secs
[2016-02-02 11:59:13:064] DebugChannel - Event: Thread resumed, java obj: 0x116818f30, thread: 0x116817ee0
[2016-02-02 11:59:13:179] DebugChannel - Event: Thread stopped, reason: Exception, java obj: 0x116818f30, thread: 0x116817ee0, frames: 10
[2016-02-02 11:59:13:179] SoftDebugger - Reconstructing frames took: 5.1E-5secs
[2016-02-02 11:59:13:180] DebugChannel - Event: Thread resumed, java obj: 0x116818f30, thread: 0x116817ee0
[2016-02-02 11:59:13:184] DebugChannel - Event: Thread attached, java obj: 0x116818ea0, thread: 0x116817e00
[2016-02-02 11:59:13:185] DebugChannel - Event: Thread attached, java obj: 0x116818d80, thread: 0x116817d20
[2016-02-02 11:59:13:185] DebugChannel - Event: Thread attached, java obj: 0x116818c60, thread: 0x116817c40
[2016-02-02 11:59:13:186] SoftDebugger - Thread ReferenceQueueDaemon attached
[2016-02-02 11:59:13:188] SoftDebugger - Thread FinalizerDaemon attached
[2016-02-02 11:59:13:190] SoftDebugger - Thread FinalizerWatchdogDaemon attached
[2016-02-02 11:59:13:259] DebugChannel - Event: Thread stopped, reason: Exception, java obj: 0x116818f30, thread: 0x116817ee0, frames: 9
[2016-02-02 11:59:13:292] SoftDebugger - Reconstructing frames took: 0.032379secs
[2016-02-02 11:59:13:292] DebugChannel - Event: Thread resumed, java obj: 0x116818f30, thread: 0x116817ee0
[2016-02-02 11:59:13:293] DebugChannel - Event: Thread stopped, reason: Exception, java obj: 0x116818f30, thread: 0x116817ee0, frames: 9
[2016-02-02 11:59:13:293] SoftDebugger - Reconstructing frames took: 5.1E-5secs
[2016-02-02 11:59:13:293] DebugChannel - Event: Thread resumed, java obj: 0x116818f30, thread: 0x116817ee0
[2016-02-02 11:59:13:294] DebugChannel - Event: Thread stopped, reason: Exception, java obj: 0x116818f30, thread: 0x116817ee0, frames: 9
[2016-02-02 11:59:13:294] SoftDebugger - Reconstructing frames took: 3.1E-5secs
[2016-02-02 11:59:13:294] DebugChannel - Event: Thread resumed, java obj: 0x116818f30, thread: 0x116817ee0
[2016-02-02 11:59:13:295] DebugChannel - Event: Thread stopped, reason: Exception, java obj: 0x116818f30, thread: 0x116817ee0, frames: 9
[2016-02-02 11:59:13:295] SoftDebugger - Reconstructing frames took: 3.0E-5secs
[2016-02-02 11:59:13:295] DebugChannel - Event: Thread resumed, java obj: 0x116818f30, thread: 0x116817ee0
[2016-02-02 11:59:13:296] DebugChannel - Event: Thread stopped, reason: Exception, java obj: 0x116818f30, thread: 0x116817ee0, frames: 9
[2016-02-02 11:59:13:296] SoftDebugger - Reconstructing frames took: 3.1E-5secs
[2016-02-02 11:59:13:296] DebugChannel - Event: Thread resumed, java obj: 0x116818f30, thread: 0x116817ee0
[2016-02-02 11:59:13:297] DebugChannel - Event: Thread stopped, reason: Exception, java obj: 0x116818f30, thread: 0x116817ee0, frames: 9
[2016-02-02 11:59:13:297] SoftDebugger - Reconstructing frames took: 3.2E-5secs
[2016-02-02 11:59:13:297] DebugChannel - Event: Thread resumed, java obj: 0x116818f30, thread: 0x116817ee0
[2016-02-02 11:59:13:298] DebugChannel - Event: Thread stopped, reason: Exception, java obj: 0x116818f30, thread: 0x116817ee0, frames: 9
[2016-02-02 11:59:13:298] SoftDebugger - Reconstructing frames took: 2.7E-5secs
[2016-02-02 11:59:13:298] DebugChannel - Event: Thread resumed, java obj: 0x116818f30, thread: 0x116817ee0
[2016-02-02 11:59:13:298] DebugChannel - Event: Thread stopped, reason: Exception, java obj: 0x116818f30, thread: 0x116817ee0, frames: 9
[2016-02-02 11:59:13:299] SoftDebugger - Reconstructing frames took: 2.6E-5secs
[2016-02-02 11:59:13:299] DebugChannel - Event: Thread resumed, java obj: 0x116818f30, thread: 0x116817ee0
[2016-02-02 11:59:13:364] DebugChannel - Event: Thread stopped, reason: Exception, java obj: 0x116818f30, thread: 0x116817ee0, frames: 9
[2016-02-02 11:59:13:364] SoftDebugger - Reconstructing frames took: 5.9E-5secs
[2016-02-02 11:59:13:364] DebugChannel - Event: Thread resumed, java obj: 0x116818f30, thread: 0x116817ee0
[2016-02-02 11:59:13:365] DebugChannel - Event: Thread stopped, reason: Exception, java obj: 0x116818f30, thread: 0x116817ee0, frames: 9
[2016-02-02 11:59:13:365] SoftDebugger - Reconstructing frames took: 3.1E-5secs
[2016-02-02 11:59:13:365] DebugChannel - Event: Thread resumed, java obj: 0x116818f30, thread: 0x116817ee0
[2016-02-02 11:59:13:462] DebugChannel - Event: Thread stopped, reason: Exception, java obj: 0x116818f30, thread: 0x116817ee0, frames: 9
[2016-02-02 11:59:13:462] SoftDebugger - Reconstructing frames took: 5.5E-5secs
[2016-02-02 11:59:13:463] DebugChannel - Event: Thread resumed, java obj: 0x116818f30, thread: 0x116817ee0
[2016-02-02 11:59:13:538] DebugChannel - Event: Thread stopped, reason: Exception, java obj: 0x116818f30, thread: 0x116817ee0, frames: 15
[2016-02-02 11:59:13:553] SoftDebugger - Reconstructing frames took: 0.015519secs
[2016-02-02 11:59:13:557] DebugChannel - Event: Thread resumed, java obj: 0x116818f30, thread: 0x116817ee0
[2016-02-02 11:59:13:576] DebugChannel - Event: Thread stopped, reason: Exception, java obj: 0x116818f30, thread: 0x116817ee0, frames: 10
[2016-02-02 11:59:13:576] SoftDebugger - Reconstructing frames took: 6.4E-5secs
[2016-02-02 11:59:13:577] DebugChannel - Event: Thread resumed, java obj: 0x116818f30, thread: 0x116817ee0
[2016-02-02 11:59:13:817] JdwpDebugServer - Command: aq(1 7) id = 3346 length = 0
[2016-02-02 11:59:13:817] JdwpDebugServer - Command: m(15 1) id = 3347 length = 6
[2016-02-02 11:59:13:817] JdwpDebugServer - Command: m(15 1) id = 3345 length = 6
[2016-02-02 11:59:13:817] DebugLaunchPlugin - Waiting for the debugger to settle...
[2016-02-02 11:59:13:817] JdwpDebugServer - Command: m(15 1) id = 3348 length = 6
[2016-02-02 11:59:13:818] JdwpDebugServer - Command: au(1 1) id = 3349 length = 0
[2016-02-02 11:59:13:818] JdwpDebugServer - Command: ah(1 4) id = 3350 length = 0
[2016-02-02 11:59:13:819] JdwpDebugServer - Command: ad(11 5) id = 3351 length = 8
[2016-02-02 11:59:13:820] JdwpDebugServer - Command: S(12 1) id = 3352 length = 8
[2016-02-02 11:59:13:821] JdwpDebugServer - Command: T(12 2) id = 3353 length = 8
[2016-02-02 11:59:13:822] JdwpDebugServer - Command: y(9 1) id = 3354 length = 8
[2016-02-02 11:59:13:822] JdwpDebugServer - Command: D(2 14) id = 3355 length = 8
[2016-02-02 11:59:13:822] JdwpDebugServer - Command: F(2 10) id = 3356 length = 8
[2016-02-02 11:59:13:823] JdwpDebugServer - Command: D(2 14) id = 3357 length = 8
[2016-02-02 11:59:13:823] JdwpDebugServer - Command: F(2 10) id = 3358 length = 8
[2016-02-02 11:59:13:823] JdwpDebugServer - Command: j(3 1) id = 3359 length = 8
[2016-02-02 11:59:13:823] JdwpDebugServer - Command: D(2 14) id = 3360 length = 8
[2016-02-02 11:59:13:823] JdwpDebugServer - Command: F(2 10) id = 3361 length = 8
[2016-02-02 11:59:13:824] JdwpDebugServer - Command: j(3 1) id = 3362 length = 8
[2016-02-02 11:59:13:824] JdwpDebugServer - Command: u(9 2) id = 3363 length = 20
[2016-02-02 11:59:13:824] JdwpDebugServer - Command: aa(11 4) id = 3364 length = 8
[2016-02-02 11:59:13:825] JdwpDebugServer - Command: aa(11 4) id = 3365 length = 8
[2016-02-02 11:59:13:825] JdwpDebugServer - Command: ad(11 5) id = 3366 length = 8
[2016-02-02 11:59:13:826] JdwpDebugServer - Command: y(9 1) id = 3367 length = 8
[2016-02-02 11:59:13:826] JdwpDebugServer - Command: u(9 2) id = 3368 length = 20
[2016-02-02 11:59:13:826] JdwpDebugServer - Command: aa(11 4) id = 3369 length = 8
[2016-02-02 11:59:13:827] JdwpDebugServer - Command: aa(11 4) id = 3370 length = 8
[2016-02-02 11:59:13:827] JdwpDebugServer - Command: ad(11 5) id = 3371 length = 8
[2016-02-02 11:59:13:827] JdwpDebugServer - Command: y(9 1) id = 3372 length = 8
[2016-02-02 11:59:13:828] JdwpDebugServer - Command: u(9 2) id = 3373 length = 20
[2016-02-02 11:59:13:828] JdwpDebugServer - Command: aa(11 4) id = 3374 length = 8
[2016-02-02 11:59:13:828] JdwpDebugServer - Command: aa(11 4) id = 3375 length = 8
[2016-02-02 11:59:13:828] DebugLaunchPlugin - Waiting for the debugger to settle...
[2016-02-02 11:59:13:828] JdwpDebugServer - Command: ad(11 5) id = 3376 length = 8
[2016-02-02 11:59:13:829] JdwpDebugServer - Command: y(9 1) id = 3377 length = 8
[2016-02-02 11:59:13:829] JdwpDebugServer - Command: u(9 2) id = 3378 length = 20
[2016-02-02 11:59:13:830] JdwpDebugServer - Command: aa(11 4) id = 3379 length = 8
[2016-02-02 11:59:13:830] JdwpDebugServer - Command: aa(11 4) id = 3380 length = 8
[2016-02-02 11:59:13:830] JdwpDebugServer - Command: m(15 1) id = 3381 length = 40
[2016-02-02 11:59:13:830] SoftJdwpEventProcessor - Set up class load event with filter: com.mob.demo.MyViewController
[2016-02-02 11:59:13:831] JdwpDebugServer - Command: m(15 1) id = 3382 length = 42
[2016-02-02 11:59:13:831] SoftJdwpEventProcessor - Set up class load event with filter: com.mob.demo.MyViewController$*
[2016-02-02 11:59:13:833] JdwpDebugServer - Command: al(1 2) id = 3383 length = 35
[2016-02-02 11:59:13:833] JdwpDebugServer - Command: H(2 15) id = 3384 length = 8
[2016-02-02 11:59:13:833] SoftVmInterface - Reporting method: com/mob/demo/MyViewController.<init>
[2016-02-02 11:59:13:833] SoftVmInterface - Reporting method: com/mob/demo/MyViewController.excute
[2016-02-02 11:59:13:833] SoftVmInterface - Reporting method: com/mob/demo/MyViewController.initUI
[2016-02-02 11:59:13:833] SoftVmInterface - Reporting method: com/mob/demo/MyViewController.$cb$init
[2016-02-02 11:59:13:833] SoftVmInterface - Reporting method: com/mob/demo/MyViewController.$setHandle
[2016-02-02 11:59:13:833] SoftVmInterface - Reporting method: com/mob/demo/MyViewController.$cb$initWithNibName$bundle$
[2016-02-02 11:59:13:834] SoftVmInterface - Reporting method: com/mob/demo/MyViewController.$m$super$initWithNibName$bundle$
[2016-02-02 11:59:13:834] SoftVmInterface - Reporting method: com/mob/demo/MyViewController.$getSuper
[2016-02-02 11:59:13:834] SoftVmInterface - Reporting method: com/mob/demo/MyViewController.$initObject
[2016-02-02 11:59:13:834] SoftVmInterface - Reporting method: com/mob/demo/MyViewController.$cb$initWithCoder$
[2016-02-02 11:59:13:834] SoftVmInterface - Reporting method: com/mob/demo/MyViewController.$m$super$initWithCoder$
[2016-02-02 11:59:13:834] SoftVmInterface - Reporting method: com/mob/demo/MyViewController.<clinit>
[2016-02-02 11:59:13:834] JdwpDebugServer - Command: aj(1 17) id = 3385 length = 0
[2016-02-02 11:59:13:834] JdwpDebugServer - Command: o(6 1) id = 3386 length = 16
[2016-02-02 11:59:13:835] SoftVmInterface - Reporting line numbers for method com/mob/demo/MyViewController.<init>: [36, 38, 39, 41]
[2016-02-02 11:59:13:836] JdwpDebugServer - Command: o(6 1) id = 3387 length = 16
[2016-02-02 11:59:13:836] SoftVmInterface - Reporting line numbers for method com/mob/demo/MyViewController.excute: [46, 54, 57, 64, 67, 124, 127, 180, 183, 191, 193]
[2016-02-02 11:59:13:836] JdwpDebugServer - Command: o(6 1) id = 3388 length = 16
[2016-02-02 11:59:13:836] SoftVmInterface - Reporting line numbers for method com/mob/demo/MyViewController.initUI: [197, 198, 200, 201, 202, 203, 205, 206, 207, 208, 210, 211, 212, 213, 215, 216, 217, 218, 220, 221, 222, 223, 225]
[2016-02-02 11:59:13:836] JdwpDebugServer - Command: o(6 1) id = 3389 length = 16
[2016-02-02 11:59:13:836] SoftVmInterface - Reporting line numbers for method com/mob/demo/MyViewController.$cb$init: [1048579]
[2016-02-02 11:59:13:836] JdwpDebugServer - Command: o(6 1) id = 3390 length = 16
[2016-02-02 11:59:13:836] SoftVmInterface - Reporting line numbers for method com/mob/demo/MyViewController.$setHandle: [1048580]
[2016-02-02 11:59:13:837] JdwpDebugServer - Command: o(6 1) id = 3391 length = 16
[2016-02-02 11:59:13:837] SoftVmInterface - Reporting line numbers for method com/mob/demo/MyViewController.$cb$initWithNibName$bundle$: [1048581]
[2016-02-02 11:59:13:837] JdwpDebugServer - Command: o(6 1) id = 3392 length = 16
[2016-02-02 11:59:13:837] SoftVmInterface - Reporting line numbers for method com/mob/demo/MyViewController.$getSuper: [1048583]
[2016-02-02 11:59:13:837] JdwpDebugServer - Command: o(6 1) id = 3393 length = 16
[2016-02-02 11:59:13:837] SoftVmInterface - Reporting line numbers for method com/mob/demo/MyViewController.$initObject: [1048584]
[2016-02-02 11:59:13:837] JdwpDebugServer - Command: o(6 1) id = 3394 length = 16
[2016-02-02 11:59:13:838] SoftVmInterface - Reporting line numbers for method com/mob/demo/MyViewController.$cb$initWithCoder$: [1048585]
[2016-02-02 11:59:13:838] JdwpDebugServer - Command: o(6 1) id = 3395 length = 16
[2016-02-02 11:59:13:838] SoftVmInterface - Reporting line numbers for method com/mob/demo/MyViewController.<clinit>: [1048587]
[2016-02-02 11:59:13:838] JdwpDebugServer - Command: al(1 2) id = 3396 length = 35
[2016-02-02 11:59:13:838] JdwpDebugServer - Command: ag(1 20) id = 3397 length = 0
[2016-02-02 11:59:13:840] DebugLaunchPlugin - Waiting for the debugger to settle...
[2016-02-02 11:59:13:850] DebugLaunchPlugin - Waiting for the debugger to settle...
[2016-02-02 11:59:14:366] DebugLaunchPlugin - Waiting for the debugger to settle...
[2016-02-02 11:59:14:376] DebugLaunchPlugin - Waiting for the debugger to settle...
[2016-02-02 11:59:14:379] JdwpDebugServer - Command: H(2 15) id = 3398 length = 8
[2016-02-02 11:59:14:379] SoftVmInterface - Reporting method: com/mob/demo/MyViewController$4$1.<init>
[2016-02-02 11:59:14:379] SoftVmInterface - Reporting method: com/mob/demo/MyViewController$4$1.invoke
[2016-02-02 11:59:14:379] SoftVmInterface - Reporting method: com/mob/demo/MyViewController$4$1.$SWITCH_TABLE$com$mob$sharesdk$SSDKResponseState
[2016-02-02 11:59:14:380] JdwpDebugServer - Command: o(6 1) id = 3399 length = 16
[2016-02-02 11:59:14:381] SoftVmInterface - Reporting line numbers for method com/mob/demo/MyViewController$4$1.<init>: [1, 144]
[2016-02-02 11:59:14:381] JdwpDebugServer - Command: o(6 1) id = 3400 length = 16
[2016-02-02 11:59:14:381] SoftVmInterface - Reporting line numbers for method com/mob/demo/MyViewController$4$1.invoke: [151, 154, 157, 158, 159, 163, 164, 165, 169, 170, 175]
[2016-02-02 11:59:14:382] JdwpDebugServer - Command: o(6 1) id = 3401 length = 16
[2016-02-02 11:59:14:382] SoftVmInterface - Reporting line numbers for method com/mob/demo/MyViewController$4$1.$SWITCH_TABLE$com$mob$sharesdk$SSDKResponseState: [144]
[2016-02-02 11:59:14:382] JdwpDebugServer - Command: H(2 15) id = 3402 length = 8
[2016-02-02 11:59:14:382] SoftVmInterface - Reporting method: com/mob/demo/MyViewController$4.<init>
[2016-02-02 11:59:14:382] SoftVmInterface - Reporting method: com/mob/demo/MyViewController$4.onTouchUpInside
[2016-02-02 11:59:14:383] JdwpDebugServer - Command: o(6 1) id = 3403 length = 16
[2016-02-02 11:59:14:383] SoftVmInterface - Reporting line numbers for method com/mob/demo/MyViewController$4.<init>: [1, 127]
[2016-02-02 11:59:14:383] JdwpDebugServer - Command: o(6 1) id = 3404 length = 16
[2016-02-02 11:59:14:384] SoftVmInterface - Reporting line numbers for method com/mob/demo/MyViewController$4.onTouchUpInside: [131, 132, 134, 136, 138, 140, 141, 142, 144, 178]
[2016-02-02 11:59:14:384] JdwpDebugServer - Command: H(2 15) id = 3405 length = 8
[2016-02-02 11:59:14:384] SoftVmInterface - Reporting method: com/mob/demo/MyViewController$5.<init>
[2016-02-02 11:59:14:384] SoftVmInterface - Reporting method: com/mob/demo/MyViewController$5.onTouchUpInside
[2016-02-02 11:59:14:384] JdwpDebugServer - Command: o(6 1) id = 3406 length = 16
[2016-02-02 11:59:14:385] SoftVmInterface - Reporting line numbers for method com/mob/demo/MyViewController$5.<init>: [1, 183]
[2016-02-02 11:59:14:385] JdwpDebugServer - Command: o(6 1) id = 3407 length = 16
[2016-02-02 11:59:14:385] SoftVmInterface - Reporting line numbers for method com/mob/demo/MyViewController$5.onTouchUpInside: [189]
[2016-02-02 11:59:14:386] JdwpDebugServer - Command: H(2 15) id = 3408 length = 8
[2016-02-02 11:59:14:386] SoftVmInterface - Reporting method: com/mob/demo/MyViewController$1.<init>
[2016-02-02 11:59:14:386] SoftVmInterface - Reporting method: com/mob/demo/MyViewController$1.onTouchUpInside
[2016-02-02 11:59:14:386] JdwpDebugServer - Command: o(6 1) id = 3409 length = 16
[2016-02-02 11:59:14:387] SoftVmInterface - Reporting line numbers for method com/mob/demo/MyViewController$1.<init>: [1, 46]
[2016-02-02 11:59:14:387] JdwpDebugServer - Command: o(6 1) id = 3410 length = 16
[2016-02-02 11:59:14:387] SoftVmInterface - Reporting line numbers for method com/mob/demo/MyViewController$1.onTouchUpInside: [52]
[2016-02-02 11:59:14:387] DebugLaunchPlugin - Waiting for the debugger to settle...
[2016-02-02 11:59:14:387] JdwpDebugServer - Command: H(2 15) id = 3411 length = 8
[2016-02-02 11:59:14:388] SoftVmInterface - Reporting method: com/mob/demo/MyViewController$2.<init>
[2016-02-02 11:59:14:388] SoftVmInterface - Reporting method: com/mob/demo/MyViewController$2.onTouchUpInside
[2016-02-02 11:59:14:388] JdwpDebugServer - Command: o(6 1) id = 3412 length = 16
[2016-02-02 11:59:14:389] SoftVmInterface - Reporting line numbers for method com/mob/demo/MyViewController$2.<init>: [1, 57]
[2016-02-02 11:59:14:389] JdwpDebugServer - Command: o(6 1) id = 3413 length = 16
[2016-02-02 11:59:14:389] SoftVmInterface - Reporting line numbers for method com/mob/demo/MyViewController$2.onTouchUpInside: [62]
[2016-02-02 11:59:14:390] JdwpDebugServer - Command: H(2 15) id = 3414 length = 8
[2016-02-02 11:59:14:390] SoftVmInterface - Reporting method: com/mob/demo/MyViewController$3.<init>
[2016-02-02 11:59:14:390] SoftVmInterface - Reporting method: com/mob/demo/MyViewController$3.onTouchUpInside
[2016-02-02 11:59:14:390] JdwpDebugServer - Command: o(6 1) id = 3415 length = 16
[2016-02-02 11:59:14:391] SoftVmInterface - Reporting line numbers for method com/mob/demo/MyViewController$3.<init>: [1, 67]
[2016-02-02 11:59:14:391] JdwpDebugServer - Command: o(6 1) id = 3416 length = 16
[2016-02-02 11:59:14:391] SoftVmInterface - Reporting line numbers for method com/mob/demo/MyViewController$3.onTouchUpInside: [71, 72, 74, 76, 78, 80, 81, 82, 84, 122]
[2016-02-02 11:59:14:392] JdwpDebugServer - Command: H(2 15) id = 3417 length = 8
[2016-02-02 11:59:14:392] SoftVmInterface - Reporting method: com/mob/demo/MyViewController$3$1.<init>
[2016-02-02 11:59:14:392] SoftVmInterface - Reporting method: com/mob/demo/MyViewController$3$1.invoke
[2016-02-02 11:59:14:392] SoftVmInterface - Reporting method: com/mob/demo/MyViewController$3$1.$SWITCH_TABLE$com$mob$sharesdk$SSDKResponseState
[2016-02-02 11:59:14:392] JdwpDebugServer - Command: o(6 1) id = 3418 length = 16
[2016-02-02 11:59:14:393] SoftVmInterface - Reporting line numbers for method com/mob/demo/MyViewController$3$1.<init>: [1, 84]
[2016-02-02 11:59:14:393] JdwpDebugServer - Command: o(6 1) id = 3419 length = 16
[2016-02-02 11:59:14:393] SoftVmInterface - Reporting line numbers for method com/mob/demo/MyViewController$3$1.invoke: [90, 93, 96, 97, 98, 102, 103, 104, 108, 109, 114]
[2016-02-02 11:59:14:394] JdwpDebugServer - Command: o(6 1) id = 3420 length = 16
[2016-02-02 11:59:14:394] SoftVmInterface - Reporting line numbers for method com/mob/demo/MyViewController$3$1.$SWITCH_TABLE$com$mob$sharesdk$SSDKResponseState: [84]
[2016-02-02 11:59:14:394] JdwpDebugServer - Command: m(15 1) id = 3421 length = 32
[2016-02-02 11:59:14:394] SoftJdwpEventProcessor - Set breakpoint at com/mob/demo/MyViewController$3$1.invoke(Lcom/mob/sharesdk/SSDKResponseState;Lorg/robovm/apple/foundation/NSDictionary;Lcom/mob/sharesdk/SSDKContentEntity;Lorg/robovm/apple/foundation/NSError;)V:90
[2016-02-02 11:59:14:396] JdwpDebugServer - Command: m(15 1) id = 3422 length = 26
[2016-02-02 11:59:14:396] SoftJdwpEventProcessor - Set up class load event with filter: java.lang.Error
[2016-02-02 11:59:14:398] DebugLaunchPlugin - Waiting for the debugger to settle...
[2016-02-02 11:59:14:398] JdwpDebugServer - Command: m(15 1) id = 3423 length = 28
[2016-02-02 11:59:14:399] SoftJdwpEventProcessor - Set up class load event with filter: java.lang.Error$*
[2016-02-02 11:59:14:400] JdwpDebugServer - Command: al(1 2) id = 3424 length = 21
[2016-02-02 11:59:14:400] JdwpDebugServer - Command: m(15 1) id = 3425 length = 17
[2016-02-02 11:59:14:401] JdwpDebugServer - Command: m(15 1) id = 3426 length = 30
[2016-02-02 11:59:14:401] SoftJdwpEventProcessor - Set up class load event with filter: java.lang.Throwable
[2016-02-02 11:59:14:402] JdwpDebugServer - Command: m(15 1) id = 3427 length = 32
[2016-02-02 11:59:14:402] SoftJdwpEventProcessor - Set up class load event with filter: java.lang.Throwable$*
[2016-02-02 11:59:14:403] JdwpDebugServer - Command: al(1 2) id = 3428 length = 25
[2016-02-02 11:59:14:404] JdwpDebugServer - Command: m(15 1) id = 3429 length = 17
[2016-02-02 11:59:14:410] DebugLaunchPlugin - Waiting for the debugger to settle...
[2016-02-02 11:59:14:421] DebugLaunchPlugin - Waiting for the debugger to settle...
[2016-02-02 11:59:14:430] SoftJdwpEventProcessor - Reporting class prepare event EventRequest [id=4, eventKind=CLASS_PREPARE, suspendPolicy=EVENT_THREAD, constraints=[ClassMatchConstraint [classPattern=com.mob.demo.MyViewController$*]]] to JDWP client for class com/mob/demo/MyViewController$1
[2016-02-02 11:59:14:432] DebugLaunchPlugin - Waiting for the debugger to settle...
[2016-02-02 11:59:14:432] JdwpDebugServer - Command: Z(11 3) id = 3430 length = 8
[2016-02-02 11:59:14:432] DebugChannel - Event: Thread resumed, java obj: 0x116818f30, thread: 0x116817ee0
[2016-02-02 11:59:14:436] SoftJdwpEventProcessor - Reporting class prepare event EventRequest [id=4, eventKind=CLASS_PREPARE, suspendPolicy=EVENT_THREAD, constraints=[ClassMatchConstraint [classPattern=com.mob.demo.MyViewController$*]]] to JDWP client for class com/mob/demo/MyViewController$2
[2016-02-02 11:59:14:439] JdwpDebugServer - Command: Z(11 3) id = 3431 length = 8
[2016-02-02 11:59:14:439] DebugChannel - Event: Thread resumed, java obj: 0x116818f30, thread: 0x116817ee0
[2016-02-02 11:59:14:440] SoftJdwpEventProcessor - Reporting class prepare event EventRequest [id=4, eventKind=CLASS_PREPARE, suspendPolicy=EVENT_THREAD, constraints=[ClassMatchConstraint [classPattern=com.mob.demo.MyViewController$*]]] to JDWP client for class com/mob/demo/MyViewController$3
[2016-02-02 11:59:14:443] DebugLaunchPlugin - Waiting for the debugger to settle...
[2016-02-02 11:59:14:444] JdwpDebugServer - Command: Z(11 3) id = 3432 length = 8
[2016-02-02 11:59:14:444] DebugChannel - Event: Thread resumed, java obj: 0x116818f30, thread: 0x116817ee0
[2016-02-02 11:59:14:445] SoftJdwpEventProcessor - Reporting class prepare event EventRequest [id=4, eventKind=CLASS_PREPARE, suspendPolicy=EVENT_THREAD, constraints=[ClassMatchConstraint [classPattern=com.mob.demo.MyViewController$*]]] to JDWP client for class com/mob/demo/MyViewController$4
[2016-02-02 11:59:14:451] JdwpDebugServer - Command: Z(11 3) id = 3433 length = 8
[2016-02-02 11:59:14:453] DebugChannel - Event: Thread resumed, java obj: 0x116818f30, thread: 0x116817ee0
[2016-02-02 11:59:14:454] DebugLaunchPlugin - Waiting for the debugger to settle...
[2016-02-02 11:59:14:454] SoftJdwpEventProcessor - Reporting class prepare event EventRequest [id=4, eventKind=CLASS_PREPARE, suspendPolicy=EVENT_THREAD, constraints=[ClassMatchConstraint [classPattern=com.mob.demo.MyViewController$*]]] to JDWP client for class com/mob/demo/MyViewController$5
[2016-02-02 11:59:14:460] JdwpDebugServer - Command: Z(11 3) id = 3434 length = 8
[2016-02-02 11:59:14:461] DebugChannel - Event: Thread resumed, java obj: 0x116818f30, thread: 0x116817ee0
[2016-02-02 11:59:14:470] DebugLaunchPlugin - Waiting for the debugger to settle...
[2016-02-02 11:59:14:483] DebugLaunchPlugin - Waiting for the debugger to settle...
[2016-02-02 11:59:14:494] DebugLaunchPlugin - Waiting for the debugger to settle...
[2016-02-02 11:59:14:505] DebugLaunchPlugin - Waiting for the debugger to settle...
[2016-02-02 11:59:14:516] DebugLaunchPlugin - Waiting for the debugger to settle...
[2016-02-02 11:59:14:528] DebugLaunchPlugin - Waiting for the debugger to settle...
[2016-02-02 11:59:14:539] DebugLaunchPlugin - Waiting for the debugger to settle...
[2016-02-02 11:59:14:549] DebugLaunchPlugin - Waiting for the debugger to settle...
[2016-02-02 11:59:14:561] DebugLaunchPlugin - Waiting for the debugger to settle...
[2016-02-02 11:59:14:572] DebugLaunchPlugin - Waiting for the debugger to settle...
[2016-02-02 11:59:14:582] DebugLaunchPlugin - Waiting for the debugger to settle...
[2016-02-02 11:59:14:594] DebugLaunchPlugin - Waiting for the debugger to settle...
[2016-02-02 11:59:14:605] DebugLaunchPlugin - Waiting for the debugger to settle...
[2016-02-02 11:59:14:616] DebugLaunchPlugin - Waiting for the debugger to settle...
[2016-02-02 11:59:14:626] DebugLaunchPlugin - Waiting for the debugger to settle...
[2016-02-02 11:59:14:637] DebugLaunchPlugin - Waiting for the debugger to settle...
[2016-02-02 11:59:14:648] DebugLaunchPlugin - Waiting for the debugger to settle...
[2016-02-02 11:59:14:658] DebugLaunchPlugin - Waiting for the debugger to settle...
[2016-02-02 11:59:14:669] DebugLaunchPlugin - Waiting for the debugger to settle...
[2016-02-02 11:59:14:680] DebugLaunchPlugin - Waiting for the debugger to settle...
[2016-02-02 11:59:14:690] DebugLaunchPlugin - Waiting for the debugger to settle...
[2016-02-02 11:59:14:695] DebugChannel - Event: Thread stopped, reason: Exception, java obj: 0x116818f30, thread: 0x116817ee0, frames: 9
[2016-02-02 11:59:14:696] SoftDebugger - Reconstructing frames took: 7.39E-4secs
[2016-02-02 11:59:14:697] DebugChannel - Event: Thread resumed, java obj: 0x116818f30, thread: 0x116817ee0
[2016-02-02 11:59:14:697] DebugChannel - Event: Thread stopped, reason: Exception, java obj: 0x116818f30, thread: 0x116817ee0, frames: 8
[2016-02-02 11:59:14:697] SoftDebugger - Reconstructing frames took: 2.7E-5secs
[2016-02-02 11:59:14:697] DebugChannel - Event: Thread resumed, java obj: 0x116818f30, thread: 0x116817ee0
[2016-02-02 11:59:14:698] DebugChannel - Event: Thread stopped, reason: Exception, java obj: 0x116818f30, thread: 0x116817ee0, frames: 8
[2016-02-02 11:59:14:698] SoftDebugger - Reconstructing frames took: 2.3E-5secs
[2016-02-02 11:59:14:698] DebugChannel - Event: Thread resumed, java obj: 0x116818f30, thread: 0x116817ee0
[2016-02-02 11:59:14:698] DebugChannel - Event: Thread stopped, reason: Exception, java obj: 0x116818f30, thread: 0x116817ee0, frames: 3
[2016-02-02 11:59:14:698] SoftDebugger - Reconstructing frames took: 1.2E-5secs
[2016-02-02 11:59:14:699] DebugChannel - Event: Thread resumed, java obj: 0x116818f30, thread: 0x116817ee0
[2016-02-02 11:59:14:699] DebugChannel - Event: Thread stopped, reason: Exception, java obj: 0x116818f30, thread: 0x116817ee0, frames: 3
[2016-02-02 11:59:14:699] SoftDebugger - Reconstructing frames took: 1.3E-5secs
[2016-02-02 11:59:14:699] DebugChannel - Event: Thread resumed, java obj: 0x116818f30, thread: 0x116817ee0
[2016-02-02 11:59:14:700] DebugChannel - Event: Thread stopped, reason: Exception, java obj: 0x116818f30, thread: 0x116817ee0, frames: 1
[2016-02-02 11:59:14:700] SoftDebugger - Reconstructing frames took: 8.0E-6secs
[2016-02-02 11:59:14:700] DebugChannel - Event: Thread resumed, java obj: 0x116818f30, thread: 0x116817ee0
[2016-02-02 11:59:14:701] DebugChannel - Event: Thread stopped, reason: Exception, java obj: 0x116818f30, thread: 0x116817ee0, frames: 1
[2016-02-02 11:59:14:701] SoftDebugger - Reconstructing frames took: 8.0E-6secs
[2016-02-02 11:59:14:701] DebugLaunchPlugin - Waiting for the debugger to settle...
[2016-02-02 11:59:14:702] JdwpDebugServer - Command: H(2 15) id = 3435 length = 8
[2016-02-02 11:59:14:702] SoftVmInterface - Reporting method: com/mob/demo/ShareSDKDemo.<init>
[2016-02-02 11:59:14:702] SoftVmInterface - Reporting method: com/mob/demo/ShareSDKDemo.didFinishLaunching
[2016-02-02 11:59:14:702] SoftVmInterface - Reporting method: com/mob/demo/ShareSDKDemo.main
[2016-02-02 11:59:14:702] SoftVmInterface - Reporting method: com/mob/demo/ShareSDKDemo.initShareSDK
[2016-02-02 11:59:14:702] SoftVmInterface - Reporting method: com/mob/demo/ShareSDKDemo.$cb$application$didFinishLaunchingWithOptions$
[2016-02-02 11:59:14:702] SoftVmInterface - Reporting method: com/mob/demo/ShareSDKDemo.$cb$init
[2016-02-02 11:59:14:702] SoftVmInterface - Reporting method: com/mob/demo/ShareSDKDemo.$setHandle
[2016-02-02 11:59:14:702] SoftVmInterface - Reporting method: com/mob/demo/ShareSDKDemo.$cb$initWithCoder$
[2016-02-02 11:59:14:702] SoftVmInterface - Reporting method: com/mob/demo/ShareSDKDemo.$m$super$initWithCoder$
[2016-02-02 11:59:14:702] SoftVmInterface - Reporting method: com/mob/demo/ShareSDKDemo.$getSuper
[2016-02-02 11:59:14:702] SoftVmInterface - Reporting method: com/mob/demo/ShareSDKDemo.$initObject
[2016-02-02 11:59:14:702] SoftVmInterface - Reporting method: com/mob/demo/ShareSDKDemo.<clinit>
[2016-02-02 11:59:14:703] JdwpDebugServer - Command: y(9 1) id = 3436 length = 8
[2016-02-02 11:59:14:703] JdwpDebugServer - Command: j(3 1) id = 3437 length = 8
[2016-02-02 11:59:14:703] JdwpDebugServer - Command: j(3 1) id = 3438 length = 8
[2016-02-02 11:59:14:704] JdwpDebugServer - Command: j(3 1) id = 3439 length = 8
[2016-02-02 11:59:14:704] JdwpDebugServer - Command: W(11 6) id = 3440 length = 16
[2016-02-02 11:59:14:705] JdwpDebugServer - Command: V(11 7) id = 3441 length = 8
[2016-02-02 11:59:14:705] JdwpDebugServer - Command: Y(11 8) id = 3442 length = 8
[2016-02-02 11:59:14:705] JdwpDebugServer - Command: U(11 9) id = 3443 length = 8
[2016-02-02 11:59:14:705] JdwpDebugServer - Command: Y(11 8) id = 3444 length = 8
[2016-02-02 11:59:14:706] JdwpDebugServer - Command: U(11 9) id = 3445 length = 8
[2016-02-02 11:59:14:711] DebugLaunchPlugin - Waiting for the debugger to settle...
[2016-02-02 11:59:14:722] DebugLaunchPlugin - Waiting for the debugger to settle...
[2016-02-02 11:59:14:734] DebugLaunchPlugin - Waiting for the debugger to settle...
[2016-02-02 11:59:14:744] DebugLaunchPlugin - Waiting for the debugger to settle...
[2016-02-02 11:59:14:757] DebugLaunchPlugin - Waiting for the debugger to settle...
[2016-02-02 11:59:14:767] DebugLaunchPlugin - Waiting for the debugger to settle...
[2016-02-02 11:59:14:779] DebugLaunchPlugin - Waiting for the debugger to settle...
[2016-02-02 11:59:14:792] DebugLaunchPlugin - Waiting for the debugger to settle...
[2016-02-02 11:59:14:805] DebugLaunchPlugin - Waiting for the debugger to settle...
[2016-02-02 11:59:14:818] DebugLaunchPlugin - Waiting for the debugger to settle...
[2016-02-02 11:59:14:830] DebugLaunchPlugin - Waiting for the debugger to settle...
[2016-02-02 11:59:14:843] DebugLaunchPlugin - Waiting for the debugger to settle...
[2016-02-02 11:59:14:854] DebugLaunchPlugin - Waiting for the debugger to settle...
[2016-02-02 11:59:14:866] DebugLaunchPlugin - Waiting for the debugger to settle...
[2016-02-02 11:59:14:878] DebugLaunchPlugin - Waiting for the debugger to settle...
[2016-02-02 11:59:14:888] DebugLaunchPlugin - Waiting for the debugger to settle...
[2016-02-02 11:59:14:901] DebugLaunchPlugin - Waiting for the debugger to settle...
[2016-02-02 11:59:14:913] DebugLaunchPlugin - Waiting for the debugger to settle...
[2016-02-02 11:59:14:925] DebugLaunchPlugin - Waiting for the debugger to settle...
[2016-02-02 11:59:14:936] DebugLaunchPlugin - Waiting for the debugger to settle...
[2016-02-02 11:59:14:947] DebugLaunchPlugin - Waiting for the debugger to settle...
[2016-02-02 11:59:14:958] DebugLaunchPlugin - Waiting for the debugger to settle...
[2016-02-02 11:59:14:968] DebugLaunchPlugin - Waiting for the debugger to settle...
[2016-02-02 11:59:14:981] DebugLaunchPlugin - Waiting for the debugger to settle...
[2016-02-02 11:59:14:993] DebugLaunchPlugin - Waiting for the debugger to settle...
[2016-02-02 11:59:14:999] JdwpDebugServer - Command: L(2 7) id = 3446 length = 8
[2016-02-02 11:59:15:006] DebugLaunchPlugin - Waiting for the debugger to settle...
[2016-02-02 11:59:15:018] DebugLaunchPlugin - Waiting for the debugger to settle...
[2016-02-02 11:59:15:030] DebugLaunchPlugin - Waiting for the debugger to settle...
[2016-02-02 11:59:15:040] DebugLaunchPlugin - Waiting for the debugger to settle...
[2016-02-02 11:59:15:056] DebugLaunchPlugin - Waiting for the debugger to settle...
[2016-02-02 11:59:15:067] DebugLaunchPlugin - Waiting for the debugger to settle...
[2016-02-02 11:59:15:080] DebugLaunchPlugin - Waiting for the debugger to settle...
[2016-02-02 11:59:15:091] DebugLaunchPlugin - Waiting for the debugger to settle...
[2016-02-02 11:59:15:102] DebugLaunchPlugin - Waiting for the debugger to settle...
[2016-02-02 11:59:15:113] DebugLaunchPlugin - Waiting for the debugger to settle...
[2016-02-02 11:59:15:125] DebugLaunchPlugin - Waiting for the debugger to settle...
[2016-02-02 11:59:15:137] DebugLaunchPlugin - Waiting for the debugger to settle...
[2016-02-02 11:59:15:662] DebugLaunchPlugin - Waiting for the debugger to settle...
[2016-02-02 11:59:15:672] DebugLaunchPlugin - Waiting for the debugger to settle...
[2016-02-02 11:59:15:683] DebugLaunchPlugin - Waiting for the debugger to settle...
[2016-02-02 11:59:15:696] DebugLaunchPlugin - Waiting for the debugger to settle...
[2016-02-02 11:59:15:708] DebugLaunchPlugin - Waiting for the debugger to settle...
[2016-02-02 11:59:15:719] DebugLaunchPlugin - Waiting for the debugger to settle...
[2016-02-02 11:59:15:720] JdwpDebugServer - Command: o(6 1) id = 3447 length = 16
[2016-02-02 11:59:15:720] SoftVmInterface - Reporting line numbers for method com/mob/demo/ShareSDKDemo.main: [40, 41, 42, 43]
[2016-02-02 11:59:15:721] JdwpDebugServer - Command: X(11 1) id = 3448 length = 8
[2016-02-02 11:59:15:723] JdwpDebugServer - Command: U(11 9) id = 3449 length = 8
[2016-02-02 11:59:15:724] JdwpDebugServer - Command: Y(11 8) id = 3450 length = 8
[2016-02-02 11:59:15:724] JdwpDebugServer - Command: X(11 1) id = 3451 length = 8
[2016-02-02 11:59:15:726] JdwpDebugServer - Command: X(11 1) id = 3452 length = 8
[2016-02-02 11:59:15:731] DebugLaunchPlugin - Waiting for the debugger to settle...
[2016-02-02 11:59:15:744] DebugLaunchPlugin - Waiting for the debugger to settle...
[2016-02-02 11:59:15:757] DebugLaunchPlugin - Waiting for the debugger to settle...
[2016-02-02 11:59:15:769] DebugLaunchPlugin - Waiting for the debugger to settle...
[2016-02-02 11:59:15:779] DebugLaunchPlugin - Waiting for the debugger to settle...
[2016-02-02 11:59:15:792] DebugLaunchPlugin - Waiting for the debugger to settle...
[2016-02-02 11:59:15:805] DebugLaunchPlugin - Waiting for the debugger to settle...
[2016-02-02 11:59:15:815] DebugLaunchPlugin - Waiting for the debugger to settle...
[2016-02-02 11:59:15:826] DebugLaunchPlugin - Waiting for the debugger to settle...
[2016-02-02 11:59:15:837] DebugLaunchPlugin - Waiting for the debugger to settle...
[2016-02-02 11:59:15:847] DebugLaunchPlugin - Waiting for the debugger to settle...
[2016-02-02 11:59:15:858] DebugLaunchPlugin - Waiting for the debugger to settle...
[2016-02-02 11:59:15:870] DebugLaunchPlugin - Waiting for the debugger to settle...
[2016-02-02 11:59:15:880] DebugLaunchPlugin - Waiting for the debugger to settle...
[2016-02-02 11:59:15:893] DebugLaunchPlugin - Waiting for the debugger to settle...
[2016-02-02 11:59:15:906] DebugLaunchPlugin - Waiting for the debugger to settle...
[2016-02-02 11:59:15:918] DebugLaunchPlugin - Waiting for the debugger to settle...
[2016-02-02 11:59:15:929] DebugLaunchPlugin - Waiting for the debugger to settle...
[2016-02-02 11:59:15:942] DebugLaunchPlugin - Waiting for the debugger to settle...
[2016-02-02 11:59:15:949] JdwpDebugServer - Command: D(2 14) id = 3453 length = 8
[2016-02-02 11:59:15:949] JdwpDebugServer - Command: F(2 10) id = 3454 length = 8
[2016-02-02 11:59:15:949] JdwpDebugServer - Command: j(3 1) id = 3455 length = 8
[2016-02-02 11:59:15:950] JdwpDebugServer - Command: D(2 14) id = 3456 length = 8
[2016-02-02 11:59:15:950] JdwpDebugServer - Command: F(2 10) id = 3457 length = 8
[2016-02-02 11:59:15:950] JdwpDebugServer - Command: D(2 14) id = 3458 length = 8
[2016-02-02 11:59:15:950] JdwpDebugServer - Command: F(2 10) id = 3459 length = 8
[2016-02-02 11:59:15:951] JdwpDebugServer - Command: D(2 14) id = 3460 length = 8
[2016-02-02 11:59:15:951] JdwpDebugServer - Command: F(2 10) id = 3461 length = 8
[2016-02-02 11:59:15:951] JdwpDebugServer - Command: D(2 14) id = 3462 length = 8
[2016-02-02 11:59:15:951] JdwpDebugServer - Command: F(2 10) id = 3463 length = 8
[2016-02-02 11:59:15:951] JdwpDebugServer - Command: j(3 1) id = 3464 length = 8
[2016-02-02 11:59:15:952] JdwpDebugServer - Command: D(2 14) id = 3465 length = 8
[2016-02-02 11:59:15:952] DebugLaunchPlugin - Waiting for the debugger to settle...
[2016-02-02 11:59:15:952] JdwpDebugServer - Command: F(2 10) id = 3466 length = 8
[2016-02-02 11:59:15:953] JdwpDebugServer - Command: j(3 1) id = 3467 length = 8
[2016-02-02 11:59:15:953] JdwpDebugServer - Command: D(2 14) id = 3468 length = 8
[2016-02-02 11:59:15:953] JdwpDebugServer - Command: F(2 10) id = 3469 length = 8
[2016-02-02 11:59:15:953] JdwpDebugServer - Command: j(3 1) id = 3470 length = 8
[2016-02-02 11:59:15:954] JdwpDebugServer - Command: D(2 14) id = 3471 length = 8
[2016-02-02 11:59:15:954] JdwpDebugServer - Command: F(2 10) id = 3472 length = 8
[2016-02-02 11:59:15:954] JdwpDebugServer - Command: j(3 1) id = 3473 length = 8
[2016-02-02 11:59:15:954] JdwpDebugServer - Command: j(3 1) id = 3474 length = 8
[2016-02-02 11:59:15:955] JdwpDebugServer - Command: q(6 5) id = 3475 length = 16
[2016-02-02 11:59:15:963] DebugLaunchPlugin - Waiting for the debugger to settle...
[2016-02-02 11:59:15:974] DebugLaunchPlugin - Waiting for the debugger to settle...
[2016-02-02 11:59:15:985] DebugLaunchPlugin - Waiting for the debugger to settle...
[2016-02-02 11:59:15:995] DebugLaunchPlugin - Waiting for the debugger to settle...
[2016-02-02 11:59:16:007] DebugLaunchPlugin - Waiting for the debugger to settle...
[2016-02-02 11:59:16:015] JdwpDebugServer - Command: V(11 7) id = 3476 length = 8
[2016-02-02 11:59:16:015] JdwpDebugServer - Command: Y(11 8) id = 3477 length = 8
[2016-02-02 11:59:16:015] JdwpDebugServer - Command: U(11 9) id = 3478 length = 8
[2016-02-02 11:59:16:017] JdwpDebugServer - Command: X(11 1) id = 3479 length = 8
[2016-02-02 11:59:16:017] DebugLaunchPlugin - Waiting for the debugger to settle...
[2016-02-02 11:59:16:018] JdwpDebugServer - Command: V(11 7) id = 3480 length = 8
[2016-02-02 11:59:16:019] JdwpDebugServer - Command: Y(11 8) id = 3481 length = 8
[2016-02-02 11:59:16:019] JdwpDebugServer - Command: X(11 1) id = 3482 length = 8
[2016-02-02 11:59:16:022] JdwpDebugServer - Command: U(11 9) id = 3483 length = 8
[2016-02-02 11:59:16:022] JdwpDebugServer - Command: U(11 9) id = 3484 length = 8
[2016-02-02 11:59:16:023] JdwpDebugServer - Command: X(11 1) id = 3485 length = 8
[2016-02-02 11:59:16:024] JdwpDebugServer - Command: Y(11 8) id = 3486 length = 8
[2016-02-02 11:59:16:024] JdwpDebugServer - Command: U(11 9) id = 3488 length = 8
[2016-02-02 11:59:16:024] JdwpDebugServer - Command: X(11 1) id = 3487 length = 8
[2016-02-02 11:59:16:025] JdwpDebugServer - Command: Y(11 8) id = 3489 length = 8
[2016-02-02 11:59:16:026] JdwpDebugServer - Command: U(11 9) id = 3490 length = 8
[2016-02-02 11:59:16:026] JdwpDebugServer - Command: Y(11 8) id = 3491 length = 8
[2016-02-02 11:59:16:029] DebugLaunchPlugin - Waiting for the debugger to settle...
[2016-02-02 11:59:16:042] DebugLaunchPlugin - Waiting for the debugger to settle...
[2016-02-02 11:59:16:052] DebugLaunchPlugin - Waiting for the debugger to settle...
[2016-02-02 11:59:16:065] DebugLaunchPlugin - Waiting for the debugger to settle...
[2016-02-02 11:59:16:076] DebugLaunchPlugin - Waiting for the debugger to settle...
[2016-02-02 11:59:16:089] DebugLaunchPlugin - Waiting for the debugger to settle...
[2016-02-02 11:59:16:101] DebugLaunchPlugin - Waiting for the debugger to settle...
[2016-02-02 11:59:16:112] DebugLaunchPlugin - Waiting for the debugger to settle...
[2016-02-02 11:59:16:122] DebugLaunchPlugin - Waiting for the debugger to settle...
[2016-02-02 11:59:16:135] DebugLaunchPlugin - Waiting for the debugger to settle...
[2016-02-02 11:59:16:145] DebugLaunchPlugin - Waiting for the debugger to settle...
[2016-02-02 11:59:16:158] DebugLaunchPlugin - Waiting for the debugger to settle...
[2016-02-02 11:59:16:169] DebugLaunchPlugin - Waiting for the debugger to settle...
[2016-02-02 11:59:16:180] DebugLaunchPlugin - Waiting for the debugger to settle...
[2016-02-02 11:59:16:193] DebugLaunchPlugin - Waiting for the debugger to settle...
[2016-02-02 11:59:16:203] DebugLaunchPlugin - Waiting for the debugger to settle...
[2016-02-02 11:59:16:216] DebugLaunchPlugin - Waiting for the debugger to settle...
[2016-02-02 11:59:16:228] DebugLaunchPlugin - Waiting for the debugger to settle...
[2016-02-02 11:59:16:241] DebugLaunchPlugin - Waiting for the debugger to settle...
[2016-02-02 11:59:16:253] DebugLaunchPlugin - Waiting for the debugger to settle...
[2016-02-02 11:59:16:264] DebugLaunchPlugin - Waiting for the debugger to settle...
[2016-02-02 11:59:16:277] DebugLaunchPlugin - Waiting for the debugger to settle...
[2016-02-02 11:59:16:289] DebugLaunchPlugin - Waiting for the debugger to settle...
[2016-02-02 11:59:16:302] DebugLaunchPlugin - Waiting for the debugger to settle...
[2016-02-02 11:59:16:313] DebugLaunchPlugin - Waiting for the debugger to settle...
[2016-02-02 11:59:16:323] DebugLaunchPlugin - Waiting for the debugger to settle...
[2016-02-02 11:59:16:335] DebugLaunchPlugin - Waiting for the debugger to settle...
[2016-02-02 11:59:16:348] DebugLaunchPlugin - Waiting for the debugger to settle...
[2016-02-02 11:59:16:359] DebugLaunchPlugin - Waiting for the debugger to settle...
[2016-02-02 11:59:16:371] DebugLaunchPlugin - Waiting for the debugger to settle...
[2016-02-02 11:59:16:382] DebugLaunchPlugin - Waiting for the debugger to settle...
[2016-02-02 11:59:16:393] DebugLaunchPlugin - Waiting for the debugger to settle...
[2016-02-02 11:59:16:405] DebugLaunchPlugin - Waiting for the debugger to settle...
[2016-02-02 11:59:16:417] DebugLaunchPlugin - Waiting for the debugger to settle...
[2016-02-02 11:59:16:428] DebugLaunchPlugin - Waiting for the debugger to settle...
[2016-02-02 11:59:16:441] DebugLaunchPlugin - Waiting for the debugger to settle...
[2016-02-02 11:59:16:452] DebugLaunchPlugin - Waiting for the debugger to settle...
[2016-02-02 11:59:16:463] DebugLaunchPlugin - Waiting for the debugger to settle...
[2016-02-02 11:59:16:476] DebugLaunchPlugin - Waiting for the debugger to settle...
[2016-02-02 11:59:16:487] DebugLaunchPlugin - Waiting for the debugger to settle...
[2016-02-02 11:59:16:498] DebugLaunchPlugin - Waiting for the debugger to settle...
[2016-02-02 11:59:16:511] DebugLaunchPlugin - Waiting for the debugger to settle...
[2016-02-02 11:59:16:522] DebugLaunchPlugin - Waiting for the debugger to settle...
[2016-02-02 11:59:16:533] DebugLaunchPlugin - Waiting for the debugger to settle...
[2016-02-02 11:59:16:546] DebugLaunchPlugin - Waiting for the debugger to settle...
[2016-02-02 11:59:16:560] DebugLaunchPlugin - Waiting for the debugger to settle...
[2016-02-02 11:59:16:572] DebugLaunchPlugin - Waiting for the debugger to settle...
[2016-02-02 11:59:16:584] DebugLaunchPlugin - Waiting for the debugger to settle...
[2016-02-02 11:59:16:594] DebugLaunchPlugin - Waiting for the debugger to settle...
[2016-02-02 11:59:16:607] DebugLaunchPlugin - Waiting for the debugger to settle...
[2016-02-02 11:59:16:620] DebugLaunchPlugin - Waiting for the debugger to settle...
[2016-02-02 11:59:16:632] DebugLaunchPlugin - Waiting for the debugger to settle...
[2016-02-02 11:59:16:645] DebugLaunchPlugin - Waiting for the debugger to settle...
[2016-02-02 11:59:16:657] DebugLaunchPlugin - Waiting for the debugger to settle...
[2016-02-02 11:59:16:667] DebugLaunchPlugin - Waiting for the debugger to settle...
[2016-02-02 11:59:16:680] DebugLaunchPlugin - Waiting for the debugger to settle...
[2016-02-02 11:59:16:693] DebugLaunchPlugin - Waiting for the debugger to settle...
[2016-02-02 11:59:16:705] DebugLaunchPlugin - Waiting for the debugger to settle...
[2016-02-02 11:59:16:718] DebugLaunchPlugin - Waiting for the debugger to settle...
[2016-02-02 11:59:16:728] DebugLaunchPlugin - Waiting for the debugger to settle...
[2016-02-02 11:59:16:741] DebugLaunchPlugin - Waiting for the debugger to settle...
[2016-02-02 11:59:16:754] DebugLaunchPlugin - Waiting for the debugger to settle...
[2016-02-02 11:59:16:765] DebugLaunchPlugin - Waiting for the debugger to settle...
[2016-02-02 11:59:16:777] DebugLaunchPlugin - Waiting for the debugger to settle...
[2016-02-02 11:59:16:789] DebugLaunchPlugin - Waiting for the debugger to settle...
[2016-02-02 11:59:16:801] DebugLaunchPlugin - Waiting for the debugger to settle...
[2016-02-02 11:59:16:811] DebugLaunchPlugin - Waiting for the debugger to settle...
[2016-02-02 11:59:16:824] DebugLaunchPlugin - Waiting for the debugger to settle...
[2016-02-02 11:59:16:835] DebugLaunchPlugin - Waiting for the debugger to settle...
[2016-02-02 11:59:16:848] DebugLaunchPlugin - Waiting for the debugger to settle...
[2016-02-02 11:59:16:859] DebugLaunchPlugin - Waiting for the debugger to settle...
[2016-02-02 11:59:16:869] DebugLaunchPlugin - Waiting for the debugger to settle...
[2016-02-02 11:59:16:881] DebugLaunchPlugin - Waiting for the debugger to settle...
[2016-02-02 11:59:16:891] DebugLaunchPlugin - Waiting for the debugger to settle...
[2016-02-02 11:59:16:903] DebugLaunchPlugin - Waiting for the debugger to settle...
[2016-02-02 11:59:16:916] DebugLaunchPlugin - Waiting for the debugger to settle...
[2016-02-02 11:59:16:929] DebugLaunchPlugin - Waiting for the debugger to settle...
[2016-02-02 11:59:16:942] DebugLaunchPlugin - Waiting for the debugger to settle...
[2016-02-02 11:59:16:953] DebugLaunchPlugin - Waiting for the debugger to settle...
[2016-02-02 11:59:16:966] DebugLaunchPlugin - Waiting for the debugger to settle...
[2016-02-02 11:59:16:978] DebugLaunchPlugin - Waiting for the debugger to settle...
[2016-02-02 11:59:16:991] DebugLaunchPlugin - Waiting for the debugger to settle...
[2016-02-02 11:59:17:004] DebugLaunchPlugin - Waiting for the debugger to settle...
[2016-02-02 11:59:17:015] DebugLaunchPlugin - Waiting for the debugger to settle...
[2016-02-02 11:59:17:028] DebugLaunchPlugin - Debugger has settled. Resuming inferior.
[2016-02-02 11:59:20:315] JdwpDebugServer - Command: Z(11 3) id = 3492 length = 8
[2016-02-02 11:59:20:315] DebugChannel - Event: Thread resumed, java obj: 0x116818f30, thread: 0x116817ee0
[2016-02-02 11:59:20:320] JdwpDebugServer - Command: U(11 9) id = 3493 length = 8
[2016-02-02 11:59:20:323] DebugChannel - Event: Thread detached, java obj: 0x116818f30, thread: 0x116817ee0, exception: 0x0
[2016-02-02 11:59:20:325] JdwpDebugServer - Command: Y(11 8) id = 3494 length = 8
[2016-02-02 11:59:20:334] DebugChannel - Error in debug channel thread: null
[2016-02-02 11:59:20:334] DebugChannel - Shutting down debug channel thread
[2016-02-02 11:59:20:335] SoftDebugger - com.robovm.debug.server.DebuggerException: Request interrupted
	at com.robovm.debug.server.d.i.a(Unknown.java:805)
	at com.robovm.debug.server.d.d.a(Unknown.java:203)
	at com.robovm.debug.server.d.t.e(Unknown.java:87)
	at com.robovm.debug.server.d.t.h(Unknown.java:114)
	at com.robovm.debug.server.e.b.j(Unknown.java:93)
	at com.robovm.debug.server.e.f.a(Unknown.java:33)
	at com.robovm.debug.server.e.c.a(Unknown.java:140)
	at com.robovm.debug.server.d.C.c(Unknown.java:1136)
	at com.robovm.debug.server.d.y.a(Unknown.java:247)
	at com.robovm.debug.server.d.y.a(Unknown.java:3150)
	at com.robovm.debug.server.d.z.run(Unknown.java:128)
	at java.lang.Thread.run(Thread.java:745)
Caused by: java.lang.InterruptedException
	at java.util.concurrent.locks.AbstractQueuedSynchronizer.doAcquireSharedNanos(AbstractQueuedSynchronizer.java:1038)
	at java.util.concurrent.locks.AbstractQueuedSynchronizer.tryAcquireSharedNanos(AbstractQueuedSynchronizer.java:1326)
	at java.util.concurrent.CountDownLatch.await(CountDownLatch.java:282)
	at com.robovm.debug.server.d.c.await(Unknown.java:31)
	at com.robovm.debug.server.d.i.a(Unknown.java:801)
	... 11 more
[2016-02-02 11:59:20:335] SoftJdwpEventProcessor - processing vm death event
[2016-02-02 11:59:20:335] SoftDebugger - Shutting down event loop thread
[2016-02-02 11:59:20:335] DebugLaunchPlugin - Shutting down JDWP server
