[2016-02-01 17:11:49:833] ExecutableMemoryAccess - Reading executable bytes took: 0.155184
[2016-02-01 17:11:49:848] ExecutableMemoryAccess - Dumped section __TEXT,__text, took: 0.007947
[2016-02-01 17:11:49:849] ExecutableMemoryAccess - Dumped section __TEXT,__const, took: 0.001206
[2016-02-01 17:11:49:850] ExecutableMemoryAccess - Dumped section __DATA,__const, took: 6.29E-4
[2016-02-01 17:11:49:851] ExecutableMemoryAccess - Dumped section __DATA,__data, took: 6.58E-4
[2016-02-01 17:11:49:851] ExecutableMemoryAccess - Parsing sections took: 0.172911
[2016-02-01 17:11:51:974] ExecutableSymbolLookup - Reading nm output took: 2.296449
[2016-02-01 17:11:52:527] ExecutableSymbolLookup - Parsing nm output took: 0.552185
[2016-02-01 17:11:52:527] ExecutableSymbolLookup - Parsing symbols took: 2.849043
[2016-02-01 17:11:54:659] DebugLaunchPlugin - Got port address in 1.963946secs
[2016-02-01 17:11:54:661] SoftDebugger - Established connection to app on port 65212
[2016-02-01 17:11:54:662] DebugChannel - Starting debug channel thread
[2016-02-01 17:11:54:662] ClassInfoParser - Reading boot classes info
[2016-02-01 17:11:54:664] ClassInfoParser - Took 0.001852
[2016-02-01 17:11:54:664] ClassInfoParser - Reading classes info
[2016-02-01 17:11:54:665] ClassInfoParser - Took 0.001472
[2016-02-01 17:11:55:343] SoftDebugger - Loading class infos took: 0.681825secs
[2016-02-01 17:11:55:345] SoftDebugger - Loading class infos and adjusting addresses took: 0.683903secs
[2016-02-01 17:11:55:347] DebugLaunchPlugin - Waiting for JDWP client to connect
[2016-02-01 17:11:55:347] SocketTransport - Listening for transport dt_socket at address: 65198
[2016-02-01 17:11:55:503] DebugChannel - Event: Thread attached, java obj: 0x116818f30, thread: 0x116817ee0
[2016-02-01 17:11:55:505] SoftDebugger - Thread main attached
[2016-02-01 17:11:56:057] DebugChannel - Event: Thread stopped, reason: Exception, java obj: 0x116818f30, thread: 0x116817ee0, frames: 15
[2016-02-01 17:11:56:073] SoftDebugger - Reconstructing frames took: 0.015897secs
[2016-02-01 17:11:56:074] DebugChannel - Event: Thread resumed, java obj: 0x116818f30, thread: 0x116817ee0
[2016-02-01 17:11:56:188] DebugChannel - Event: Thread stopped, reason: Exception, java obj: 0x116818f30, thread: 0x116817ee0, frames: 10
[2016-02-01 17:11:56:188] SoftDebugger - Reconstructing frames took: 3.8E-5secs
[2016-02-01 17:11:56:188] DebugChannel - Event: Thread resumed, java obj: 0x116818f30, thread: 0x116817ee0
[2016-02-01 17:11:56:193] DebugChannel - Event: Thread attached, java obj: 0x116818ea0, thread: 0x116817e00
[2016-02-01 17:11:56:194] DebugChannel - Event: Thread attached, java obj: 0x116818d80, thread: 0x116817d20
[2016-02-01 17:11:56:194] DebugChannel - Event: Thread attached, java obj: 0x116818c60, thread: 0x116817c40
[2016-02-01 17:11:56:195] SoftDebugger - Thread ReferenceQueueDaemon attached
[2016-02-01 17:11:56:196] SoftDebugger - Thread FinalizerDaemon attached
[2016-02-01 17:11:56:197] SoftDebugger - Thread FinalizerWatchdogDaemon attached
[2016-02-01 17:11:56:248] DebugChannel - Event: Thread stopped, reason: Exception, java obj: 0x116818f30, thread: 0x116817ee0, frames: 9
[2016-02-01 17:11:56:252] SoftDebugger - Reconstructing frames took: 0.003804secs
[2016-02-01 17:11:56:252] DebugChannel - Event: Thread resumed, java obj: 0x116818f30, thread: 0x116817ee0
[2016-02-01 17:11:56:253] DebugChannel - Event: Thread stopped, reason: Exception, java obj: 0x116818f30, thread: 0x116817ee0, frames: 9
[2016-02-01 17:11:56:253] SoftDebugger - Reconstructing frames took: 3.6E-5secs
[2016-02-01 17:11:56:253] DebugChannel - Event: Thread resumed, java obj: 0x116818f30, thread: 0x116817ee0
[2016-02-01 17:11:56:254] DebugChannel - Event: Thread stopped, reason: Exception, java obj: 0x116818f30, thread: 0x116817ee0, frames: 9
[2016-02-01 17:11:56:254] SoftDebugger - Reconstructing frames took: 2.0E-5secs
[2016-02-01 17:11:56:254] DebugChannel - Event: Thread resumed, java obj: 0x116818f30, thread: 0x116817ee0
[2016-02-01 17:11:56:254] DebugChannel - Event: Thread stopped, reason: Exception, java obj: 0x116818f30, thread: 0x116817ee0, frames: 9
[2016-02-01 17:11:56:254] SoftDebugger - Reconstructing frames took: 2.1E-5secs
[2016-02-01 17:11:56:255] DebugChannel - Event: Thread resumed, java obj: 0x116818f30, thread: 0x116817ee0
[2016-02-01 17:11:56:255] DebugChannel - Event: Thread stopped, reason: Exception, java obj: 0x116818f30, thread: 0x116817ee0, frames: 9
[2016-02-01 17:11:56:255] SoftDebugger - Reconstructing frames took: 2.0E-5secs
[2016-02-01 17:11:56:256] DebugChannel - Event: Thread resumed, java obj: 0x116818f30, thread: 0x116817ee0
[2016-02-01 17:11:56:256] DebugChannel - Event: Thread stopped, reason: Exception, java obj: 0x116818f30, thread: 0x116817ee0, frames: 9
[2016-02-01 17:11:56:256] SoftDebugger - Reconstructing frames took: 1.8E-5secs
[2016-02-01 17:11:56:257] DebugChannel - Event: Thread resumed, java obj: 0x116818f30, thread: 0x116817ee0
[2016-02-01 17:11:56:257] DebugChannel - Event: Thread stopped, reason: Exception, java obj: 0x116818f30, thread: 0x116817ee0, frames: 9
[2016-02-01 17:11:56:257] SoftDebugger - Reconstructing frames took: 1.9E-5secs
[2016-02-01 17:11:56:257] DebugChannel - Event: Thread resumed, java obj: 0x116818f30, thread: 0x116817ee0
[2016-02-01 17:11:56:258] DebugChannel - Event: Thread stopped, reason: Exception, java obj: 0x116818f30, thread: 0x116817ee0, frames: 9
[2016-02-01 17:11:56:258] SoftDebugger - Reconstructing frames took: 1.8E-5secs
[2016-02-01 17:11:56:258] DebugChannel - Event: Thread resumed, java obj: 0x116818f30, thread: 0x116817ee0
[2016-02-01 17:11:56:291] DebugChannel - Event: Thread stopped, reason: Exception, java obj: 0x116818f30, thread: 0x116817ee0, frames: 9
[2016-02-01 17:11:56:291] SoftDebugger - Reconstructing frames took: 5.9E-5secs
[2016-02-01 17:11:56:291] DebugChannel - Event: Thread resumed, java obj: 0x116818f30, thread: 0x116817ee0
[2016-02-01 17:11:56:292] DebugChannel - Event: Thread stopped, reason: Exception, java obj: 0x116818f30, thread: 0x116817ee0, frames: 9
[2016-02-01 17:11:56:292] SoftDebugger - Reconstructing frames took: 2.4E-5secs
[2016-02-01 17:11:56:292] DebugChannel - Event: Thread resumed, java obj: 0x116818f30, thread: 0x116817ee0
[2016-02-01 17:11:56:301] DebugLaunchPlugin - Waiting for the debugger to settle...
[2016-02-01 17:11:56:302] JdwpDebugServer - Command: aq(1 7) id = 2069 length = 0
[2016-02-01 17:11:56:302] JdwpDebugServer - Command: m(15 1) id = 2070 length = 6
[2016-02-01 17:11:56:302] JdwpDebugServer - Command: m(15 1) id = 2068 length = 6
[2016-02-01 17:11:56:303] JdwpDebugServer - Command: m(15 1) id = 2071 length = 6
[2016-02-01 17:11:56:303] JdwpDebugServer - Command: au(1 1) id = 2072 length = 0
[2016-02-01 17:11:56:303] JdwpDebugServer - Command: ah(1 4) id = 2073 length = 0
[2016-02-01 17:11:56:304] JdwpDebugServer - Command: ad(11 5) id = 2074 length = 8
[2016-02-01 17:11:56:305] JdwpDebugServer - Command: S(12 1) id = 2075 length = 8
[2016-02-01 17:11:56:306] JdwpDebugServer - Command: T(12 2) id = 2076 length = 8
[2016-02-01 17:11:56:306] JdwpDebugServer - Command: y(9 1) id = 2077 length = 8
[2016-02-01 17:11:56:306] JdwpDebugServer - Command: D(2 14) id = 2078 length = 8
[2016-02-01 17:11:56:307] JdwpDebugServer - Command: F(2 10) id = 2079 length = 8
[2016-02-01 17:11:56:307] JdwpDebugServer - Command: D(2 14) id = 2080 length = 8
[2016-02-01 17:11:56:307] JdwpDebugServer - Command: F(2 10) id = 2081 length = 8
[2016-02-01 17:11:56:307] JdwpDebugServer - Command: j(3 1) id = 2082 length = 8
[2016-02-01 17:11:56:307] JdwpDebugServer - Command: D(2 14) id = 2083 length = 8
[2016-02-01 17:11:56:307] JdwpDebugServer - Command: F(2 10) id = 2084 length = 8
[2016-02-01 17:11:56:308] JdwpDebugServer - Command: j(3 1) id = 2085 length = 8
[2016-02-01 17:11:56:308] JdwpDebugServer - Command: u(9 2) id = 2086 length = 20
[2016-02-01 17:11:56:308] JdwpDebugServer - Command: aa(11 4) id = 2087 length = 8
[2016-02-01 17:11:56:308] JdwpDebugServer - Command: aa(11 4) id = 2088 length = 8
[2016-02-01 17:11:56:309] JdwpDebugServer - Command: ad(11 5) id = 2089 length = 8
[2016-02-01 17:11:56:309] JdwpDebugServer - Command: y(9 1) id = 2090 length = 8
[2016-02-01 17:11:56:309] JdwpDebugServer - Command: u(9 2) id = 2091 length = 20
[2016-02-01 17:11:56:310] JdwpDebugServer - Command: aa(11 4) id = 2092 length = 8
[2016-02-01 17:11:56:310] JdwpDebugServer - Command: aa(11 4) id = 2093 length = 8
[2016-02-01 17:11:56:310] JdwpDebugServer - Command: ad(11 5) id = 2094 length = 8
[2016-02-01 17:11:56:311] JdwpDebugServer - Command: y(9 1) id = 2095 length = 8
[2016-02-01 17:11:56:311] JdwpDebugServer - Command: u(9 2) id = 2096 length = 20
[2016-02-01 17:11:56:311] JdwpDebugServer - Command: aa(11 4) id = 2097 length = 8
[2016-02-01 17:11:56:311] DebugLaunchPlugin - Waiting for the debugger to settle...
[2016-02-01 17:11:56:311] JdwpDebugServer - Command: aa(11 4) id = 2098 length = 8
[2016-02-01 17:11:56:312] JdwpDebugServer - Command: ad(11 5) id = 2099 length = 8
[2016-02-01 17:11:56:312] JdwpDebugServer - Command: y(9 1) id = 2100 length = 8
[2016-02-01 17:11:56:312] JdwpDebugServer - Command: u(9 2) id = 2101 length = 20
[2016-02-01 17:11:56:313] JdwpDebugServer - Command: aa(11 4) id = 2102 length = 8
[2016-02-01 17:11:56:313] JdwpDebugServer - Command: aa(11 4) id = 2103 length = 8
[2016-02-01 17:11:56:313] JdwpDebugServer - Command: m(15 1) id = 2104 length = 39
[2016-02-01 17:11:56:313] SoftJdwpEventProcessor - Set up class load event with filter: mob.sharesdk.MobShareSDKDemo
[2016-02-01 17:11:56:313] ClassInfos - Couldn't find class info for mob/sharesdk/MobShareSDKDemo
[2016-02-01 17:11:56:313] ClassInfos - com.robovm.debug.server.DebuggerException: Unknown primitive type: mob/sharesdk/MobShareSDKDemo
	at com.robovm.debug.server.a.c.a(Unknown.java:3147)
	at com.robovm.debug.server.a.c.a(Unknown.java:57)
	at com.robovm.debug.server.d.y.a(Unknown.java:626)
	at com.robovm.debug.server.d.y.a(Unknown.java:597)
	at com.robovm.debug.server.b.c.a.a(Unknown.java:4118)
	at com.robovm.debug.server.b.c.b.a(Unknown.java:1693)
	at com.robovm.debug.server.b.a.m.a(Unknown.java:106)
	at com.robovm.debug.server.b.a.ae.b(Unknown.java:26)
	at com.robovm.debug.server.b.p.a(Unknown.java:7320)
	at com.robovm.debug.server.b.q.run(Unknown.java:207)
[2016-02-01 17:11:56:313] JdwpDebugServer - Command: m(15 1) id = 2105 length = 41
[2016-02-01 17:11:56:313] SoftJdwpEventProcessor - Set up class load event with filter: mob.sharesdk.MobShareSDKDemo$*
[2016-02-01 17:11:56:314] JdwpDebugServer - Command: al(1 2) id = 2106 length = 34
[2016-02-01 17:11:56:314] ClassInfos - Couldn't find class info for mob/sharesdk/MobShareSDKDemo
[2016-02-01 17:11:56:314] ClassInfos - com.robovm.debug.server.DebuggerException: Unknown primitive type: mob/sharesdk/MobShareSDKDemo
	at com.robovm.debug.server.a.c.a(Unknown.java:3147)
	at com.robovm.debug.server.a.c.a(Unknown.java:57)
	at com.robovm.debug.server.b.c.b.a(Unknown.java:281)
	at com.robovm.debug.server.b.a.al.a(Unknown.java:22)
	at com.robovm.debug.server.b.a.ae.b(Unknown.java:26)
	at com.robovm.debug.server.b.p.a(Unknown.java:7320)
	at com.robovm.debug.server.b.q.run(Unknown.java:207)
[2016-02-01 17:11:56:314] JdwpDebugServer - Command: m(15 1) id = 2107 length = 40
[2016-02-01 17:11:56:314] SoftJdwpEventProcessor - Set up class load event with filter: com.mob.demo.MyViewController
[2016-02-01 17:11:56:315] JdwpDebugServer - Command: m(15 1) id = 2108 length = 42
[2016-02-01 17:11:56:315] SoftJdwpEventProcessor - Set up class load event with filter: com.mob.demo.MyViewController$*
[2016-02-01 17:11:56:316] JdwpDebugServer - Command: al(1 2) id = 2109 length = 35
[2016-02-01 17:11:56:316] JdwpDebugServer - Command: aj(1 17) id = 2110 length = 0
[2016-02-01 17:11:56:317] JdwpDebugServer - Command: m(15 1) id = 2111 length = 26
[2016-02-01 17:11:56:317] SoftJdwpEventProcessor - Set up class load event with filter: java.lang.Error
[2016-02-01 17:11:56:318] JdwpDebugServer - Command: m(15 1) id = 2112 length = 28
[2016-02-01 17:11:56:318] SoftJdwpEventProcessor - Set up class load event with filter: java.lang.Error$*
[2016-02-01 17:11:56:319] JdwpDebugServer - Command: al(1 2) id = 2113 length = 21
[2016-02-01 17:11:56:319] JdwpDebugServer - Command: m(15 1) id = 2114 length = 17
[2016-02-01 17:11:56:319] JdwpDebugServer - Command: J(2 1) id = 2115 length = 8
[2016-02-01 17:11:56:320] JdwpDebugServer - Command: m(15 1) id = 2116 length = 30
[2016-02-01 17:11:56:320] SoftJdwpEventProcessor - Set up class load event with filter: java.lang.Throwable
[2016-02-01 17:11:56:321] JdwpDebugServer - Command: m(15 1) id = 2117 length = 32
[2016-02-01 17:11:56:321] SoftJdwpEventProcessor - Set up class load event with filter: java.lang.Throwable$*
[2016-02-01 17:11:56:321] DebugLaunchPlugin - Waiting for the debugger to settle...
[2016-02-01 17:11:56:322] JdwpDebugServer - Command: al(1 2) id = 2118 length = 25
[2016-02-01 17:11:56:322] JdwpDebugServer - Command: m(15 1) id = 2119 length = 17
[2016-02-01 17:11:56:322] JdwpDebugServer - Command: J(2 1) id = 2120 length = 8
[2016-02-01 17:11:56:332] DebugLaunchPlugin - Waiting for the debugger to settle...
[2016-02-01 17:11:56:342] DebugLaunchPlugin - Waiting for the debugger to settle...
[2016-02-01 17:11:56:353] DebugLaunchPlugin - Waiting for the debugger to settle...
[2016-02-01 17:11:56:358] DebugChannel - Event: Thread stopped, reason: Exception, java obj: 0x116818f30, thread: 0x116817ee0, frames: 9
[2016-02-01 17:11:56:358] SoftDebugger - Reconstructing frames took: 4.0E-5secs
[2016-02-01 17:11:56:359] DebugChannel - Event: Thread resumed, java obj: 0x116818f30, thread: 0x116817ee0
[2016-02-01 17:11:56:363] DebugLaunchPlugin - Waiting for the debugger to settle...
[2016-02-01 17:11:56:374] DebugLaunchPlugin - Waiting for the debugger to settle...
[2016-02-01 17:11:56:385] DebugLaunchPlugin - Waiting for the debugger to settle...
[2016-02-01 17:11:56:395] DebugLaunchPlugin - Waiting for the debugger to settle...
[2016-02-01 17:11:56:395] SoftJdwpEventProcessor - Reporting class prepare event EventRequest [id=5, eventKind=CLASS_PREPARE, suspendPolicy=EVENT_THREAD, constraints=[ClassMatchConstraint [classPattern=com.mob.demo.MyViewController]]] to JDWP client for class com/mob/demo/MyViewController
[2016-02-01 17:11:56:397] JdwpDebugServer - Command: H(2 15) id = 2121 length = 8
[2016-02-01 17:11:56:397] SoftVmInterface - Reporting method: com/mob/demo/MyViewController.<init>
[2016-02-01 17:11:56:397] SoftVmInterface - Reporting method: com/mob/demo/MyViewController.excute
[2016-02-01 17:11:56:397] SoftVmInterface - Reporting method: com/mob/demo/MyViewController.initUI
[2016-02-01 17:11:56:397] SoftVmInterface - Reporting method: com/mob/demo/MyViewController.$cb$init
[2016-02-01 17:11:56:397] SoftVmInterface - Reporting method: com/mob/demo/MyViewController.$setHandle
[2016-02-01 17:11:56:397] SoftVmInterface - Reporting method: com/mob/demo/MyViewController.$cb$initWithNibName$bundle$
[2016-02-01 17:11:56:397] SoftVmInterface - Reporting method: com/mob/demo/MyViewController.$m$super$initWithNibName$bundle$
[2016-02-01 17:11:56:397] SoftVmInterface - Reporting method: com/mob/demo/MyViewController.$getSuper
[2016-02-01 17:11:56:398] SoftVmInterface - Reporting method: com/mob/demo/MyViewController.$initObject
[2016-02-01 17:11:56:398] SoftVmInterface - Reporting method: com/mob/demo/MyViewController.$cb$initWithCoder$
[2016-02-01 17:11:56:398] SoftVmInterface - Reporting method: com/mob/demo/MyViewController.$m$super$initWithCoder$
[2016-02-01 17:11:56:398] SoftVmInterface - Reporting method: com/mob/demo/MyViewController.<clinit>
[2016-02-01 17:11:56:398] JdwpDebugServer - Command: o(6 1) id = 2122 length = 16
[2016-02-01 17:11:56:399] SoftVmInterface - Reporting line numbers for method com/mob/demo/MyViewController.<init>: [36, 38, 39, 41]
[2016-02-01 17:11:56:399] JdwpDebugServer - Command: o(6 1) id = 2123 length = 16
[2016-02-01 17:11:56:399] SoftVmInterface - Reporting line numbers for method com/mob/demo/MyViewController.excute: [46, 54, 57, 64, 67, 118, 121, 153, 156, 164, 166]
[2016-02-01 17:11:56:400] JdwpDebugServer - Command: o(6 1) id = 2124 length = 16
[2016-02-01 17:11:56:400] SoftVmInterface - Reporting line numbers for method com/mob/demo/MyViewController.initUI: [170, 171, 173, 174, 175, 176, 178, 179, 180, 181, 183, 184, 185, 186, 188, 189, 190, 191, 193, 194, 195, 196, 198]
[2016-02-01 17:11:56:400] JdwpDebugServer - Command: o(6 1) id = 2125 length = 16
[2016-02-01 17:11:56:400] SoftVmInterface - Reporting line numbers for method com/mob/demo/MyViewController.$cb$init: [1048579]
[2016-02-01 17:11:56:400] JdwpDebugServer - Command: o(6 1) id = 2126 length = 16
[2016-02-01 17:11:56:400] SoftVmInterface - Reporting line numbers for method com/mob/demo/MyViewController.$setHandle: [1048580]
[2016-02-01 17:11:56:401] JdwpDebugServer - Command: o(6 1) id = 2127 length = 16
[2016-02-01 17:11:56:401] SoftVmInterface - Reporting line numbers for method com/mob/demo/MyViewController.$cb$initWithNibName$bundle$: [1048581]
[2016-02-01 17:11:56:401] JdwpDebugServer - Command: o(6 1) id = 2128 length = 16
[2016-02-01 17:11:56:401] SoftVmInterface - Reporting line numbers for method com/mob/demo/MyViewController.$getSuper: [1048583]
[2016-02-01 17:11:56:401] JdwpDebugServer - Command: o(6 1) id = 2129 length = 16
[2016-02-01 17:11:56:401] SoftVmInterface - Reporting line numbers for method com/mob/demo/MyViewController.$initObject: [1048584]
[2016-02-01 17:11:56:402] JdwpDebugServer - Command: o(6 1) id = 2130 length = 16
[2016-02-01 17:11:56:402] SoftVmInterface - Reporting line numbers for method com/mob/demo/MyViewController.$cb$initWithCoder$: [1048585]
[2016-02-01 17:11:56:402] JdwpDebugServer - Command: o(6 1) id = 2131 length = 16
[2016-02-01 17:11:56:402] SoftVmInterface - Reporting line numbers for method com/mob/demo/MyViewController.<clinit>: [1048587]
[2016-02-01 17:11:56:403] JdwpDebugServer - Command: Z(11 3) id = 2132 length = 8
[2016-02-01 17:11:56:403] DebugChannel - Event: Thread resumed, java obj: 0x116818f30, thread: 0x116817ee0
[2016-02-01 17:11:56:406] DebugLaunchPlugin - Waiting for the debugger to settle...
[2016-02-01 17:11:56:417] DebugLaunchPlugin - Waiting for the debugger to settle...
[2016-02-01 17:11:56:428] DebugLaunchPlugin - Waiting for the debugger to settle...
[2016-02-01 17:11:56:440] DebugLaunchPlugin - Waiting for the debugger to settle...
[2016-02-01 17:11:56:451] DebugLaunchPlugin - Waiting for the debugger to settle...
[2016-02-01 17:11:56:463] DebugLaunchPlugin - Waiting for the debugger to settle...
[2016-02-01 17:11:56:473] DebugLaunchPlugin - Waiting for the debugger to settle...
[2016-02-01 17:11:56:483] DebugLaunchPlugin - Waiting for the debugger to settle...
[2016-02-01 17:11:56:495] DebugLaunchPlugin - Waiting for the debugger to settle...
[2016-02-01 17:11:56:507] DebugLaunchPlugin - Waiting for the debugger to settle...
[2016-02-01 17:11:56:520] DebugLaunchPlugin - Waiting for the debugger to settle...
[2016-02-01 17:11:56:531] DebugLaunchPlugin - Waiting for the debugger to settle...
[2016-02-01 17:11:56:544] DebugLaunchPlugin - Waiting for the debugger to settle...
[2016-02-01 17:11:56:557] DebugLaunchPlugin - Waiting for the debugger to settle...
[2016-02-01 17:11:56:568] DebugLaunchPlugin - Waiting for the debugger to settle...
[2016-02-01 17:11:56:578] DebugLaunchPlugin - Waiting for the debugger to settle...
[2016-02-01 17:11:56:590] DebugLaunchPlugin - Waiting for the debugger to settle...
[2016-02-01 17:11:56:601] DebugLaunchPlugin - Waiting for the debugger to settle...
[2016-02-01 17:11:56:608] DebugChannel - Event: Thread stopped, reason: Exception, java obj: 0x116818f30, thread: 0x116817ee0, frames: 15
[2016-02-01 17:11:56:611] SoftDebugger - Reconstructing frames took: 0.002762secs
[2016-02-01 17:11:56:611] DebugLaunchPlugin - Waiting for the debugger to settle...
[2016-02-01 17:11:56:611] DebugChannel - Event: Thread resumed, java obj: 0x116818f30, thread: 0x116817ee0
[2016-02-01 17:11:56:614] DebugChannel - Event: Thread stopped, reason: Exception, java obj: 0x116818f30, thread: 0x116817ee0, frames: 10
[2016-02-01 17:11:56:614] SoftDebugger - Reconstructing frames took: 3.9E-5secs
[2016-02-01 17:11:56:615] DebugChannel - Event: Thread resumed, java obj: 0x116818f30, thread: 0x116817ee0
[2016-02-01 17:11:56:622] DebugLaunchPlugin - Waiting for the debugger to settle...
[2016-02-01 17:11:56:635] DebugLaunchPlugin - Waiting for the debugger to settle...
[2016-02-01 17:11:56:648] DebugLaunchPlugin - Waiting for the debugger to settle...
[2016-02-01 17:11:56:660] DebugLaunchPlugin - Waiting for the debugger to settle...
[2016-02-01 17:11:56:671] DebugLaunchPlugin - Waiting for the debugger to settle...
[2016-02-01 17:11:56:681] DebugLaunchPlugin - Waiting for the debugger to settle...
[2016-02-01 17:11:56:694] DebugLaunchPlugin - Waiting for the debugger to settle...
[2016-02-01 17:11:56:707] DebugLaunchPlugin - Waiting for the debugger to settle...
[2016-02-01 17:11:56:719] DebugLaunchPlugin - Waiting for the debugger to settle...
[2016-02-01 17:11:56:729] DebugLaunchPlugin - Waiting for the debugger to settle...
[2016-02-01 17:11:56:740] DebugLaunchPlugin - Waiting for the debugger to settle...
[2016-02-01 17:11:56:751] DebugLaunchPlugin - Waiting for the debugger to settle...
[2016-02-01 17:11:56:761] DebugLaunchPlugin - Waiting for the debugger to settle...
[2016-02-01 17:11:56:772] DebugLaunchPlugin - Waiting for the debugger to settle...
[2016-02-01 17:11:56:783] DebugLaunchPlugin - Waiting for the debugger to settle...
[2016-02-01 17:11:56:793] DebugLaunchPlugin - Waiting for the debugger to settle...
[2016-02-01 17:11:56:804] DebugLaunchPlugin - Waiting for the debugger to settle...
[2016-02-01 17:11:56:817] DebugLaunchPlugin - Waiting for the debugger to settle...
[2016-02-01 17:11:56:828] DebugLaunchPlugin - Waiting for the debugger to settle...
[2016-02-01 17:11:56:839] DebugLaunchPlugin - Waiting for the debugger to settle...
[2016-02-01 17:11:56:849] DebugLaunchPlugin - Waiting for the debugger to settle...
[2016-02-01 17:11:56:860] DebugLaunchPlugin - Waiting for the debugger to settle...
[2016-02-01 17:11:56:870] DebugLaunchPlugin - Waiting for the debugger to settle...
[2016-02-01 17:11:56:881] DebugLaunchPlugin - Waiting for the debugger to settle...
[2016-02-01 17:11:56:894] DebugLaunchPlugin - Waiting for the debugger to settle...
[2016-02-01 17:11:56:904] DebugLaunchPlugin - Waiting for the debugger to settle...
[2016-02-01 17:11:56:917] DebugLaunchPlugin - Waiting for the debugger to settle...
[2016-02-01 17:11:56:927] DebugLaunchPlugin - Waiting for the debugger to settle...
[2016-02-01 17:11:56:938] DebugLaunchPlugin - Waiting for the debugger to settle...
[2016-02-01 17:11:56:950] DebugLaunchPlugin - Waiting for the debugger to settle...
[2016-02-01 17:11:56:960] DebugLaunchPlugin - Waiting for the debugger to settle...
[2016-02-01 17:11:56:964] SoftJdwpEventProcessor - Reporting class prepare event EventRequest [id=6, eventKind=CLASS_PREPARE, suspendPolicy=EVENT_THREAD, constraints=[ClassMatchConstraint [classPattern=com.mob.demo.MyViewController$*]]] to JDWP client for class com/mob/demo/MyViewController$1
[2016-02-01 17:11:56:965] JdwpDebugServer - Command: H(2 15) id = 2133 length = 8
[2016-02-01 17:11:56:965] SoftVmInterface - Reporting method: com/mob/demo/MyViewController$1.<init>
[2016-02-01 17:11:56:965] SoftVmInterface - Reporting method: com/mob/demo/MyViewController$1.onTouchUpInside
[2016-02-01 17:11:56:966] JdwpDebugServer - Command: o(6 1) id = 2134 length = 16
[2016-02-01 17:11:56:966] SoftVmInterface - Reporting line numbers for method com/mob/demo/MyViewController$1.<init>: [1, 46]
[2016-02-01 17:11:56:967] JdwpDebugServer - Command: o(6 1) id = 2135 length = 16
[2016-02-01 17:11:56:967] SoftVmInterface - Reporting line numbers for method com/mob/demo/MyViewController$1.onTouchUpInside: [52]
[2016-02-01 17:11:56:967] JdwpDebugServer - Command: Z(11 3) id = 2136 length = 8
[2016-02-01 17:11:56:967] DebugChannel - Event: Thread resumed, java obj: 0x116818f30, thread: 0x116817ee0
[2016-02-01 17:11:56:970] SoftJdwpEventProcessor - Reporting class prepare event EventRequest [id=6, eventKind=CLASS_PREPARE, suspendPolicy=EVENT_THREAD, constraints=[ClassMatchConstraint [classPattern=com.mob.demo.MyViewController$*]]] to JDWP client for class com/mob/demo/MyViewController$2
[2016-02-01 17:11:56:972] DebugLaunchPlugin - Waiting for the debugger to settle...
[2016-02-01 17:11:56:972] JdwpDebugServer - Command: H(2 15) id = 2137 length = 8
[2016-02-01 17:11:56:972] SoftVmInterface - Reporting method: com/mob/demo/MyViewController$2.<init>
[2016-02-01 17:11:56:972] SoftVmInterface - Reporting method: com/mob/demo/MyViewController$2.onTouchUpInside
[2016-02-01 17:11:56:973] JdwpDebugServer - Command: o(6 1) id = 2138 length = 16
[2016-02-01 17:11:56:973] SoftVmInterface - Reporting line numbers for method com/mob/demo/MyViewController$2.<init>: [1, 57]
[2016-02-01 17:11:56:973] JdwpDebugServer - Command: o(6 1) id = 2139 length = 16
[2016-02-01 17:11:56:974] SoftVmInterface - Reporting line numbers for method com/mob/demo/MyViewController$2.onTouchUpInside: [62]
[2016-02-01 17:11:56:974] JdwpDebugServer - Command: Z(11 3) id = 2140 length = 8
[2016-02-01 17:11:56:974] DebugChannel - Event: Thread resumed, java obj: 0x116818f30, thread: 0x116817ee0
[2016-02-01 17:11:56:975] SoftJdwpEventProcessor - Reporting class prepare event EventRequest [id=6, eventKind=CLASS_PREPARE, suspendPolicy=EVENT_THREAD, constraints=[ClassMatchConstraint [classPattern=com.mob.demo.MyViewController$*]]] to JDWP client for class com/mob/demo/MyViewController$3
[2016-02-01 17:11:56:978] JdwpDebugServer - Command: H(2 15) id = 2141 length = 8
[2016-02-01 17:11:56:978] SoftVmInterface - Reporting method: com/mob/demo/MyViewController$3.<init>
[2016-02-01 17:11:56:978] SoftVmInterface - Reporting method: com/mob/demo/MyViewController$3.onTouchUpInside
[2016-02-01 17:11:56:979] JdwpDebugServer - Command: o(6 1) id = 2142 length = 16
[2016-02-01 17:11:56:979] SoftVmInterface - Reporting line numbers for method com/mob/demo/MyViewController$3.<init>: [1, 67]
[2016-02-01 17:11:56:980] JdwpDebugServer - Command: o(6 1) id = 2143 length = 16
[2016-02-01 17:11:56:980] SoftVmInterface - Reporting line numbers for method com/mob/demo/MyViewController$3.onTouchUpInside: [71, 72, 74, 76, 78, 80, 81, 82, 84, 116]
[2016-02-01 17:11:56:980] JdwpDebugServer - Command: Z(11 3) id = 2144 length = 8
[2016-02-01 17:11:56:980] DebugChannel - Event: Thread resumed, java obj: 0x116818f30, thread: 0x116817ee0
[2016-02-01 17:11:56:981] SoftJdwpEventProcessor - Reporting class prepare event EventRequest [id=6, eventKind=CLASS_PREPARE, suspendPolicy=EVENT_THREAD, constraints=[ClassMatchConstraint [classPattern=com.mob.demo.MyViewController$*]]] to JDWP client for class com/mob/demo/MyViewController$4
[2016-02-01 17:11:56:984] DebugLaunchPlugin - Waiting for the debugger to settle...
[2016-02-01 17:11:56:985] JdwpDebugServer - Command: H(2 15) id = 2145 length = 8
[2016-02-01 17:11:56:987] SoftVmInterface - Reporting method: com/mob/demo/MyViewController$4.<init>
[2016-02-01 17:11:56:987] SoftVmInterface - Reporting method: com/mob/demo/MyViewController$4.onTouchUpInside
[2016-02-01 17:11:56:988] JdwpDebugServer - Command: o(6 1) id = 2146 length = 16
[2016-02-01 17:11:56:989] SoftVmInterface - Reporting line numbers for method com/mob/demo/MyViewController$4.<init>: [1, 121]
[2016-02-01 17:11:56:989] JdwpDebugServer - Command: o(6 1) id = 2147 length = 16
[2016-02-01 17:11:56:989] SoftVmInterface - Reporting line numbers for method com/mob/demo/MyViewController$4.onTouchUpInside: [125, 126, 128, 130, 132, 134, 135, 136, 138, 151]
[2016-02-01 17:11:56:990] JdwpDebugServer - Command: Z(11 3) id = 2148 length = 8
[2016-02-01 17:11:56:990] DebugChannel - Event: Thread resumed, java obj: 0x116818f30, thread: 0x116817ee0
[2016-02-01 17:11:56:991] SoftJdwpEventProcessor - Reporting class prepare event EventRequest [id=6, eventKind=CLASS_PREPARE, suspendPolicy=EVENT_THREAD, constraints=[ClassMatchConstraint [classPattern=com.mob.demo.MyViewController$*]]] to JDWP client for class com/mob/demo/MyViewController$5
[2016-02-01 17:11:56:995] DebugLaunchPlugin - Waiting for the debugger to settle...
[2016-02-01 17:11:56:997] JdwpDebugServer - Command: H(2 15) id = 2149 length = 8
[2016-02-01 17:11:56:997] SoftVmInterface - Reporting method: com/mob/demo/MyViewController$5.<init>
[2016-02-01 17:11:56:997] SoftVmInterface - Reporting method: com/mob/demo/MyViewController$5.onTouchUpInside
[2016-02-01 17:11:56:998] JdwpDebugServer - Command: o(6 1) id = 2150 length = 16
[2016-02-01 17:11:56:998] SoftVmInterface - Reporting line numbers for method com/mob/demo/MyViewController$5.<init>: [1, 156]
[2016-02-01 17:11:56:999] JdwpDebugServer - Command: o(6 1) id = 2151 length = 16
[2016-02-01 17:11:56:999] SoftVmInterface - Reporting line numbers for method com/mob/demo/MyViewController$5.onTouchUpInside: [162]
[2016-02-01 17:11:57:000] JdwpDebugServer - Command: Z(11 3) id = 2152 length = 8
[2016-02-01 17:11:57:001] DebugChannel - Event: Thread resumed, java obj: 0x116818f30, thread: 0x116817ee0
[2016-02-01 17:11:57:007] DebugLaunchPlugin - Waiting for the debugger to settle...
[2016-02-01 17:11:57:018] DebugLaunchPlugin - Waiting for the debugger to settle...
[2016-02-01 17:11:57:030] DebugLaunchPlugin - Waiting for the debugger to settle...
[2016-02-01 17:11:57:042] DebugLaunchPlugin - Waiting for the debugger to settle...
[2016-02-01 17:11:57:052] DebugLaunchPlugin - Waiting for the debugger to settle...
[2016-02-01 17:11:57:063] DebugLaunchPlugin - Waiting for the debugger to settle...
[2016-02-01 17:11:57:073] DebugLaunchPlugin - Waiting for the debugger to settle...
[2016-02-01 17:11:57:083] DebugLaunchPlugin - Waiting for the debugger to settle...
[2016-02-01 17:11:57:094] DebugLaunchPlugin - Waiting for the debugger to settle...
[2016-02-01 17:11:57:104] DebugLaunchPlugin - Waiting for the debugger to settle...
[2016-02-01 17:11:57:115] DebugLaunchPlugin - Waiting for the debugger to settle...
[2016-02-01 17:11:57:127] DebugLaunchPlugin - Waiting for the debugger to settle...
[2016-02-01 17:11:57:137] DebugLaunchPlugin - Waiting for the debugger to settle...
[2016-02-01 17:11:57:148] DebugLaunchPlugin - Waiting for the debugger to settle...
[2016-02-01 17:11:57:158] DebugLaunchPlugin - Waiting for the debugger to settle...
[2016-02-01 17:11:57:169] DebugLaunchPlugin - Waiting for the debugger to settle...
[2016-02-01 17:11:57:180] DebugLaunchPlugin - Waiting for the debugger to settle...
[2016-02-01 17:11:57:192] DebugLaunchPlugin - Waiting for the debugger to settle...
[2016-02-01 17:11:57:202] DebugLaunchPlugin - Waiting for the debugger to settle...
[2016-02-01 17:11:57:214] DebugLaunchPlugin - Waiting for the debugger to settle...
[2016-02-01 17:11:57:224] DebugLaunchPlugin - Waiting for the debugger to settle...
[2016-02-01 17:11:57:235] DebugLaunchPlugin - Waiting for the debugger to settle...
[2016-02-01 17:11:57:248] DebugLaunchPlugin - Waiting for the debugger to settle...
[2016-02-01 17:11:57:259] DebugLaunchPlugin - Waiting for the debugger to settle...
[2016-02-01 17:11:57:269] DebugLaunchPlugin - Waiting for the debugger to settle...
[2016-02-01 17:11:57:282] DebugLaunchPlugin - Waiting for the debugger to settle...
[2016-02-01 17:11:57:292] DebugLaunchPlugin - Waiting for the debugger to settle...
[2016-02-01 17:11:57:303] DebugLaunchPlugin - Waiting for the debugger to settle...
[2016-02-01 17:11:57:314] DebugLaunchPlugin - Waiting for the debugger to settle...
[2016-02-01 17:11:57:327] DebugLaunchPlugin - Waiting for the debugger to settle...
[2016-02-01 17:11:57:339] DebugLaunchPlugin - Waiting for the debugger to settle...
[2016-02-01 17:11:57:351] DebugLaunchPlugin - Waiting for the debugger to settle...
[2016-02-01 17:11:57:362] DebugLaunchPlugin - Waiting for the debugger to settle...
[2016-02-01 17:11:57:373] DebugLaunchPlugin - Waiting for the debugger to settle...
[2016-02-01 17:11:57:384] DebugLaunchPlugin - Waiting for the debugger to settle...
[2016-02-01 17:11:57:395] DebugLaunchPlugin - Waiting for the debugger to settle...
[2016-02-01 17:11:57:406] DebugLaunchPlugin - Waiting for the debugger to settle...
[2016-02-01 17:11:57:417] DebugLaunchPlugin - Waiting for the debugger to settle...
[2016-02-01 17:11:57:428] DebugLaunchPlugin - Waiting for the debugger to settle...
[2016-02-01 17:11:57:439] DebugLaunchPlugin - Waiting for the debugger to settle...
[2016-02-01 17:11:57:451] DebugLaunchPlugin - Waiting for the debugger to settle...
[2016-02-01 17:11:57:464] DebugLaunchPlugin - Waiting for the debugger to settle...
[2016-02-01 17:11:57:476] DebugLaunchPlugin - Waiting for the debugger to settle...
[2016-02-01 17:11:57:487] DebugLaunchPlugin - Waiting for the debugger to settle...
[2016-02-01 17:11:57:500] DebugLaunchPlugin - Waiting for the debugger to settle...
[2016-02-01 17:11:57:513] DebugLaunchPlugin - Waiting for the debugger to settle...
[2016-02-01 17:11:57:524] DebugLaunchPlugin - Waiting for the debugger to settle...
[2016-02-01 17:11:57:534] DebugLaunchPlugin - Waiting for the debugger to settle...
[2016-02-01 17:11:57:544] DebugLaunchPlugin - Waiting for the debugger to settle...
[2016-02-01 17:11:57:555] DebugLaunchPlugin - Waiting for the debugger to settle...
[2016-02-01 17:11:57:568] DebugLaunchPlugin - Waiting for the debugger to settle...
[2016-02-01 17:11:57:578] DebugLaunchPlugin - Waiting for the debugger to settle...
[2016-02-01 17:11:57:589] DebugLaunchPlugin - Waiting for the debugger to settle...
[2016-02-01 17:11:57:602] DebugLaunchPlugin - Waiting for the debugger to settle...
[2016-02-01 17:11:57:615] DebugLaunchPlugin - Waiting for the debugger to settle...
[2016-02-01 17:11:57:627] DebugLaunchPlugin - Waiting for the debugger to settle...
[2016-02-01 17:11:57:637] DebugLaunchPlugin - Waiting for the debugger to settle...
[2016-02-01 17:11:57:650] DebugLaunchPlugin - Waiting for the debugger to settle...
[2016-02-01 17:11:57:661] DebugLaunchPlugin - Waiting for the debugger to settle...
[2016-02-01 17:11:57:672] DebugLaunchPlugin - Waiting for the debugger to settle...
[2016-02-01 17:11:57:684] DebugLaunchPlugin - Waiting for the debugger to settle...
[2016-02-01 17:11:57:697] DebugLaunchPlugin - Waiting for the debugger to settle...
[2016-02-01 17:11:57:709] DebugLaunchPlugin - Waiting for the debugger to settle...
[2016-02-01 17:11:57:722] DebugLaunchPlugin - Waiting for the debugger to settle...
[2016-02-01 17:11:57:732] DebugLaunchPlugin - Waiting for the debugger to settle...
[2016-02-01 17:11:57:745] DebugLaunchPlugin - Waiting for the debugger to settle...
[2016-02-01 17:11:57:756] DebugLaunchPlugin - Waiting for the debugger to settle...
[2016-02-01 17:11:57:767] DebugLaunchPlugin - Waiting for the debugger to settle...
[2016-02-01 17:11:57:779] DebugLaunchPlugin - Waiting for the debugger to settle...
[2016-02-01 17:11:57:792] DebugLaunchPlugin - Waiting for the debugger to settle...
[2016-02-01 17:11:57:804] DebugLaunchPlugin - Waiting for the debugger to settle...
[2016-02-01 17:11:57:817] DebugLaunchPlugin - Waiting for the debugger to settle...
[2016-02-01 17:11:57:829] DebugLaunchPlugin - Waiting for the debugger to settle...
[2016-02-01 17:11:57:842] DebugLaunchPlugin - Waiting for the debugger to settle...
[2016-02-01 17:11:57:854] DebugLaunchPlugin - Waiting for the debugger to settle...
[2016-02-01 17:11:57:867] DebugLaunchPlugin - Waiting for the debugger to settle...
[2016-02-01 17:11:57:879] DebugLaunchPlugin - Waiting for the debugger to settle...
[2016-02-01 17:11:57:890] DebugLaunchPlugin - Waiting for the debugger to settle...
[2016-02-01 17:11:57:903] DebugLaunchPlugin - Waiting for the debugger to settle...
[2016-02-01 17:11:57:915] DebugLaunchPlugin - Waiting for the debugger to settle...
[2016-02-01 17:11:57:928] DebugLaunchPlugin - Waiting for the debugger to settle...
[2016-02-01 17:11:57:938] DebugLaunchPlugin - Waiting for the debugger to settle...
[2016-02-01 17:11:57:951] DebugLaunchPlugin - Waiting for the debugger to settle...
[2016-02-01 17:11:57:964] DebugLaunchPlugin - Waiting for the debugger to settle...
[2016-02-01 17:11:57:974] DebugLaunchPlugin - Waiting for the debugger to settle...
[2016-02-01 17:11:57:987] DebugLaunchPlugin - Waiting for the debugger to settle...
[2016-02-01 17:11:58:000] DebugLaunchPlugin - Waiting for the debugger to settle...
[2016-02-01 17:11:58:012] DebugLaunchPlugin - Waiting for the debugger to settle...
[2016-02-01 17:11:58:025] DebugLaunchPlugin - Debugger has settled. Resuming inferior.
[2016-02-01 17:11:59:462] SoftJdwpEventProcessor - Reporting class prepare event EventRequest [id=6, eventKind=CLASS_PREPARE, suspendPolicy=EVENT_THREAD, constraints=[ClassMatchConstraint [classPattern=com.mob.demo.MyViewController$*]]] to JDWP client for class com/mob/demo/MyViewController$3$1
[2016-02-01 17:11:59:462] JdwpDebugServer - Command: H(2 15) id = 2153 length = 8
[2016-02-01 17:11:59:462] SoftVmInterface - Reporting method: com/mob/demo/MyViewController$3$1.<init>
[2016-02-01 17:11:59:462] SoftVmInterface - Reporting method: com/mob/demo/MyViewController$3$1.invoke
[2016-02-01 17:11:59:462] SoftVmInterface - Reporting method: com/mob/demo/MyViewController$3$1.$SWITCH_TABLE$com$mob$sharesdk$SSDKResponseState
[2016-02-01 17:11:59:463] JdwpDebugServer - Command: o(6 1) id = 2154 length = 16
[2016-02-01 17:11:59:463] SoftVmInterface - Reporting line numbers for method com/mob/demo/MyViewController$3$1.<init>: [1, 84]
[2016-02-01 17:11:59:464] JdwpDebugServer - Command: o(6 1) id = 2155 length = 16
[2016-02-01 17:11:59:464] SoftVmInterface - Reporting line numbers for method com/mob/demo/MyViewController$3$1.invoke: [90, 93, 96, 97, 98, 100, 106, 108]
[2016-02-01 17:11:59:464] JdwpDebugServer - Command: o(6 1) id = 2156 length = 16
[2016-02-01 17:11:59:464] SoftVmInterface - Reporting line numbers for method com/mob/demo/MyViewController$3$1.$SWITCH_TABLE$com$mob$sharesdk$SSDKResponseState: [84]
[2016-02-01 17:11:59:464] JdwpDebugServer - Command: m(15 1) id = 2157 length = 32
[2016-02-01 17:11:59:465] SoftJdwpEventProcessor - Set breakpoint at com/mob/demo/MyViewController$3$1.invoke(Lcom/mob/sharesdk/SSDKResponseState;Lorg/robovm/apple/foundation/NSDictionary;Lcom/mob/sharesdk/SSDKContentEntity;Lorg/robovm/apple/foundation/NSError;)V:90
[2016-02-01 17:11:59:467] JdwpDebugServer - Command: Z(11 3) id = 2158 length = 8
[2016-02-01 17:11:59:468] DebugChannel - Event: Thread resumed, java obj: 0x116818f30, thread: 0x116817ee0
[2016-02-01 17:12:00:405] DebugChannel - Event: Thread stopped, reason: Breakpoint, java obj: 0x116818f30, thread: 0x116817ee0, frames: 5
[2016-02-01 17:12:00:406] SoftDebugger - Reconstructing frames took: 0.001082secs
[2016-02-01 17:12:00:407] SoftJdwpEventProcessor - processing breakpoint event
[2016-02-01 17:12:00:408] JdwpDebugServer - Command: W(11 6) id = 2159 length = 16
[2016-02-01 17:12:00:408] JdwpDebugServer - Command: H(2 15) id = 2160 length = 8
[2016-02-01 17:12:00:408] SoftVmInterface - Reporting method: com/mob/sharesdk/ShareSDK$$BlockMarshaler2.invoke
[2016-02-01 17:12:00:408] SoftVmInterface - Reporting method: com/mob/sharesdk/ShareSDK$$BlockMarshaler2.invoke
[2016-02-01 17:12:00:408] SoftVmInterface - Reporting method: com/mob/sharesdk/ShareSDK$$BlockMarshaler2.invoked
[2016-02-01 17:12:00:409] SoftVmInterface - Reporting method: com/mob/sharesdk/ShareSDK$$BlockMarshaler2.<init>
[2016-02-01 17:12:00:409] SoftVmInterface - Reporting method: com/mob/sharesdk/ShareSDK$$BlockMarshaler2.finalize
[2016-02-01 17:12:00:409] SoftVmInterface - Reporting method: com/mob/sharesdk/ShareSDK$$BlockMarshaler2.toObject
[2016-02-01 17:12:00:409] SoftVmInterface - Reporting method: com/mob/sharesdk/ShareSDK$$BlockMarshaler2.toNative
[2016-02-01 17:12:00:409] SoftVmInterface - Reporting method: com/mob/sharesdk/ShareSDK$$BlockMarshaler2.<clinit>
[2016-02-01 17:12:00:409] JdwpDebugServer - Command: H(2 15) id = 2161 length = 8
[2016-02-01 17:12:00:409] SoftVmInterface - Reporting method: org/robovm/apple/uikit/UIApplication.<init>
[2016-02-01 17:12:00:409] SoftVmInterface - Reporting method: org/robovm/apple/uikit/UIApplication.<init>
[2016-02-01 17:12:00:409] SoftVmInterface - Reporting method: org/robovm/apple/uikit/UIApplication.<init>
[2016-02-01 17:12:00:409] SoftVmInterface - Reporting method: org/robovm/apple/uikit/UIApplication.getDelegate
[2016-02-01 17:12:00:409] SoftVmInterface - Reporting method: org/robovm/apple/uikit/UIApplication.setDelegate
[2016-02-01 17:12:00:409] SoftVmInterface - Reporting method: org/robovm/apple/uikit/UIApplication.isIdleTimerDisabled
[2016-02-01 17:12:00:409] SoftVmInterface - Reporting method: org/robovm/apple/uikit/UIApplication.setIdleTimerDisabled
[2016-02-01 17:12:00:410] SoftVmInterface - Reporting method: org/robovm/apple/uikit/UIApplication.getKeyWindow
[2016-02-01 17:12:00:410] SoftVmInterface - Reporting method: org/robovm/apple/uikit/UIApplication.getWindows
[2016-02-01 17:12:00:410] SoftVmInterface - Reporting method: org/robovm/apple/uikit/UIApplication.isNetworkActivityIndicatorVisible
[2016-02-01 17:12:00:410] SoftVmInterface - Reporting method: org/robovm/apple/uikit/UIApplication.setNetworkActivityIndicatorVisible
[2016-02-01 17:12:00:410] SoftVmInterface - Reporting method: org/robovm/apple/uikit/UIApplication.getStatusBarStyle
[2016-02-01 17:12:00:410] SoftVmInterface - Reporting method: org/robovm/apple/uikit/UIApplication.isStatusBarHidden
[2016-02-01 17:12:00:410] SoftVmInterface - Reporting method: org/robovm/apple/uikit/UIApplication.getStatusBarOrientation
[2016-02-01 17:12:00:410] SoftVmInterface - Reporting method: org/robovm/apple/uikit/UIApplication.getStatusBarOrientationAnimationDuration
[2016-02-01 17:12:00:410] SoftVmInterface - Reporting method: org/robovm/apple/uikit/UIApplication.getStatusBarFrame
[2016-02-01 17:12:00:410] SoftVmInterface - Reporting method: org/robovm/apple/uikit/UIApplication.getApplicationIconBadgeNumber
[2016-02-01 17:12:00:410] SoftVmInterface - Reporting method: org/robovm/apple/uikit/UIApplication.setApplicationIconBadgeNumber
[2016-02-01 17:12:00:410] SoftVmInterface - Reporting method: org/robovm/apple/uikit/UIApplication.supportsShakeToEdit
[2016-02-01 17:12:00:410] SoftVmInterface - Reporting method: org/robovm/apple/uikit/UIApplication.setSupportsShakeToEdit
[2016-02-01 17:12:00:410] SoftVmInterface - Reporting method: org/robovm/apple/uikit/UIApplication.getApplicationState
[2016-02-01 17:12:00:410] SoftVmInterface - Reporting method: org/robovm/apple/uikit/UIApplication.getBackgroundTimeRemaining
[2016-02-01 17:12:00:410] SoftVmInterface - Reporting method: org/robovm/apple/uikit/UIApplication.getBackgroundRefreshStatus
[2016-02-01 17:12:00:410] SoftVmInterface - Reporting method: org/robovm/apple/uikit/UIApplication.isProtectedDataAvailable
[2016-02-01 17:12:00:411] SoftVmInterface - Reporting method: org/robovm/apple/uikit/UIApplication.getUserInterfaceLayoutDirection
[2016-02-01 17:12:00:411] SoftVmInterface - Reporting method: org/robovm/apple/uikit/UIApplication.getPreferredContentSizeCategory
[2016-02-01 17:12:00:411] SoftVmInterface - Reporting method: org/robovm/apple/uikit/UIApplication.getScheduledLocalNotifications
[2016-02-01 17:12:00:411] SoftVmInterface - Reporting method: org/robovm/apple/uikit/UIApplication.setScheduledLocalNotifications
[2016-02-01 17:12:00:411] SoftVmInterface - Reporting method: org/robovm/apple/uikit/UIApplication.getShortcutItems
[2016-02-01 17:12:00:411] SoftVmInterface - Reporting method: org/robovm/apple/uikit/UIApplication.setShortcutItems
[2016-02-01 17:12:00:411] SoftVmInterface - Reporting method: org/robovm/apple/uikit/UIApplication.setStatusBarOrientation
[2016-02-01 17:12:00:411] SoftVmInterface - Reporting method: org/robovm/apple/uikit/UIApplication.setStatusBarStyle
[2016-02-01 17:12:00:411] SoftVmInterface - Reporting method: org/robovm/apple/uikit/UIApplication.setStatusBarHidden
[2016-02-01 17:12:00:411] SoftVmInterface - Reporting method: org/robovm/apple/uikit/UIApplication.main
[2016-02-01 17:12:00:411] SoftVmInterface - Reporting method: org/robovm/apple/uikit/UIApplication.preloadClasses
[2016-02-01 17:12:00:411] SoftVmInterface - Reporting method: org/robovm/apple/uikit/UIApplication.getInvalidBackgroundTask
[2016-02-01 17:12:00:411] SoftVmInterface - Reporting method: org/robovm/apple/uikit/UIApplication.getMinimumKeepAliveTimeout
[2016-02-01 17:12:00:411] SoftVmInterface - Reporting method: org/robovm/apple/uikit/UIApplication.getBackgroundFetchIntervalMinimum
[2016-02-01 17:12:00:411] SoftVmInterface - Reporting method: org/robovm/apple/uikit/UIApplication.getBackgroundFetchIntervalNever
[2016-02-01 17:12:00:411] SoftVmInterface - Reporting method: org/robovm/apple/uikit/UIApplication.DidEnterBackgroundNotification
[2016-02-01 17:12:00:411] SoftVmInterface - Reporting method: org/robovm/apple/uikit/UIApplication.WillEnterForegroundNotification
[2016-02-01 17:12:00:411] SoftVmInterface - Reporting method: org/robovm/apple/uikit/UIApplication.DidFinishLaunchingNotification
[2016-02-01 17:12:00:411] SoftVmInterface - Reporting method: org/robovm/apple/uikit/UIApplication.DidBecomeActiveNotification
[2016-02-01 17:12:00:412] SoftVmInterface - Reporting method: org/robovm/apple/uikit/UIApplication.WillResignActiveNotification
[2016-02-01 17:12:00:412] SoftVmInterface - Reporting method: org/robovm/apple/uikit/UIApplication.DidReceiveMemoryWarningNotification
[2016-02-01 17:12:00:412] SoftVmInterface - Reporting method: org/robovm/apple/uikit/UIApplication.WillTerminateNotification
[2016-02-01 17:12:00:412] SoftVmInterface - Reporting method: org/robovm/apple/uikit/UIApplication.SignificantTimeChangeNotification
[2016-02-01 17:12:00:412] SoftVmInterface - Reporting method: org/robovm/apple/uikit/UIApplication.WillChangeStatusBarOrientationNotification
[2016-02-01 17:12:00:412] SoftVmInterface - Reporting method: org/robovm/apple/uikit/UIApplication.DidChangeStatusBarOrientationNotification
[2016-02-01 17:12:00:412] SoftVmInterface - Reporting method: org/robovm/apple/uikit/UIApplication.StatusBarOrientationUserInfoKey
[2016-02-01 17:12:00:412] SoftVmInterface - Reporting method: org/robovm/apple/uikit/UIApplication.WillChangeStatusBarFrameNotification
[2016-02-01 17:12:00:412] SoftVmInterface - Reporting method: org/robovm/apple/uikit/UIApplication.DidChangeStatusBarFrameNotification
[2016-02-01 17:12:00:412] SoftVmInterface - Reporting method: org/robovm/apple/uikit/UIApplication.StatusBarFrameUserInfoKey
[2016-02-01 17:12:00:412] SoftVmInterface - Reporting method: org/robovm/apple/uikit/UIApplication.BackgroundRefreshStatusDidChangeNotification
[2016-02-01 17:12:00:412] SoftVmInterface - Reporting method: org/robovm/apple/uikit/UIApplication.ProtectedDataWillBecomeUnavailableNotification
[2016-02-01 17:12:00:412] SoftVmInterface - Reporting method: org/robovm/apple/uikit/UIApplication.ProtectedDataDidBecomeAvailableNotification
[2016-02-01 17:12:00:413] SoftVmInterface - Reporting method: org/robovm/apple/uikit/UIApplication.getOpenSettingsURLString
[2016-02-01 17:12:00:413] SoftVmInterface - Reporting method: org/robovm/apple/uikit/UIApplication.ContentSizeCategoryDidChangeNotification
[2016-02-01 17:12:00:413] SoftVmInterface - Reporting method: org/robovm/apple/uikit/UIApplication.ContentSizeCategoryNewValueKey
[2016-02-01 17:12:00:413] SoftVmInterface - Reporting method: org/robovm/apple/uikit/UIApplication.UserDidTakeScreenshotNotification
[2016-02-01 17:12:00:413] SoftVmInterface - Reporting method: org/robovm/apple/uikit/UIApplication.main
[2016-02-01 17:12:00:413] SoftVmInterface - Reporting method: org/robovm/apple/uikit/UIApplication.beginIgnoringInteractionEvents
[2016-02-01 17:12:00:413] SoftVmInterface - Reporting method: org/robovm/apple/uikit/UIApplication.endIgnoringInteractionEvents
[2016-02-01 17:12:00:413] SoftVmInterface - Reporting method: org/robovm/apple/uikit/UIApplication.isIgnoringInteractionEvents
[2016-02-01 17:12:00:413] SoftVmInterface - Reporting method: org/robovm/apple/uikit/UIApplication.openURL
[2016-02-01 17:12:00:413] SoftVmInterface - Reporting method: org/robovm/apple/uikit/UIApplication.canOpenURL
[2016-02-01 17:12:00:413] SoftVmInterface - Reporting method: org/robovm/apple/uikit/UIApplication.sendEvent
[2016-02-01 17:12:00:413] SoftVmInterface - Reporting method: org/robovm/apple/uikit/UIApplication.sendAction
[2016-02-01 17:12:00:413] SoftVmInterface - Reporting method: org/robovm/apple/uikit/UIApplication.getSupportedInterfaceOrientations
[2016-02-01 17:12:00:413] SoftVmInterface - Reporting method: org/robovm/apple/uikit/UIApplication.beginBackgroundTask
[2016-02-01 17:12:00:413] SoftVmInterface - Reporting method: org/robovm/apple/uikit/UIApplication.beginBackgroundTask
[2016-02-01 17:12:00:413] SoftVmInterface - Reporting method: org/robovm/apple/uikit/UIApplication.endBackgroundTask
[2016-02-01 17:12:00:413] SoftVmInterface - Reporting method: org/robovm/apple/uikit/UIApplication.setMinimumBackgroundFetchInterval
[2016-02-01 17:12:00:413] SoftVmInterface - Reporting method: org/robovm/apple/uikit/UIApplication.getSharedApplication
[2016-02-01 17:12:00:414] SoftVmInterface - Reporting method: org/robovm/apple/uikit/UIApplication.registerForRemoteNotifications
[2016-02-01 17:12:00:414] SoftVmInterface - Reporting method: org/robovm/apple/uikit/UIApplication.unregisterForRemoteNotifications
[2016-02-01 17:12:00:414] SoftVmInterface - Reporting method: org/robovm/apple/uikit/UIApplication.isRegisteredForRemoteNotifications
[2016-02-01 17:12:00:414] SoftVmInterface - Reporting method: org/robovm/apple/uikit/UIApplication.registerForRemoteNotificationTypes
[2016-02-01 17:12:00:414] SoftVmInterface - Reporting method: org/robovm/apple/uikit/UIApplication.getEnabledRemoteNotificationTypes
[2016-02-01 17:12:00:414] SoftVmInterface - Reporting method: org/robovm/apple/uikit/UIApplication.presentLocalNotificationNow
[2016-02-01 17:12:00:414] SoftVmInterface - Reporting method: org/robovm/apple/uikit/UIApplication.scheduleLocalNotification
[2016-02-01 17:12:00:414] SoftVmInterface - Reporting method: org/robovm/apple/uikit/UIApplication.cancelLocalNotification
[2016-02-01 17:12:00:414] SoftVmInterface - Reporting method: org/robovm/apple/uikit/UIApplication.cancelAllLocalNotifications
[2016-02-01 17:12:00:414] SoftVmInterface - Reporting method: org/robovm/apple/uikit/UIApplication.registerUserNotificationSettings
[2016-02-01 17:12:00:414] SoftVmInterface - Reporting method: org/robovm/apple/uikit/UIApplication.getCurrentUserNotificationSettings
[2016-02-01 17:12:00:414] SoftVmInterface - Reporting method: org/robovm/apple/uikit/UIApplication.beginReceivingRemoteControlEvents
[2016-02-01 17:12:00:414] SoftVmInterface - Reporting method: org/robovm/apple/uikit/UIApplication.endReceivingRemoteControlEvents
[2016-02-01 17:12:00:414] SoftVmInterface - Reporting method: org/robovm/apple/uikit/UIApplication.setNewsstandIconImage
[2016-02-01 17:12:00:414] SoftVmInterface - Reporting method: org/robovm/apple/uikit/UIApplication.extendStateRestoration
[2016-02-01 17:12:00:414] SoftVmInterface - Reporting method: org/robovm/apple/uikit/UIApplication.completeStateRestoration
[2016-02-01 17:12:00:414] SoftVmInterface - Reporting method: org/robovm/apple/uikit/UIApplication.ignoreSnapshotOnNextApplicationLaunch
[2016-02-01 17:12:00:414] SoftVmInterface - Reporting method: org/robovm/apple/uikit/UIApplication.registerObjectForStateRestoration
[2016-02-01 17:12:00:414] SoftVmInterface - Reporting method: org/robovm/apple/uikit/UIApplication.setStatusBarOrientation
[2016-02-01 17:12:00:414] SoftVmInterface - Reporting method: org/robovm/apple/uikit/UIApplication.setStatusBarStyle
[2016-02-01 17:12:00:415] SoftVmInterface - Reporting method: org/robovm/apple/uikit/UIApplication.setStatusBarHidden
[2016-02-01 17:12:00:415] SoftVmInterface - Reporting method: org/robovm/apple/uikit/UIApplication.setKeepAliveTimeout
[2016-02-01 17:12:00:415] SoftVmInterface - Reporting method: org/robovm/apple/uikit/UIApplication.clearKeepAliveTimeout
[2016-02-01 17:12:00:415] SoftVmInterface - Reporting method: org/robovm/apple/uikit/UIApplication.access$002
[2016-02-01 17:12:00:415] SoftVmInterface - Reporting method: org/robovm/apple/uikit/UIApplication.access$000
[2016-02-01 17:12:00:415] SoftVmInterface - Reporting method: org/robovm/apple/uikit/UIApplication.<clinit>
[2016-02-01 17:12:00:415] SoftVmInterface - Reporting method: org/robovm/apple/uikit/UIApplication.$m$delegate
[2016-02-01 17:12:00:415] SoftVmInterface - Reporting method: org/robovm/apple/uikit/UIApplication.$m$super$delegate
[2016-02-01 17:12:00:415] SoftVmInterface - Reporting method: org/robovm/apple/uikit/UIApplication.$m$setDelegate$
[2016-02-01 17:12:00:415] SoftVmInterface - Reporting method: org/robovm/apple/uikit/UIApplication.$m$super$setDelegate$
[2016-02-01 17:12:00:415] SoftVmInterface - Reporting method: org/robovm/apple/uikit/UIApplication.$m$windows
[2016-02-01 17:12:00:415] SoftVmInterface - Reporting method: org/robovm/apple/uikit/UIApplication.$m$super$windows
[2016-02-01 17:12:00:415] SoftVmInterface - Reporting method: org/robovm/apple/uikit/UIApplication.$m$statusBarStyle
[2016-02-01 17:12:00:415] SoftVmInterface - Reporting method: org/robovm/apple/uikit/UIApplication.$m$super$statusBarStyle
[2016-02-01 17:12:00:415] SoftVmInterface - Reporting method: org/robovm/apple/uikit/UIApplication.$m$statusBarOrientation
[2016-02-01 17:12:00:415] SoftVmInterface - Reporting method: org/robovm/apple/uikit/UIApplication.$m$super$statusBarOrientation
[2016-02-01 17:12:00:415] SoftVmInterface - Reporting method: org/robovm/apple/uikit/UIApplication.$m$statusBarFrame
[2016-02-01 17:12:00:415] SoftVmInterface - Reporting method: org/robovm/apple/uikit/UIApplication.$m$super$statusBarFrame
[2016-02-01 17:12:00:415] SoftVmInterface - Reporting method: org/robovm/apple/uikit/UIApplication.$m$applicationState
[2016-02-01 17:12:00:416] SoftVmInterface - Reporting method: org/robovm/apple/uikit/UIApplication.$m$super$applicationState
[2016-02-01 17:12:00:416] SoftVmInterface - Reporting method: org/robovm/apple/uikit/UIApplication.$m$backgroundRefreshStatus
[2016-02-01 17:12:00:416] SoftVmInterface - Reporting method: org/robovm/apple/uikit/UIApplication.$m$super$backgroundRefreshStatus
[2016-02-01 17:12:00:416] SoftVmInterface - Reporting method: org/robovm/apple/uikit/UIApplication.$m$userInterfaceLayoutDirection
[2016-02-01 17:12:00:416] SoftVmInterface - Reporting method: org/robovm/apple/uikit/UIApplication.$m$super$userInterfaceLayoutDirection
[2016-02-01 17:12:00:416] SoftVmInterface - Reporting method: org/robovm/apple/uikit/UIApplication.$m$scheduledLocalNotifications
[2016-02-01 17:12:00:416] SoftVmInterface - Reporting method: org/robovm/apple/uikit/UIApplication.$m$super$scheduledLocalNotifications
[2016-02-01 17:12:00:416] SoftVmInterface - Reporting method: org/robovm/apple/uikit/UIApplication.$m$setScheduledLocalNotifications$
[2016-02-01 17:12:00:416] SoftVmInterface - Reporting method: org/robovm/apple/uikit/UIApplication.$m$super$setScheduledLocalNotifications$
[2016-02-01 17:12:00:416] SoftVmInterface - Reporting method: org/robovm/apple/uikit/UIApplication.$m$shortcutItems
[2016-02-01 17:12:00:416] SoftVmInterface - Reporting method: org/robovm/apple/uikit/UIApplication.$m$super$shortcutItems
[2016-02-01 17:12:00:416] SoftVmInterface - Reporting method: org/robovm/apple/uikit/UIApplication.$m$setShortcutItems$
[2016-02-01 17:12:00:416] SoftVmInterface - Reporting method: org/robovm/apple/uikit/UIApplication.$m$super$setShortcutItems$
[2016-02-01 17:12:00:416] SoftVmInterface - Reporting method: org/robovm/apple/uikit/UIApplication.$m$setStatusBarOrientation$
[2016-02-01 17:12:00:416] SoftVmInterface - Reporting method: org/robovm/apple/uikit/UIApplication.$m$super$setStatusBarOrientation$
[2016-02-01 17:12:00:416] SoftVmInterface - Reporting method: org/robovm/apple/uikit/UIApplication.$m$setStatusBarStyle$
[2016-02-01 17:12:00:416] SoftVmInterface - Reporting method: org/robovm/apple/uikit/UIApplication.$m$super$setStatusBarStyle$
[2016-02-01 17:12:00:416] SoftVmInterface - Reporting method: org/robovm/apple/uikit/UIApplication.$m$openURL$
[2016-02-01 17:12:00:416] SoftVmInterface - Reporting method: org/robovm/apple/uikit/UIApplication.$m$super$openURL$
[2016-02-01 17:12:00:417] SoftVmInterface - Reporting method: org/robovm/apple/uikit/UIApplication.$m$canOpenURL$
[2016-02-01 17:12:00:417] SoftVmInterface - Reporting method: org/robovm/apple/uikit/UIApplication.$m$super$canOpenURL$
[2016-02-01 17:12:00:417] SoftVmInterface - Reporting method: org/robovm/apple/uikit/UIApplication.$m$sendAction$to$from$forEvent$
[2016-02-01 17:12:00:417] SoftVmInterface - Reporting method: org/robovm/apple/uikit/UIApplication.$m$super$sendAction$to$from$forEvent$
[2016-02-01 17:12:00:417] SoftVmInterface - Reporting method: org/robovm/apple/uikit/UIApplication.$m$supportedInterfaceOrientationsForWindow$
[2016-02-01 17:12:00:417] SoftVmInterface - Reporting method: org/robovm/apple/uikit/UIApplication.$m$super$supportedInterfaceOrientationsForWindow$
[2016-02-01 17:12:00:417] SoftVmInterface - Reporting method: org/robovm/apple/uikit/UIApplication.$m$beginBackgroundTaskWithExpirationHandler$
[2016-02-01 17:12:00:417] SoftVmInterface - Reporting method: org/robovm/apple/uikit/UIApplication.$m$super$beginBackgroundTaskWithExpirationHandler$
[2016-02-01 17:12:00:417] SoftVmInterface - Reporting method: org/robovm/apple/uikit/UIApplication.$m$beginBackgroundTaskWithName$expirationHandler$
[2016-02-01 17:12:00:417] SoftVmInterface - Reporting method: org/robovm/apple/uikit/UIApplication.$m$super$beginBackgroundTaskWithName$expirationHandler$
[2016-02-01 17:12:00:417] SoftVmInterface - Reporting method: org/robovm/apple/uikit/UIApplication.$m$sharedApplication
[2016-02-01 17:12:00:417] SoftVmInterface - Reporting method: org/robovm/apple/uikit/UIApplication.$m$registerForRemoteNotificationTypes$
[2016-02-01 17:12:00:417] SoftVmInterface - Reporting method: org/robovm/apple/uikit/UIApplication.$m$super$registerForRemoteNotificationTypes$
[2016-02-01 17:12:00:417] SoftVmInterface - Reporting method: org/robovm/apple/uikit/UIApplication.$m$enabledRemoteNotificationTypes
[2016-02-01 17:12:00:417] SoftVmInterface - Reporting method: org/robovm/apple/uikit/UIApplication.$m$super$enabledRemoteNotificationTypes
[2016-02-01 17:12:00:417] SoftVmInterface - Reporting method: org/robovm/apple/uikit/UIApplication.$m$registerObjectForStateRestoration$restorationIdentifier$
[2016-02-01 17:12:00:417] SoftVmInterface - Reporting method: org/robovm/apple/uikit/UIApplication.$m$setStatusBarOrientation$animated$
[2016-02-01 17:12:00:417] SoftVmInterface - Reporting method: org/robovm/apple/uikit/UIApplication.$m$super$setStatusBarOrientation$animated$
[2016-02-01 17:12:00:417] SoftVmInterface - Reporting method: org/robovm/apple/uikit/UIApplication.$m$setStatusBarStyle$animated$
[2016-02-01 17:12:00:418] SoftVmInterface - Reporting method: org/robovm/apple/uikit/UIApplication.$m$super$setStatusBarStyle$animated$
[2016-02-01 17:12:00:418] SoftVmInterface - Reporting method: org/robovm/apple/uikit/UIApplication.$m$setStatusBarHidden$withAnimation$
[2016-02-01 17:12:00:418] SoftVmInterface - Reporting method: org/robovm/apple/uikit/UIApplication.$m$super$setStatusBarHidden$withAnimation$
[2016-02-01 17:12:00:418] SoftVmInterface - Reporting method: org/robovm/apple/uikit/UIApplication.$m$setKeepAliveTimeout$handler$
[2016-02-01 17:12:00:418] SoftVmInterface - Reporting method: org/robovm/apple/uikit/UIApplication.$m$super$setKeepAliveTimeout$handler$
[2016-02-01 17:12:00:419] JdwpDebugServer - Command: H(2 15) id = 2162 length = 8
[2016-02-01 17:12:00:419] SoftVmInterface - Reporting method: com/mob/demo/ShareSDKDemo.<init>
[2016-02-01 17:12:00:419] SoftVmInterface - Reporting method: com/mob/demo/ShareSDKDemo.didFinishLaunching
[2016-02-01 17:12:00:419] SoftVmInterface - Reporting method: com/mob/demo/ShareSDKDemo.main
[2016-02-01 17:12:00:419] SoftVmInterface - Reporting method: com/mob/demo/ShareSDKDemo.initShareSDK
[2016-02-01 17:12:00:419] SoftVmInterface - Reporting method: com/mob/demo/ShareSDKDemo.$cb$application$didFinishLaunchingWithOptions$
[2016-02-01 17:12:00:419] SoftVmInterface - Reporting method: com/mob/demo/ShareSDKDemo.$cb$init
[2016-02-01 17:12:00:419] SoftVmInterface - Reporting method: com/mob/demo/ShareSDKDemo.$setHandle
[2016-02-01 17:12:00:419] SoftVmInterface - Reporting method: com/mob/demo/ShareSDKDemo.$cb$initWithCoder$
[2016-02-01 17:12:00:419] SoftVmInterface - Reporting method: com/mob/demo/ShareSDKDemo.$m$super$initWithCoder$
[2016-02-01 17:12:00:419] SoftVmInterface - Reporting method: com/mob/demo/ShareSDKDemo.$getSuper
[2016-02-01 17:12:00:419] SoftVmInterface - Reporting method: com/mob/demo/ShareSDKDemo.$initObject
[2016-02-01 17:12:00:419] SoftVmInterface - Reporting method: com/mob/demo/ShareSDKDemo.<clinit>
[2016-02-01 17:12:00:420] JdwpDebugServer - Command: V(11 7) id = 2163 length = 8
[2016-02-01 17:12:00:420] JdwpDebugServer - Command: Y(11 8) id = 2164 length = 8
[2016-02-01 17:12:00:420] JdwpDebugServer - Command: U(11 9) id = 2165 length = 8
[2016-02-01 17:12:00:420] JdwpDebugServer - Command: Y(11 8) id = 2166 length = 8
[2016-02-01 17:12:00:421] JdwpDebugServer - Command: U(11 9) id = 2167 length = 8
[2016-02-01 17:12:01:529] JdwpDebugServer - Command: L(2 7) id = 2168 length = 8
[2016-02-01 17:12:01:619] JdwpDebugServer - Command: K(2 13) id = 2169 length = 8
[2016-02-01 17:12:01:619] JdwpDebugServer - Command: P(16 3) id = 2170 length = 16
[2016-02-01 17:12:01:620] JdwpDebugServer - Command: y(9 1) id = 2171 length = 8
[2016-02-01 17:12:01:620] JdwpDebugServer - Command: X(11 1) id = 2172 length = 8
[2016-02-01 17:12:01:622] JdwpDebugServer - Command: U(11 9) id = 2173 length = 8
[2016-02-01 17:12:01:623] JdwpDebugServer - Command: X(11 1) id = 2174 length = 8
[2016-02-01 17:12:01:624] JdwpDebugServer - Command: Y(11 8) id = 2175 length = 8
[2016-02-01 17:12:01:738] JdwpDebugServer - Command: q(6 5) id = 2176 length = 16
[2016-02-01 17:12:01:874] JdwpDebugServer - Command: X(11 1) id = 2177 length = 8
[2016-02-01 17:12:01:876] JdwpDebugServer - Command: V(11 7) id = 2178 length = 8
[2016-02-01 17:12:01:876] JdwpDebugServer - Command: Y(11 8) id = 2179 length = 8
[2016-02-01 17:12:01:876] JdwpDebugServer - Command: X(11 1) id = 2180 length = 8
[2016-02-01 17:12:01:878] JdwpDebugServer - Command: U(11 9) id = 2181 length = 8
[2016-02-01 17:12:01:878] JdwpDebugServer - Command: U(11 9) id = 2182 length = 8
[2016-02-01 17:12:01:878] JdwpDebugServer - Command: X(11 1) id = 2183 length = 8
[2016-02-01 17:12:01:880] JdwpDebugServer - Command: Y(11 8) id = 2184 length = 8
[2016-02-01 17:12:01:880] JdwpDebugServer - Command: X(11 1) id = 2185 length = 8
[2016-02-01 17:12:01:881] JdwpDebugServer - Command: U(11 9) id = 2186 length = 8
[2016-02-01 17:12:01:882] JdwpDebugServer - Command: Y(11 8) id = 2187 length = 8
[2016-02-01 17:12:01:882] JdwpDebugServer - Command: U(11 9) id = 2188 length = 8
[2016-02-01 17:12:01:882] JdwpDebugServer - Command: Y(11 8) id = 2189 length = 8
[2016-02-01 17:12:01:888] JdwpDebugServer - Command: J(2 1) id = 2190 length = 8
[2016-02-01 17:12:01:888] JdwpDebugServer - Command: K(2 13) id = 2191 length = 8
[2016-02-01 17:12:01:888] JdwpDebugServer - Command: o(6 1) id = 2192 length = 16
[2016-02-01 17:12:01:889] SoftVmInterface - Reporting line numbers for method com/mob/sharesdk/ShareSDK$$BlockMarshaler2.invoked: [1048578]
[2016-02-01 17:12:01:889] JdwpDebugServer - Command: J(2 1) id = 2193 length = 8
[2016-02-01 17:12:01:889] JdwpDebugServer - Command: K(2 13) id = 2194 length = 8
[2016-02-01 17:12:01:890] JdwpDebugServer - Command: o(6 1) id = 2195 length = 16
[2016-02-01 17:12:01:890] SoftVmInterface - Reporting line numbers for method org/robovm/apple/uikit/UIApplication.main: [365, 366, 367, 368, 369, 371, 372, 375, 376, 377, 379, 380, 381, 384, 385, 386, 388, 389, 394, 400, 408, 409, 410, 411, 413, 414]
[2016-02-01 17:12:01:891] JdwpDebugServer - Command: J(2 1) id = 2196 length = 8
[2016-02-01 17:12:01:891] JdwpDebugServer - Command: K(2 13) id = 2197 length = 8
[2016-02-01 17:12:01:891] JdwpDebugServer - Command: o(6 1) id = 2198 length = 16
[2016-02-01 17:12:01:892] SoftVmInterface - Reporting line numbers for method com/mob/demo/ShareSDKDemo.main: [40, 41, 42, 43]
[2016-02-01 17:12:12:288] JdwpDebugServer - Command: Z(11 3) id = 2199 length = 8
[2016-02-01 17:12:12:288] DebugChannel - Event: Thread resumed, java obj: 0x116818f30, thread: 0x116817ee0
[2016-02-01 17:12:12:293] DebugChannel - Event: Thread stopped, reason: Exception, java obj: 0x116818f30, thread: 0x116817ee0, frames: 5
[2016-02-01 17:12:12:293] SoftDebugger - Reconstructing frames took: 3.9E-5secs
[2016-02-01 17:12:12:294] JdwpDebugServer - Command: U(11 9) id = 2200 length = 8
[2016-02-01 17:12:12:295] DebugChannel - Event: Thread resumed, java obj: 0x116818f30, thread: 0x116817ee0
[2016-02-01 17:12:12:295] DebugChannel - Event: Thread stopped, reason: Exception, java obj: 0x116818f30, thread: 0x116817ee0, frames: 3
[2016-02-01 17:12:12:295] SoftDebugger - Reconstructing frames took: 2.1E-5secs
[2016-02-01 17:12:12:295] JdwpDebugServer - Command: Y(11 8) id = 2201 length = 8
[2016-02-01 17:12:12:295] DebugChannel - Event: Thread resumed, java obj: 0x116818f30, thread: 0x116817ee0
[2016-02-01 17:12:12:295] DebugChannel - Event: Thread stopped, reason: Exception, java obj: 0x116818f30, thread: 0x116817ee0, frames: 3
[2016-02-01 17:12:12:295] JdwpDebugServer - Command: U(11 9) id = 2202 length = 8
[2016-02-01 17:12:12:296] SoftDebugger - Reconstructing frames took: 1.5E-5secs
[2016-02-01 17:12:12:296] DebugChannel - Event: Thread resumed, java obj: 0x116818f30, thread: 0x116817ee0
[2016-02-01 17:12:12:296] DebugChannel - Event: Thread stopped, reason: Exception, java obj: 0x116818f30, thread: 0x116817ee0, frames: 1
[2016-02-01 17:12:12:296] SoftDebugger - Reconstructing frames took: 6.0E-6secs
[2016-02-01 17:12:12:296] JdwpDebugServer - Command: Y(11 8) id = 2203 length = 8
[2016-02-01 17:12:12:297] DebugChannel - Event: Thread resumed, java obj: 0x116818f30, thread: 0x116817ee0
[2016-02-01 17:12:12:297] DebugChannel - Event: Thread stopped, reason: Exception, java obj: 0x116818f30, thread: 0x116817ee0, frames: 1
[2016-02-01 17:12:12:297] SoftDebugger - Reconstructing frames took: 6.0E-6secs
[2016-02-01 17:12:12:297] JdwpDebugServer - Command: U(11 9) id = 2204 length = 8
[2016-02-01 17:12:12:298] JdwpDebugServer - Command: Y(11 8) id = 2205 length = 8
[2016-02-01 17:12:12:298] JdwpDebugServer - Command: y(9 1) id = 2206 length = 8
[2016-02-01 17:12:12:298] JdwpDebugServer - Command: U(11 9) id = 2207 length = 8
[2016-02-01 17:12:12:298] JdwpDebugServer - Command: J(2 1) id = 2208 length = 8
[2016-02-01 17:12:12:298] JdwpDebugServer - Command: Y(11 8) id = 2209 length = 8
[2016-02-01 17:12:12:298] JdwpDebugServer - Command: j(3 1) id = 2210 length = 8
[2016-02-01 17:12:12:299] JdwpDebugServer - Command: J(2 1) id = 2211 length = 8
[2016-02-01 17:12:12:299] JdwpDebugServer - Command: j(3 1) id = 2212 length = 8
[2016-02-01 17:12:12:299] JdwpDebugServer - Command: J(2 1) id = 2213 length = 8
[2016-02-01 17:12:12:299] JdwpDebugServer - Command: j(3 1) id = 2214 length = 8
[2016-02-01 17:12:12:301] JdwpDebugServer - Command: W(11 6) id = 2215 length = 16
[2016-02-01 17:12:12:302] JdwpDebugServer - Command: V(11 7) id = 2216 length = 8
[2016-02-01 17:12:12:302] JdwpDebugServer - Command: Y(11 8) id = 2217 length = 8
[2016-02-01 17:12:12:302] JdwpDebugServer - Command: U(11 9) id = 2218 length = 8
[2016-02-01 17:12:12:302] JdwpDebugServer - Command: Y(11 8) id = 2219 length = 8
[2016-02-01 17:12:12:303] JdwpDebugServer - Command: U(11 9) id = 2220 length = 8
[2016-02-01 17:12:12:303] JdwpDebugServer - Command: U(11 9) id = 2221 length = 8
[2016-02-01 17:12:12:303] JdwpDebugServer - Command: Y(11 8) id = 2222 length = 8
[2016-02-01 17:12:12:304] JdwpDebugServer - Command: U(11 9) id = 2223 length = 8
[2016-02-01 17:12:12:304] JdwpDebugServer - Command: Y(11 8) id = 2224 length = 8
[2016-02-01 17:12:12:304] JdwpDebugServer - Command: U(11 9) id = 2225 length = 8
[2016-02-01 17:12:12:304] JdwpDebugServer - Command: Y(11 8) id = 2226 length = 8
[2016-02-01 17:12:12:305] JdwpDebugServer - Command: U(11 9) id = 2227 length = 8
[2016-02-01 17:12:12:305] JdwpDebugServer - Command: Y(11 8) id = 2228 length = 8
[2016-02-01 17:12:12:306] JdwpDebugServer - Command: V(11 7) id = 2229 length = 8
[2016-02-01 17:12:12:306] JdwpDebugServer - Command: Y(11 8) id = 2230 length = 8
[2016-02-01 17:12:12:306] JdwpDebugServer - Command: U(11 9) id = 2231 length = 8
[2016-02-01 17:12:12:341] JdwpDebugServer - Command: L(2 7) id = 2232 length = 8
[2016-02-01 17:12:12:506] JdwpDebugServer - Command: X(11 1) id = 2233 length = 8
[2016-02-01 17:12:12:509] JdwpDebugServer - Command: X(11 1) id = 2234 length = 8
[2016-02-01 17:12:12:511] JdwpDebugServer - Command: X(11 1) id = 2235 length = 8
[2016-02-01 17:12:12:513] JdwpDebugServer - Command: X(11 1) id = 2236 length = 8
[2016-02-01 17:12:12:515] JdwpDebugServer - Command: X(11 1) id = 2237 length = 8
[2016-02-01 17:12:12:737] JdwpDebugServer - Command: D(2 14) id = 2238 length = 8
[2016-02-01 17:12:12:737] JdwpDebugServer - Command: F(2 10) id = 2239 length = 8
[2016-02-01 17:12:12:737] JdwpDebugServer - Command: j(3 1) id = 2240 length = 8
[2016-02-01 17:12:12:738] JdwpDebugServer - Command: D(2 14) id = 2241 length = 8
[2016-02-01 17:12:12:738] JdwpDebugServer - Command: F(2 10) id = 2242 length = 8
[2016-02-01 17:12:12:738] JdwpDebugServer - Command: D(2 14) id = 2243 length = 8
[2016-02-01 17:12:12:738] JdwpDebugServer - Command: F(2 10) id = 2244 length = 8
[2016-02-01 17:12:12:739] JdwpDebugServer - Command: V(11 7) id = 2245 length = 8
[2016-02-01 17:12:12:739] JdwpDebugServer - Command: D(2 14) id = 2246 length = 8
[2016-02-01 17:12:12:739] JdwpDebugServer - Command: Y(11 8) id = 2247 length = 8
[2016-02-01 17:12:12:739] JdwpDebugServer - Command: F(2 10) id = 2248 length = 8
[2016-02-01 17:12:12:739] JdwpDebugServer - Command: U(11 9) id = 2249 length = 8
[2016-02-01 17:12:12:739] JdwpDebugServer - Command: D(2 14) id = 2250 length = 8
[2016-02-01 17:12:12:740] JdwpDebugServer - Command: F(2 10) id = 2251 length = 8
[2016-02-01 17:12:12:740] JdwpDebugServer - Command: j(3 1) id = 2252 length = 8
[2016-02-01 17:12:12:740] JdwpDebugServer - Command: D(2 14) id = 2253 length = 8
[2016-02-01 17:12:12:741] JdwpDebugServer - Command: F(2 10) id = 2254 length = 8
[2016-02-01 17:12:12:741] JdwpDebugServer - Command: j(3 1) id = 2255 length = 8
[2016-02-01 17:12:12:741] JdwpDebugServer - Command: D(2 14) id = 2256 length = 8
[2016-02-01 17:12:12:741] JdwpDebugServer - Command: F(2 10) id = 2257 length = 8
[2016-02-01 17:12:12:742] JdwpDebugServer - Command: j(3 1) id = 2258 length = 8
[2016-02-01 17:12:12:742] JdwpDebugServer - Command: D(2 14) id = 2259 length = 8
[2016-02-01 17:12:12:742] JdwpDebugServer - Command: F(2 10) id = 2260 length = 8
[2016-02-01 17:12:12:742] JdwpDebugServer - Command: j(3 1) id = 2261 length = 8
[2016-02-01 17:12:12:743] JdwpDebugServer - Command: j(3 1) id = 2262 length = 8
[2016-02-01 17:12:12:743] JdwpDebugServer - Command: q(6 5) id = 2263 length = 16
[2016-02-01 17:12:12:839] JdwpDebugServer - Command: X(11 1) id = 2264 length = 8
[2016-02-01 17:12:12:840] JdwpDebugServer - Command: V(11 7) id = 2265 length = 8
[2016-02-01 17:12:12:840] JdwpDebugServer - Command: Y(11 8) id = 2266 length = 8
[2016-02-01 17:12:12:840] JdwpDebugServer - Command: U(11 9) id = 2267 length = 8
[2016-02-01 17:12:16:121] JdwpDebugServer - Command: Z(11 3) id = 2268 length = 8
[2016-02-01 17:12:16:122] DebugChannel - Event: Thread resumed, java obj: 0x116818f30, thread: 0x116817ee0
[2016-02-01 17:12:16:128] DebugChannel - Event: Thread detached, java obj: 0x116818f30, thread: 0x116817ee0, exception: 0x0
[2016-02-01 17:12:16:129] JdwpDebugServer - Command: U(11 9) id = 2269 length = 8
[2016-02-01 17:12:16:137] DebugChannel - Error in debug channel thread: null
[2016-02-01 17:12:16:137] DebugChannel - Shutting down debug channel thread
[2016-02-01 17:12:16:137] SoftDebugger - com.robovm.debug.server.DebuggerException: Request interrupted
	at com.robovm.debug.server.d.i.a(Unknown.java:805)
	at com.robovm.debug.server.d.d.a(Unknown.java:203)
	at com.robovm.debug.server.d.t.e(Unknown.java:87)
	at com.robovm.debug.server.d.t.h(Unknown.java:114)
	at com.robovm.debug.server.e.b.j(Unknown.java:93)
	at com.robovm.debug.server.e.f.a(Unknown.java:33)
	at com.robovm.debug.server.e.c.a(Unknown.java:140)
	at com.robovm.debug.server.d.C.c(Unknown.java:1136)
	at com.robovm.debug.server.d.y.a(Unknown.java:247)
	at com.robovm.debug.server.d.y.a(Unknown.java:3150)
	at com.robovm.debug.server.d.z.run(Unknown.java:128)
	at java.lang.Thread.run(Thread.java:745)
Caused by: java.lang.InterruptedException
	at java.util.concurrent.locks.AbstractQueuedSynchronizer.doAcquireSharedNanos(AbstractQueuedSynchronizer.java:1038)
	at java.util.concurrent.locks.AbstractQueuedSynchronizer.tryAcquireSharedNanos(AbstractQueuedSynchronizer.java:1326)
	at java.util.concurrent.CountDownLatch.await(CountDownLatch.java:282)
	at com.robovm.debug.server.d.c.await(Unknown.java:31)
	at com.robovm.debug.server.d.i.a(Unknown.java:801)
	... 11 more
[2016-02-01 17:12:16:138] JdwpDebugServer - Command: Y(11 8) id = 2270 length = 8
[2016-02-01 17:12:16:138] SoftJdwpEventProcessor - processing vm death event
[2016-02-01 17:12:16:138] SoftDebugger - Shutting down event loop thread
[2016-02-01 17:12:16:138] JdwpDebugServer - Command: U(11 9) id = 2271 length = 8
[2016-02-01 17:12:16:138] JdwpDebugServer - Command: Y(11 8) id = 2272 length = 8
[2016-02-01 17:12:16:139] JdwpDebugServer - Command: U(11 9) id = 2273 length = 8
[2016-02-01 17:12:16:139] JdwpDebugServer - Command: Y(11 8) id = 2274 length = 8
[2016-02-01 17:12:16:140] JdwpDebugServer - Command: U(11 9) id = 2275 length = 8
[2016-02-01 17:12:16:144] DebugLaunchPlugin - Shutting down JDWP server
