[2016-02-02 12:04:35:010] ExecutableMemoryAccess - Reading executable bytes took: 0.157158
[2016-02-02 12:04:35:036] ExecutableMemoryAccess - Dumped section __TEXT,__text, took: 0.008025
[2016-02-02 12:04:35:038] ExecutableMemoryAccess - Dumped section __TEXT,__const, took: 0.00134
[2016-02-02 12:04:35:039] ExecutableMemoryAccess - Dumped section __DATA,__const, took: 6.29E-4
[2016-02-02 12:04:35:056] ExecutableMemoryAccess - Dumped section __DATA,__data, took: 0.016836
[2016-02-02 12:04:35:056] ExecutableMemoryAccess - Parsing sections took: 0.203534
[2016-02-02 12:04:36:188] ExecutableSymbolLookup - Reading nm output took: 1.335639
[2016-02-02 12:04:36:350] ExecutableSymbolLookup - Parsing nm output took: 0.161104
[2016-02-02 12:04:36:350] ExecutableSymbolLookup - Parsing symbols took: 1.497303
[2016-02-02 12:04:39:302] DebugLaunchPlugin - Got port address in 2.240718secs
[2016-02-02 12:04:39:303] SoftDebugger - Established connection to app on port 62575
[2016-02-02 12:04:39:303] DebugChannel - Starting debug channel thread
[2016-02-02 12:04:39:303] ClassInfoParser - Reading boot classes info
[2016-02-02 12:04:39:305] ClassInfoParser - Took 0.001551
[2016-02-02 12:04:39:305] ClassInfoParser - Reading classes info
[2016-02-02 12:04:39:306] ClassInfoParser - Took 0.001544
[2016-02-02 12:04:39:367] DebugChannel - Event: Thread attached, java obj: 0x116818f30, thread: 0x116817ee0
[2016-02-02 12:04:39:390] SoftDebugger - Loading class infos took: 0.087016secs
[2016-02-02 12:04:39:393] SoftDebugger - Loading class infos and adjusting addresses took: 0.0904secs
[2016-02-02 12:04:39:395] DebugLaunchPlugin - Waiting for JDWP client to connect
[2016-02-02 12:04:39:395] SocketTransport - Listening for transport dt_socket at address: 62566
[2016-02-02 12:04:39:397] SoftDebugger - Thread main attached
[2016-02-02 12:04:39:726] DebugChannel - Event: Thread stopped, reason: Exception, java obj: 0x116818f30, thread: 0x116817ee0, frames: 15
[2016-02-02 12:04:39:732] SoftDebugger - Reconstructing frames took: 0.005602secs
[2016-02-02 12:04:39:733] DebugChannel - Event: Thread resumed, java obj: 0x116818f30, thread: 0x116817ee0
[2016-02-02 12:04:39:845] DebugChannel - Event: Thread stopped, reason: Exception, java obj: 0x116818f30, thread: 0x116817ee0, frames: 10
[2016-02-02 12:04:39:846] SoftDebugger - Reconstructing frames took: 6.0E-5secs
[2016-02-02 12:04:39:846] DebugChannel - Event: Thread resumed, java obj: 0x116818f30, thread: 0x116817ee0
[2016-02-02 12:04:39:896] DebugChannel - Event: Thread attached, java obj: 0x116818ea0, thread: 0x116817e00
[2016-02-02 12:04:39:896] DebugChannel - Event: Thread attached, java obj: 0x116818d80, thread: 0x116817d20
[2016-02-02 12:04:39:896] DebugChannel - Event: Thread attached, java obj: 0x116818c60, thread: 0x116817c40
[2016-02-02 12:04:39:897] SoftDebugger - Thread ReferenceQueueDaemon attached
[2016-02-02 12:04:39:899] SoftDebugger - Thread FinalizerDaemon attached
[2016-02-02 12:04:39:901] SoftDebugger - Thread FinalizerWatchdogDaemon attached
[2016-02-02 12:04:40:076] JdwpDebugServer - Command: aq(1 7) id = 3829 length = 0
[2016-02-02 12:04:40:077] JdwpDebugServer - Command: m(15 1) id = 3830 length = 6
[2016-02-02 12:04:40:077] JdwpDebugServer - Command: m(15 1) id = 3828 length = 6
[2016-02-02 12:04:40:077] JdwpDebugServer - Command: m(15 1) id = 3831 length = 6
[2016-02-02 12:04:40:077] JdwpDebugServer - Command: au(1 1) id = 3832 length = 0
[2016-02-02 12:04:40:078] JdwpDebugServer - Command: ah(1 4) id = 3833 length = 0
[2016-02-02 12:04:40:078] JdwpDebugServer - Command: ad(11 5) id = 3834 length = 8
[2016-02-02 12:04:40:079] JdwpDebugServer - Command: S(12 1) id = 3835 length = 8
[2016-02-02 12:04:40:080] JdwpDebugServer - Command: T(12 2) id = 3836 length = 8
[2016-02-02 12:04:40:081] JdwpDebugServer - Command: y(9 1) id = 3837 length = 8
[2016-02-02 12:04:40:081] JdwpDebugServer - Command: D(2 14) id = 3838 length = 8
[2016-02-02 12:04:40:081] JdwpDebugServer - Command: F(2 10) id = 3839 length = 8
[2016-02-02 12:04:40:082] JdwpDebugServer - Command: D(2 14) id = 3840 length = 8
[2016-02-02 12:04:40:082] JdwpDebugServer - Command: F(2 10) id = 3841 length = 8
[2016-02-02 12:04:40:082] JdwpDebugServer - Command: j(3 1) id = 3842 length = 8
[2016-02-02 12:04:40:082] JdwpDebugServer - Command: D(2 14) id = 3843 length = 8
[2016-02-02 12:04:40:082] JdwpDebugServer - Command: F(2 10) id = 3844 length = 8
[2016-02-02 12:04:40:083] JdwpDebugServer - Command: j(3 1) id = 3845 length = 8
[2016-02-02 12:04:40:083] JdwpDebugServer - Command: u(9 2) id = 3846 length = 20
[2016-02-02 12:04:40:083] JdwpDebugServer - Command: aa(11 4) id = 3847 length = 8
[2016-02-02 12:04:40:084] DebugLaunchPlugin - Waiting for the debugger to settle...
[2016-02-02 12:04:40:084] JdwpDebugServer - Command: aa(11 4) id = 3848 length = 8
[2016-02-02 12:04:40:084] JdwpDebugServer - Command: ad(11 5) id = 3849 length = 8
[2016-02-02 12:04:40:085] JdwpDebugServer - Command: y(9 1) id = 3850 length = 8
[2016-02-02 12:04:40:085] JdwpDebugServer - Command: u(9 2) id = 3851 length = 20
[2016-02-02 12:04:40:085] JdwpDebugServer - Command: aa(11 4) id = 3852 length = 8
[2016-02-02 12:04:40:085] JdwpDebugServer - Command: aa(11 4) id = 3853 length = 8
[2016-02-02 12:04:40:086] JdwpDebugServer - Command: ad(11 5) id = 3854 length = 8
[2016-02-02 12:04:40:086] JdwpDebugServer - Command: y(9 1) id = 3855 length = 8
[2016-02-02 12:04:40:087] JdwpDebugServer - Command: u(9 2) id = 3856 length = 20
[2016-02-02 12:04:40:087] JdwpDebugServer - Command: aa(11 4) id = 3857 length = 8
[2016-02-02 12:04:40:087] JdwpDebugServer - Command: aa(11 4) id = 3858 length = 8
[2016-02-02 12:04:40:087] JdwpDebugServer - Command: ad(11 5) id = 3859 length = 8
[2016-02-02 12:04:40:088] DebugChannel - Event: Thread stopped, reason: Exception, java obj: 0x116818f30, thread: 0x116817ee0, frames: 9
[2016-02-02 12:04:40:088] JdwpDebugServer - Command: y(9 1) id = 3860 length = 8
[2016-02-02 12:04:40:088] JdwpDebugServer - Command: u(9 2) id = 3861 length = 20
[2016-02-02 12:04:40:089] JdwpDebugServer - Command: aa(11 4) id = 3862 length = 8
[2016-02-02 12:04:40:091] SoftDebugger - Reconstructing frames took: 0.002974secs
[2016-02-02 12:04:40:091] DebugChannel - Event: Thread resumed, java obj: 0x116818f30, thread: 0x116817ee0
[2016-02-02 12:04:40:091] JdwpDebugServer - Command: aa(11 4) id = 3863 length = 8
[2016-02-02 12:04:40:092] JdwpDebugServer - Command: m(15 1) id = 3864 length = 40
[2016-02-02 12:04:40:092] DebugChannel - Event: Thread stopped, reason: Exception, java obj: 0x116818f30, thread: 0x116817ee0, frames: 9
[2016-02-02 12:04:40:092] SoftJdwpEventProcessor - Set up class load event with filter: com.mob.demo.MyViewController
[2016-02-02 12:04:40:092] SoftDebugger - Reconstructing frames took: 5.3E-5secs
[2016-02-02 12:04:40:093] JdwpDebugServer - Command: m(15 1) id = 3865 length = 42
[2016-02-02 12:04:40:093] SoftJdwpEventProcessor - Set up class load event with filter: com.mob.demo.MyViewController$*
[2016-02-02 12:04:40:093] DebugChannel - Event: Thread resumed, java obj: 0x116818f30, thread: 0x116817ee0
[2016-02-02 12:04:40:093] DebugChannel - Event: Thread stopped, reason: Exception, java obj: 0x116818f30, thread: 0x116817ee0, frames: 9
[2016-02-02 12:04:40:094] SoftDebugger - Reconstructing frames took: 3.5E-5secs
[2016-02-02 12:04:40:094] DebugLaunchPlugin - Waiting for the debugger to settle...
[2016-02-02 12:04:40:095] JdwpDebugServer - Command: al(1 2) id = 3866 length = 35
[2016-02-02 12:04:40:095] DebugChannel - Event: Thread resumed, java obj: 0x116818f30, thread: 0x116817ee0
[2016-02-02 12:04:40:095] JdwpDebugServer - Command: aj(1 17) id = 3867 length = 0
[2016-02-02 12:04:40:095] DebugChannel - Event: Thread stopped, reason: Exception, java obj: 0x116818f30, thread: 0x116817ee0, frames: 9
[2016-02-02 12:04:40:095] SoftDebugger - Reconstructing frames took: 4.4E-5secs
[2016-02-02 12:04:40:096] JdwpDebugServer - Command: m(15 1) id = 3868 length = 26
[2016-02-02 12:04:40:096] SoftJdwpEventProcessor - Set up class load event with filter: java.lang.Error
[2016-02-02 12:04:40:096] DebugChannel - Event: Thread resumed, java obj: 0x116818f30, thread: 0x116817ee0
[2016-02-02 12:04:40:097] DebugChannel - Event: Thread stopped, reason: Exception, java obj: 0x116818f30, thread: 0x116817ee0, frames: 9
[2016-02-02 12:04:40:097] SoftDebugger - Reconstructing frames took: 6.0E-5secs
[2016-02-02 12:04:40:097] JdwpDebugServer - Command: m(15 1) id = 3869 length = 28
[2016-02-02 12:04:40:097] SoftJdwpEventProcessor - Set up class load event with filter: java.lang.Error$*
[2016-02-02 12:04:40:098] DebugChannel - Event: Thread resumed, java obj: 0x116818f30, thread: 0x116817ee0
[2016-02-02 12:04:40:098] JdwpDebugServer - Command: al(1 2) id = 3870 length = 21
[2016-02-02 12:04:40:099] DebugChannel - Event: Thread stopped, reason: Exception, java obj: 0x116818f30, thread: 0x116817ee0, frames: 9
[2016-02-02 12:04:40:099] JdwpDebugServer - Command: m(15 1) id = 3871 length = 17
[2016-02-02 12:04:40:099] SoftDebugger - Reconstructing frames took: 4.9E-5secs
[2016-02-02 12:04:40:099] JdwpDebugServer - Command: J(2 1) id = 3872 length = 8
[2016-02-02 12:04:40:100] DebugChannel - Event: Thread resumed, java obj: 0x116818f30, thread: 0x116817ee0
[2016-02-02 12:04:40:101] JdwpDebugServer - Command: m(15 1) id = 3873 length = 30
[2016-02-02 12:04:40:101] DebugChannel - Event: Thread stopped, reason: Exception, java obj: 0x116818f30, thread: 0x116817ee0, frames: 9
[2016-02-02 12:04:40:101] SoftJdwpEventProcessor - Set up class load event with filter: java.lang.Throwable
[2016-02-02 12:04:40:101] SoftDebugger - Reconstructing frames took: 6.6E-5secs
[2016-02-02 12:04:40:102] JdwpDebugServer - Command: m(15 1) id = 3874 length = 32
[2016-02-02 12:04:40:102] DebugChannel - Event: Thread resumed, java obj: 0x116818f30, thread: 0x116817ee0
[2016-02-02 12:04:40:102] SoftJdwpEventProcessor - Set up class load event with filter: java.lang.Throwable$*
[2016-02-02 12:04:40:103] JdwpDebugServer - Command: al(1 2) id = 3875 length = 25
[2016-02-02 12:04:40:103] DebugChannel - Event: Thread stopped, reason: Exception, java obj: 0x116818f30, thread: 0x116817ee0, frames: 9
[2016-02-02 12:04:40:103] SoftDebugger - Reconstructing frames took: 5.0E-5secs
[2016-02-02 12:04:40:103] JdwpDebugServer - Command: m(15 1) id = 3876 length = 17
[2016-02-02 12:04:40:103] DebugChannel - Event: Thread resumed, java obj: 0x116818f30, thread: 0x116817ee0
[2016-02-02 12:04:40:103] JdwpDebugServer - Command: J(2 1) id = 3877 length = 8
[2016-02-02 12:04:40:104] DebugLaunchPlugin - Waiting for the debugger to settle...
[2016-02-02 12:04:40:115] DebugLaunchPlugin - Waiting for the debugger to settle...
[2016-02-02 12:04:40:126] DebugLaunchPlugin - Waiting for the debugger to settle...
[2016-02-02 12:04:40:136] DebugChannel - Event: Thread stopped, reason: Exception, java obj: 0x116818f30, thread: 0x116817ee0, frames: 9
[2016-02-02 12:04:40:136] SoftDebugger - Reconstructing frames took: 5.6E-5secs
[2016-02-02 12:04:40:136] DebugLaunchPlugin - Waiting for the debugger to settle...
[2016-02-02 12:04:40:137] DebugChannel - Event: Thread resumed, java obj: 0x116818f30, thread: 0x116817ee0
[2016-02-02 12:04:40:137] DebugChannel - Event: Thread stopped, reason: Exception, java obj: 0x116818f30, thread: 0x116817ee0, frames: 9
[2016-02-02 12:04:40:138] SoftDebugger - Reconstructing frames took: 5.1E-5secs
[2016-02-02 12:04:40:138] DebugChannel - Event: Thread resumed, java obj: 0x116818f30, thread: 0x116817ee0
[2016-02-02 12:04:40:148] DebugLaunchPlugin - Waiting for the debugger to settle...
[2016-02-02 12:04:40:160] DebugLaunchPlugin - Waiting for the debugger to settle...
[2016-02-02 12:04:40:171] DebugLaunchPlugin - Waiting for the debugger to settle...
[2016-02-02 12:04:40:183] DebugLaunchPlugin - Waiting for the debugger to settle...
[2016-02-02 12:04:40:188] DebugChannel - Event: Thread stopped, reason: Exception, java obj: 0x116818f30, thread: 0x116817ee0, frames: 9
[2016-02-02 12:04:40:189] SoftDebugger - Reconstructing frames took: 4.0E-5secs
[2016-02-02 12:04:40:189] DebugChannel - Event: Thread resumed, java obj: 0x116818f30, thread: 0x116817ee0
[2016-02-02 12:04:40:195] DebugLaunchPlugin - Waiting for the debugger to settle...
[2016-02-02 12:04:40:206] DebugLaunchPlugin - Waiting for the debugger to settle...
[2016-02-02 12:04:40:216] DebugLaunchPlugin - Waiting for the debugger to settle...
[2016-02-02 12:04:40:226] DebugLaunchPlugin - Waiting for the debugger to settle...
[2016-02-02 12:04:40:237] DebugLaunchPlugin - Waiting for the debugger to settle...
[2016-02-02 12:04:40:242] SoftJdwpEventProcessor - Reporting class prepare event EventRequest [id=3, eventKind=CLASS_PREPARE, suspendPolicy=EVENT_THREAD, constraints=[ClassMatchConstraint [classPattern=com.mob.demo.MyViewController]]] to JDWP client for class com/mob/demo/MyViewController
[2016-02-02 12:04:40:243] JdwpDebugServer - Command: H(2 15) id = 3878 length = 8
[2016-02-02 12:04:40:243] SoftVmInterface - Reporting method: com/mob/demo/MyViewController.<init>
[2016-02-02 12:04:40:243] SoftVmInterface - Reporting method: com/mob/demo/MyViewController.excute
[2016-02-02 12:04:40:243] SoftVmInterface - Reporting method: com/mob/demo/MyViewController.initUI
[2016-02-02 12:04:40:243] SoftVmInterface - Reporting method: com/mob/demo/MyViewController.$cb$init
[2016-02-02 12:04:40:243] SoftVmInterface - Reporting method: com/mob/demo/MyViewController.$setHandle
[2016-02-02 12:04:40:243] SoftVmInterface - Reporting method: com/mob/demo/MyViewController.$cb$initWithNibName$bundle$
[2016-02-02 12:04:40:243] SoftVmInterface - Reporting method: com/mob/demo/MyViewController.$m$super$initWithNibName$bundle$
[2016-02-02 12:04:40:243] SoftVmInterface - Reporting method: com/mob/demo/MyViewController.$getSuper
[2016-02-02 12:04:40:243] SoftVmInterface - Reporting method: com/mob/demo/MyViewController.$initObject
[2016-02-02 12:04:40:243] SoftVmInterface - Reporting method: com/mob/demo/MyViewController.$cb$initWithCoder$
[2016-02-02 12:04:40:243] SoftVmInterface - Reporting method: com/mob/demo/MyViewController.$m$super$initWithCoder$
[2016-02-02 12:04:40:243] SoftVmInterface - Reporting method: com/mob/demo/MyViewController.<clinit>
[2016-02-02 12:04:40:244] JdwpDebugServer - Command: o(6 1) id = 3879 length = 16
[2016-02-02 12:04:40:244] SoftVmInterface - Reporting line numbers for method com/mob/demo/MyViewController.<init>: [36, 38, 39, 41]
[2016-02-02 12:04:40:245] JdwpDebugServer - Command: o(6 1) id = 3880 length = 16
[2016-02-02 12:04:40:245] SoftVmInterface - Reporting line numbers for method com/mob/demo/MyViewController.excute: [46, 54, 57, 64, 67, 124, 127, 180, 183, 191, 193]
[2016-02-02 12:04:40:245] JdwpDebugServer - Command: o(6 1) id = 3881 length = 16
[2016-02-02 12:04:40:245] SoftVmInterface - Reporting line numbers for method com/mob/demo/MyViewController.initUI: [197, 198, 200, 201, 202, 203, 205, 206, 207, 208, 210, 211, 212, 213, 215, 216, 217, 218, 220, 221, 222, 223, 225]
[2016-02-02 12:04:40:245] JdwpDebugServer - Command: o(6 1) id = 3882 length = 16
[2016-02-02 12:04:40:245] SoftVmInterface - Reporting line numbers for method com/mob/demo/MyViewController.$cb$init: [1048579]
[2016-02-02 12:04:40:246] JdwpDebugServer - Command: o(6 1) id = 3883 length = 16
[2016-02-02 12:04:40:246] SoftVmInterface - Reporting line numbers for method com/mob/demo/MyViewController.$setHandle: [1048580]
[2016-02-02 12:04:40:246] JdwpDebugServer - Command: o(6 1) id = 3884 length = 16
[2016-02-02 12:04:40:246] SoftVmInterface - Reporting line numbers for method com/mob/demo/MyViewController.$cb$initWithNibName$bundle$: [1048581]
[2016-02-02 12:04:40:246] JdwpDebugServer - Command: o(6 1) id = 3885 length = 16
[2016-02-02 12:04:40:246] SoftVmInterface - Reporting line numbers for method com/mob/demo/MyViewController.$getSuper: [1048583]
[2016-02-02 12:04:40:246] JdwpDebugServer - Command: o(6 1) id = 3886 length = 16
[2016-02-02 12:04:40:247] SoftVmInterface - Reporting line numbers for method com/mob/demo/MyViewController.$initObject: [1048584]
[2016-02-02 12:04:40:247] JdwpDebugServer - Command: o(6 1) id = 3887 length = 16
[2016-02-02 12:04:40:247] SoftVmInterface - Reporting line numbers for method com/mob/demo/MyViewController.$cb$initWithCoder$: [1048585]
[2016-02-02 12:04:40:247] DebugLaunchPlugin - Waiting for the debugger to settle...
[2016-02-02 12:04:40:247] JdwpDebugServer - Command: o(6 1) id = 3888 length = 16
[2016-02-02 12:04:40:247] SoftVmInterface - Reporting line numbers for method com/mob/demo/MyViewController.<clinit>: [1048587]
[2016-02-02 12:04:40:248] JdwpDebugServer - Command: Z(11 3) id = 3889 length = 8
[2016-02-02 12:04:40:248] DebugChannel - Event: Thread resumed, java obj: 0x116818f30, thread: 0x116817ee0
[2016-02-02 12:04:40:259] DebugLaunchPlugin - Waiting for the debugger to settle...
[2016-02-02 12:04:40:270] DebugLaunchPlugin - Waiting for the debugger to settle...
[2016-02-02 12:04:40:282] DebugLaunchPlugin - Waiting for the debugger to settle...
[2016-02-02 12:04:40:294] DebugLaunchPlugin - Waiting for the debugger to settle...
[2016-02-02 12:04:40:304] DebugLaunchPlugin - Waiting for the debugger to settle...
[2016-02-02 12:04:40:315] DebugLaunchPlugin - Waiting for the debugger to settle...
[2016-02-02 12:04:40:325] DebugLaunchPlugin - Waiting for the debugger to settle...
[2016-02-02 12:04:40:338] DebugLaunchPlugin - Waiting for the debugger to settle...
[2016-02-02 12:04:40:351] DebugLaunchPlugin - Waiting for the debugger to settle...
[2016-02-02 12:04:40:363] DebugLaunchPlugin - Waiting for the debugger to settle...
[2016-02-02 12:04:40:372] DebugChannel - Event: Thread stopped, reason: Exception, java obj: 0x116818f30, thread: 0x116817ee0, frames: 15
[2016-02-02 12:04:40:373] DebugLaunchPlugin - Waiting for the debugger to settle...
[2016-02-02 12:04:40:375] SoftDebugger - Reconstructing frames took: 0.002706secs
[2016-02-02 12:04:40:375] DebugChannel - Event: Thread resumed, java obj: 0x116818f30, thread: 0x116817ee0
[2016-02-02 12:04:40:378] DebugChannel - Event: Thread stopped, reason: Exception, java obj: 0x116818f30, thread: 0x116817ee0, frames: 10
[2016-02-02 12:04:40:378] SoftDebugger - Reconstructing frames took: 5.2E-5secs
[2016-02-02 12:04:40:378] DebugChannel - Event: Thread resumed, java obj: 0x116818f30, thread: 0x116817ee0
[2016-02-02 12:04:40:386] DebugLaunchPlugin - Waiting for the debugger to settle...
[2016-02-02 12:04:40:396] DebugLaunchPlugin - Waiting for the debugger to settle...
[2016-02-02 12:04:40:409] DebugLaunchPlugin - Waiting for the debugger to settle...
[2016-02-02 12:04:40:422] DebugLaunchPlugin - Waiting for the debugger to settle...
[2016-02-02 12:04:40:433] DebugLaunchPlugin - Waiting for the debugger to settle...
[2016-02-02 12:04:40:445] DebugLaunchPlugin - Waiting for the debugger to settle...
[2016-02-02 12:04:40:458] DebugLaunchPlugin - Waiting for the debugger to settle...
[2016-02-02 12:04:40:468] DebugLaunchPlugin - Waiting for the debugger to settle...
[2016-02-02 12:04:40:479] DebugLaunchPlugin - Waiting for the debugger to settle...
[2016-02-02 12:04:40:489] DebugLaunchPlugin - Waiting for the debugger to settle...
[2016-02-02 12:04:40:501] DebugLaunchPlugin - Waiting for the debugger to settle...
[2016-02-02 12:04:40:513] DebugLaunchPlugin - Waiting for the debugger to settle...
[2016-02-02 12:04:40:524] DebugLaunchPlugin - Waiting for the debugger to settle...
[2016-02-02 12:04:40:534] DebugLaunchPlugin - Waiting for the debugger to settle...
[2016-02-02 12:04:40:547] DebugLaunchPlugin - Waiting for the debugger to settle...
[2016-02-02 12:04:40:559] DebugLaunchPlugin - Waiting for the debugger to settle...
[2016-02-02 12:04:40:571] DebugLaunchPlugin - Waiting for the debugger to settle...
[2016-02-02 12:04:40:582] DebugLaunchPlugin - Waiting for the debugger to settle...
[2016-02-02 12:04:40:592] DebugLaunchPlugin - Waiting for the debugger to settle...
[2016-02-02 12:04:40:603] DebugLaunchPlugin - Waiting for the debugger to settle...
[2016-02-02 12:04:40:613] DebugLaunchPlugin - Waiting for the debugger to settle...
[2016-02-02 12:04:40:624] DebugLaunchPlugin - Waiting for the debugger to settle...
[2016-02-02 12:04:40:636] DebugLaunchPlugin - Waiting for the debugger to settle...
[2016-02-02 12:04:40:646] DebugLaunchPlugin - Waiting for the debugger to settle...
[2016-02-02 12:04:40:656] DebugLaunchPlugin - Waiting for the debugger to settle...
[2016-02-02 12:04:40:667] DebugLaunchPlugin - Waiting for the debugger to settle...
[2016-02-02 12:04:40:678] DebugLaunchPlugin - Waiting for the debugger to settle...
[2016-02-02 12:04:40:688] DebugLaunchPlugin - Waiting for the debugger to settle...
[2016-02-02 12:04:40:698] DebugLaunchPlugin - Waiting for the debugger to settle...
[2016-02-02 12:04:40:709] DebugLaunchPlugin - Waiting for the debugger to settle...
[2016-02-02 12:04:40:719] DebugLaunchPlugin - Waiting for the debugger to settle...
[2016-02-02 12:04:40:730] DebugLaunchPlugin - Waiting for the debugger to settle...
[2016-02-02 12:04:40:740] DebugLaunchPlugin - Waiting for the debugger to settle...
[2016-02-02 12:04:40:751] DebugLaunchPlugin - Waiting for the debugger to settle...
[2016-02-02 12:04:41:457] DebugLaunchPlugin - Debugger has settled. Resuming inferior.
[2016-02-02 12:04:41:458] SoftJdwpEventProcessor - Reporting class prepare event EventRequest [id=4, eventKind=CLASS_PREPARE, suspendPolicy=EVENT_THREAD, constraints=[ClassMatchConstraint [classPattern=com.mob.demo.MyViewController$*]]] to JDWP client for class com/mob/demo/MyViewController$1
[2016-02-02 12:04:41:458] JdwpDebugServer - Command: H(2 15) id = 3890 length = 8
[2016-02-02 12:04:41:458] SoftVmInterface - Reporting method: com/mob/demo/MyViewController$1.<init>
[2016-02-02 12:04:41:458] SoftVmInterface - Reporting method: com/mob/demo/MyViewController$1.onTouchUpInside
[2016-02-02 12:04:41:459] JdwpDebugServer - Command: o(6 1) id = 3891 length = 16
[2016-02-02 12:04:41:460] SoftVmInterface - Reporting line numbers for method com/mob/demo/MyViewController$1.<init>: [1, 46]
[2016-02-02 12:04:41:460] JdwpDebugServer - Command: o(6 1) id = 3892 length = 16
[2016-02-02 12:04:41:460] SoftVmInterface - Reporting line numbers for method com/mob/demo/MyViewController$1.onTouchUpInside: [52]
[2016-02-02 12:04:41:460] JdwpDebugServer - Command: Z(11 3) id = 3893 length = 8
[2016-02-02 12:04:41:461] DebugChannel - Event: Thread resumed, java obj: 0x116818f30, thread: 0x116817ee0
[2016-02-02 12:04:41:463] SoftJdwpEventProcessor - Reporting class prepare event EventRequest [id=4, eventKind=CLASS_PREPARE, suspendPolicy=EVENT_THREAD, constraints=[ClassMatchConstraint [classPattern=com.mob.demo.MyViewController$*]]] to JDWP client for class com/mob/demo/MyViewController$2
[2016-02-02 12:04:41:466] JdwpDebugServer - Command: H(2 15) id = 3894 length = 8
[2016-02-02 12:04:41:466] SoftVmInterface - Reporting method: com/mob/demo/MyViewController$2.<init>
[2016-02-02 12:04:41:466] SoftVmInterface - Reporting method: com/mob/demo/MyViewController$2.onTouchUpInside
[2016-02-02 12:04:41:466] JdwpDebugServer - Command: o(6 1) id = 3895 length = 16
[2016-02-02 12:04:41:467] SoftVmInterface - Reporting line numbers for method com/mob/demo/MyViewController$2.<init>: [1, 57]
[2016-02-02 12:04:41:467] JdwpDebugServer - Command: o(6 1) id = 3896 length = 16
[2016-02-02 12:04:41:467] SoftVmInterface - Reporting line numbers for method com/mob/demo/MyViewController$2.onTouchUpInside: [62]
[2016-02-02 12:04:41:467] JdwpDebugServer - Command: Z(11 3) id = 3897 length = 8
[2016-02-02 12:04:41:468] DebugChannel - Event: Thread resumed, java obj: 0x116818f30, thread: 0x116817ee0
[2016-02-02 12:04:41:469] SoftJdwpEventProcessor - Reporting class prepare event EventRequest [id=4, eventKind=CLASS_PREPARE, suspendPolicy=EVENT_THREAD, constraints=[ClassMatchConstraint [classPattern=com.mob.demo.MyViewController$*]]] to JDWP client for class com/mob/demo/MyViewController$3
[2016-02-02 12:04:41:474] JdwpDebugServer - Command: H(2 15) id = 3898 length = 8
[2016-02-02 12:04:41:474] SoftVmInterface - Reporting method: com/mob/demo/MyViewController$3.<init>
[2016-02-02 12:04:41:474] SoftVmInterface - Reporting method: com/mob/demo/MyViewController$3.onTouchUpInside
[2016-02-02 12:04:41:475] JdwpDebugServer - Command: o(6 1) id = 3899 length = 16
[2016-02-02 12:04:41:475] SoftVmInterface - Reporting line numbers for method com/mob/demo/MyViewController$3.<init>: [1, 67]
[2016-02-02 12:04:41:475] JdwpDebugServer - Command: o(6 1) id = 3900 length = 16
[2016-02-02 12:04:41:476] SoftVmInterface - Reporting line numbers for method com/mob/demo/MyViewController$3.onTouchUpInside: [71, 72, 74, 76, 78, 80, 81, 82, 84, 122]
[2016-02-02 12:04:41:476] JdwpDebugServer - Command: Z(11 3) id = 3901 length = 8
[2016-02-02 12:04:41:477] DebugChannel - Event: Thread resumed, java obj: 0x116818f30, thread: 0x116817ee0
[2016-02-02 12:04:41:477] SoftJdwpEventProcessor - Reporting class prepare event EventRequest [id=4, eventKind=CLASS_PREPARE, suspendPolicy=EVENT_THREAD, constraints=[ClassMatchConstraint [classPattern=com.mob.demo.MyViewController$*]]] to JDWP client for class com/mob/demo/MyViewController$4
[2016-02-02 12:04:41:481] JdwpDebugServer - Command: H(2 15) id = 3902 length = 8
[2016-02-02 12:04:41:482] SoftVmInterface - Reporting method: com/mob/demo/MyViewController$4.<init>
[2016-02-02 12:04:41:482] SoftVmInterface - Reporting method: com/mob/demo/MyViewController$4.onTouchUpInside
[2016-02-02 12:04:41:482] JdwpDebugServer - Command: o(6 1) id = 3903 length = 16
[2016-02-02 12:04:41:483] SoftVmInterface - Reporting line numbers for method com/mob/demo/MyViewController$4.<init>: [1, 127]
[2016-02-02 12:04:41:483] JdwpDebugServer - Command: o(6 1) id = 3904 length = 16
[2016-02-02 12:04:41:483] SoftVmInterface - Reporting line numbers for method com/mob/demo/MyViewController$4.onTouchUpInside: [131, 132, 134, 136, 138, 140, 141, 142, 144, 178]
[2016-02-02 12:04:41:484] JdwpDebugServer - Command: Z(11 3) id = 3905 length = 8
[2016-02-02 12:04:41:484] DebugChannel - Event: Thread resumed, java obj: 0x116818f30, thread: 0x116817ee0
[2016-02-02 12:04:41:485] SoftJdwpEventProcessor - Reporting class prepare event EventRequest [id=4, eventKind=CLASS_PREPARE, suspendPolicy=EVENT_THREAD, constraints=[ClassMatchConstraint [classPattern=com.mob.demo.MyViewController$*]]] to JDWP client for class com/mob/demo/MyViewController$5
[2016-02-02 12:04:41:491] JdwpDebugServer - Command: H(2 15) id = 3906 length = 8
[2016-02-02 12:04:41:491] SoftVmInterface - Reporting method: com/mob/demo/MyViewController$5.<init>
[2016-02-02 12:04:41:491] SoftVmInterface - Reporting method: com/mob/demo/MyViewController$5.onTouchUpInside
[2016-02-02 12:04:41:492] JdwpDebugServer - Command: o(6 1) id = 3907 length = 16
[2016-02-02 12:04:41:492] SoftVmInterface - Reporting line numbers for method com/mob/demo/MyViewController$5.<init>: [1, 183]
[2016-02-02 12:04:41:493] JdwpDebugServer - Command: o(6 1) id = 3908 length = 16
[2016-02-02 12:04:41:493] SoftVmInterface - Reporting line numbers for method com/mob/demo/MyViewController$5.onTouchUpInside: [189]
[2016-02-02 12:04:41:494] JdwpDebugServer - Command: Z(11 3) id = 3909 length = 8
[2016-02-02 12:04:41:494] DebugChannel - Event: Thread resumed, java obj: 0x116818f30, thread: 0x116817ee0
[2016-02-02 12:04:41:718] DebugChannel - Event: Thread stopped, reason: Exception, java obj: 0x116818f30, thread: 0x116817ee0, frames: 9
[2016-02-02 12:04:41:719] SoftDebugger - Reconstructing frames took: 8.13E-4secs
[2016-02-02 12:04:41:720] DebugChannel - Event: Thread resumed, java obj: 0x116818f30, thread: 0x116817ee0
[2016-02-02 12:04:41:720] DebugChannel - Event: Thread stopped, reason: Exception, java obj: 0x116818f30, thread: 0x116817ee0, frames: 8
[2016-02-02 12:04:41:720] SoftDebugger - Reconstructing frames took: 3.3E-5secs
[2016-02-02 12:04:41:720] DebugChannel - Event: Thread resumed, java obj: 0x116818f30, thread: 0x116817ee0
[2016-02-02 12:04:41:721] DebugChannel - Event: Thread stopped, reason: Exception, java obj: 0x116818f30, thread: 0x116817ee0, frames: 8
[2016-02-02 12:04:41:721] SoftDebugger - Reconstructing frames took: 2.6E-5secs
[2016-02-02 12:04:41:721] DebugChannel - Event: Thread resumed, java obj: 0x116818f30, thread: 0x116817ee0
[2016-02-02 12:04:41:721] DebugChannel - Event: Thread stopped, reason: Exception, java obj: 0x116818f30, thread: 0x116817ee0, frames: 3
[2016-02-02 12:04:41:721] SoftDebugger - Reconstructing frames took: 1.3E-5secs
[2016-02-02 12:04:41:722] DebugChannel - Event: Thread resumed, java obj: 0x116818f30, thread: 0x116817ee0
[2016-02-02 12:04:41:722] DebugChannel - Event: Thread stopped, reason: Exception, java obj: 0x116818f30, thread: 0x116817ee0, frames: 3
[2016-02-02 12:04:41:722] SoftDebugger - Reconstructing frames took: 1.4E-5secs
[2016-02-02 12:04:41:722] DebugChannel - Event: Thread resumed, java obj: 0x116818f30, thread: 0x116817ee0
[2016-02-02 12:04:41:723] DebugChannel - Event: Thread stopped, reason: Exception, java obj: 0x116818f30, thread: 0x116817ee0, frames: 1
[2016-02-02 12:04:41:723] SoftDebugger - Reconstructing frames took: 8.0E-6secs
[2016-02-02 12:04:41:723] DebugChannel - Event: Thread resumed, java obj: 0x116818f30, thread: 0x116817ee0
[2016-02-02 12:04:41:723] DebugChannel - Event: Thread stopped, reason: Exception, java obj: 0x116818f30, thread: 0x116817ee0, frames: 1
[2016-02-02 12:04:41:724] SoftDebugger - Reconstructing frames took: 7.0E-6secs
[2016-02-02 12:04:41:725] JdwpDebugServer - Command: H(2 15) id = 3910 length = 8
[2016-02-02 12:04:41:725] SoftVmInterface - Reporting method: com/mob/demo/ShareSDKDemo.<init>
[2016-02-02 12:04:41:725] SoftVmInterface - Reporting method: com/mob/demo/ShareSDKDemo.didFinishLaunching
[2016-02-02 12:04:41:725] SoftVmInterface - Reporting method: com/mob/demo/ShareSDKDemo.main
[2016-02-02 12:04:41:725] SoftVmInterface - Reporting method: com/mob/demo/ShareSDKDemo.initShareSDK
[2016-02-02 12:04:41:725] SoftVmInterface - Reporting method: com/mob/demo/ShareSDKDemo.$cb$application$didFinishLaunchingWithOptions$
[2016-02-02 12:04:41:725] SoftVmInterface - Reporting method: com/mob/demo/ShareSDKDemo.$cb$init
[2016-02-02 12:04:41:725] SoftVmInterface - Reporting method: com/mob/demo/ShareSDKDemo.$setHandle
[2016-02-02 12:04:41:725] SoftVmInterface - Reporting method: com/mob/demo/ShareSDKDemo.$cb$initWithCoder$
[2016-02-02 12:04:41:725] SoftVmInterface - Reporting method: com/mob/demo/ShareSDKDemo.$m$super$initWithCoder$
[2016-02-02 12:04:41:726] SoftVmInterface - Reporting method: com/mob/demo/ShareSDKDemo.$getSuper
[2016-02-02 12:04:41:726] SoftVmInterface - Reporting method: com/mob/demo/ShareSDKDemo.$initObject
[2016-02-02 12:04:41:726] SoftVmInterface - Reporting method: com/mob/demo/ShareSDKDemo.<clinit>
[2016-02-02 12:04:41:727] JdwpDebugServer - Command: y(9 1) id = 3911 length = 8
[2016-02-02 12:04:41:727] JdwpDebugServer - Command: J(2 1) id = 3912 length = 8
[2016-02-02 12:04:41:727] JdwpDebugServer - Command: j(3 1) id = 3913 length = 8
[2016-02-02 12:04:41:727] JdwpDebugServer - Command: J(2 1) id = 3914 length = 8
[2016-02-02 12:04:41:728] JdwpDebugServer - Command: j(3 1) id = 3915 length = 8
[2016-02-02 12:04:41:728] JdwpDebugServer - Command: J(2 1) id = 3916 length = 8
[2016-02-02 12:04:41:728] JdwpDebugServer - Command: j(3 1) id = 3917 length = 8
[2016-02-02 12:04:41:728] JdwpDebugServer - Command: W(11 6) id = 3918 length = 16
[2016-02-02 12:04:41:729] JdwpDebugServer - Command: V(11 7) id = 3919 length = 8
[2016-02-02 12:04:41:729] JdwpDebugServer - Command: Y(11 8) id = 3920 length = 8
[2016-02-02 12:04:41:730] JdwpDebugServer - Command: U(11 9) id = 3921 length = 8
[2016-02-02 12:04:41:730] JdwpDebugServer - Command: Y(11 8) id = 3922 length = 8
[2016-02-02 12:04:41:731] JdwpDebugServer - Command: U(11 9) id = 3923 length = 8
[2016-02-02 12:04:42:042] JdwpDebugServer - Command: L(2 7) id = 3924 length = 8
[2016-02-02 12:04:42:652] JdwpDebugServer - Command: J(2 1) id = 3925 length = 8
[2016-02-02 12:04:42:796] JdwpDebugServer - Command: K(2 13) id = 3926 length = 8
[2016-02-02 12:04:42:796] JdwpDebugServer - Command: o(6 1) id = 3927 length = 16
[2016-02-02 12:04:42:796] SoftVmInterface - Reporting line numbers for method com/mob/demo/ShareSDKDemo.main: [40, 41, 42, 43]
[2016-02-02 12:04:42:798] JdwpDebugServer - Command: X(11 1) id = 3928 length = 8
[2016-02-02 12:04:42:801] JdwpDebugServer - Command: U(11 9) id = 3929 length = 8
[2016-02-02 12:04:42:801] JdwpDebugServer - Command: Y(11 8) id = 3930 length = 8
[2016-02-02 12:04:42:801] JdwpDebugServer - Command: X(11 1) id = 3931 length = 8
[2016-02-02 12:04:42:913] JdwpDebugServer - Command: D(2 14) id = 3932 length = 8
[2016-02-02 12:04:42:913] JdwpDebugServer - Command: F(2 10) id = 3933 length = 8
[2016-02-02 12:04:42:913] JdwpDebugServer - Command: j(3 1) id = 3934 length = 8
[2016-02-02 12:04:42:914] JdwpDebugServer - Command: D(2 14) id = 3935 length = 8
[2016-02-02 12:04:42:914] JdwpDebugServer - Command: F(2 10) id = 3936 length = 8
[2016-02-02 12:04:42:914] JdwpDebugServer - Command: D(2 14) id = 3937 length = 8
[2016-02-02 12:04:42:914] JdwpDebugServer - Command: F(2 10) id = 3938 length = 8
[2016-02-02 12:04:42:915] JdwpDebugServer - Command: D(2 14) id = 3939 length = 8
[2016-02-02 12:04:42:915] JdwpDebugServer - Command: F(2 10) id = 3940 length = 8
[2016-02-02 12:04:42:915] JdwpDebugServer - Command: D(2 14) id = 3941 length = 8
[2016-02-02 12:04:42:915] JdwpDebugServer - Command: F(2 10) id = 3942 length = 8
[2016-02-02 12:04:42:915] JdwpDebugServer - Command: j(3 1) id = 3943 length = 8
[2016-02-02 12:04:42:915] JdwpDebugServer - Command: D(2 14) id = 3944 length = 8
[2016-02-02 12:04:42:916] JdwpDebugServer - Command: F(2 10) id = 3945 length = 8
[2016-02-02 12:04:42:916] JdwpDebugServer - Command: j(3 1) id = 3946 length = 8
[2016-02-02 12:04:42:916] JdwpDebugServer - Command: D(2 14) id = 3947 length = 8
[2016-02-02 12:04:42:917] JdwpDebugServer - Command: F(2 10) id = 3948 length = 8
[2016-02-02 12:04:42:917] JdwpDebugServer - Command: j(3 1) id = 3949 length = 8
[2016-02-02 12:04:42:917] JdwpDebugServer - Command: D(2 14) id = 3950 length = 8
[2016-02-02 12:04:42:917] JdwpDebugServer - Command: F(2 10) id = 3951 length = 8
[2016-02-02 12:04:42:917] JdwpDebugServer - Command: j(3 1) id = 3952 length = 8
[2016-02-02 12:04:42:917] JdwpDebugServer - Command: j(3 1) id = 3953 length = 8
[2016-02-02 12:04:42:918] JdwpDebugServer - Command: q(6 5) id = 3954 length = 16
[2016-02-02 12:04:43:078] JdwpDebugServer - Command: V(11 7) id = 3955 length = 8
[2016-02-02 12:04:43:079] JdwpDebugServer - Command: Y(11 8) id = 3956 length = 8
[2016-02-02 12:04:43:079] JdwpDebugServer - Command: U(11 9) id = 3957 length = 8
[2016-02-02 12:04:43:081] JdwpDebugServer - Command: X(11 1) id = 3958 length = 8
[2016-02-02 12:04:43:082] JdwpDebugServer - Command: V(11 7) id = 3959 length = 8
[2016-02-02 12:04:43:083] JdwpDebugServer - Command: Y(11 8) id = 3960 length = 8
[2016-02-02 12:04:43:083] JdwpDebugServer - Command: X(11 1) id = 3961 length = 8
[2016-02-02 12:04:43:084] JdwpDebugServer - Command: U(11 9) id = 3962 length = 8
[2016-02-02 12:04:43:085] JdwpDebugServer - Command: U(11 9) id = 3963 length = 8
[2016-02-02 12:04:43:085] JdwpDebugServer - Command: X(11 1) id = 3964 length = 8
[2016-02-02 12:04:43:086] JdwpDebugServer - Command: Y(11 8) id = 3965 length = 8
[2016-02-02 12:04:43:086] JdwpDebugServer - Command: X(11 1) id = 3966 length = 8
[2016-02-02 12:04:43:088] JdwpDebugServer - Command: U(11 9) id = 3967 length = 8
[2016-02-02 12:04:43:088] JdwpDebugServer - Command: Y(11 8) id = 3968 length = 8
[2016-02-02 12:04:43:088] JdwpDebugServer - Command: U(11 9) id = 3969 length = 8
[2016-02-02 12:04:43:089] JdwpDebugServer - Command: Y(11 8) id = 3970 length = 8
[2016-02-02 12:04:45:929] JdwpDebugServer - Command: Z(11 3) id = 3971 length = 8
[2016-02-02 12:04:45:929] DebugChannel - Event: Thread resumed, java obj: 0x116818f30, thread: 0x116817ee0
[2016-02-02 12:04:45:934] JdwpDebugServer - Command: U(11 9) id = 3972 length = 8
[2016-02-02 12:04:45:937] DebugChannel - Event: Thread detached, java obj: 0x116818f30, thread: 0x116817ee0, exception: 0x0
[2016-02-02 12:04:45:939] JdwpDebugServer - Command: Y(11 8) id = 3973 length = 8
[2016-02-02 12:04:45:946] DebugChannel - Error in debug channel thread: null
[2016-02-02 12:04:45:947] DebugChannel - Shutting down debug channel thread
[2016-02-02 12:04:45:947] SoftDebugger - com.robovm.debug.server.DebuggerException: Request interrupted
	at com.robovm.debug.server.d.i.a(Unknown.java:805)
	at com.robovm.debug.server.d.d.a(Unknown.java:203)
	at com.robovm.debug.server.d.t.e(Unknown.java:87)
	at com.robovm.debug.server.d.t.h(Unknown.java:114)
	at com.robovm.debug.server.e.b.j(Unknown.java:93)
	at com.robovm.debug.server.e.f.a(Unknown.java:33)
	at com.robovm.debug.server.e.c.a(Unknown.java:140)
	at com.robovm.debug.server.d.C.c(Unknown.java:1136)
	at com.robovm.debug.server.d.y.a(Unknown.java:247)
	at com.robovm.debug.server.d.y.a(Unknown.java:3150)
	at com.robovm.debug.server.d.z.run(Unknown.java:128)
	at java.lang.Thread.run(Thread.java:745)
Caused by: java.lang.InterruptedException
	at java.util.concurrent.locks.AbstractQueuedSynchronizer.doAcquireSharedNanos(AbstractQueuedSynchronizer.java:1038)
	at java.util.concurrent.locks.AbstractQueuedSynchronizer.tryAcquireSharedNanos(AbstractQueuedSynchronizer.java:1326)
	at java.util.concurrent.CountDownLatch.await(CountDownLatch.java:282)
	at com.robovm.debug.server.d.c.await(Unknown.java:31)
	at com.robovm.debug.server.d.i.a(Unknown.java:801)
	... 11 more
[2016-02-02 12:04:45:947] SoftJdwpEventProcessor - processing vm death event
[2016-02-02 12:04:45:947] SoftDebugger - Shutting down event loop thread
[2016-02-02 12:04:45:948] JdwpDebugServer - Command: U(11 9) id = 3974 length = 8
[2016-02-02 12:04:45:950] JdwpDebugServer - Command: Y(11 8) id = 3975 length = 8
[2016-02-02 12:04:45:950] JdwpDebugServer - Command: U(11 9) id = 3976 length = 8
[2016-02-02 12:04:45:951] JdwpDebugServer - Command: U(11 9) id = 3977 length = 8
[2016-02-02 12:04:45:951] JdwpDebugServer - Command: Y(11 8) id = 3978 length = 8
[2016-02-02 12:04:46:012] DebugLaunchPlugin - Shutting down JDWP server
